# lavaan TESTsuite -- lavaan version  0.6-17 
# date:  Tue Jan 16 18:03:59 2024 
# file:  ex4.1part2.out 

    lhs op rhs group        type    lav    mpl  delta
1    f1 =~  y1     1         est  0.624  0.623  0.001
2    f1 =~  y2     1         est  0.814  0.814  0.000
3    f1 =~  y3     1         est  0.618  0.618  0.000
4    f1 =~  y4     1         est  0.025  0.027 -0.002
5    f1 =~  y5     1         est -0.031 -0.029 -0.002
6    f1 =~  y6     1         est  0.009  0.011 -0.002
7    f1 =~  y7     1         est  0.000 -0.006  0.006
8    f1 =~  y8     1         est -0.034 -0.039  0.005
9    f1 =~  y9     1         est  0.053  0.047  0.006
10   f1 =~ y10     1         est -0.044 -0.040 -0.004
11   f1 =~ y11     1         est -0.001  0.004 -0.005
12   f1 =~ y12     1         est  0.031  0.035 -0.004
13   f2 =~  y1     1         est  0.002  0.008 -0.006
14   f2 =~  y2     1         est  0.014  0.022 -0.008
15   f2 =~  y3     1         est -0.047 -0.041 -0.006
16   f2 =~  y4     1         est  0.652  0.652  0.000
17   f2 =~  y5     1         est  0.756  0.756  0.000
18   f2 =~  y6     1         est  0.697  0.697  0.000
19   f2 =~  y7     1         est  0.003  0.003  0.000
20   f2 =~  y8     1         est  0.003  0.002  0.001
21   f2 =~  y9     1         est -0.007 -0.007  0.000
22   f2 =~ y10     1         est  0.005  0.007 -0.002
23   f2 =~ y11     1         est  0.011  0.014 -0.003
24   f2 =~ y12     1         est -0.039 -0.037 -0.002
25   f3 =~  y1     1         est  0.079  0.073  0.006
26   f3 =~  y2     1         est  0.003 -0.005  0.008
27   f3 =~  y3     1         est -0.052 -0.057  0.005
28   f3 =~  y4     1         est  0.002 -0.002  0.004
29   f3 =~  y5     1         est -0.019 -0.023  0.004
30   f3 =~  y6     1         est  0.036  0.031  0.005
31   f3 =~  y7     1         est  0.745  0.745  0.000
32   f3 =~  y8     1         est  0.724  0.724  0.000
33   f3 =~  y9     1         est  0.690  0.689  0.001
34   f3 =~ y10     1         est -0.011 -0.010 -0.001
35   f3 =~ y11     1         est  0.001  0.001  0.000
36   f3 =~ y12     1         est  0.008  0.009 -0.001
37   f4 =~  y1     1         est -0.005 -0.021  0.016
38   f4 =~  y2     1         est  0.062  0.041  0.021
39   f4 =~  y3     1         est -0.012 -0.027  0.015
40   f4 =~  y4     1         est -0.016 -0.018  0.002
41   f4 =~  y5     1         est  0.018  0.016  0.002
42   f4 =~  y6     1         est -0.010 -0.012  0.002
43   f4 =~  y7     1         est  0.019  0.018  0.001
44   f4 =~  y8     1         est -0.016 -0.016  0.000
45   f4 =~  y9     1         est  0.001 -0.001  0.002
46   f4 =~ y10     1         est  0.739  0.740 -0.001
47   f4 =~ y11     1         est  0.828  0.829 -0.001
48   f4 =~ y12     1         est  0.671  0.670  0.001
49   y1 ~~  y1     1         est  0.564  0.564  0.000
50   y2 ~~  y2     1         est  0.352  0.352  0.000
51   y3 ~~  y3     1         est  0.569  0.569  0.000
52   y4 ~~  y4     1         est  0.592  0.592  0.000
53   y5 ~~  y5     1         est  0.419  0.419  0.000
54   y6 ~~  y6     1         est  0.581  0.581  0.000
55   y7 ~~  y7     1         est  0.476  0.476  0.000
56   y8 ~~  y8     1         est  0.467  0.467  0.000
57   y9 ~~  y9     1         est  0.474  0.474  0.000
58  y10 ~~ y10     1         est  0.594  0.594  0.000
59  y11 ~~ y11     1         est  0.413  0.413  0.000
60  y12 ~~ y12     1         est  0.580  0.580  0.000
61   f1 ~~  f1     1         est  1.000  1.000  0.000
62   f2 ~~  f2     1         est  1.000  1.000  0.000
63   f3 ~~  f3     1         est  1.000  1.000  0.000
64   f4 ~~  f4     1         est  1.000  1.000  0.000
65   f1 ~~  f2     1         est -0.024 -0.039  0.015
66   f1 ~~  f3     1         est -0.009  0.007 -0.016
67   f1 ~~  f4     1         est -0.022 -0.002 -0.020
68   f2 ~~  f3     1         est  0.023  0.029 -0.006
69   f2 ~~  f4     1         est -0.120 -0.121  0.001
70   f3 ~~  f4     1         est -0.029 -0.028 -0.001
71   y1 ~1         1         est  0.008  0.008  0.000
72   y2 ~1         1         est  0.033  0.033  0.000
73   y3 ~1         1         est  0.003  0.003  0.000
74   y4 ~1         1         est  0.073  0.073  0.000
75   y5 ~1         1         est  0.063  0.063  0.000
76   y6 ~1         1         est  0.062  0.062  0.000
77   y7 ~1         1         est -0.004 -0.004  0.000
78   y8 ~1         1         est  0.009  0.009  0.000
79   y9 ~1         1         est  0.021  0.021  0.000
80  y10 ~1         1         est -0.037 -0.037  0.000
81  y11 ~1         1         est  0.002  0.002  0.000
82  y12 ~1         1         est -0.002 -0.002  0.000
83   f1 =~  y1     1          se  0.047  0.047  0.000
84   f1 =~  y2     1          se  0.051  0.051  0.000
85   f1 =~  y3     1          se  0.048  0.048  0.000
86   f1 =~  y4     1          se  0.042  0.034  0.008
87   f1 =~  y5     1          se  0.043  0.028  0.015
88   f1 =~  y6     1          se  0.016  0.031 -0.015
89   f1 =~  y7     1          se  0.007  0.025 -0.018
90   f1 =~  y8     1          se  0.045  0.030  0.015
91   f1 =~  y9     1          se  0.048  0.032  0.016
92   f1 =~ y10     1          se  0.047  0.034  0.013
93   f1 =~ y11     1          se  0.009  0.024 -0.015
94   f1 =~ y12     1          se  0.043  0.034  0.009
95   f2 =~  y1     1          se  0.025  0.031 -0.006
96   f2 =~  y2     1          se  0.029  0.025  0.004
97   f2 =~  y3     1          se  0.047  0.036  0.011
98   f2 =~  y4     1          se  0.049  0.049  0.000
99   f2 =~  y5     1          se  0.050  0.050  0.000
100  f2 =~  y6     1          se  0.051  0.051  0.000
101  f2 =~  y7     1          se  0.031  0.030  0.001
102  f2 =~  y8     1          se  0.028  0.029 -0.001
103  f2 =~  y9     1          se  0.029  0.030 -0.001
104  f2 =~ y10     1          se  0.024  0.032 -0.008
105  f2 =~ y11     1          se  0.031  0.027  0.004
106  f2 =~ y12     1          se  0.046  0.036  0.010
107  f3 =~  y1     1          se  0.047  0.038  0.009
108  f3 =~  y2     1          se  0.006  0.015 -0.009
109  f3 =~  y3     1          se  0.047  0.036  0.011
110  f3 =~  y4     1          se  0.021  0.031 -0.010
111  f3 =~  y5     1          se  0.033  0.027  0.006
112  f3 =~  y6     1          se  0.046  0.034  0.012
113  f3 =~  y7     1          se  0.047  0.047  0.000
114  f3 =~  y8     1          se  0.046  0.046  0.000
115  f3 =~  y9     1          se  0.045  0.045  0.000
116  f3 =~ y10     1          se  0.033  0.032  0.001
117  f3 =~ y11     1          se  0.028  0.027  0.001
118  f3 =~ y12     1          se  0.031  0.032 -0.001
119  f4 =~  y1     1          se  0.026  0.031 -0.005
120  f4 =~  y2     1          se  0.050  0.028  0.022
121  f4 =~  y3     1          se  0.029  0.032 -0.003
122  f4 =~  y4     1          se  0.035  0.034  0.001
123  f4 =~  y5     1          se  0.031  0.027  0.004
124  f4 =~  y6     1          se  0.028  0.032 -0.004
125  f4 =~  y7     1          se  0.036  0.030  0.006
126  f4 =~  y8     1          se  0.033  0.029  0.004
127  f4 =~  y9     1          se  0.021  0.028 -0.007
128  f4 =~ y10     1          se  0.050  0.050  0.000
129  f4 =~ y11     1          se  0.050  0.050  0.000
130  f4 =~ y12     1          se  0.048  0.048  0.000
131  y1 ~~  y1     1          se  0.049  0.049  0.000
132  y2 ~~  y2     1          se  0.062  0.062  0.000
133  y3 ~~  y3     1          se  0.049  0.049  0.000
134  y4 ~~  y4     1          se  0.052  0.052  0.000
135  y5 ~~  y5     1          se  0.056  0.056  0.000
136  y6 ~~  y6     1          se  0.056  0.056  0.000
137  y7 ~~  y7     1          se  0.049  0.049  0.000
138  y8 ~~  y8     1          se  0.047  0.047  0.000
139  y9 ~~  y9     1          se  0.045  0.045  0.000
140 y10 ~~ y10     1          se  0.056  0.056  0.000
141 y11 ~~ y11     1          se  0.058  0.058  0.000
142 y12 ~~ y12     1          se  0.050  0.050  0.000
143  f1 ~~  f1     1          se  0.000  0.000  0.000
144  f2 ~~  f2     1          se  0.000  0.000  0.000
145  f3 ~~  f3     1          se  0.000  0.000  0.000
146  f4 ~~  f4     1          se  0.000  0.000  0.000
147  f1 ~~  f2     1          se  0.069  0.057  0.012
148  f1 ~~  f3     1          se  0.072  0.055  0.017
149  f1 ~~  f4     1          se  0.072  0.056  0.016
150  f2 ~~  f3     1          se  0.063  0.057  0.006
151  f2 ~~  f4     1          se  0.062  0.056  0.006
152  f3 ~~  f4     1          se  0.060  0.056  0.004
153  y1 ~1         1          se  0.044  0.044  0.000
154  y2 ~1         1          se  0.045  0.045  0.000
155  y3 ~1         1          se  0.044  0.044  0.000
156  y4 ~1         1          se  0.045  0.045  0.000
157  y5 ~1         1          se  0.044  0.044  0.000
158  y6 ~1         1          se  0.046  0.046  0.000
159  y7 ~1         1          se  0.045  0.045  0.000
160  y8 ~1         1          se  0.045  0.045  0.000
161  y9 ~1         1          se  0.044  0.044  0.000
162 y10 ~1         1          se  0.048  0.048  0.000
163 y11 ~1         1          se  0.047  0.047  0.000
164 y12 ~1         1          se  0.046  0.046  0.000
165  f1 =~  y1     1     est.std  0.624  0.623  0.001
166  f1 =~  y2     1     est.std  0.814  0.814  0.000
167  f1 =~  y3     1     est.std  0.618  0.618  0.000
168  f1 =~  y4     1     est.std  0.025  0.027 -0.002
169  f1 =~  y5     1     est.std -0.031 -0.029 -0.002
170  f1 =~  y6     1     est.std  0.009  0.011 -0.002
171  f1 =~  y7     1     est.std  0.000 -0.006  0.006
172  f1 =~  y8     1     est.std -0.034 -0.039  0.005
173  f1 =~  y9     1     est.std  0.053  0.047  0.006
174  f1 =~ y10     1     est.std -0.044 -0.040 -0.004
175  f1 =~ y11     1     est.std -0.001  0.004 -0.005
176  f1 =~ y12     1     est.std  0.031  0.035 -0.004
177  f2 =~  y1     1     est.std  0.002  0.008 -0.006
178  f2 =~  y2     1     est.std  0.014  0.022 -0.008
179  f2 =~  y3     1     est.std -0.047 -0.041 -0.006
180  f2 =~  y4     1     est.std  0.652  0.652  0.000
181  f2 =~  y5     1     est.std  0.756  0.756  0.000
182  f2 =~  y6     1     est.std  0.697  0.697  0.000
183  f2 =~  y7     1     est.std  0.003  0.003  0.000
184  f2 =~  y8     1     est.std  0.003  0.002  0.001
185  f2 =~  y9     1     est.std -0.007 -0.007  0.000
186  f2 =~ y10     1     est.std  0.005  0.007 -0.002
187  f2 =~ y11     1     est.std  0.011  0.014 -0.003
188  f2 =~ y12     1     est.std -0.039 -0.037 -0.002
189  f3 =~  y1     1     est.std  0.079  0.073  0.006
190  f3 =~  y2     1     est.std  0.003 -0.005  0.008
191  f3 =~  y3     1     est.std -0.052 -0.057  0.005
192  f3 =~  y4     1     est.std  0.002 -0.002  0.004
193  f3 =~  y5     1     est.std -0.019 -0.023  0.004
194  f3 =~  y6     1     est.std  0.036  0.031  0.005
195  f3 =~  y7     1     est.std  0.745  0.745  0.000
196  f3 =~  y8     1     est.std  0.724  0.724  0.000
197  f3 =~  y9     1     est.std  0.690  0.689  0.001
198  f3 =~ y10     1     est.std -0.011 -0.010 -0.001
199  f3 =~ y11     1     est.std  0.001  0.001  0.000
200  f3 =~ y12     1     est.std  0.008  0.009 -0.001
201  f4 =~  y1     1     est.std -0.005 -0.021  0.016
202  f4 =~  y2     1     est.std  0.062  0.041  0.021
203  f4 =~  y3     1     est.std -0.012 -0.027  0.015
204  f4 =~  y4     1     est.std -0.016 -0.018  0.002
205  f4 =~  y5     1     est.std  0.018  0.016  0.002
206  f4 =~  y6     1     est.std -0.010 -0.012  0.002
207  f4 =~  y7     1     est.std  0.019  0.018  0.001
208  f4 =~  y8     1     est.std -0.016 -0.016  0.000
209  f4 =~  y9     1     est.std  0.001 -0.001  0.002
210  f4 =~ y10     1     est.std  0.739  0.740 -0.001
211  f4 =~ y11     1     est.std  0.828  0.829 -0.001
212  f4 =~ y12     1     est.std  0.671  0.670  0.001
213  y1 ~~  y1     1     est.std  0.564  0.564  0.000
214  y2 ~~  y2     1     est.std  0.352  0.352  0.000
215  y3 ~~  y3     1     est.std  0.569  0.569  0.000
216  y4 ~~  y4     1     est.std  0.592  0.592  0.000
217  y5 ~~  y5     1     est.std  0.419  0.419  0.000
218  y6 ~~  y6     1     est.std  0.581  0.581  0.000
219  y7 ~~  y7     1     est.std  0.476  0.476  0.000
220  y8 ~~  y8     1     est.std  0.467  0.467  0.000
221  y9 ~~  y9     1     est.std  0.474  0.474  0.000
222 y10 ~~ y10     1     est.std  0.594  0.594  0.000
223 y11 ~~ y11     1     est.std  0.413  0.413  0.000
224 y12 ~~ y12     1     est.std  0.580  0.580  0.000
225  f1 ~~  f1     1     est.std  1.000  1.000  0.000
226  f2 ~~  f2     1     est.std  1.000  1.000  0.000
227  f3 ~~  f3     1     est.std  1.000  1.000  0.000
228  f4 ~~  f4     1     est.std  1.000  1.000  0.000
229  f1 ~~  f2     1     est.std -0.024 -0.039  0.015
230  f1 ~~  f3     1     est.std -0.009  0.007 -0.016
231  f1 ~~  f4     1     est.std -0.022 -0.002 -0.020
232  f2 ~~  f3     1     est.std  0.023  0.029 -0.006
233  f2 ~~  f4     1     est.std -0.120 -0.121  0.001
234  f3 ~~  f4     1     est.std -0.029 -0.028 -0.001
235  y1 ~1         1     est.std  0.008  0.008  0.000
236  y2 ~1         1     est.std  0.033  0.033  0.000
237  y3 ~1         1     est.std  0.003  0.003  0.000
238  y4 ~1         1     est.std  0.073  0.073  0.000
239  y5 ~1         1     est.std  0.063  0.063  0.000
240  y6 ~1         1     est.std  0.062  0.062  0.000
241  y7 ~1         1     est.std -0.004 -0.004  0.000
242  y8 ~1         1     est.std  0.009  0.009  0.000
243  y9 ~1         1     est.std  0.021  0.021  0.000
244 y10 ~1         1     est.std -0.037 -0.037  0.000
245 y11 ~1         1     est.std  0.002  0.002  0.000
246 y12 ~1         1     est.std -0.002 -0.002  0.000
247  f1 =~  y1     1 est.std.all  0.637  0.637  0.000
248  f1 =~  y2     1 est.std.all  0.808  0.808  0.000
249  f1 =~  y3     1 est.std.all  0.631  0.631  0.000
250  f1 =~  y4     1 est.std.all  0.025  0.027 -0.002
251  f1 =~  y5     1 est.std.all -0.031 -0.029 -0.002
252  f1 =~  y6     1 est.std.all  0.009  0.010 -0.001
253  f1 =~  y7     1 est.std.all  0.000 -0.006  0.006
254  f1 =~  y8     1 est.std.all -0.034 -0.040  0.006
255  f1 =~  y9     1 est.std.all  0.054  0.049  0.005
256  f1 =~ y10     1 est.std.all -0.041 -0.037 -0.004
257  f1 =~ y11     1 est.std.all -0.001  0.004 -0.005
258  f1 =~ y12     1 est.std.all  0.031  0.035 -0.004
259  f2 =~  y1     1 est.std.all  0.002  0.008 -0.006
260  f2 =~  y2     1 est.std.all  0.014  0.022 -0.008
261  f2 =~  y3     1 est.std.all -0.048 -0.042 -0.006
262  f2 =~  y4     1 est.std.all  0.646  0.646  0.000
263  f2 =~  y5     1 est.std.all  0.760  0.760  0.000
264  f2 =~  y6     1 est.std.all  0.674  0.674  0.000
265  f2 =~  y7     1 est.std.all  0.003  0.003  0.000
266  f2 =~  y8     1 est.std.all  0.003  0.002  0.001
267  f2 =~  y9     1 est.std.all -0.007 -0.007  0.000
268  f2 =~ y10     1 est.std.all  0.005  0.006 -0.001
269  f2 =~ y11     1 est.std.all  0.011  0.013 -0.002
270  f2 =~ y12     1 est.std.all -0.038 -0.036 -0.002
271  f3 =~  y1     1 est.std.all  0.080  0.074  0.006
272  f3 =~  y2     1 est.std.all  0.003 -0.005  0.008
273  f3 =~  y3     1 est.std.all -0.053 -0.058  0.005
274  f3 =~  y4     1 est.std.all  0.002 -0.002  0.004
275  f3 =~  y5     1 est.std.all -0.019 -0.023  0.004
276  f3 =~  y6     1 est.std.all  0.035  0.030  0.005
277  f3 =~  y7     1 est.std.all  0.734  0.734  0.000
278  f3 =~  y8     1 est.std.all  0.726  0.727 -0.001
279  f3 =~  y9     1 est.std.all  0.707  0.707  0.000
280  f3 =~ y10     1 est.std.all -0.010 -0.010  0.000
281  f3 =~ y11     1 est.std.all  0.001  0.001  0.000
282  f3 =~ y12     1 est.std.all  0.008  0.008  0.000
283  f4 =~  y1     1 est.std.all -0.005 -0.021  0.016
284  f4 =~  y2     1 est.std.all  0.062  0.041  0.021
285  f4 =~  y3     1 est.std.all -0.012 -0.028  0.016
286  f4 =~  y4     1 est.std.all -0.016 -0.018  0.002
287  f4 =~  y5     1 est.std.all  0.018  0.017  0.001
288  f4 =~  y6     1 est.std.all -0.010 -0.012  0.002
289  f4 =~  y7     1 est.std.all  0.019  0.018  0.001
290  f4 =~  y8     1 est.std.all -0.016 -0.016  0.000
291  f4 =~  y9     1 est.std.all  0.001 -0.001  0.002
292  f4 =~ y10     1 est.std.all  0.691  0.692 -0.001
293  f4 =~ y11     1 est.std.all  0.791  0.791  0.000
294  f4 =~ y12     1 est.std.all  0.659  0.658  0.001
295  y1 ~~  y1     1 est.std.all  0.588  0.588  0.000
296  y2 ~~  y2     1 est.std.all  0.346  0.346  0.000
297  y3 ~~  y3     1 est.std.all  0.594  0.594  0.000
298  y4 ~~  y4     1 est.std.all  0.581  0.581  0.000
299  y5 ~~  y5     1 est.std.all  0.424  0.424  0.000
300  y6 ~~  y6     1 est.std.all  0.543  0.543  0.000
301  y7 ~~  y7     1 est.std.all  0.462  0.462  0.000
302  y8 ~~  y8     1 est.std.all  0.470  0.470  0.000
303  y9 ~~  y9     1 est.std.all  0.498  0.498  0.000
304 y10 ~~ y10     1 est.std.all  0.520  0.520  0.000
305 y11 ~~ y11     1 est.std.all  0.376  0.376  0.000
306 y12 ~~ y12     1 est.std.all  0.559  0.559  0.000
307  f1 ~~  f1     1 est.std.all  1.000  1.000  0.000
308  f2 ~~  f2     1 est.std.all  1.000  1.000  0.000
309  f3 ~~  f3     1 est.std.all  1.000  1.000  0.000
310  f4 ~~  f4     1 est.std.all  1.000  1.000  0.000
311  f1 ~~  f2     1 est.std.all -0.024 -0.039  0.015
312  f1 ~~  f3     1 est.std.all -0.009  0.007 -0.016
313  f1 ~~  f4     1 est.std.all -0.022 -0.002 -0.020
314  f2 ~~  f3     1 est.std.all  0.023  0.029 -0.006
315  f2 ~~  f4     1 est.std.all -0.120 -0.121  0.001
316  f3 ~~  f4     1 est.std.all -0.029 -0.028 -0.001
317  y1 ~1         1 est.std.all  0.008  0.008  0.000
318  y2 ~1         1 est.std.all  0.033  0.033  0.000
319  y3 ~1         1 est.std.all  0.003  0.003  0.000
320  y4 ~1         1 est.std.all  0.073  0.073  0.000
321  y5 ~1         1 est.std.all  0.064  0.064  0.000
322  y6 ~1         1 est.std.all  0.060  0.060  0.000
323  y7 ~1         1 est.std.all -0.003 -0.003  0.000
324  y8 ~1         1 est.std.all  0.009  0.009  0.000
325  y9 ~1         1 est.std.all  0.021  0.021  0.000
326 y10 ~1         1 est.std.all -0.034 -0.034  0.000
327 y11 ~1         1 est.std.all  0.002  0.002  0.000
328 y12 ~1         1 est.std.all -0.002 -0.002  0.000
329  f1 =~  y1     1 est.std.nox  0.637  0.637  0.000
330  f1 =~  y2     1 est.std.nox  0.808  0.808  0.000
331  f1 =~  y3     1 est.std.nox  0.631  0.631  0.000
332  f1 =~  y4     1 est.std.nox  0.025  0.027 -0.002
333  f1 =~  y5     1 est.std.nox -0.031 -0.029 -0.002
334  f1 =~  y6     1 est.std.nox  0.009  0.010 -0.001
335  f1 =~  y7     1 est.std.nox  0.000 -0.006  0.006
336  f1 =~  y8     1 est.std.nox -0.034 -0.040  0.006
337  f1 =~  y9     1 est.std.nox  0.054  0.049  0.005
338  f1 =~ y10     1 est.std.nox -0.041 -0.037 -0.004
339  f1 =~ y11     1 est.std.nox -0.001  0.004 -0.005
340  f1 =~ y12     1 est.std.nox  0.031  0.035 -0.004
341  f2 =~  y1     1 est.std.nox  0.002  0.008 -0.006
342  f2 =~  y2     1 est.std.nox  0.014  0.022 -0.008
343  f2 =~  y3     1 est.std.nox -0.048 -0.042 -0.006
344  f2 =~  y4     1 est.std.nox  0.646  0.646  0.000
345  f2 =~  y5     1 est.std.nox  0.760  0.760  0.000
346  f2 =~  y6     1 est.std.nox  0.674  0.674  0.000
347  f2 =~  y7     1 est.std.nox  0.003  0.003  0.000
348  f2 =~  y8     1 est.std.nox  0.003  0.002  0.001
349  f2 =~  y9     1 est.std.nox -0.007 -0.007  0.000
350  f2 =~ y10     1 est.std.nox  0.005  0.006 -0.001
351  f2 =~ y11     1 est.std.nox  0.011  0.013 -0.002
352  f2 =~ y12     1 est.std.nox -0.038 -0.036 -0.002
353  f3 =~  y1     1 est.std.nox  0.080  0.074  0.006
354  f3 =~  y2     1 est.std.nox  0.003 -0.005  0.008
355  f3 =~  y3     1 est.std.nox -0.053 -0.058  0.005
356  f3 =~  y4     1 est.std.nox  0.002 -0.002  0.004
357  f3 =~  y5     1 est.std.nox -0.019 -0.023  0.004
358  f3 =~  y6     1 est.std.nox  0.035  0.030  0.005
359  f3 =~  y7     1 est.std.nox  0.734  0.734  0.000
360  f3 =~  y8     1 est.std.nox  0.726  0.727 -0.001
361  f3 =~  y9     1 est.std.nox  0.707  0.707  0.000
362  f3 =~ y10     1 est.std.nox -0.010 -0.010  0.000
363  f3 =~ y11     1 est.std.nox  0.001  0.001  0.000
364  f3 =~ y12     1 est.std.nox  0.008  0.008  0.000
365  f4 =~  y1     1 est.std.nox -0.005 -0.021  0.016
366  f4 =~  y2     1 est.std.nox  0.062  0.041  0.021
367  f4 =~  y3     1 est.std.nox -0.012 -0.028  0.016
368  f4 =~  y4     1 est.std.nox -0.016 -0.018  0.002
369  f4 =~  y5     1 est.std.nox  0.018  0.017  0.001
370  f4 =~  y6     1 est.std.nox -0.010 -0.012  0.002
371  f4 =~  y7     1 est.std.nox  0.019  0.018  0.001
372  f4 =~  y8     1 est.std.nox -0.016 -0.016  0.000
373  f4 =~  y9     1 est.std.nox  0.001 -0.001  0.002
374  f4 =~ y10     1 est.std.nox  0.691  0.692 -0.001
375  f4 =~ y11     1 est.std.nox  0.791  0.791  0.000
376  f4 =~ y12     1 est.std.nox  0.659  0.658  0.001
377  y1 ~~  y1     1 est.std.nox  0.588  0.588  0.000
378  y2 ~~  y2     1 est.std.nox  0.346  0.346  0.000
379  y3 ~~  y3     1 est.std.nox  0.594  0.594  0.000
380  y4 ~~  y4     1 est.std.nox  0.581  0.581  0.000
381  y5 ~~  y5     1 est.std.nox  0.424  0.424  0.000
382  y6 ~~  y6     1 est.std.nox  0.543  0.543  0.000
383  y7 ~~  y7     1 est.std.nox  0.462  0.462  0.000
384  y8 ~~  y8     1 est.std.nox  0.470  0.470  0.000
385  y9 ~~  y9     1 est.std.nox  0.498  0.498  0.000
386 y10 ~~ y10     1 est.std.nox  0.520  0.520  0.000
387 y11 ~~ y11     1 est.std.nox  0.376  0.376  0.000
388 y12 ~~ y12     1 est.std.nox  0.559  0.559  0.000
389  f1 ~~  f1     1 est.std.nox  1.000  1.000  0.000
390  f2 ~~  f2     1 est.std.nox  1.000  1.000  0.000
391  f3 ~~  f3     1 est.std.nox  1.000  1.000  0.000
392  f4 ~~  f4     1 est.std.nox  1.000  1.000  0.000
393  f1 ~~  f2     1 est.std.nox -0.024 -0.039  0.015
394  f1 ~~  f3     1 est.std.nox -0.009  0.007 -0.016
395  f1 ~~  f4     1 est.std.nox -0.022 -0.002 -0.020
396  f2 ~~  f3     1 est.std.nox  0.023  0.029 -0.006
397  f2 ~~  f4     1 est.std.nox -0.120 -0.121  0.001
398  f3 ~~  f4     1 est.std.nox -0.029 -0.028 -0.001
399  y1 ~1         1 est.std.nox  0.008  0.008  0.000
400  y2 ~1         1 est.std.nox  0.033  0.033  0.000
401  y3 ~1         1 est.std.nox  0.003  0.003  0.000
402  y4 ~1         1 est.std.nox  0.073  0.073  0.000
403  y5 ~1         1 est.std.nox  0.064  0.064  0.000
404  y6 ~1         1 est.std.nox  0.060  0.060  0.000
405  y7 ~1         1 est.std.nox -0.003 -0.003  0.000
406  y8 ~1         1 est.std.nox  0.009  0.009  0.000
407  y9 ~1         1 est.std.nox  0.021  0.021  0.000
408 y10 ~1         1 est.std.nox -0.034 -0.034  0.000
409 y11 ~1         1 est.std.nox  0.002  0.002  0.000
410 y12 ~1         1 est.std.nox -0.002 -0.002  0.000

                            fit       lav       mpl  delta
1                          npar    66.000    66.000  0.000
2                          fmin     0.026        NA     NA
3                         chisq    25.799    25.799  0.000
4                            df    24.000    24.000  0.000
5                        pvalue     0.363     0.364 -0.001
6                baseline.chisq  1436.819  1436.819  0.000
7                   baseline.df    66.000    66.000  0.000
8               baseline.pvalue     0.000     0.000  0.000
9                           cfi     0.999     0.999  0.000
10                          tli     0.996     0.996  0.000
11                   cfi.robust     0.999        NA     NA
12                   tli.robust     0.996        NA     NA
13                         nnfi     0.996        NA     NA
14                          rfi     0.951        NA     NA
15                          nfi     0.982        NA     NA
16                         pnfi     0.357        NA     NA
17                          ifi     0.999        NA     NA
18                          rni     0.999        NA     NA
19                  nnfi.robust     0.996        NA     NA
20                   rni.robust     0.999        NA     NA
21                         logl -7869.377 -7869.377  0.000
22            unrestricted.logl -7856.478 -7856.478  0.000
23                          aic 15870.755 15870.755  0.000
24                          bic 16148.919 16148.919  0.000
25                         bic2 15939.431 15939.431  0.000
26                        rmsea     0.012     0.012  0.000
27               rmsea.ci.lower     0.000     0.000  0.000
28               rmsea.ci.upper     0.039     0.039  0.000
29               rmsea.ci.level     0.900        NA     NA
30                 rmsea.pvalue     0.995     0.995  0.000
31               rmsea.close.h0     0.050        NA     NA
32        rmsea.notclose.pvalue     0.000        NA     NA
33            rmsea.notclose.h0     0.080        NA     NA
34                 rmsea.robust     0.012        NA     NA
35        rmsea.ci.lower.robust     0.000        NA     NA
36        rmsea.ci.upper.robust     0.039        NA     NA
37          rmsea.pvalue.robust     0.995        NA     NA
38 rmsea.notclose.pvalue.robust     0.000        NA     NA
39                          rmr     0.013        NA     NA
40                   rmr_nomean     0.014        NA     NA
41                         srmr     0.012     0.012  0.000
42                 srmr_bentler     0.012        NA     NA
43          srmr_bentler_nomean     0.013        NA     NA
44                         crmr     0.013        NA     NA
45                  crmr_nomean     0.015        NA     NA
46                   srmr_mplus     0.012        NA     NA
47            srmr_mplus_nomean     0.013        NA     NA
48                        cn_05   706.754        NA     NA
49                        cn_01   833.986        NA     NA
50                          gfi     0.992        NA     NA
51                         agfi     0.968        NA     NA
52                         pgfi     0.264        NA     NA
53                          mfi     0.998        NA     NA
54                         ecvi     0.316        NA     NA
