# lavaan TESTsuite -- lavaan version  0.6-18 
# date:  Wed Jan 17 15:26:31 2024 
# file:  ex5.27c.out 

    lhs op rhs group type    lav    mpl  delta
1    f1 =~  y1     1  est  0.787  0.786  0.001
2    f1 =~  y2     1  est  0.892  0.891  0.001
3    f1 =~  y3     1  est  0.816  0.815  0.001
4    f1 =~  y4     1  est  0.825  0.823  0.002
5    f1 =~  y5     1  est  0.901  0.900  0.001
6    f1 =~  y6     1  est -0.033 -0.041  0.008
7    f1 =~  y7     1  est  0.018  0.011  0.007
8    f1 =~  y8     1  est  0.067  0.059  0.008
9    f1 =~  y9     1  est  0.060  0.053  0.007
10   f1 =~ y10     1  est -0.045 -0.052  0.007
11   f2 =~  y1     1  est  0.034  0.036 -0.002
12   f2 =~  y2     1  est -0.038 -0.037 -0.001
13   f2 =~  y3     1  est  0.003  0.005 -0.002
14   f2 =~  y4     1  est  0.064  0.066 -0.002
15   f2 =~  y5     1  est -0.016 -0.014 -0.002
16   f2 =~  y6     1  est  0.833  0.837 -0.004
17   f2 =~  y7     1  est  0.698  0.701 -0.003
18   f2 =~  y8     1  est  0.749  0.753 -0.004
19   f2 =~  y9     1  est  0.675  0.678 -0.003
20   f2 =~ y10     1  est  0.752  0.755 -0.003
21   y1 ~~  y1     1  est  0.994  0.994  0.000
22   y2 ~~  y2     1  est  0.878  0.878  0.000
23   y3 ~~  y3     1  est  0.869  0.869  0.000
24   y4 ~~  y4     1  est  1.022  1.022  0.000
25   y5 ~~  y5     1  est  0.914  0.914  0.000
26   y6 ~~  y6     1  est  0.877  0.877  0.000
27   y7 ~~  y7     1  est  1.119  1.119  0.000
28   y8 ~~  y8     1  est  1.214  1.214  0.000
29   y9 ~~  y9     1  est  1.024  1.024  0.000
30  y10 ~~ y10     1  est  1.103  1.103  0.000
31   f1 ~~  f1     1  est  1.000  1.000  0.000
32   f2 ~~  f2     1  est  1.000  1.000  0.000
33   f1 ~~  f2     1  est  0.477  0.483 -0.006
34   y1 ~1         1  est  0.925  0.925  0.000
35   y2 ~1         1  est  1.091  1.091  0.000
36   y3 ~1         1  est  1.034  1.034  0.000
37   y4 ~1         1  est  0.971  0.971  0.000
38   y5 ~1         1  est  1.040  1.040  0.000
39   y6 ~1         1  est  0.978  0.978  0.000
40   y7 ~1         1  est  1.035  1.035  0.000
41   y8 ~1         1  est  1.058  1.058  0.000
42   y9 ~1         1  est  0.981  0.981  0.000
43  y10 ~1         1  est  1.011  1.011  0.000
44   f1 =~  y1     2  est  0.787  0.786  0.001
45   f1 =~  y2     2  est  0.891  0.891  0.000
46   f1 =~  y3     2  est  0.816  0.815  0.001
47   f1 =~  y4     2  est  0.824  0.823  0.001
48   f1 =~  y5     2  est  0.900  0.900  0.000
49   f1 =~  y6     2  est -0.035 -0.041  0.006
50   f1 =~  y7     2  est  0.016  0.011  0.005
51   f1 =~  y8     2  est  0.065  0.059  0.006
52   f1 =~  y9     2  est  0.058  0.053  0.005
53   f1 =~ y10     2  est -0.047 -0.052  0.005
54   f2 =~  y1     2  est  0.035  0.036 -0.001
55   f2 =~  y2     2  est -0.038 -0.037 -0.001
56   f2 =~  y3     2  est  0.004  0.005 -0.001
57   f2 =~  y4     2  est  0.064  0.066 -0.002
58   f2 =~  y5     2  est -0.015 -0.014 -0.001
59   f2 =~  y6     2  est  0.834  0.837 -0.003
60   f2 =~  y7     2  est  0.699  0.701 -0.002
61   f2 =~  y8     2  est  0.750  0.753 -0.003
62   f2 =~  y9     2  est  0.676  0.678 -0.002
63   f2 =~ y10     2  est  0.753  0.755 -0.002
64   y1 ~~  y1     2  est  2.131  2.131  0.000
65   y2 ~~  y2     2  est  1.862  1.862  0.000
66   y3 ~~  y3     2  est  2.251  2.251  0.000
67   y4 ~~  y4     2  est  2.124  2.124  0.000
68   y5 ~~  y5     2  est  2.063  2.063  0.000
69   y6 ~~  y6     2  est  1.886  1.886  0.000
70   y7 ~~  y7     2  est  2.222  2.222  0.000
71   y8 ~~  y8     2  est  2.011  2.011  0.000
72   y9 ~~  y9     2  est  2.055  2.055  0.000
73  y10 ~~ y10     2  est  2.138  2.138  0.000
74   f1 ~~  f1     2  est  1.247  1.246  0.001
75   f2 ~~  f2     2  est  2.617  2.612  0.005
76   f1 ~~  f2     2  est  0.951  0.953 -0.002
77   y1 ~1         2  est  0.925  0.925  0.000
78   y2 ~1         2  est  1.091  1.091  0.000
79   y3 ~1         2  est  1.034  1.034  0.000
80   y4 ~1         2  est  0.971  0.971  0.000
81   y5 ~1         2  est  1.040  1.040  0.000
82   y6 ~1         2  est  0.978  0.978  0.000
83   y7 ~1         2  est  1.035  1.035  0.000
84   y8 ~1         2  est  1.058  1.058  0.000
85   y9 ~1         2  est  0.981  0.981  0.000
86  y10 ~1         2  est  1.011  1.011  0.000
87   f1 ~1         2  est  0.343  0.342  0.001
88   f2 ~1         2  est  0.799  0.798  0.001
89   f1 =~  y1     1   se  0.059  0.062 -0.003
90   f1 =~  y2     1   se  0.060  0.063 -0.003
91   f1 =~  y3     1   se  0.055  0.053  0.002
92   f1 =~  y4     1   se  0.062  0.063 -0.001
93   f1 =~  y5     1   se  0.059  0.060 -0.001
94   f1 =~  y6     1   se  0.039  0.068 -0.029
95   f1 =~  y7     1   se  0.041  0.016  0.025
96   f1 =~  y8     1   se  0.059  0.074 -0.015
97   f1 =~  y9     1   se  0.055  0.070 -0.015
98   f1 =~ y10     1   se  0.051  0.069 -0.018
99   f2 =~  y1     1   se  0.042  0.051 -0.009
100  f2 =~  y2     1   se  0.040  0.051 -0.011
101  f2 =~  y3     1   se  0.031  0.017  0.014
102  f2 =~  y4     1   se  0.045  0.052 -0.007
103  f2 =~  y5     1   se  0.033  0.043 -0.010
104  f2 =~  y6     1   se  0.051  0.057 -0.006
105  f2 =~  y7     1   se  0.051  0.047  0.004
106  f2 =~  y8     1   se  0.056  0.060 -0.004
107  f2 =~  y9     1   se  0.053  0.057 -0.004
108  f2 =~ y10     1   se  0.052  0.056 -0.004
109  y1 ~~  y1     1   se  0.074  0.074  0.000
110  y2 ~~  y2     1   se  0.073  0.073  0.000
111  y3 ~~  y3     1   se  0.068  0.068  0.000
112  y4 ~~  y4     1   se  0.078  0.078  0.000
113  y5 ~~  y5     1   se  0.075  0.075  0.000
114  y6 ~~  y6     1   se  0.074  0.074  0.000
115  y7 ~~  y7     1   se  0.082  0.082  0.000
116  y8 ~~  y8     1   se  0.090  0.090  0.000
117  y9 ~~  y9     1   se  0.076  0.076  0.000
118 y10 ~~ y10     1   se  0.083  0.083  0.000
119  f1 ~~  f1     1   se  0.000  0.000  0.000
120  f2 ~~  f2     1   se  0.000  0.000  0.000
121  f1 ~~  f2     1   se  0.052  0.068 -0.016
122  y1 ~1         1   se  0.053  0.053  0.000
123  y2 ~1         1   se  0.054  0.054  0.000
124  y3 ~1         1   se  0.052  0.052  0.000
125  y4 ~1         1   se  0.055  0.055  0.000
126  y5 ~1         1   se  0.055  0.055  0.000
127  y6 ~1         1   se  0.052  0.052  0.000
128  y7 ~1         1   se  0.052  0.052  0.000
129  y8 ~1         1   se  0.055  0.055  0.000
130  y9 ~1         1   se  0.050  0.050  0.000
131 y10 ~1         1   se  0.052  0.052  0.000
132  f1 =~  y1     2   se  0.059  0.062 -0.003
133  f1 =~  y2     2   se  0.060  0.063 -0.003
134  f1 =~  y3     2   se  0.055  0.053  0.002
135  f1 =~  y4     2   se  0.062  0.063 -0.001
136  f1 =~  y5     2   se  0.059  0.060 -0.001
137  f1 =~  y6     2   se  0.039  0.068 -0.029
138  f1 =~  y7     2   se  0.041  0.016  0.025
139  f1 =~  y8     2   se  0.059  0.074 -0.015
140  f1 =~  y9     2   se  0.055  0.070 -0.015
141  f1 =~ y10     2   se  0.051  0.069 -0.018
142  f2 =~  y1     2   se  0.042  0.051 -0.009
143  f2 =~  y2     2   se  0.040  0.051 -0.011
144  f2 =~  y3     2   se  0.031  0.017  0.014
145  f2 =~  y4     2   se  0.045  0.052 -0.007
146  f2 =~  y5     2   se  0.033  0.043 -0.010
147  f2 =~  y6     2   se  0.051  0.057 -0.006
148  f2 =~  y7     2   se  0.051  0.047  0.004
149  f2 =~  y8     2   se  0.056  0.060 -0.004
150  f2 =~  y9     2   se  0.053  0.057 -0.004
151  f2 =~ y10     2   se  0.052  0.056 -0.004
152  y1 ~~  y1     2   se  0.155  0.155  0.000
153  y2 ~~  y2     2   se  0.145  0.145  0.000
154  y3 ~~  y3     2   se  0.165  0.165  0.000
155  y4 ~~  y4     2   se  0.157  0.157  0.000
156  y5 ~~  y5     2   se  0.158  0.158  0.000
157  y6 ~~  y6     2   se  0.160  0.160  0.000
158  y7 ~~  y7     2   se  0.164  0.164  0.000
159  y8 ~~  y8     2   se  0.159  0.159  0.000
160  y9 ~~  y9     2   se  0.151  0.151  0.000
161 y10 ~~ y10     2   se  0.165  0.165  0.000
162  f1 ~~  f1     2   se  0.154  0.155 -0.001
163  f2 ~~  f2     2   se  0.315  0.316 -0.001
164  f1 ~~  f2     2   se  0.137  0.155 -0.018
165  y1 ~1         2   se  0.053  0.053  0.000
166  y2 ~1         2   se  0.054  0.054  0.000
167  y3 ~1         2   se  0.052  0.052  0.000
168  y4 ~1         2   se  0.055  0.055  0.000
169  y5 ~1         2   se  0.055  0.055  0.000
170  y6 ~1         2   se  0.052  0.052  0.000
171  y7 ~1         2   se  0.052  0.052  0.000
172  y8 ~1         2   se  0.055  0.055  0.000
173  y9 ~1         2   se  0.050  0.050  0.000
174 y10 ~1         2   se  0.052  0.052  0.000
175  f1 ~1         2   se  0.080  0.082 -0.002
176  f2 ~1         2   se  0.104  0.103  0.001

                     fit        lav        mpl delta
1                   npar     54.000     54.000 0.000
2                   fmin      0.041         NA    NA
3                  chisq     82.326     82.326 0.000
4                     df     76.000     76.000 0.000
5                 pvalue      0.290      0.290 0.000
6         baseline.chisq   2205.576   2205.576 0.000
7            baseline.df     90.000     90.000 0.000
8        baseline.pvalue      0.000      0.000 0.000
9                    cfi      0.997      0.997 0.000
10                   tli      0.996      0.996 0.000
11                  nnfi      0.996         NA    NA
12                   rfi      0.956         NA    NA
13                   nfi      0.963         NA    NA
14                  pnfi      0.813         NA    NA
15                   ifi      0.997         NA    NA
16                   rni      0.997         NA    NA
17                  logl -17309.844 -17309.844 0.000
18     unrestricted.logl -17268.681 -17268.681 0.000
19                   aic  34727.688  34727.688 0.000
20                   bic  34992.707  34992.707 0.000
21                  bic2  34821.200  34821.200 0.000
22                 rmsea      0.013      0.013 0.000
23        rmsea.ci.lower      0.000      0.000 0.000
24        rmsea.ci.upper      0.029      0.029 0.000
25        rmsea.ci.level      0.900         NA    NA
26          rmsea.pvalue      1.000      1.000 0.000
27        rmsea.close.h0      0.050         NA    NA
28 rmsea.notclose.pvalue      0.000         NA    NA
29     rmsea.notclose.h0      0.080         NA    NA
30                   rmr      0.068         NA    NA
31            rmr_nomean      0.073         NA    NA
32                  srmr      0.028      0.027 0.001
33          srmr_bentler      0.028         NA    NA
34   srmr_bentler_nomean      0.030         NA    NA
35                  crmr      0.028         NA    NA
36           crmr_nomean      0.030         NA    NA
37            srmr_mplus      0.027         NA    NA
38     srmr_mplus_nomean      0.028         NA    NA
39                 cn_05   1183.503         NA    NA
40                 cn_01   1307.784         NA    NA
41                   gfi      0.989         NA    NA
42                  agfi      0.981         NA    NA
43                  pgfi      0.578         NA    NA
44                   mfi      0.997         NA    NA
45                  ecvi      0.190         NA    NA
