# lavaan TESTsuite -- lavaan version  0.6-17 
# date:  Sat Jan 20 20:52:26 2024 
# file:  ex5.26.out 

    lhs op rhs group        type    lav    mpl  delta
1    f1 =~  y1     1         est  0.747  0.744  0.003
2    f1 =~  y2     1         est  0.897  0.896  0.001
3    f1 =~  y3     1         est  0.728  0.726  0.002
4    f1 =~  y4     1         est  0.045  0.014  0.031
5    f1 =~  y5     1         est -0.060 -0.098  0.038
6    f1 =~  y6     1         est  0.045  0.014  0.031
7    f2 =~  y1     1         est  0.048  0.052 -0.004
8    f2 =~  y2     1         est -0.020 -0.016 -0.004
9    f2 =~  y3     1         est  0.001  0.005 -0.004
10   f2 =~  y4     1         est  0.721  0.734 -0.013
11   f2 =~  y5     1         est  0.891  0.908 -0.017
12   f2 =~  y6     1         est  0.735  0.748 -0.013
13   f3 =~  y7     1         est  0.747  0.744  0.003
14   f3 =~  y8     1         est  0.896  0.896  0.000
15   f3 =~  y9     1         est  0.728  0.726  0.002
16   f3 =~ y10     1         est  0.046  0.014  0.032
17   f3 =~ y11     1         est -0.059 -0.098  0.039
18   f3 =~ y12     1         est  0.046  0.014  0.032
19   f4 =~  y7     1         est  0.049  0.052 -0.003
20   f4 =~  y8     1         est -0.019 -0.016 -0.003
21   f4 =~  y9     1         est  0.002  0.005 -0.003
22   f4 =~ y10     1         est  0.721  0.734 -0.013
23   f4 =~ y11     1         est  0.891  0.908 -0.017
24   f4 =~ y12     1         est  0.734  0.748 -0.014
25   y1 ~~  y7     1         est  0.397  0.397  0.000
26   y2 ~~  y8     1         est  0.128  0.128  0.000
27   y3 ~~  y9     1         est  0.315  0.315  0.000
28   y4 ~~ y10     1         est  0.346  0.346  0.000
29   y5 ~~ y11     1         est  0.238  0.238  0.000
30   y6 ~~ y12     1         est  0.381  0.381  0.000
31   f3 ~~  f3     1         est  1.057  1.057  0.000
32   f4 ~~  f4     1         est  1.051  1.053 -0.002
33   y1 ~~  y1     1         est  1.030  1.030  0.000
34   y2 ~~  y2     1         est  0.817  0.817  0.000
35   y3 ~~  y3     1         est  1.099  1.099  0.000
36   y4 ~~  y4     1         est  1.121  1.121  0.000
37   y5 ~~  y5     1         est  0.837  0.837  0.000
38   y6 ~~  y6     1         est  1.153  1.153  0.000
39   y7 ~~  y7     1         est  1.077  1.077  0.000
40   y8 ~~  y8     1         est  0.766  0.766  0.000
41   y9 ~~  y9     1         est  0.962  0.962  0.000
42  y10 ~~ y10     1         est  1.199  1.199  0.000
43  y11 ~~ y11     1         est  0.837  0.837  0.000
44  y12 ~~ y12     1         est  1.114  1.115 -0.001
45   f1 ~~  f1     1         est  1.000  1.000  0.000
46   f2 ~~  f2     1         est  1.000  1.000  0.000
47   f1 ~~  f2     1         est  0.420  0.451 -0.031
48   f1 ~~  f3     1         est  0.415  0.414  0.001
49   f1 ~~  f4     1         est  0.287  0.299 -0.012
50   f2 ~~  f3     1         est  0.298  0.310 -0.012
51   f2 ~~  f4     1         est  0.273  0.289 -0.016
52   f3 ~~  f4     1         est  0.460  0.494 -0.034
53   y1 ~1         1         est  0.010  0.010  0.000
54   y2 ~1         1         est  0.044  0.044  0.000
55   y3 ~1         1         est  0.001  0.001  0.000
56   y4 ~1         1         est  0.097  0.097  0.000
57   y5 ~1         1         est  0.074  0.074  0.000
58   y6 ~1         1         est  0.071  0.071  0.000
59   y7 ~1         1         est  0.007  0.007  0.000
60   y8 ~1         1         est  0.033  0.033  0.000
61   y9 ~1         1         est  0.035  0.035  0.000
62  y10 ~1         1         est -0.007 -0.007  0.000
63  y11 ~1         1         est  0.040  0.040  0.000
64  y12 ~1         1         est  0.032  0.032  0.000
65   f1 =~  y1     1          se  0.060  0.062 -0.002
66   f1 =~  y2     1          se  0.067  0.072 -0.005
67   f1 =~  y3     1          se  0.058  0.055  0.003
68   f1 =~  y4     1          se  0.044  0.039  0.005
69   f1 =~  y5     1          se  0.035  0.060 -0.025
70   f1 =~  y6     1          se  0.045  0.034  0.011
71   f2 =~  y1     1          se  0.049  0.058 -0.009
72   f2 =~  y2     1          se  0.031  0.053 -0.022
73   f2 =~  y3     1          se  0.036  0.018  0.018
74   f2 =~  y4     1          se  0.063  0.061  0.002
75   f2 =~  y5     1          se  0.065  0.072 -0.007
76   f2 =~  y6     1          se  0.067  0.064  0.003
77   f3 =~  y7     1          se  0.060  0.062 -0.002
78   f3 =~  y8     1          se  0.067  0.072 -0.005
79   f3 =~  y9     1          se  0.058  0.055  0.003
80   f3 =~ y10     1          se  0.044  0.039  0.005
81   f3 =~ y11     1          se  0.035  0.060 -0.025
82   f3 =~ y12     1          se  0.045  0.034  0.011
83   f4 =~  y7     1          se  0.049  0.058 -0.009
84   f4 =~  y8     1          se  0.031  0.053 -0.022
85   f4 =~  y9     1          se  0.036  0.018  0.018
86   f4 =~ y10     1          se  0.063  0.061  0.002
87   f4 =~ y11     1          se  0.065  0.072 -0.007
88   f4 =~ y12     1          se  0.067  0.064  0.003
89   y1 ~~  y7     1          se  0.061  0.061  0.000
90   y2 ~~  y8     1          se  0.058  0.058  0.000
91   y3 ~~  y9     1          se  0.058  0.058  0.000
92   y4 ~~ y10     1          se  0.064  0.064  0.000
93   y5 ~~ y11     1          se  0.061  0.061  0.000
94   y6 ~~ y12     1          se  0.065  0.065  0.000
95   f3 ~~  f3     1          se  0.136  0.136  0.000
96   f4 ~~  f4     1          se  0.144  0.142  0.002
97   y1 ~~  y1     1          se  0.085  0.085  0.000
98   y2 ~~  y2     1          se  0.097  0.097  0.000
99   y3 ~~  y3     1          se  0.088  0.088  0.000
100  y4 ~~  y4     1          se  0.092  0.092  0.000
101  y5 ~~  y5     1          se  0.100  0.100  0.000
102  y6 ~~  y6     1          se  0.096  0.096  0.000
103  y7 ~~  y7     1          se  0.090  0.090  0.000
104  y8 ~~  y8     1          se  0.090  0.090  0.000
105  y9 ~~  y9     1          se  0.082  0.082  0.000
106 y10 ~~ y10     1          se  0.096  0.096  0.000
107 y11 ~~ y11     1          se  0.105  0.105  0.000
108 y12 ~~ y12     1          se  0.092  0.092  0.000
109  f1 ~~  f1     1          se  0.000  0.000  0.000
110  f2 ~~  f2     1          se  0.000  0.000  0.000
111  f1 ~~  f2     1          se  0.064  0.069 -0.005
112  f1 ~~  f3     1          se  0.066  0.066  0.000
113  f1 ~~  f4     1          se  0.069  0.069  0.000
114  f2 ~~  f3     1          se  0.068  0.067  0.001
115  f2 ~~  f4     1          se  0.070  0.070  0.000
116  f3 ~~  f4     1          se  0.078  0.085 -0.007
117  y1 ~1         1          se  0.057  0.057  0.000
118  y2 ~1         1          se  0.057  0.057  0.000
119  y3 ~1         1          se  0.057  0.057  0.000
120  y4 ~1         1          se  0.058  0.058  0.000
121  y5 ~1         1          se  0.056  0.056  0.000
122  y6 ~1         1          se  0.059  0.059  0.000
123  y7 ~1         1          se  0.058  0.058  0.000
124  y8 ~1         1          se  0.057  0.057  0.000
125  y9 ~1         1          se  0.055  0.055  0.000
126 y10 ~1         1          se  0.060  0.060  0.000
127 y11 ~1         1          se  0.057  0.057  0.000
128 y12 ~1         1          se  0.059  0.059  0.000
129  f1 =~  y1     1     est.std  0.747  0.744  0.003
130  f1 =~  y2     1     est.std  0.897  0.896  0.001
131  f1 =~  y3     1     est.std  0.728  0.726  0.002
132  f1 =~  y4     1     est.std  0.045  0.014  0.031
133  f1 =~  y5     1     est.std -0.060 -0.098  0.038
134  f1 =~  y6     1     est.std  0.045  0.014  0.031
135  f2 =~  y1     1     est.std  0.048  0.052 -0.004
136  f2 =~  y2     1     est.std -0.020 -0.016 -0.004
137  f2 =~  y3     1     est.std  0.001  0.005 -0.004
138  f2 =~  y4     1     est.std  0.721  0.734 -0.013
139  f2 =~  y5     1     est.std  0.891  0.908 -0.017
140  f2 =~  y6     1     est.std  0.735  0.748 -0.013
141  f3 =~  y7     1     est.std  0.768  0.764  0.004
142  f3 =~  y8     1     est.std  0.921  0.921  0.000
143  f3 =~  y9     1     est.std  0.748  0.747  0.001
144  f3 =~ y10     1     est.std  0.047  0.015  0.032
145  f3 =~ y11     1     est.std -0.060 -0.100  0.040
146  f3 =~ y12     1     est.std  0.047  0.014  0.033
147  f4 =~  y7     1     est.std  0.050  0.054 -0.004
148  f4 =~  y8     1     est.std -0.019 -0.016 -0.003
149  f4 =~  y9     1     est.std  0.002  0.005 -0.003
150  f4 =~ y10     1     est.std  0.739  0.753 -0.014
151  f4 =~ y11     1     est.std  0.913  0.931 -0.018
152  f4 =~ y12     1     est.std  0.753  0.768 -0.015
153  y1 ~~  y7     1     est.std  0.397  0.397  0.000
154  y2 ~~  y8     1     est.std  0.128  0.128  0.000
155  y3 ~~  y9     1     est.std  0.315  0.315  0.000
156  y4 ~~ y10     1     est.std  0.346  0.346  0.000
157  y5 ~~ y11     1     est.std  0.238  0.238  0.000
158  y6 ~~ y12     1     est.std  0.381  0.381  0.000
159  f3 ~~  f3     1     est.std  1.000  1.000  0.000
160  f4 ~~  f4     1     est.std  1.000  1.000  0.000
161  y1 ~~  y1     1     est.std  1.030  1.030  0.000
162  y2 ~~  y2     1     est.std  0.817  0.817  0.000
163  y3 ~~  y3     1     est.std  1.099  1.099  0.000
164  y4 ~~  y4     1     est.std  1.121  1.121  0.000
165  y5 ~~  y5     1     est.std  0.837  0.837  0.000
166  y6 ~~  y6     1     est.std  1.153  1.153  0.000
167  y7 ~~  y7     1     est.std  1.077  1.077  0.000
168  y8 ~~  y8     1     est.std  0.766  0.766  0.000
169  y9 ~~  y9     1     est.std  0.962  0.962  0.000
170 y10 ~~ y10     1     est.std  1.199  1.199  0.000
171 y11 ~~ y11     1     est.std  0.837  0.837  0.000
172 y12 ~~ y12     1     est.std  1.114  1.115 -0.001
173  f1 ~~  f1     1     est.std  1.000  1.000  0.000
174  f2 ~~  f2     1     est.std  1.000  1.000  0.000
175  f1 ~~  f2     1     est.std  0.420  0.451 -0.031
176  f1 ~~  f3     1     est.std  0.404  0.403  0.001
177  f1 ~~  f4     1     est.std  0.280  0.291 -0.011
178  f2 ~~  f3     1     est.std  0.290  0.301 -0.011
179  f2 ~~  f4     1     est.std  0.267  0.281 -0.014
180  f3 ~~  f4     1     est.std  0.436  0.468 -0.032
181  y1 ~1         1     est.std  0.010  0.010  0.000
182  y2 ~1         1     est.std  0.044  0.044  0.000
183  y3 ~1         1     est.std  0.001  0.001  0.000
184  y4 ~1         1     est.std  0.097  0.097  0.000
185  y5 ~1         1     est.std  0.074  0.074  0.000
186  y6 ~1         1     est.std  0.071  0.071  0.000
187  y7 ~1         1     est.std  0.007  0.007  0.000
188  y8 ~1         1     est.std  0.033  0.033  0.000
189  y9 ~1         1     est.std  0.035  0.035  0.000
190 y10 ~1         1     est.std -0.007 -0.007  0.000
191 y11 ~1         1     est.std  0.040  0.040  0.000
192 y12 ~1         1     est.std  0.032  0.032  0.000
193  f1 =~  y1     1 est.std.all  0.587  0.584  0.003
194  f1 =~  y2     1 est.std.all  0.707  0.707  0.000
195  f1 =~  y3     1 est.std.all  0.570  0.569  0.001
196  f1 =~  y4     1 est.std.all  0.035  0.011  0.024
197  f1 =~  y5     1 est.std.all -0.047 -0.077  0.030
198  f1 =~  y6     1 est.std.all  0.034  0.010  0.024
199  f2 =~  y1     1 est.std.all  0.038  0.041 -0.003
200  f2 =~  y2     1 est.std.all -0.016 -0.013 -0.003
201  f2 =~  y3     1 est.std.all  0.001  0.004 -0.003
202  f2 =~  y4     1 est.std.all  0.558  0.568 -0.010
203  f2 =~  y5     1 est.std.all  0.707  0.720 -0.013
204  f2 =~  y6     1 est.std.all  0.560  0.570 -0.010
205  f3 =~  y7     1 est.std.all  0.589  0.586  0.003
206  f3 =~  y8     1 est.std.all  0.729  0.728  0.001
207  f3 =~  y9     1 est.std.all  0.606  0.605  0.001
208  f3 =~ y10     1 est.std.all  0.035  0.011  0.024
209  f3 =~ y11     1 est.std.all -0.047 -0.079  0.032
210  f3 =~ y12     1 est.std.all  0.036  0.011  0.025
211  f4 =~  y7     1 est.std.all  0.038  0.041 -0.003
212  f4 =~  y8     1 est.std.all -0.015 -0.013 -0.002
213  f4 =~  y9     1 est.std.all  0.002  0.004 -0.002
214  f4 =~ y10     1 est.std.all  0.554  0.565 -0.011
215  f4 =~ y11     1 est.std.all  0.716  0.730 -0.014
216  f4 =~ y12     1 est.std.all  0.575  0.586 -0.011
217  y1 ~~  y7     1 est.std.all  0.377  0.377  0.000
218  y2 ~~  y8     1 est.std.all  0.162  0.162  0.000
219  y3 ~~  y9     1 est.std.all  0.307  0.307  0.000
220  y4 ~~ y10     1 est.std.all  0.299  0.299  0.000
221  y5 ~~ y11     1 est.std.all  0.284  0.284  0.000
222  y6 ~~ y12     1 est.std.all  0.336  0.336  0.000
223  f3 ~~  f3     1 est.std.all  1.000  1.000  0.000
224  f4 ~~  f4     1 est.std.all  1.000  1.000  0.000
225  y1 ~~  y1     1 est.std.all  0.635  0.635  0.000
226  y2 ~~  y2     1 est.std.all  0.509  0.509  0.000
227  y3 ~~  y3     1 est.std.all  0.674  0.674  0.000
228  y4 ~~  y4     1 est.std.all  0.671  0.671  0.000
229  y5 ~~  y5     1 est.std.all  0.526  0.526  0.000
230  y6 ~~  y6     1 est.std.all  0.669  0.669  0.000
231  y7 ~~  y7     1 est.std.all  0.632  0.632  0.000
232  y8 ~~  y8     1 est.std.all  0.479  0.479  0.000
233  y9 ~~  y9     1 est.std.all  0.632  0.632  0.000
234 y10 ~~ y10     1 est.std.all  0.675  0.675  0.000
235 y11 ~~ y11     1 est.std.all  0.515  0.514  0.001
236 y12 ~~ y12     1 est.std.all  0.650  0.650  0.000
237  f1 ~~  f1     1 est.std.all  1.000  1.000  0.000
238  f2 ~~  f2     1 est.std.all  1.000  1.000  0.000
239  f1 ~~  f2     1 est.std.all  0.420  0.451 -0.031
240  f1 ~~  f3     1 est.std.all  0.404  0.403  0.001
241  f1 ~~  f4     1 est.std.all  0.280  0.291 -0.011
242  f2 ~~  f3     1 est.std.all  0.290  0.301 -0.011
243  f2 ~~  f4     1 est.std.all  0.267  0.281 -0.014
244  f3 ~~  f4     1 est.std.all  0.436  0.468 -0.032
245  y1 ~1         1 est.std.all  0.008  0.008  0.000
246  y2 ~1         1 est.std.all  0.035  0.035  0.000
247  y3 ~1         1 est.std.all  0.001  0.001  0.000
248  y4 ~1         1 est.std.all  0.075  0.075  0.000
249  y5 ~1         1 est.std.all  0.059  0.059  0.000
250  y6 ~1         1 est.std.all  0.054  0.054  0.000
251  y7 ~1         1 est.std.all  0.005  0.005  0.000
252  y8 ~1         1 est.std.all  0.026  0.026  0.000
253  y9 ~1         1 est.std.all  0.028  0.028  0.000
254 y10 ~1         1 est.std.all -0.005 -0.005  0.000
255 y11 ~1         1 est.std.all  0.031  0.031  0.000
256 y12 ~1         1 est.std.all  0.025  0.025  0.000
257  f1 =~  y1     1 est.std.nox  0.587  0.584  0.003
258  f1 =~  y2     1 est.std.nox  0.707  0.707  0.000
259  f1 =~  y3     1 est.std.nox  0.570  0.569  0.001
260  f1 =~  y4     1 est.std.nox  0.035  0.011  0.024
261  f1 =~  y5     1 est.std.nox -0.047 -0.077  0.030
262  f1 =~  y6     1 est.std.nox  0.034  0.010  0.024
263  f2 =~  y1     1 est.std.nox  0.038  0.041 -0.003
264  f2 =~  y2     1 est.std.nox -0.016 -0.013 -0.003
265  f2 =~  y3     1 est.std.nox  0.001  0.004 -0.003
266  f2 =~  y4     1 est.std.nox  0.558  0.568 -0.010
267  f2 =~  y5     1 est.std.nox  0.707  0.720 -0.013
268  f2 =~  y6     1 est.std.nox  0.560  0.570 -0.010
269  f3 =~  y7     1 est.std.nox  0.589  0.586  0.003
270  f3 =~  y8     1 est.std.nox  0.729  0.728  0.001
271  f3 =~  y9     1 est.std.nox  0.606  0.605  0.001
272  f3 =~ y10     1 est.std.nox  0.035  0.011  0.024
273  f3 =~ y11     1 est.std.nox -0.047 -0.079  0.032
274  f3 =~ y12     1 est.std.nox  0.036  0.011  0.025
275  f4 =~  y7     1 est.std.nox  0.038  0.041 -0.003
276  f4 =~  y8     1 est.std.nox -0.015 -0.013 -0.002
277  f4 =~  y9     1 est.std.nox  0.002  0.004 -0.002
278  f4 =~ y10     1 est.std.nox  0.554  0.565 -0.011
279  f4 =~ y11     1 est.std.nox  0.716  0.730 -0.014
280  f4 =~ y12     1 est.std.nox  0.575  0.586 -0.011
281  y1 ~~  y7     1 est.std.nox  0.377  0.377  0.000
282  y2 ~~  y8     1 est.std.nox  0.162  0.162  0.000
283  y3 ~~  y9     1 est.std.nox  0.307  0.307  0.000
284  y4 ~~ y10     1 est.std.nox  0.299  0.299  0.000
285  y5 ~~ y11     1 est.std.nox  0.284  0.284  0.000
286  y6 ~~ y12     1 est.std.nox  0.336  0.336  0.000
287  f3 ~~  f3     1 est.std.nox  1.000  1.000  0.000
288  f4 ~~  f4     1 est.std.nox  1.000  1.000  0.000
289  y1 ~~  y1     1 est.std.nox  0.635  0.635  0.000
290  y2 ~~  y2     1 est.std.nox  0.509  0.509  0.000
291  y3 ~~  y3     1 est.std.nox  0.674  0.674  0.000
292  y4 ~~  y4     1 est.std.nox  0.671  0.671  0.000
293  y5 ~~  y5     1 est.std.nox  0.526  0.526  0.000
294  y6 ~~  y6     1 est.std.nox  0.669  0.669  0.000
295  y7 ~~  y7     1 est.std.nox  0.632  0.632  0.000
296  y8 ~~  y8     1 est.std.nox  0.479  0.479  0.000
297  y9 ~~  y9     1 est.std.nox  0.632  0.632  0.000
298 y10 ~~ y10     1 est.std.nox  0.675  0.675  0.000
299 y11 ~~ y11     1 est.std.nox  0.515  0.514  0.001
300 y12 ~~ y12     1 est.std.nox  0.650  0.650  0.000
301  f1 ~~  f1     1 est.std.nox  1.000  1.000  0.000
302  f2 ~~  f2     1 est.std.nox  1.000  1.000  0.000
303  f1 ~~  f2     1 est.std.nox  0.420  0.451 -0.031
304  f1 ~~  f3     1 est.std.nox  0.404  0.403  0.001
305  f1 ~~  f4     1 est.std.nox  0.280  0.291 -0.011
306  f2 ~~  f3     1 est.std.nox  0.290  0.301 -0.011
307  f2 ~~  f4     1 est.std.nox  0.267  0.281 -0.014
308  f3 ~~  f4     1 est.std.nox  0.436  0.468 -0.032
309  y1 ~1         1 est.std.nox  0.008  0.008  0.000
310  y2 ~1         1 est.std.nox  0.035  0.035  0.000
311  y3 ~1         1 est.std.nox  0.001  0.001  0.000
312  y4 ~1         1 est.std.nox  0.075  0.075  0.000
313  y5 ~1         1 est.std.nox  0.059  0.059  0.000
314  y6 ~1         1 est.std.nox  0.054  0.054  0.000
315  y7 ~1         1 est.std.nox  0.005  0.005  0.000
316  y8 ~1         1 est.std.nox  0.026  0.026  0.000
317  y9 ~1         1 est.std.nox  0.028  0.028  0.000
318 y10 ~1         1 est.std.nox -0.005 -0.005  0.000
319 y11 ~1         1 est.std.nox  0.031  0.031  0.000
320 y12 ~1         1 est.std.nox  0.025  0.025  0.000

                     fit       lav       mpl delta
1                   npar    48.000    48.000 0.000
2                   fmin     0.044        NA    NA
3                  chisq    43.990    43.990 0.000
4                     df    42.000    42.000 0.000
5                 pvalue     0.387     0.387 0.000
6         baseline.chisq  1265.442  1265.442 0.000
7            baseline.df    66.000    66.000 0.000
8        baseline.pvalue     0.000     0.000 0.000
9                    cfi     0.998     0.998 0.000
10                   tli     0.997     0.997 0.000
11                  nnfi     0.997        NA    NA
12                   rfi     0.945        NA    NA
13                   nfi     0.965        NA    NA
14                  pnfi     0.614        NA    NA
15                   ifi     0.998        NA    NA
16                   rni     0.998        NA    NA
17                  logl -9396.403 -9396.403 0.000
18     unrestricted.logl -9374.409 -9374.409 0.000
19                   aic 18888.807 18888.807 0.000
20                   bic 19091.108 19091.108 0.000
21                  bic2 18938.753 18938.753 0.000
22                 rmsea     0.010     0.010 0.000
23        rmsea.ci.lower     0.000     0.000 0.000
24        rmsea.ci.upper     0.032     0.032 0.000
25        rmsea.ci.level     0.900        NA    NA
26          rmsea.pvalue     1.000     1.000 0.000
27        rmsea.close.h0     0.050        NA    NA
28 rmsea.notclose.pvalue     0.000        NA    NA
29     rmsea.notclose.h0     0.080        NA    NA
30                   rmr     0.046        NA    NA
31            rmr_nomean     0.050        NA    NA
32                  srmr     0.028     0.027 0.001
33          srmr_bentler     0.028        NA    NA
34   srmr_bentler_nomean     0.030        NA    NA
35                  crmr     0.028        NA    NA
36           crmr_nomean     0.031        NA    NA
37            srmr_mplus     0.027        NA    NA
38     srmr_mplus_nomean     0.030        NA    NA
39                 cn_05   661.654        NA    NA
40                 cn_01   753.519        NA    NA
41                   gfi     0.986        NA    NA
42                  agfi     0.969        NA    NA
43                  pgfi     0.460        NA    NA
44                   mfi     0.998        NA    NA
45                  ecvi     0.280        NA    NA
