# lavaan TESTsuite -- lavaan version  0.6-17 
# date:  Sat Jan 20 20:53:07 2024 
# file:  ex5.29.out 

    lhs op rhs group        type    lav    mpl  delta
1    fg =~  y1     1         est  0.931  0.931  0.000
2    fg =~  y2     1         est  0.771  0.771  0.000
3    fg =~  y3     1         est  0.837  0.837  0.000
4    fg =~  y4     1         est  1.037  1.037  0.000
5    fg =~  y5     1         est  0.664  0.664  0.000
6    fg =~  y6     1         est  0.550  0.550  0.000
7    fg =~  y7     1         est  0.577  0.577  0.000
8    fg =~  y8     1         est  0.651  0.651  0.000
9    fg =~  y9     1         est  0.601  0.601  0.000
10   fg =~ y10     1         est  0.589  0.589  0.000
11   f1 =~  y1     1         est  0.726  0.726  0.000
12   f1 =~  y2     1         est  0.215  0.215  0.000
13   f1 =~  y3     1         est  0.471  0.472 -0.001
14   f1 =~  y4     1         est  2.252  2.252  0.000
15   f1 =~  y5     1         est -0.073 -0.073  0.000
16   f1 =~  y6     1         est -0.005 -0.005  0.000
17   f1 =~  y7     1         est  0.019  0.019  0.000
18   f1 =~  y8     1         est  0.009  0.009  0.000
19   f1 =~  y9     1         est -0.063 -0.063  0.000
20   f1 =~ y10     1         est  0.030  0.030  0.000
21   f2 =~  y1     1         est -0.045 -0.045  0.000
22   f2 =~  y2     1         est  0.008  0.008  0.000
23   f2 =~  y3     1         est -0.010 -0.010  0.000
24   f2 =~  y4     1         est  0.011  0.011  0.000
25   f2 =~  y5     1         est  0.376  0.376  0.000
26   f2 =~  y6     1         est  0.781  0.781  0.000
27   f2 =~  y7     1         est  0.984  0.984  0.000
28   f2 =~  y8     1         est  1.177  1.177  0.000
29   f2 =~  y9     1         est  1.120  1.120  0.000
30   f2 =~ y10     1         est  1.308  1.308  0.000
31   y1 ~~  y1     1         est  2.552  2.553 -0.001
32   y2 ~~  y2     1         est  2.343  2.343  0.000
33   y3 ~~  y3     1         est  2.384  2.383  0.001
34   y4 ~~  y4     1         est  0.985  0.986 -0.001
35   y5 ~~  y5     1         est  2.412  2.412  0.000
36   y6 ~~  y6     1         est  2.366  2.366  0.000
37   y7 ~~  y7     1         est  2.453  2.453  0.000
38   y8 ~~  y8     1         est  2.382  2.382  0.000
39   y9 ~~  y9     1         est  2.378  2.378  0.000
40  y10 ~~ y10     1         est  2.542  2.542  0.000
41   fg ~~  fg     1         est  1.000  1.000  0.000
42   f1 ~~  f1     1         est  1.000  1.000  0.000
43   f2 ~~  f2     1         est  1.000  1.000  0.000
44   fg ~~  f1     1         est  0.000  0.000  0.000
45   fg ~~  f2     1         est  0.000  0.000  0.000
46   f1 ~~  f2     1         est -0.029 -0.029  0.000
47   y1 ~1         1         est -0.069 -0.069  0.000
48   y2 ~1         1         est -0.033 -0.033  0.000
49   y3 ~1         1         est -0.055 -0.055  0.000
50   y4 ~1         1         est -0.058 -0.058  0.000
51   y5 ~1         1         est -0.040 -0.040  0.000
52   y6 ~1         1         est -0.018 -0.018  0.000
53   y7 ~1         1         est -0.005 -0.005  0.000
54   y8 ~1         1         est  0.004  0.004  0.000
55   y9 ~1         1         est  0.015  0.015  0.000
56  y10 ~1         1         est  0.016  0.016  0.000
57   fg =~  y1     1          se  0.184  0.311 -0.127
58   fg =~  y2     1          se  0.062  0.094 -0.032
59   fg =~  y3     1          se  0.127  0.207 -0.080
60   fg =~  y4     1          se  0.399  0.808 -0.409
61   fg =~  y5     1          se  0.083  0.093 -0.010
62   fg =~  y6     1          se  0.060  0.063 -0.003
63   fg =~  y7     1          se  0.077  0.079 -0.002
64   fg =~  y8     1          se  0.072  0.075 -0.003
65   fg =~  y9     1          se  0.093  0.106 -0.013
66   fg =~ y10     1          se  0.082  0.083 -0.001
67   f1 =~  y1     1          se  0.263  0.430 -0.167
68   f1 =~  y2     1          se  0.158  0.296 -0.138
69   f1 =~  y3     1          se  0.209  0.358 -0.149
70   f1 =~  y4     1          se  0.232  0.302 -0.070
71   f1 =~  y5     1          se  0.065  0.146 -0.081
72   f1 =~  y6     1          se  0.024  0.037 -0.013
73   f1 =~  y7     1          se  0.026  0.027 -0.001
74   f1 =~  y8     1          se  0.025  0.024  0.001
75   f1 =~  y9     1          se  0.035  0.037 -0.002
76   f1 =~ y10     1          se  0.022  0.038 -0.016
77   f2 =~  y1     1          se  0.036  0.037 -0.001
78   f2 =~  y2     1          se  0.044  0.044  0.000
79   f2 =~  y3     1          se  0.025  0.024  0.001
80   f2 =~  y4     1          se  0.008  0.009 -0.001
81   f2 =~  y5     1          se  0.071  0.072 -0.001
82   f2 =~  y6     1          se  0.045  0.047 -0.002
83   f2 =~  y7     1          se  0.053  0.054 -0.001
84   f2 =~  y8     1          se  0.047  0.049 -0.002
85   f2 =~  y9     1          se  0.056  0.058 -0.002
86   f2 =~ y10     1          se  0.047  0.048 -0.001
87   y1 ~~  y1     1          se  0.090  0.090  0.000
88   y2 ~~  y2     1          se  0.071  0.071  0.000
89   y3 ~~  y3     1          se  0.067  0.067  0.000
90   y4 ~~  y4     1          se  1.292  1.289  0.003
91   y5 ~~  y5     1          se  0.073  0.073  0.000
92   y6 ~~  y6     1          se  0.053  0.053  0.000
93   y7 ~~  y7     1          se  0.059  0.059  0.000
94   y8 ~~  y8     1          se  0.063  0.063  0.000
95   y9 ~~  y9     1          se  0.061  0.061  0.000
96  y10 ~~ y10     1          se  0.073  0.073  0.000
97   fg ~~  fg     1          se  0.000  0.000  0.000
98   f1 ~~  f1     1          se  0.000  0.000  0.000
99   f2 ~~  f2     1          se  0.000  0.000  0.000
100  fg ~~  f1     1          se  0.000  0.000  0.000
101  fg ~~  f2     1          se  0.000  0.000  0.000
102  f1 ~~  f2     1          se  0.087  0.182 -0.095
103  y1 ~1         1          se  0.028  0.028  0.000
104  y2 ~1         1          se  0.024  0.024  0.000
105  y3 ~1         1          se  0.026  0.026  0.000
106  y4 ~1         1          se  0.038  0.038  0.000
107  y5 ~1         1          se  0.024  0.024  0.000
108  y6 ~1         1          se  0.026  0.026  0.000
109  y7 ~1         1          se  0.027  0.027  0.000
110  y8 ~1         1          se  0.029  0.029  0.000
111  y9 ~1         1          se  0.028  0.028  0.000
112 y10 ~1         1          se  0.030  0.030  0.000
113  fg =~  y1     1 est.std.nox  0.469  0.468  0.001
114  fg =~  y2     1 est.std.nox  0.446  0.446  0.000
115  fg =~  y3     1 est.std.nox  0.460  0.460  0.000
116  fg =~  y4     1 est.std.nox  0.388  0.388  0.000
117  fg =~  y5     1 est.std.nox  0.383  0.383  0.000
118  fg =~  y6     1 est.std.nox  0.304  0.304  0.000
119  fg =~  y7     1 est.std.nox  0.298  0.298  0.000
120  fg =~  y8     1 est.std.nox  0.318  0.318  0.000
121  fg =~  y9     1 est.std.nox  0.300  0.300  0.000
122  fg =~ y10     1 est.std.nox  0.274  0.274  0.000
123  f1 =~  y1     1 est.std.nox  0.365  0.365  0.000
124  f1 =~  y2     1 est.std.nox  0.124  0.124  0.000
125  f1 =~  y3     1 est.std.nox  0.259  0.260 -0.001
126  f1 =~  y4     1 est.std.nox  0.843  0.843  0.000
127  f1 =~  y5     1 est.std.nox -0.042 -0.042  0.000
128  f1 =~  y6     1 est.std.nox -0.003 -0.003  0.000
129  f1 =~  y7     1 est.std.nox  0.010  0.010  0.000
130  f1 =~  y8     1 est.std.nox  0.004  0.004  0.000
131  f1 =~  y9     1 est.std.nox -0.031 -0.031  0.000
132  f1 =~ y10     1 est.std.nox  0.014  0.014  0.000
133  f2 =~  y1     1 est.std.nox -0.023 -0.023  0.000
134  f2 =~  y2     1 est.std.nox  0.004  0.004  0.000
135  f2 =~  y3     1 est.std.nox -0.006 -0.006  0.000
136  f2 =~  y4     1 est.std.nox  0.004  0.004  0.000
137  f2 =~  y5     1 est.std.nox  0.217  0.217  0.000
138  f2 =~  y6     1 est.std.nox  0.432  0.431  0.001
139  f2 =~  y7     1 est.std.nox  0.508  0.508  0.000
140  f2 =~  y8     1 est.std.nox  0.575  0.575  0.000
141  f2 =~  y9     1 est.std.nox  0.560  0.560  0.000
142  f2 =~ y10     1 est.std.nox  0.610  0.610  0.000
143  y1 ~~  y1     1 est.std.nox  0.646  0.646  0.000
144  y2 ~~  y2     1 est.std.nox  0.785  0.785  0.000
145  y3 ~~  y3     1 est.std.nox  0.721  0.721  0.000
146  y4 ~~  y4     1 est.std.nox  0.138  0.138  0.000
147  y5 ~~  y5     1 est.std.nox  0.804  0.804  0.000
148  y6 ~~  y6     1 est.std.nox  0.722  0.722  0.000
149  y7 ~~  y7     1 est.std.nox  0.653  0.654 -0.001
150  y8 ~~  y8     1 est.std.nox  0.569  0.569  0.000
151  y9 ~~  y9     1 est.std.nox  0.594  0.594  0.000
152 y10 ~~ y10     1 est.std.nox  0.553  0.553  0.000
153  fg ~~  fg     1 est.std.nox  1.000  1.000  0.000
154  f1 ~~  f1     1 est.std.nox  1.000  1.000  0.000
155  f2 ~~  f2     1 est.std.nox  1.000  1.000  0.000
156  fg ~~  f1     1 est.std.nox  0.000  0.000  0.000
157  fg ~~  f2     1 est.std.nox  0.000  0.000  0.000
158  f1 ~~  f2     1 est.std.nox -0.029 -0.029  0.000
159  y1 ~1         1 est.std.nox -0.035 -0.035  0.000
160  y2 ~1         1 est.std.nox -0.019 -0.019  0.000
161  y3 ~1         1 est.std.nox -0.030 -0.030  0.000
162  y4 ~1         1 est.std.nox -0.022 -0.022  0.000
163  y5 ~1         1 est.std.nox -0.023 -0.023  0.000
164  y6 ~1         1 est.std.nox -0.010 -0.010  0.000
165  y7 ~1         1 est.std.nox -0.002 -0.002  0.000
166  y8 ~1         1 est.std.nox  0.002  0.002  0.000
167  y9 ~1         1 est.std.nox  0.008  0.008  0.000
168 y10 ~1         1 est.std.nox  0.008  0.008  0.000

                     fit         lav         mpl  delta
1                   npar      47.000      47.000  0.000
2                   fmin       0.002          NA     NA
3                  chisq      24.364      24.364  0.000
4                     df      18.000      18.000  0.000
5                 pvalue       0.143       0.144 -0.001
6         baseline.chisq    8960.687    8960.687  0.000
7            baseline.df      45.000      45.000  0.000
8        baseline.pvalue       0.000       0.000  0.000
9                    cfi       0.999       0.999  0.000
10                   tli       0.998       0.998  0.000
11                  nnfi       0.998          NA     NA
12                   rfi       0.993          NA     NA
13                   nfi       0.997          NA     NA
14                  pnfi       0.399          NA     NA
15                   ifi       0.999          NA     NA
16                   rni       0.999          NA     NA
17                  logl -100433.997 -100433.997  0.000
18     unrestricted.logl -100421.815 -100421.815  0.000
19                   aic  200961.994  200961.994  0.000
20                   bic  201268.302  201268.302  0.000
21                  bic2  201118.952  201118.952  0.000
22                 rmsea       0.008       0.008  0.000
23        rmsea.ci.lower       0.000       0.000  0.000
24        rmsea.ci.upper       0.016       0.016  0.000
25        rmsea.ci.level       0.900          NA     NA
26          rmsea.pvalue       1.000       1.000  0.000
27        rmsea.close.h0       0.050          NA     NA
28 rmsea.notclose.pvalue       0.000          NA     NA
29     rmsea.notclose.h0       0.080          NA     NA
30                   rmr       0.021          NA     NA
31            rmr_nomean       0.023          NA     NA
32                  srmr       0.006       0.006  0.000
33          srmr_bentler       0.006          NA     NA
34   srmr_bentler_nomean       0.006          NA     NA
35                  crmr       0.006          NA     NA
36           crmr_nomean       0.007          NA     NA
37            srmr_mplus       0.006          NA     NA
38     srmr_mplus_nomean       0.006          NA     NA
39                 cn_05    5925.540          NA     NA
40                 cn_01    7143.723          NA     NA
41                   gfi       0.999          NA     NA
42                  agfi       0.996          NA     NA
43                  pgfi       0.277          NA     NA
44                   mfi       0.999          NA     NA
45                  ecvi       0.024          NA     NA
