# lavaan TESTsuite -- lavaan version  0.6-17 
# date:  Sat Jan 20 20:51:53 2024 
# file:  ex5.9.out 

    lhs op rhs group        type   lav   mpl delta
1    f1 =~ y1a     1         est 1.000 1.000     0
2    f1 =~ y1b     1         est 1.000 1.000     0
3    f1 =~ y1c     1         est 1.000 1.000     0
4    f2 =~ y2a     1         est 1.000 1.000     0
5    f2 =~ y2b     1         est 1.000 1.000     0
6    f2 =~ y2c     1         est 1.000 1.000     0
7   y1a ~1         1         est 2.007 2.007     0
8   y1b ~1         1         est 2.007 2.007     0
9   y1c ~1         1         est 2.007 2.007     0
10  y2a ~1         1         est 3.001 3.001     0
11  y2b ~1         1         est 3.001 3.001     0
12  y2c ~1         1         est 3.001 3.001     0
13  y1a ~~ y1a     1         est 0.512 0.512     0
14  y1b ~~ y1b     1         est 0.442 0.442     0
15  y1c ~~ y1c     1         est 0.489 0.489     0
16  y2a ~~ y2a     1         est 0.590 0.590     0
17  y2b ~~ y2b     1         est 0.478 0.478     0
18  y2c ~~ y2c     1         est 0.531 0.531     0
19   f1 ~~  f1     1         est 0.993 0.993     0
20   f2 ~~  f2     1         est 0.980 0.980     0
21   f1 ~~  f2     1         est 0.472 0.472     0
22   f1 =~ y1a     1          se 0.000 0.000     0
23   f1 =~ y1b     1          se 0.000 0.000     0
24   f1 =~ y1c     1          se 0.000 0.000     0
25   f2 =~ y2a     1          se 0.000 0.000     0
26   f2 =~ y2b     1          se 0.000 0.000     0
27   f2 =~ y2c     1          se 0.000 0.000     0
28  y1a ~1         1          se 0.048 0.048     0
29  y1b ~1         1          se 0.048 0.048     0
30  y1c ~1         1          se 0.048 0.048     0
31  y2a ~1         1          se 0.048 0.048     0
32  y2b ~1         1          se 0.048 0.048     0
33  y2c ~1         1          se 0.048 0.048     0
34  y1a ~~ y1a     1          se 0.045 0.045     0
35  y1b ~~ y1b     1          se 0.041 0.041     0
36  y1c ~~ y1c     1          se 0.043 0.043     0
37  y2a ~~ y2a     1          se 0.050 0.050     0
38  y2b ~~ y2b     1          se 0.044 0.044     0
39  y2c ~~ y2c     1          se 0.047 0.047     0
40   f1 ~~  f1     1          se 0.073 0.073     0
41   f2 ~~  f2     1          se 0.074 0.074     0
42   f1 ~~  f2     1          se 0.056 0.056     0
43   f1 =~ y1a     1     est.std 0.996 0.996     0
44   f1 =~ y1b     1     est.std 0.996 0.996     0
45   f1 =~ y1c     1     est.std 0.996 0.996     0
46   f2 =~ y2a     1     est.std 0.990 0.990     0
47   f2 =~ y2b     1     est.std 0.990 0.990     0
48   f2 =~ y2c     1     est.std 0.990 0.990     0
49  y1a ~1         1     est.std 2.007 2.007     0
50  y1b ~1         1     est.std 2.007 2.007     0
51  y1c ~1         1     est.std 2.007 2.007     0
52  y2a ~1         1     est.std 3.001 3.001     0
53  y2b ~1         1     est.std 3.001 3.001     0
54  y2c ~1         1     est.std 3.001 3.001     0
55  y1a ~~ y1a     1     est.std 0.512 0.512     0
56  y1b ~~ y1b     1     est.std 0.442 0.442     0
57  y1c ~~ y1c     1     est.std 0.489 0.489     0
58  y2a ~~ y2a     1     est.std 0.590 0.590     0
59  y2b ~~ y2b     1     est.std 0.478 0.478     0
60  y2c ~~ y2c     1     est.std 0.531 0.531     0
61   f1 ~~  f1     1     est.std 1.000 1.000     0
62   f2 ~~  f2     1     est.std 1.000 1.000     0
63   f1 ~~  f2     1     est.std 0.478 0.478     0
64   f1 =~ y1a     1 est.std.all 0.812 0.812     0
65   f1 =~ y1b     1 est.std.all 0.832 0.832     0
66   f1 =~ y1c     1 est.std.all 0.819 0.819     0
67   f2 =~ y2a     1 est.std.all 0.790 0.790     0
68   f2 =~ y2b     1 est.std.all 0.820 0.820     0
69   f2 =~ y2c     1 est.std.all 0.805 0.805     0
70  y1a ~1         1 est.std.all 1.636 1.636     0
71  y1b ~1         1 est.std.all 1.675 1.675     0
72  y1c ~1         1 est.std.all 1.649 1.649     0
73  y2a ~1         1 est.std.all 2.395 2.395     0
74  y2b ~1         1 est.std.all 2.485 2.485     0
75  y2c ~1         1 est.std.all 2.441 2.441     0
76  y1a ~~ y1a     1 est.std.all 0.340 0.340     0
77  y1b ~~ y1b     1 est.std.all 0.308 0.308     0
78  y1c ~~ y1c     1 est.std.all 0.330 0.330     0
79  y2a ~~ y2a     1 est.std.all 0.376 0.376     0
80  y2b ~~ y2b     1 est.std.all 0.328 0.328     0
81  y2c ~~ y2c     1 est.std.all 0.351 0.351     0
82   f1 ~~  f1     1 est.std.all 1.000 1.000     0
83   f2 ~~  f2     1 est.std.all 1.000 1.000     0
84   f1 ~~  f2     1 est.std.all 0.478 0.478     0
85   f1 =~ y1a     1 est.std.nox 0.812 0.812     0
86   f1 =~ y1b     1 est.std.nox 0.832 0.832     0
87   f1 =~ y1c     1 est.std.nox 0.819 0.819     0
88   f2 =~ y2a     1 est.std.nox 0.790 0.790     0
89   f2 =~ y2b     1 est.std.nox 0.820 0.820     0
90   f2 =~ y2c     1 est.std.nox 0.805 0.805     0
91  y1a ~1         1 est.std.nox 1.636 1.636     0
92  y1b ~1         1 est.std.nox 1.675 1.675     0
93  y1c ~1         1 est.std.nox 1.649 1.649     0
94  y2a ~1         1 est.std.nox 2.395 2.395     0
95  y2b ~1         1 est.std.nox 2.485 2.485     0
96  y2c ~1         1 est.std.nox 2.441 2.441     0
97  y1a ~~ y1a     1 est.std.nox 0.340 0.340     0
98  y1b ~~ y1b     1 est.std.nox 0.308 0.308     0
99  y1c ~~ y1c     1 est.std.nox 0.330 0.330     0
100 y2a ~~ y2a     1 est.std.nox 0.376 0.376     0
101 y2b ~~ y2b     1 est.std.nox 0.328 0.328     0
102 y2c ~~ y2c     1 est.std.nox 0.351 0.351     0
103  f1 ~~  f1     1 est.std.nox 1.000 1.000     0
104  f2 ~~  f2     1 est.std.nox 1.000 1.000     0
105  f1 ~~  f2     1 est.std.nox 0.478 0.478     0

                            fit       lav       mpl delta
1                          npar    11.000    11.000     0
2                          fmin     0.013        NA    NA
3                         chisq    12.844    12.844     0
4                            df    16.000    16.000     0
5                        pvalue     0.684     0.684     0
6                baseline.chisq  1422.735  1422.735     0
7                   baseline.df    15.000    15.000     0
8               baseline.pvalue     0.000     0.000     0
9                           cfi     1.000     1.000     0
10                          tli     1.002     1.002     0
11                   cfi.robust     1.000        NA    NA
12                   tli.robust     1.002        NA    NA
13                         nnfi     1.002        NA    NA
14                          rfi        NA        NA    NA
15                          nfi        NA        NA    NA
16                         pnfi     1.057        NA    NA
17                          ifi     1.002        NA    NA
18                          rni     1.002        NA    NA
19                  nnfi.robust     1.002        NA    NA
20                   rni.robust     1.002        NA    NA
21                         logl -4150.048 -4150.048     0
22            unrestricted.logl -4143.626 -4143.626     0
23                          aic  8322.096  8322.096     0
24                          bic  8368.456  8368.456     0
25                         bic2  8333.542  8333.542     0
26                        rmsea     0.000     0.000     0
27               rmsea.ci.lower     0.000     0.000     0
28               rmsea.ci.upper     0.033     0.033     0
29               rmsea.ci.level     0.900        NA    NA
30                 rmsea.pvalue     0.997     0.997     0
31               rmsea.close.h0     0.050        NA    NA
32        rmsea.notclose.pvalue     0.000        NA    NA
33            rmsea.notclose.h0     0.080        NA    NA
34                 rmsea.robust     0.000        NA    NA
35        rmsea.ci.lower.robust     0.000        NA    NA
36        rmsea.ci.upper.robust     0.033        NA    NA
37          rmsea.pvalue.robust     0.997        NA    NA
38 rmsea.notclose.pvalue.robust     0.000        NA    NA
39                          rmr     0.030        NA    NA
40                   rmr_nomean     0.032        NA    NA
41                         srmr     0.022     0.022     0
42                 srmr_bentler     0.020        NA    NA
43          srmr_bentler_nomean     0.021        NA    NA
44                         crmr     0.018        NA    NA
45                  crmr_nomean     0.019        NA    NA
46                   srmr_mplus     0.022        NA    NA
47            srmr_mplus_nomean     0.021        NA    NA
48                        cn_05  1024.645        NA    NA
49                        cn_01  1246.675        NA    NA
50                          gfi     0.998        NA    NA
51                         agfi     0.996        NA    NA
52                         pgfi     0.591        NA    NA
53                          mfi     1.003        NA    NA
54                         ecvi     0.070        NA    NA
