# lavaan TESTsuite -- lavaan version  0.6-17 
# date:  Sat Jan 20 20:52:32 2024 
# file:  ex5.27.out 

    lhs op rhs group type    lav    mpl  delta
1    f1 =~  y1     1  est  0.787  0.791 -0.004
2    f1 =~  y2     1  est  0.892  0.947 -0.055
3    f1 =~  y3     1  est  0.816  0.780  0.036
4    f1 =~  y4     1  est  0.825  0.838 -0.013
5    f1 =~  y5     1  est  0.901  0.911 -0.010
6    f1 =~  y6     1  est -0.033 -0.032 -0.001
7    f1 =~  y7     1  est  0.018  0.029 -0.011
8    f1 =~  y8     1  est  0.067  0.084 -0.017
9    f1 =~  y9     1  est  0.060  0.011  0.049
10   f1 =~ y10     1  est -0.045 -0.085  0.040
11   f2 =~  y1     1  est  0.034  0.004  0.030
12   f2 =~  y2     1  est -0.038 -0.125  0.087
13   f2 =~  y3     1  est  0.003  0.049 -0.046
14   f2 =~  y4     1  est  0.064  0.017  0.047
15   f2 =~  y5     1  est -0.016 -0.005 -0.011
16   f2 =~  y6     1  est  0.833  0.798  0.035
17   f2 =~  y7     1  est  0.698  0.731 -0.033
18   f2 =~  y8     1  est  0.749  0.728  0.021
19   f2 =~  y9     1  est  0.675  0.776 -0.101
20   f2 =~ y10     1  est  0.752  0.722  0.030
21   y1 ~~  y1     1  est  0.994  0.996 -0.002
22   y2 ~~  y2     1  est  0.878  0.852  0.026
23   y3 ~~  y3     1  est  0.869  0.884 -0.015
24   y4 ~~  y4     1  est  1.022  1.024 -0.002
25   y5 ~~  y5     1  est  0.914  0.910  0.004
26   y6 ~~  y6     1  est  0.877  0.901 -0.024
27   y7 ~~  y7     1  est  1.119  1.110  0.009
28   y8 ~~  y8     1  est  1.214  1.214  0.000
29   y9 ~~  y9     1  est  1.024  0.973  0.051
30  y10 ~~ y10     1  est  1.103  1.118 -0.015
31   f1 ~~  f1     1  est  1.000  1.000  0.000
32   f2 ~~  f2     1  est  1.000  1.000  0.000
33   f1 ~~  f2     1  est  0.477  0.507 -0.030
34   y1 ~1         1  est  0.925  0.907  0.018
35   y2 ~1         1  est  1.091  1.113 -0.022
36   y3 ~1         1  est  1.034  1.040 -0.006
37   y4 ~1         1  est  0.971  0.949  0.022
38   y5 ~1         1  est  1.040  1.041 -0.001
39   y6 ~1         1  est  0.978  0.959  0.019
40   y7 ~1         1  est  1.035  1.032  0.003
41   y8 ~1         1  est  1.058  1.091 -0.033
42   y9 ~1         1  est  0.981  0.987 -0.006
43  y10 ~1         1  est  1.011  1.008  0.003
44   f1 =~  y1     2  est  0.787  0.916 -0.129
45   f1 =~  y2     2  est  0.891  0.950 -0.059
46   f1 =~  y3     2  est  0.816  1.006 -0.190
47   f1 =~  y4     2  est  0.824  0.921 -0.097
48   f1 =~  y5     2  est  0.900  0.999 -0.099
49   f1 =~  y6     2  est -0.035 -0.041  0.006
50   f1 =~  y7     2  est  0.016 -0.055  0.071
51   f1 =~  y8     2  est  0.065  0.012  0.053
52   f1 =~  y9     2  est  0.058  0.089 -0.031
53   f1 =~ y10     2  est -0.047  0.029 -0.076
54   f2 =~  y1     2  est  0.035  0.014  0.021
55   f2 =~  y2     2  est -0.038  0.034 -0.072
56   f2 =~  y3     2  est  0.004 -0.103  0.107
57   f2 =~  y4     2  est  0.064  0.094 -0.030
58   f2 =~  y5     2  est -0.015 -0.077  0.062
59   f2 =~  y6     2  est  0.834  1.354 -0.520
60   f2 =~  y7     2  est  0.699  1.123 -0.424
61   f2 =~  y8     2  est  0.750  1.301 -0.551
62   f2 =~  y9     2  est  0.676  1.012 -0.336
63   f2 =~ y10     2  est  0.753  1.227 -0.474
64   y1 ~~  y1     2  est  2.131  2.115  0.016
65   y2 ~~  y2     2  est  1.862  1.872 -0.010
66   y3 ~~  y3     2  est  2.251  2.197  0.054
67   y4 ~~  y4     2  est  2.124  2.131 -0.007
68   y5 ~~  y5     2  est  2.063  2.077 -0.014
69   y6 ~~  y6     2  est  1.886  1.894 -0.008
70   y7 ~~  y7     2  est  2.222  2.224 -0.002
71   y8 ~~  y8     2  est  2.011  1.958  0.053
72   y9 ~~  y9     2  est  2.055  2.089 -0.034
73  y10 ~~ y10     2  est  2.138  2.112  0.026
74   f1 ~~  f1     2  est  1.247  1.000  0.247
75   f2 ~~  f2     2  est  2.617  1.000  1.617
76   f1 ~~  f2     2  est  0.951  0.542  0.409
77   y1 ~1         2  est  0.925  1.263 -0.338
78   y2 ~1         2  est  1.091  1.319 -0.228
79   y3 ~1         2  est  1.034  1.303 -0.269
80   y4 ~1         2  est  0.971  1.349 -0.378
81   y5 ~1         2  est  1.040  1.333 -0.293
82   y6 ~1         2  est  0.978  1.673 -0.695
83   y7 ~1         2  est  1.035  1.603 -0.568
84   y8 ~1         2  est  1.058  1.624 -0.566
85   y9 ~1         2  est  0.981  1.528 -0.547
86  y10 ~1         2  est  1.011  1.603 -0.592
87   f1 ~1         2  est  0.343  0.000  0.343
88   f2 ~1         2  est  0.799  0.000  0.799
89   f1 =~  y1     1   se  0.059  0.066 -0.007
90   f1 =~  y2     1   se  0.060  0.074 -0.014
91   f1 =~  y3     1   se  0.055  0.069 -0.014
92   f1 =~  y4     1   se  0.062  0.073 -0.011
93   f1 =~  y5     1   se  0.059  0.065 -0.006
94   f1 =~  y6     1   se  0.039  0.072 -0.033
95   f1 =~  y7     1   se  0.041  0.080 -0.039
96   f1 =~  y8     1   se  0.059  0.086 -0.027
97   f1 =~  y9     1   se  0.055  0.022  0.033
98   f1 =~ y10     1   se  0.051  0.078 -0.027
99   f2 =~  y1     1   se  0.042  0.051 -0.009
100  f2 =~  y2     1   se  0.040  0.076 -0.036
101  f2 =~  y3     1   se  0.031  0.072 -0.041
102  f2 =~  y4     1   se  0.045  0.072 -0.027
103  f2 =~  y5     1   se  0.033  0.044 -0.011
104  f2 =~  y6     1   se  0.051  0.074 -0.023
105  f2 =~  y7     1   se  0.051  0.081 -0.030
106  f2 =~  y8     1   se  0.056  0.085 -0.029
107  f2 =~  y9     1   se  0.053  0.064 -0.011
108  f2 =~ y10     1   se  0.052  0.078 -0.026
109  y1 ~~  y1     1   se  0.074  0.075 -0.001
110  y2 ~~  y2     1   se  0.073  0.075 -0.002
111  y3 ~~  y3     1   se  0.068  0.068  0.000
112  y4 ~~  y4     1   se  0.078  0.079 -0.001
113  y5 ~~  y5     1   se  0.075  0.076 -0.001
114  y6 ~~  y6     1   se  0.074  0.078 -0.004
115  y7 ~~  y7     1   se  0.082  0.086 -0.004
116  y8 ~~  y8     1   se  0.090  0.093 -0.003
117  y9 ~~  y9     1   se  0.076  0.081 -0.005
118 y10 ~~ y10     1   se  0.083  0.086 -0.003
119  f1 ~~  f1     1   se  0.000  0.000  0.000
120  f2 ~~  f2     1   se  0.000  0.000  0.000
121  f1 ~~  f2     1   se  0.052  0.065 -0.013
122  y1 ~1         1   se  0.053  0.057 -0.004
123  y2 ~1         1   se  0.054  0.057 -0.003
124  y3 ~1         1   se  0.052  0.055 -0.003
125  y4 ~1         1   se  0.055  0.059 -0.004
126  y5 ~1         1   se  0.055  0.059 -0.004
127  y6 ~1         1   se  0.052  0.055 -0.003
128  y7 ~1         1   se  0.052  0.058 -0.006
129  y8 ~1         1   se  0.055  0.060 -0.005
130  y9 ~1         1   se  0.050  0.056 -0.006
131 y10 ~1         1   se  0.052  0.056 -0.004
132  f1 =~  y1     2   se  0.059  0.095 -0.036
133  f1 =~  y2     2   se  0.060  0.117 -0.057
134  f1 =~  y3     2   se  0.055  0.125 -0.070
135  f1 =~  y4     2   se  0.062  0.126 -0.064
136  f1 =~  y5     2   se  0.059  0.122 -0.063
137  f1 =~  y6     2   se  0.039  0.117 -0.078
138  f1 =~  y7     2   se  0.041  0.117 -0.076
139  f1 =~  y8     2   se  0.059  0.039  0.020
140  f1 =~  y9     2   se  0.055  0.120 -0.065
141  f1 =~ y10     2   se  0.051  0.115 -0.064
142  f2 =~  y1     2   se  0.042  0.034  0.008
143  f2 =~  y2     2   se  0.040  0.115 -0.075
144  f2 =~  y3     2   se  0.031  0.128 -0.097
145  f2 =~  y4     2   se  0.045  0.130 -0.085
146  f2 =~  y5     2   se  0.033  0.124 -0.091
147  f2 =~  y6     2   se  0.051  0.114 -0.063
148  f2 =~  y7     2   se  0.051  0.113 -0.062
149  f2 =~  y8     2   se  0.056  0.092 -0.036
150  f2 =~  y9     2   se  0.053  0.112 -0.059
151  f2 =~ y10     2   se  0.052  0.114 -0.062
152  y1 ~~  y1     2   se  0.155  0.164 -0.009
153  y2 ~~  y2     2   se  0.145  0.154 -0.009
154  y3 ~~  y3     2   se  0.165  0.178 -0.013
155  y4 ~~  y4     2   se  0.157  0.166 -0.009
156  y5 ~~  y5     2   se  0.158  0.170 -0.012
157  y6 ~~  y6     2   se  0.160  0.167 -0.007
158  y7 ~~  y7     2   se  0.164  0.169 -0.005
159  y8 ~~  y8     2   se  0.159  0.166 -0.007
160  y9 ~~  y9     2   se  0.151  0.154 -0.003
161 y10 ~~ y10     2   se  0.165  0.168 -0.003
162  f1 ~~  f1     2   se  0.154  0.000  0.154
163  f2 ~~  f2     2   se  0.315  0.000  0.315
164  f1 ~~  f2     2   se  0.137  0.072  0.065
165  y1 ~1         2   se  0.053  0.077 -0.024
166  y2 ~1         2   se  0.054  0.075 -0.021
167  y3 ~1         2   se  0.052  0.079 -0.027
168  y4 ~1         2   se  0.055  0.079 -0.024
169  y5 ~1         2   se  0.055  0.077 -0.022
170  y6 ~1         2   se  0.052  0.086 -0.034
171  y7 ~1         2   se  0.052  0.083 -0.031
172  y8 ~1         2   se  0.055  0.086 -0.031
173  y9 ~1         2   se  0.050  0.080 -0.030
174 y10 ~1         2   se  0.052  0.086 -0.034
175  f1 ~1         2   se  0.080  0.000  0.080
176  f2 ~1         2   se  0.104  0.000  0.104

                            fit        lav        mpl    delta
1                          npar     54.000     78.000  -24.000
2                          fmin      0.041         NA       NA
3                         chisq     82.326     63.815   18.511
4                            df     76.000     52.000   24.000
5                        pvalue      0.290      0.126    0.164
6                baseline.chisq   2205.576   2205.576    0.000
7                   baseline.df     90.000     90.000    0.000
8               baseline.pvalue      0.000      0.000    0.000
9                           cfi      0.997      0.994    0.003
10                          tli      0.996      0.990    0.006
11                   cfi.robust      0.997         NA       NA
12                   tli.robust      0.996         NA       NA
13                         nnfi      0.996         NA       NA
14                          rfi      0.956         NA       NA
15                          nfi      0.963         NA       NA
16                         pnfi      0.813         NA       NA
17                          ifi      0.997         NA       NA
18                          rni      0.997         NA       NA
19                  nnfi.robust      0.996         NA       NA
20                   rni.robust      0.997         NA       NA
21                         logl -17309.844 -17300.588   -9.256
22            unrestricted.logl -17268.681 -17268.681    0.000
23                          aic  34727.688  34757.177  -29.489
24                          bic  34992.707  35139.982 -147.275
25                         bic2  34821.200  34892.249  -71.049
26                        rmsea      0.013      0.021   -0.008
27               rmsea.ci.lower      0.000      0.000    0.000
28               rmsea.ci.upper      0.029      0.037   -0.008
29               rmsea.ci.level      0.900         NA       NA
30                 rmsea.pvalue      1.000      0.999    0.001
31               rmsea.close.h0      0.050         NA       NA
32        rmsea.notclose.pvalue      0.000         NA       NA
33            rmsea.notclose.h0      0.080         NA       NA
34                 rmsea.robust      0.013         NA       NA
35        rmsea.ci.lower.robust      0.000         NA       NA
36        rmsea.ci.upper.robust      0.029         NA       NA
37          rmsea.pvalue.robust      1.000         NA       NA
38 rmsea.notclose.pvalue.robust      0.000         NA       NA
39                          rmr      0.068         NA       NA
40                   rmr_nomean      0.073         NA       NA
41                         srmr      0.027      0.019    0.008
42                 srmr_bentler      0.028         NA       NA
43          srmr_bentler_nomean      0.030         NA       NA
44                         crmr      0.028         NA       NA
45                  crmr_nomean      0.030         NA       NA
46                   srmr_mplus      0.027         NA       NA
47            srmr_mplus_nomean      0.028         NA       NA
48                        cn_05   1183.503         NA       NA
49                        cn_01   1307.784         NA       NA
50                          gfi      0.989         NA       NA
51                         agfi      0.981         NA       NA
52                         pgfi      0.578         NA       NA
53                          mfi      0.997         NA       NA
54                         ecvi      0.190         NA       NA
