# lavaan TESTsuite -- lavaan version  0.6-17 
# date:  Sat Jan 20 20:52:06 2024 
# file:  ex5.18.out 

   lhs op rhs group type   lav   mpl delta
1   y1 ~1         1  est 0.008 0.008     0
2   y2 ~1         1  est 0.008 0.008     0
3   a1 =~  y1     1  est 0.801 0.801     0
4   a2 =~  y2     1  est 0.801 0.801     0
5   c1 =~  y1     1  est 0.333 0.333     0
6   c2 =~  y2     1  est 0.333 0.333     0
7   e1 =~  y1     1  est 0.515 0.515     0
8   e2 =~  y2     1  est 0.515 0.515     0
9   a1 ~~  a2     1  est 1.000 1.000     0
10  c1 ~~  c2     1  est 1.000 1.000     0
11  y1 ~~  y1     1  est 0.000 0.000     0
12  y2 ~~  y2     1  est 0.000 0.000     0
13  a1 ~~  a1     1  est 1.000 1.000     0
14  a2 ~~  a2     1  est 1.000 1.000     0
15  c1 ~~  c1     1  est 1.000 1.000     0
16  c2 ~~  c2     1  est 1.000 1.000     0
17  e1 ~~  e1     1  est 1.000 1.000     0
18  e2 ~~  e2     1  est 1.000 1.000     0
19  y1 ~1         2  est 0.008 0.008     0
20  y2 ~1         2  est 0.008 0.008     0
21  a1 =~  y1     2  est 0.801 0.801     0
22  a2 =~  y2     2  est 0.801 0.801     0
23  c1 =~  y1     2  est 0.333 0.333     0
24  c2 =~  y2     2  est 0.333 0.333     0
25  e1 =~  y1     2  est 0.515 0.515     0
26  e2 =~  y2     2  est 0.515 0.515     0
27  a1 ~~  a2     2  est 0.500 0.500     0
28  c1 ~~  c2     2  est 1.000 1.000     0
29  y1 ~~  y1     2  est 0.000 0.000     0
30  y2 ~~  y2     2  est 0.000 0.000     0
31  a1 ~~  a1     2  est 1.000 1.000     0
32  a2 ~~  a2     2  est 1.000 1.000     0
33  c1 ~~  c1     2  est 1.000 1.000     0
34  c2 ~~  c2     2  est 1.000 1.000     0
35  e1 ~~  e1     2  est 1.000 1.000     0
36  e2 ~~  e2     2  est 1.000 1.000     0
37  y1 ~1         1   se 0.020 0.020     0
38  y2 ~1         1   se 0.020 0.020     0
39  a1 =~  y1     1   se 0.035 0.035     0
40  a2 =~  y2     1   se 0.035 0.035     0
41  c1 =~  y1     1   se 0.078 0.078     0
42  c2 =~  y2     1   se 0.078 0.078     0
43  e1 =~  y1     1   se 0.011 0.011     0
44  e2 =~  y2     1   se 0.011 0.011     0
45  a1 ~~  a2     1   se 0.000 0.000     0
46  c1 ~~  c2     1   se 0.000 0.000     0
47  y1 ~~  y1     1   se 0.000 0.000     0
48  y2 ~~  y2     1   se 0.000 0.000     0
49  a1 ~~  a1     1   se 0.000 0.000     0
50  a2 ~~  a2     1   se 0.000 0.000     0
51  c1 ~~  c1     1   se 0.000 0.000     0
52  c2 ~~  c2     1   se 0.000 0.000     0
53  e1 ~~  e1     1   se 0.000 0.000     0
54  e2 ~~  e2     1   se 0.000 0.000     0
55  y1 ~1         2   se 0.020 0.020     0
56  y2 ~1         2   se 0.020 0.020     0
57  a1 =~  y1     2   se 0.035 0.035     0
58  a2 =~  y2     2   se 0.035 0.035     0
59  c1 =~  y1     2   se 0.078 0.078     0
60  c2 =~  y2     2   se 0.078 0.078     0
61  e1 =~  y1     2   se 0.011 0.011     0
62  e2 =~  y2     2   se 0.011 0.011     0
63  a1 ~~  a2     2   se 0.000 0.000     0
64  c1 ~~  c2     2   se 0.000 0.000     0
65  y1 ~~  y1     2   se 0.000 0.000     0
66  y2 ~~  y2     2   se 0.000 0.000     0
67  a1 ~~  a1     2   se 0.000 0.000     0
68  a2 ~~  a2     2   se 0.000 0.000     0
69  c1 ~~  c1     2   se 0.000 0.000     0
70  c2 ~~  c2     2   se 0.000 0.000     0
71  e1 ~~  e1     2   se 0.000 0.000     0
72  e2 ~~  e2     2   se 0.000 0.000     0

                     fit       lav       mpl delta
1                   npar     4.000     4.000 0.000
2                   fmin     0.001        NA    NA
3                  chisq     5.160     5.160 0.000
4                     df     6.000     6.000 0.000
5                 pvalue     0.523     0.523 0.000
6         baseline.chisq   994.489   994.489 0.000
7            baseline.df     2.000     2.000 0.000
8        baseline.pvalue     0.000     0.000 0.000
9                    cfi     1.000     1.000 0.000
10                   tli     1.000     1.000 0.000
11                  nnfi     1.000        NA    NA
12                   rfi        NA        NA    NA
13                   nfi        NA        NA    NA
14                  pnfi     2.984        NA    NA
15                   ifi     1.001        NA    NA
16                   rni     1.001        NA    NA
17                  logl -5217.340 -5217.340 0.000
18     unrestricted.logl -5214.760 -5214.760 0.000
19                   aic 10442.679 10442.679 0.000
20                   bic 10465.083 10465.083 0.000
21                  bic2 10452.375 10452.375 0.000
22                 rmsea     0.000     0.000 0.000
23        rmsea.ci.lower     0.000     0.000 0.000
24        rmsea.ci.upper     0.038     0.038 0.000
25        rmsea.ci.level     0.900        NA    NA
26          rmsea.pvalue     0.993     0.993 0.000
27        rmsea.close.h0     0.050        NA    NA
28 rmsea.notclose.pvalue     0.000        NA    NA
29     rmsea.notclose.h0     0.080        NA    NA
30                   rmr     0.023        NA    NA
31            rmr_nomean     0.025        NA    NA
32                  srmr     0.023     0.022 0.001
33          srmr_bentler     0.023        NA    NA
34   srmr_bentler_nomean     0.025        NA    NA
35                  crmr     0.015        NA    NA
36           crmr_nomean     0.001        NA    NA
37            srmr_mplus     0.022        NA    NA
38     srmr_mplus_nomean     0.025        NA    NA
39                 cn_05  4881.421        NA    NA
40                 cn_01  6517.185        NA    NA
41                   gfi     0.997        NA    NA
42                  agfi     0.996        NA    NA
43                  pgfi     0.598        NA    NA
44                   mfi     1.000        NA    NA
45                  ecvi     0.007        NA    NA
