# lavaan TESTsuite -- lavaan version  0.6-17 
# date:  Sat Jan 20 20:52:23 2024 
# file:  ex5.24.out 

   lhs op rhs group type    lav    mpl  delta
1   f1 =~  y1     1  est  0.757  0.754  0.003
2   f1 =~  y2     1  est  0.864  0.861  0.003
3   f1 =~  y3     1  est  0.823  0.820  0.003
4   f1 =~  y4     1  est  0.858  0.855  0.003
5   f1 =~  y5     1  est  0.776  0.773  0.003
6   f1 =~  y6     1  est -0.008 -0.010  0.002
7   f1 =~  y7     1  est  0.005  0.003  0.002
8   f1 =~  y8     1  est  0.011  0.009  0.002
9   f2 =~  y1     1  est -0.004  0.000 -0.004
10  f2 =~  y2     1  est -0.059 -0.054 -0.005
11  f2 =~  y3     1  est -0.009 -0.004 -0.005
12  f2 =~  y4     1  est  0.113  0.118 -0.005
13  f2 =~  y5     1  est  0.172  0.177 -0.005
14  f2 =~  y6     1  est  0.859  0.861 -0.002
15  f2 =~  y7     1  est  0.838  0.840 -0.002
16  f2 =~  y8     1  est  0.784  0.786 -0.002
17  f1  ~  x1     1  est  0.541  0.537  0.004
18  f1  ~  x2     1  est  0.273  0.271  0.002
19  f2  ~  x1     1  est  0.946  0.946  0.000
20  f2  ~  x2     1  est  0.557  0.556  0.001
21  y1  ~  x1     1  est  0.387  0.387  0.000
22  y8  ~  x2     1  est  0.577  0.577  0.000
23  y1 ~~  y1     1  est  0.339  0.339  0.000
24  y2 ~~  y2     1  est  0.345  0.345  0.000
25  y3 ~~  y3     1  est  0.342  0.342  0.000
26  y4 ~~  y4     1  est  0.328  0.328  0.000
27  y5 ~~  y5     1  est  0.393  0.393  0.000
28  y6 ~~  y6     1  est  0.425  0.425  0.000
29  y7 ~~  y7     1  est  0.335  0.335  0.000
30  y8 ~~  y8     1  est  0.415  0.415  0.000
31  f1 ~~  f1     1  est  1.000  1.000  0.000
32  f2 ~~  f2     1  est  1.000  1.000  0.000
33  f1 ~~  f2     1  est  0.596  0.593  0.003
34  y1 ~1         1  est  0.024  0.024  0.000
35  y2 ~1         1  est -0.029 -0.029  0.000
36  y3 ~1         1  est  0.023  0.023  0.000
37  y4 ~1         1  est -0.020 -0.020  0.000
38  y5 ~1         1  est  0.024  0.024  0.000
39  y6 ~1         1  est  0.075  0.075  0.000
40  y7 ~1         1  est  0.021  0.021  0.000
41  y8 ~1         1  est  0.035  0.035  0.000
42  f1 =~  y1     1   se  0.041  0.040  0.001
43  f1 =~  y2     1   se  0.049  0.049  0.000
44  f1 =~  y3     1   se  0.043  0.043  0.000
45  f1 =~  y4     1   se  0.049  0.049  0.000
46  f1 =~  y5     1   se  0.050  0.049  0.001
47  f1 =~  y6     1   se  0.035  0.041 -0.006
48  f1 =~  y7     1   se  0.030  0.022  0.008
49  f1 =~  y8     1   se  0.036  0.040 -0.004
50  f2 =~  y1     1   se  0.023  0.021  0.002
51  f2 =~  y2     1   se  0.037  0.039 -0.002
52  f2 =~  y3     1   se  0.024  0.025 -0.001
53  f2 =~  y4     1   se  0.038  0.039 -0.001
54  f2 =~  y5     1   se  0.040  0.040  0.000
55  f2 =~  y6     1   se  0.043  0.045 -0.002
56  f2 =~  y7     1   se  0.041  0.038  0.003
57  f2 =~  y8     1   se  0.043  0.044 -0.001
58  f1  ~  x1     1   se  0.054  0.055 -0.001
59  f1  ~  x2     1   se  0.050  0.050  0.000
60  f2  ~  x1     1   se  0.061  0.061  0.000
61  f2  ~  x2     1   se  0.056  0.056  0.000
62  y1  ~  x1     1   se  0.039  0.039  0.000
63  y8  ~  x2     1   se  0.039  0.039  0.000
64  y1 ~~  y1     1   se  0.026  0.026  0.000
65  y2 ~~  y2     1   se  0.029  0.029  0.000
66  y3 ~~  y3     1   se  0.028  0.028  0.000
67  y4 ~~  y4     1   se  0.027  0.027  0.000
68  y5 ~~  y5     1   se  0.030  0.030  0.000
69  y6 ~~  y6     1   se  0.039  0.039  0.000
70  y7 ~~  y7     1   se  0.034  0.034  0.000
71  y8 ~~  y8     1   se  0.036  0.036  0.000
72  f1 ~~  f1     1   se  0.000  0.000  0.000
73  f2 ~~  f2     1   se  0.000  0.000  0.000
74  f1 ~~  f2     1   se  0.038  0.039 -0.001
75  y1 ~1         1   se  0.043  0.043  0.000
76  y2 ~1         1   se  0.046  0.046  0.000
77  y3 ~1         1   se  0.045  0.045  0.000
78  y4 ~1         1   se  0.049  0.049  0.000
79  y5 ~1         1   se  0.049  0.049  0.000
80  y6 ~1         1   se  0.049  0.049  0.000
81  y7 ~1         1   se  0.046  0.046  0.000
82  y8 ~1         1   se  0.046  0.046  0.000

                            fit       lav       mpl delta
1                          npar    37.000    37.000     0
2                          fmin     0.030        NA    NA
3                         chisq    30.268    30.268     0
4                            df    23.000    23.000     0
5                        pvalue     0.142     0.142     0
6                baseline.chisq  4254.549  4254.549     0
7                   baseline.df    44.000    44.000     0
8               baseline.pvalue     0.000     0.000     0
9                           cfi     0.998     0.998     0
10                          tli     0.997     0.997     0
11                   cfi.robust     0.998        NA    NA
12                   tli.robust     0.997        NA    NA
13                         nnfi     0.997        NA    NA
14                          rfi     0.986        NA    NA
15                          nfi     0.993        NA    NA
16                         pnfi     0.519        NA    NA
17                          ifi     0.998        NA    NA
18                          rni     0.998        NA    NA
19                  nnfi.robust     0.997        NA    NA
20                   rni.robust     0.998        NA    NA
21                         logl -4630.127 -4630.127     0
22            unrestricted.logl -4614.993 -4614.993     0
23                          aic  9334.254  9334.254     0
24                          bic  9490.194  9490.194     0
25                         bic2  9372.754  9372.754     0
26                        rmsea     0.025     0.025     0
27               rmsea.ci.lower     0.000     0.000     0
28               rmsea.ci.upper     0.047     0.047     0
29               rmsea.ci.level     0.900        NA    NA
30                 rmsea.pvalue     0.970     0.970     0
31               rmsea.close.h0     0.050        NA    NA
32        rmsea.notclose.pvalue     0.000        NA    NA
33            rmsea.notclose.h0     0.080        NA    NA
34                 rmsea.robust     0.025        NA    NA
35        rmsea.ci.lower.robust     0.000        NA    NA
36        rmsea.ci.upper.robust     0.047        NA    NA
37          rmsea.pvalue.robust     0.970        NA    NA
38 rmsea.notclose.pvalue.robust     0.000        NA    NA
39                          rmr     0.013        NA    NA
40                   rmr_nomean     0.014        NA    NA
41                         srmr     0.010     0.010     0
42                 srmr_bentler     0.010        NA    NA
43          srmr_bentler_nomean     0.011        NA    NA
44                         crmr     0.011        NA    NA
45                  crmr_nomean     0.012        NA    NA
46                   srmr_mplus     0.010        NA    NA
47            srmr_mplus_nomean     0.011        NA    NA
48                        cn_05   582.013        NA    NA
49                        cn_01   688.823        NA    NA
50                          gfi     0.990        NA    NA
51                         agfi     0.972        NA    NA
52                         pgfi     0.350        NA    NA
53                          mfi     0.993        NA    NA
54                         ecvi     0.209        NA    NA
