# lavaan TESTsuite -- lavaan version  0.6-18 
# date:  Wed Jan 17 15:25:45 2024 
# file:  ex5.18.out 

   lhs op rhs group type    lav   mpl  delta
1   y1 ~1         1  est  0.024 0.008  0.016
2   y2 ~1         1  est  0.024 0.008  0.016
3   a1 =~  y1     1  est  0.812 0.801  0.011
4   a2 =~  y2     1  est  0.812 0.801  0.011
5   c1 =~  y1     1  est  0.315 0.333 -0.018
6   c2 =~  y2     1  est  0.315 0.333 -0.018
7   e1 =~  y1     1  est  0.515 0.515  0.000
8   e2 =~  y2     1  est  0.515 0.515  0.000
9   a1 ~~  a2     1  est  1.000 1.000  0.000
10  c1 ~~  c2     1  est  1.000 1.000  0.000
11  y1 ~~  y1     1  est  0.000 0.000  0.000
12  y2 ~~  y2     1  est  0.000 0.000  0.000
13  a1 ~~  a1     1  est  1.000 1.000  0.000
14  a2 ~~  a2     1  est  1.000 1.000  0.000
15  c1 ~~  c1     1  est  1.000 1.000  0.000
16  c2 ~~  c2     1  est  1.000 1.000  0.000
17  e1 ~~  e1     1  est  1.000 1.000  0.000
18  e2 ~~  e2     1  est  1.000 1.000  0.000
19  y1 ~1         2  est  0.024 0.008  0.016
20  y2 ~1         2  est  0.024 0.008  0.016
21  a1 =~  y1     2  est  0.812 0.801  0.011
22  a2 =~  y2     2  est  0.812 0.801  0.011
23  c1 =~  y1     2  est  0.315 0.333 -0.018
24  c2 =~  y2     2  est  0.315 0.333 -0.018
25  e1 =~  y1     2  est  0.515 0.515  0.000
26  e2 =~  y2     2  est  0.515 0.515  0.000
27  a1 ~~  a2     2  est  0.500 0.500  0.000
28  c1 ~~  c2     2  est  1.000 1.000  0.000
29  y1 ~~  y1     2  est  0.000 0.000  0.000
30  y2 ~~  y2     2  est  0.000 0.000  0.000
31  a1 ~~  a1     2  est  0.924 1.000 -0.076
32  a2 ~~  a2     2  est  0.976 1.000 -0.024
33  c1 ~~  c1     2  est  1.123 1.000  0.123
34  c2 ~~  c2     2  est  1.195 1.000  0.195
35  e1 ~~  e1     2  est  0.995 1.000 -0.005
36  e2 ~~  e2     2  est  1.056 1.000  0.056
37  a1 ~1         2  est -0.028 0.000 -0.028
38  a2 ~1         2  est -0.012 0.000 -0.012
39  c1 ~1         2  est -0.020 0.000 -0.020
40  c2 ~1         2  est -0.010 0.000 -0.010
41  e1 ~1         2  est -0.023 0.000 -0.023
42  e2 ~1         2  est -0.010 0.000 -0.010
43  y1 ~1         1   se  0.030 0.020  0.010
44  y2 ~1         1   se  0.030 0.020  0.010
45  a1 =~  y1     1   se  0.066 0.035  0.031
46  a2 =~  y2     1   se  0.066 0.035  0.031
47  c1 =~  y1     1   se  0.128 0.078  0.050
48  c2 =~  y2     1   se  0.128 0.078  0.050
49  e1 =~  y1     1   se  0.012 0.011  0.001
50  e2 =~  y2     1   se  0.012 0.011  0.001
51  a1 ~~  a2     1   se  0.000 0.000  0.000
52  c1 ~~  c2     1   se  0.000 0.000  0.000
53  y1 ~~  y1     1   se  0.000 0.000  0.000
54  y2 ~~  y2     1   se  0.000 0.000  0.000
55  a1 ~~  a1     1   se  0.000 0.000  0.000
56  a2 ~~  a2     1   se  0.000 0.000  0.000
57  c1 ~~  c1     1   se  0.000 0.000  0.000
58  c2 ~~  c2     1   se  0.000 0.000  0.000
59  e1 ~~  e1     1   se  0.000 0.000  0.000
60  e2 ~~  e2     1   se  0.000 0.000  0.000
61  y1 ~1         2   se  0.030 0.020  0.010
62  y2 ~1         2   se  0.030 0.020  0.010
63  a1 =~  y1     2   se  0.066 0.035  0.031
64  a2 =~  y2     2   se  0.066 0.035  0.031
65  c1 =~  y1     2   se  0.128 0.078  0.050
66  c2 =~  y2     2   se  0.128 0.078  0.050
67  e1 =~  y1     2   se  0.012 0.011  0.001
68  e2 =~  y2     2   se  0.012 0.011  0.001
69  a1 ~~  a2     2   se  0.000 0.000  0.000
70  c1 ~~  c2     2   se  0.000 0.000  0.000
71  y1 ~~  y1     2   se  0.000 0.000  0.000
72  y2 ~~  y2     2   se  0.000 0.000  0.000
73  a1 ~~  a1     2   se  0.062 0.000  0.062
74  a2 ~~  a2     2   se  0.065 0.000  0.065
75  c1 ~~  c1     2   se  0.009 0.000  0.009
76  c2 ~~  c2     2   se  0.010 0.000  0.010
77  e1 ~~  e1     2   se  0.025 0.000  0.025
78  e2 ~~  e2     2   se  0.026 0.000  0.026
79  a1 ~1         2   se  0.034 0.000  0.034
80  a2 ~1         2   se  0.035 0.000  0.035
81  c1 ~1         2   se  0.013 0.000  0.013
82  c2 ~1         2   se  0.014 0.000  0.014
83  e1 ~1         2   se  0.022 0.000  0.022
84  e2 ~1         2   se  0.022 0.000  0.022

                     fit       lav       mpl   delta
1                   npar    16.000     4.000  12.000
2                   fmin     0.001        NA      NA
3                  chisq        NA     5.160      NA
4                     df    -6.000     6.000 -12.000
5                 pvalue        NA     0.523      NA
6         baseline.chisq        NA   994.489      NA
7            baseline.df        NA     2.000      NA
8        baseline.pvalue        NA     0.000      NA
9                    cfi        NA     1.000      NA
10                   tli        NA     1.000      NA
11                  nnfi        NA        NA      NA
12                   rfi        NA        NA      NA
13                   nfi        NA        NA      NA
14                  pnfi        NA        NA      NA
15                   ifi        NA        NA      NA
16                   rni        NA        NA      NA
17                  logl -5216.323 -5217.340   1.017
18     unrestricted.logl -5214.760 -5214.760   0.000
19                   aic 10464.646 10442.679  21.967
20                   bic 10554.261 10465.083  89.178
21                  bic2 10503.428 10452.375  51.053
22                 rmsea     0.000     0.000   0.000
23        rmsea.ci.lower        NA     0.000      NA
24        rmsea.ci.upper        NA     0.038      NA
25        rmsea.ci.level     0.900        NA      NA
26          rmsea.pvalue        NA     0.993      NA
27        rmsea.close.h0     0.050        NA      NA
28 rmsea.notclose.pvalue        NA        NA      NA
29     rmsea.notclose.h0     0.080        NA      NA
30                   rmr     0.011        NA      NA
31            rmr_nomean     0.013        NA      NA
32                  srmr     0.010     0.022  -0.012
33          srmr_bentler     0.011        NA      NA
34   srmr_bentler_nomean     0.013        NA      NA
35                  crmr     0.005        NA      NA
36           crmr_nomean     0.000        NA      NA
37            srmr_mplus     0.010        NA      NA
38     srmr_mplus_nomean     0.013        NA      NA
39                 cn_05       NaN        NA     NaN
40                 cn_01       NaN        NA     NaN
41                   gfi     0.998        NA      NA
42                  agfi     1.000        NA      NA
43                  pgfi    -0.599        NA      NA
44                   mfi        NA        NA      NA
45                  ecvi        NA        NA      NA
