# lavaan TESTsuite -- lavaan version  0.6-18 
# date:  Wed Jan 17 15:27:49 2024 
# file:  ex5.30.out 

    lhs op rhs group        type    lav    mpl  delta
1    fg =~  y1     1         est  0.675  0.675  0.000
2    fg =~  y2     1         est  0.718  0.718  0.000
3    fg =~  y3     1         est  0.764  0.765 -0.001
4    fg =~  y4     1         est  0.738  0.738  0.000
5    fg =~  y5     1         est  0.745  0.745  0.000
6    fg =~  y6     1         est  0.701  0.701  0.000
7    fg =~  y7     1         est  0.644  0.644  0.000
8    fg =~  y8     1         est  0.716  0.716  0.000
9    fg =~  y9     1         est  0.704  0.704  0.000
10   fg =~ y10     1         est  0.620  0.620  0.000
11   fg ~~  fg     1         est  1.000  1.000  0.000
12   f1 =~  y1     1         est  0.456  0.457 -0.001
13   f1 =~  y2     1         est  0.453  0.454 -0.001
14   f1 =~  y3     1         est  0.321  0.322 -0.001
15   f1 =~  y4     1         est  0.381  0.382 -0.001
16   f1 =~  y5     1         est -0.001 -0.001  0.000
17   f1 =~  y6     1         est -0.049 -0.049  0.000
18   f1 =~  y7     1         est  0.122  0.122  0.000
19   f1 =~  y8     1         est  0.002  0.002  0.000
20   f2 =~  y1     1         est  0.006  0.001  0.005
21   f2 =~  y2     1         est  0.009  0.005  0.004
22   f2 =~  y3     1         est -0.105 -0.109  0.004
23   f2 =~  y4     1         est  0.004  0.000  0.004
24   f2 =~  y5     1         est  0.334  0.334  0.000
25   f2 =~  y6     1         est  0.323  0.324 -0.001
26   f2 =~  y7     1         est  0.401  0.400  0.001
27   f2 =~  y8     1         est  0.370  0.369  0.001
28   fg ~~  f1     1         est  0.000  0.000  0.000
29   fg ~~  f2     1         est  0.000  0.000  0.000
30   y1 ~~  y1     1         est  0.325  0.325  0.000
31   y2 ~~  y2     1         est  0.311  0.311  0.000
32   y3 ~~  y3     1         est  0.279  0.279  0.000
33   y4 ~~  y4     1         est  0.368  0.368  0.000
34   y5 ~~  y5     1         est  0.381  0.381  0.000
35   y6 ~~  y6     1         est  0.383  0.383  0.000
36   y7 ~~  y7     1         est  0.422  0.422  0.000
37   y8 ~~  y8     1         est  0.493  0.493  0.000
38   y9 ~~  y9     1         est  0.493  0.493  0.000
39  y10 ~~ y10     1         est  0.574  0.574  0.000
40   f1 ~~  f1     1         est  1.000  1.000  0.000
41   f2 ~~  f2     1         est  1.000  1.000  0.000
42   f1 ~~  f2     1         est  0.161  0.170 -0.009
43   y1 ~1         1         est -0.073 -0.073  0.000
44   y2 ~1         1         est  0.049  0.049  0.000
45   y3 ~1         1         est  0.012  0.012  0.000
46   y4 ~1         1         est -0.042 -0.042  0.000
47   y5 ~1         1         est  0.021  0.021  0.000
48   y6 ~1         1         est -0.025 -0.025  0.000
49   y7 ~1         1         est  0.022  0.022  0.000
50   y8 ~1         1         est  0.059  0.059  0.000
51   y9 ~1         1         est -0.018 -0.018  0.000
52  y10 ~1         1         est -0.003 -0.003  0.000
53   fg =~  y1     1          se  0.051  0.051  0.000
54   fg =~  y2     1          se  0.052  0.052  0.000
55   fg =~  y3     1          se  0.048  0.048  0.000
56   fg =~  y4     1          se  0.051  0.051  0.000
57   fg =~  y5     1          se  0.053  0.053  0.000
58   fg =~  y6     1          se  0.047  0.047  0.000
59   fg =~  y7     1          se  0.052  0.052  0.000
60   fg =~  y8     1          se  0.056  0.056  0.000
61   fg =~  y9     1          se  0.046  0.046  0.000
62   fg =~ y10     1          se  0.045  0.045  0.000
63   fg ~~  fg     1          se  0.000  0.000  0.000
64   f1 =~  y1     1          se  0.064  0.065 -0.001
65   f1 =~  y2     1          se  0.066  0.067 -0.001
66   f1 =~  y3     1          se  0.086  0.088 -0.002
67   f1 =~  y4     1          se  0.069  0.070 -0.001
68   f1 =~  y5     1          se  0.033  0.031  0.002
69   f1 =~  y6     1          se  0.059  0.062 -0.003
70   f1 =~  y7     1          se  0.071  0.074 -0.003
71   f1 =~  y8     1          se  0.037  0.039 -0.002
72   f2 =~  y1     1          se  0.034  0.032  0.002
73   f2 =~  y2     1          se  0.036  0.040 -0.004
74   f2 =~  y3     1          se  0.063  0.062  0.001
75   f2 =~  y4     1          se  0.042  0.040  0.002
76   f2 =~  y5     1          se  0.088  0.089 -0.001
77   f2 =~  y6     1          se  0.073  0.074 -0.001
78   f2 =~  y7     1          se  0.065  0.065  0.000
79   f2 =~  y8     1          se  0.088  0.089 -0.001
80   fg ~~  f1     1          se  0.000  0.000  0.000
81   fg ~~  f2     1          se  0.000  0.000  0.000
82   y1 ~~  y1     1          se  0.033  0.033  0.000
83   y2 ~~  y2     1          se  0.031  0.031  0.000
84   y3 ~~  y3     1          se  0.031  0.031  0.000
85   y4 ~~  y4     1          se  0.029  0.029  0.000
86   y5 ~~  y5     1          se  0.034  0.034  0.000
87   y6 ~~  y6     1          se  0.034  0.034  0.000
88   y7 ~~  y7     1          se  0.048  0.048  0.000
89   y8 ~~  y8     1          se  0.041  0.041  0.000
90   y9 ~~  y9     1          se  0.046  0.046  0.000
91  y10 ~~ y10     1          se  0.046  0.046  0.000
92   f1 ~~  f1     1          se  0.000  0.000  0.000
93   f2 ~~  f2     1          se  0.000  0.000  0.000
94   f1 ~~  f2     1          se  0.232  0.244 -0.012
95   y1 ~1         1          se  0.045  0.045  0.000
96   y2 ~1         1          se  0.045  0.045  0.000
97   y3 ~1         1          se  0.044  0.044  0.000
98   y4 ~1         1          se  0.046  0.046  0.000
99   y5 ~1         1          se  0.046  0.046  0.000
100  y6 ~1         1          se  0.044  0.044  0.000
101  y7 ~1         1          se  0.045  0.045  0.000
102  y8 ~1         1          se  0.048  0.048  0.000
103  y9 ~1         1          se  0.044  0.044  0.000
104 y10 ~1         1          se  0.044  0.044  0.000
105  fg =~  y1     1 est.std.nox  0.678  0.678  0.000
106  fg =~  y2     1 est.std.nox  0.706  0.706  0.000
107  fg =~  y3     1 est.std.nox  0.777  0.777  0.000
108  fg =~  y4     1 est.std.nox  0.717  0.717  0.000
109  fg =~  y5     1 est.std.nox  0.728  0.728  0.000
110  fg =~  y6     1 est.std.nox  0.709  0.709  0.000
111  fg =~  y7     1 est.std.nox  0.635  0.635  0.000
112  fg =~  y8     1 est.std.nox  0.670  0.670  0.000
113  fg =~  y9     1 est.std.nox  0.708  0.708  0.000
114  fg =~ y10     1 est.std.nox  0.634  0.634  0.000
115  fg ~~  fg     1 est.std.nox  1.000  1.000  0.000
116  f1 =~  y1     1 est.std.nox  0.459  0.459  0.000
117  f1 =~  y2     1 est.std.nox  0.446  0.447 -0.001
118  f1 =~  y3     1 est.std.nox  0.327  0.327  0.000
119  f1 =~  y4     1 est.std.nox  0.370  0.371 -0.001
120  f1 =~  y5     1 est.std.nox -0.001 -0.001  0.000
121  f1 =~  y6     1 est.std.nox -0.050 -0.050  0.000
122  f1 =~  y7     1 est.std.nox  0.120  0.121 -0.001
123  f1 =~  y8     1 est.std.nox  0.002  0.002  0.000
124  f2 =~  y1     1 est.std.nox  0.006  0.001  0.005
125  f2 =~  y2     1 est.std.nox  0.009  0.005  0.004
126  f2 =~  y3     1 est.std.nox -0.107 -0.110  0.003
127  f2 =~  y4     1 est.std.nox  0.004  0.000  0.004
128  f2 =~  y5     1 est.std.nox  0.326  0.326  0.000
129  f2 =~  y6     1 est.std.nox  0.327  0.328 -0.001
130  f2 =~  y7     1 est.std.nox  0.396  0.394  0.002
131  f2 =~  y8     1 est.std.nox  0.346  0.346  0.000
132  fg ~~  f1     1 est.std.nox  0.000  0.000  0.000
133  fg ~~  f2     1 est.std.nox  0.000  0.000  0.000
134  y1 ~~  y1     1 est.std.nox  0.329  0.329  0.000
135  y2 ~~  y2     1 est.std.nox  0.301  0.301  0.000
136  y3 ~~  y3     1 est.std.nox  0.289  0.289  0.000
137  y4 ~~  y4     1 est.std.nox  0.348  0.348  0.000
138  y5 ~~  y5     1 est.std.nox  0.364  0.364  0.000
139  y6 ~~  y6     1 est.std.nox  0.393  0.393  0.000
140  y7 ~~  y7     1 est.std.nox  0.411  0.411  0.000
141  y8 ~~  y8     1 est.std.nox  0.432  0.432  0.000
142  y9 ~~  y9     1 est.std.nox  0.499  0.499  0.000
143 y10 ~~ y10     1 est.std.nox  0.598  0.599 -0.001
144  f1 ~~  f1     1 est.std.nox  1.000  1.000  0.000
145  f2 ~~  f2     1 est.std.nox  1.000  1.000  0.000
146  f1 ~~  f2     1 est.std.nox  0.161  0.170 -0.009
147  y1 ~1         1 est.std.nox -0.073 -0.073  0.000
148  y2 ~1         1 est.std.nox  0.048  0.048  0.000
149  y3 ~1         1 est.std.nox  0.012  0.012  0.000
150  y4 ~1         1 est.std.nox -0.041 -0.041  0.000
151  y5 ~1         1 est.std.nox  0.021  0.021  0.000
152  y6 ~1         1 est.std.nox -0.026 -0.026  0.000
153  y7 ~1         1 est.std.nox  0.022  0.022  0.000
154  y8 ~1         1 est.std.nox  0.055  0.055  0.000
155  y9 ~1         1 est.std.nox -0.018 -0.018  0.000
156 y10 ~1         1 est.std.nox -0.003 -0.003  0.000

                     fit       lav       mpl delta
1                   npar    45.000    45.000     0
2                   fmin     0.024        NA    NA
3                  chisq    23.536    23.536     0
4                     df    20.000    20.000     0
5                 pvalue     0.263     0.263     0
6         baseline.chisq  2817.891  2817.891     0
7            baseline.df    45.000    45.000     0
8        baseline.pvalue     0.000     0.000     0
9                    cfi     0.999     0.999     0
10                   tli     0.997     0.997     0
11                  nnfi     0.997        NA    NA
12                   rfi     0.981        NA    NA
13                   nfi     0.992        NA    NA
14                  pnfi     0.441        NA    NA
15                   ifi     0.999        NA    NA
16                   rni     0.999        NA    NA
17                  logl -5741.460 -5741.460     0
18     unrestricted.logl -5729.692 -5729.692     0
19                   aic 11572.920 11572.920     0
20                   bic 11762.577 11762.577     0
21                  bic2 11619.745 11619.745     0
22                 rmsea     0.019     0.019     0
23        rmsea.ci.lower     0.000     0.000     0
24        rmsea.ci.upper     0.045     0.045     0
25        rmsea.ci.level     0.900        NA    NA
26          rmsea.pvalue     0.981     0.981     0
27        rmsea.close.h0     0.050        NA    NA
28 rmsea.notclose.pvalue     0.000        NA    NA
29     rmsea.notclose.h0     0.080        NA    NA
30                   rmr     0.011        NA    NA
31            rmr_nomean     0.012        NA    NA
32                  srmr     0.011     0.011     0
33          srmr_bentler     0.011        NA    NA
34   srmr_bentler_nomean     0.012        NA    NA
35                  crmr     0.012        NA    NA
36           crmr_nomean     0.013        NA    NA
37            srmr_mplus     0.011        NA    NA
38     srmr_mplus_nomean     0.012        NA    NA
39                 cn_05   668.283        NA    NA
40                 cn_01   799.057        NA    NA
41                   gfi     0.991        NA    NA
42                  agfi     0.971        NA    NA
43                  pgfi     0.305        NA    NA
44                   mfi     0.996        NA    NA
45                  ecvi     0.227        NA    NA
