# lavaan TESTsuite -- lavaan version  0.6-17 
# date:  Sat Jan 20 20:52:30 2024 
# file:  ex5.27.out 

    lhs op rhs group type    lav    mpl  delta
1    f1 =~  y1     1  est  0.788  0.791 -0.003
2    f1 =~  y2     1  est  0.942  0.947 -0.005
3    f1 =~  y3     1  est  0.777  0.780 -0.003
4    f1 =~  y4     1  est  0.835  0.838 -0.003
5    f1 =~  y5     1  est  0.907  0.911 -0.004
6    f1 =~  y6     1  est -0.024 -0.032  0.008
7    f1 =~  y7     1  est  0.036  0.029  0.007
8    f1 =~  y8     1  est  0.090  0.084  0.006
9    f1 =~  y9     1  est  0.019  0.011  0.008
10   f1 =~ y10     1  est -0.078 -0.085  0.007
11   f2 =~  y1     1  est  0.010  0.004  0.006
12   f2 =~  y2     1  est -0.117 -0.125  0.008
13   f2 =~  y3     1  est  0.055  0.049  0.006
14   f2 =~  y4     1  est  0.023  0.017  0.006
15   f2 =~  y5     1  est  0.002 -0.005  0.007
16   f2 =~  y6     1  est  0.794  0.798 -0.004
17   f2 =~  y7     1  est  0.728  0.731 -0.003
18   f2 =~  y8     1  est  0.725  0.728 -0.003
19   f2 =~  y9     1  est  0.772  0.776 -0.004
20   f2 =~ y10     1  est  0.718  0.722 -0.004
21   y1 ~~  y1     1  est  0.996  0.996  0.000
22   y2 ~~  y2     1  est  0.852  0.852  0.000
23   y3 ~~  y3     1  est  0.884  0.884  0.000
24   y4 ~~  y4     1  est  1.024  1.024  0.000
25   y5 ~~  y5     1  est  0.910  0.910  0.000
26   y6 ~~  y6     1  est  0.901  0.901  0.000
27   y7 ~~  y7     1  est  1.110  1.110  0.000
28   y8 ~~  y8     1  est  1.214  1.214  0.000
29   y9 ~~  y9     1  est  0.973  0.973  0.000
30  y10 ~~ y10     1  est  1.118  1.118  0.000
31   f1 ~~  f1     1  est  1.000  1.000  0.000
32   f2 ~~  f2     1  est  1.000  1.000  0.000
33   f1 ~~  f2     1  est  0.494  0.507 -0.013
34   y1 ~1         1  est  0.907  0.907  0.000
35   y2 ~1         1  est  1.113  1.113  0.000
36   y3 ~1         1  est  1.040  1.040  0.000
37   y4 ~1         1  est  0.949  0.949  0.000
38   y5 ~1         1  est  1.041  1.041  0.000
39   y6 ~1         1  est  0.959  0.959  0.000
40   y7 ~1         1  est  1.032  1.032  0.000
41   y8 ~1         1  est  1.091  1.091  0.000
42   y9 ~1         1  est  0.987  0.987  0.000
43  y10 ~1         1  est  1.008  1.008  0.000
44   f1 =~  y1     2  est  0.907  0.916 -0.009
45   f1 =~  y2     2  est  0.941  0.950 -0.009
46   f1 =~  y3     2  est  0.995  1.006 -0.011
47   f1 =~  y4     2  est  0.913  0.921 -0.008
48   f1 =~  y5     2  est  0.989  0.999 -0.010
49   f1 =~  y6     2  est -0.035 -0.041  0.006
50   f1 =~  y7     2  est -0.051 -0.055  0.004
51   f1 =~  y8     2  est  0.017  0.012  0.005
52   f1 =~  y9     2  est  0.092  0.089  0.003
53   f1 =~ y10     2  est  0.034  0.029  0.005
54   f2 =~  y1     2  est  0.031  0.014  0.017
55   f2 =~  y2     2  est  0.052  0.034  0.018
56   f2 =~  y3     2  est -0.084 -0.103  0.019
57   f2 =~  y4     2  est  0.111  0.094  0.017
58   f2 =~  y5     2  est -0.058 -0.077  0.019
59   f2 =~  y6     2  est  1.350  1.354 -0.004
60   f2 =~  y7     2  est  1.120  1.123 -0.003
61   f2 =~  y8     2  est  1.298  1.301 -0.003
62   f2 =~  y9     2  est  1.012  1.012  0.000
63   f2 =~ y10     2  est  1.224  1.227 -0.003
64   y1 ~~  y1     2  est  2.115  2.115  0.000
65   y2 ~~  y2     2  est  1.871  1.872 -0.001
66   y3 ~~  y3     2  est  2.198  2.197  0.001
67   y4 ~~  y4     2  est  2.131  2.131  0.000
68   y5 ~~  y5     2  est  2.077  2.077  0.000
69   y6 ~~  y6     2  est  1.894  1.894  0.000
70   y7 ~~  y7     2  est  2.223  2.224 -0.001
71   y8 ~~  y8     2  est  1.958  1.958  0.000
72   y9 ~~  y9     2  est  2.088  2.089 -0.001
73  y10 ~~ y10     2  est  2.112  2.112  0.000
74   f1 ~~  f1     2  est  1.000  1.000  0.000
75   f2 ~~  f2     2  est  1.000  1.000  0.000
76   f1 ~~  f2     2  est  0.525  0.542 -0.017
77   y1 ~1         2  est  1.263  1.263  0.000
78   y2 ~1         2  est  1.319  1.319  0.000
79   y3 ~1         2  est  1.303  1.303  0.000
80   y4 ~1         2  est  1.349  1.349  0.000
81   y5 ~1         2  est  1.333  1.333  0.000
82   y6 ~1         2  est  1.673  1.673  0.000
83   y7 ~1         2  est  1.603  1.603  0.000
84   y8 ~1         2  est  1.624  1.624  0.000
85   y9 ~1         2  est  1.528  1.528  0.000
86  y10 ~1         2  est  1.603  1.603  0.000
87   f1 =~  y1     1   se  0.066  0.066  0.000
88   f1 =~  y2     1   se  0.072  0.074 -0.002
89   f1 =~  y3     1   se  0.067  0.069 -0.002
90   f1 =~  y4     1   se  0.069  0.073 -0.004
91   f1 =~  y5     1   se  0.065  0.065  0.000
92   f1 =~  y6     1   se  0.046  0.072 -0.026
93   f1 =~  y7     1   se  0.066  0.080 -0.014
94   f1 =~  y8     1   se  0.077  0.086 -0.009
95   f1 =~  y9     1   se  0.048  0.022  0.026
96   f1 =~ y10     1   se  0.070  0.078 -0.008
97   f2 =~  y1     1   se  0.055  0.051  0.004
98   f2 =~  y2     1   se  0.071  0.076 -0.005
99   f2 =~  y3     1   se  0.066  0.072 -0.006
100  f2 =~  y4     1   se  0.060  0.072 -0.012
101  f2 =~  y5     1   se  0.046  0.044  0.002
102  f2 =~  y6     1   se  0.068  0.074 -0.006
103  f2 =~  y7     1   se  0.076  0.081 -0.005
104  f2 =~  y8     1   se  0.082  0.085 -0.003
105  f2 =~  y9     1   se  0.070  0.064  0.006
106  f2 =~ y10     1   se  0.076  0.078 -0.002
107  y1 ~~  y1     1   se  0.075  0.075  0.000
108  y2 ~~  y2     1   se  0.075  0.075  0.000
109  y3 ~~  y3     1   se  0.068  0.068  0.000
110  y4 ~~  y4     1   se  0.079  0.079  0.000
111  y5 ~~  y5     1   se  0.076  0.076  0.000
112  y6 ~~  y6     1   se  0.078  0.078  0.000
113  y7 ~~  y7     1   se  0.086  0.086  0.000
114  y8 ~~  y8     1   se  0.093  0.093  0.000
115  y9 ~~  y9     1   se  0.081  0.081  0.000
116 y10 ~~ y10     1   se  0.086  0.086  0.000
117  f1 ~~  f1     1   se  0.000  0.000  0.000
118  f2 ~~  f2     1   se  0.000  0.000  0.000
119  f1 ~~  f2     1   se  0.054  0.065 -0.011
120  y1 ~1         1   se  0.057  0.057  0.000
121  y2 ~1         1   se  0.057  0.057  0.000
122  y3 ~1         1   se  0.055  0.055  0.000
123  y4 ~1         1   se  0.059  0.059  0.000
124  y5 ~1         1   se  0.059  0.059  0.000
125  y6 ~1         1   se  0.055  0.055  0.000
126  y7 ~1         1   se  0.058  0.058  0.000
127  y8 ~1         1   se  0.060  0.060  0.000
128  y9 ~1         1   se  0.056  0.056  0.000
129 y10 ~1         1   se  0.056  0.056  0.000
130  f1 =~  y1     2   se  0.106  0.095  0.011
131  f1 =~  y2     2   se  0.108  0.117 -0.009
132  f1 =~  y3     2   se  0.115  0.125 -0.010
133  f1 =~  y4     2   se  0.118  0.126 -0.008
134  f1 =~  y5     2   se  0.109  0.122 -0.013
135  f1 =~  y6     2   se  0.086  0.117 -0.031
136  f1 =~  y7     2   se  0.102  0.117 -0.015
137  f1 =~  y8     2   se  0.078  0.039  0.039
138  f1 =~  y9     2   se  0.108  0.120 -0.012
139  f1 =~ y10     2   se  0.094  0.115 -0.021
140  f2 =~  y1     2   se  0.075  0.034  0.041
141  f2 =~  y2     2   se  0.088  0.115 -0.027
142  f2 =~  y3     2   se  0.100  0.128 -0.028
143  f2 =~  y4     2   se  0.111  0.130 -0.019
144  f2 =~  y5     2   se  0.087  0.124 -0.037
145  f2 =~  y6     2   se  0.104  0.114 -0.010
146  f2 =~  y7     2   se  0.108  0.113 -0.005
147  f2 =~  y8     2   se  0.101  0.092  0.009
148  f2 =~  y9     2   se  0.106  0.112 -0.006
149  f2 =~ y10     2   se  0.106  0.114 -0.008
150  y1 ~~  y1     2   se  0.164  0.164  0.000
151  y2 ~~  y2     2   se  0.154  0.154  0.000
152  y3 ~~  y3     2   se  0.178  0.178  0.000
153  y4 ~~  y4     2   se  0.166  0.166  0.000
154  y5 ~~  y5     2   se  0.170  0.170  0.000
155  y6 ~~  y6     2   se  0.167  0.167  0.000
156  y7 ~~  y7     2   se  0.169  0.169  0.000
157  y8 ~~  y8     2   se  0.166  0.166  0.000
158  y9 ~~  y9     2   se  0.154  0.154  0.000
159 y10 ~~ y10     2   se  0.168  0.168  0.000
160  f1 ~~  f1     2   se  0.000  0.000  0.000
161  f2 ~~  f2     2   se  0.000  0.000  0.000
162  f1 ~~  f2     2   se  0.054  0.072 -0.018
163  y1 ~1         2   se  0.077  0.077  0.000
164  y2 ~1         2   se  0.075  0.075  0.000
165  y3 ~1         2   se  0.079  0.079  0.000
166  y4 ~1         2   se  0.079  0.079  0.000
167  y5 ~1         2   se  0.077  0.077  0.000
168  y6 ~1         2   se  0.086  0.086  0.000
169  y7 ~1         2   se  0.083  0.083  0.000
170  y8 ~1         2   se  0.086  0.086  0.000
171  y9 ~1         2   se  0.080  0.080  0.000
172 y10 ~1         2   se  0.086  0.086  0.000

                     fit        lav        mpl delta
1                   npar     78.000     78.000     0
2                   fmin      0.032         NA    NA
3                  chisq     63.815     63.815     0
4                     df     52.000     52.000     0
5                 pvalue      0.126      0.126     0
6         baseline.chisq   2205.576   2205.576     0
7            baseline.df     90.000     90.000     0
8        baseline.pvalue      0.000      0.000     0
9                    cfi      0.994      0.994     0
10                   tli      0.990      0.990     0
11                  nnfi      0.990         NA    NA
12                   rfi      0.950         NA    NA
13                   nfi      0.971         NA    NA
14                  pnfi      0.561         NA    NA
15                   ifi      0.995         NA    NA
16                   rni      0.994         NA    NA
17                  logl -17300.588 -17300.588     0
18     unrestricted.logl -17268.681 -17268.681     0
19                   aic  34757.177  34757.177     0
20                   bic  35139.982  35139.982     0
21                  bic2  34892.249  34892.249     0
22                 rmsea      0.021      0.021     0
23        rmsea.ci.lower      0.000      0.000     0
24        rmsea.ci.upper      0.037      0.037     0
25        rmsea.ci.level      0.900         NA    NA
26          rmsea.pvalue      0.999      0.999     0
27        rmsea.close.h0      0.050         NA    NA
28 rmsea.notclose.pvalue      0.000         NA    NA
29     rmsea.notclose.h0      0.080         NA    NA
30                   rmr      0.047         NA    NA
31            rmr_nomean      0.051         NA    NA
32                  srmr      0.019      0.019     0
33          srmr_bentler      0.019         NA    NA
34   srmr_bentler_nomean      0.021         NA    NA
35                  crmr      0.021         NA    NA
36           crmr_nomean      0.023         NA    NA
37            srmr_mplus      0.019         NA    NA
38     srmr_mplus_nomean      0.021         NA    NA
39                 cn_05   1095.292         NA    NA
40                 cn_01   1232.934         NA    NA
41                   gfi      0.991         NA    NA
42                  agfi      0.978         NA    NA
43                  pgfi      0.396         NA    NA
44                   mfi      0.994         NA    NA
45                  ecvi      0.220         NA    NA
