# lavaan TESTsuite -- lavaan version  0.6-17 
# date:  Sat Jan 20 20:52:50 2024 
# file:  ex5.28.out 

    lhs op rhs group        type    lav    mpl  delta
1    f1 =~  y1     1         est  0.813  0.813  0.000
2    f1 =~  y2     1         est  0.729  0.728  0.001
3    f1 =~  y3     1         est  0.883  0.882  0.001
4    f1 =~  y4     1         est  0.798  0.798  0.000
5    f1 =~  y5     1         est  0.888  0.888  0.000
6    f1 =~  y6     1         est  0.795  0.794  0.001
7    f1 =~  y7     1         est  0.776  0.775  0.001
8    f1 =~  y8     1         est  0.797  0.797  0.000
9    f1 =~  y9     1         est  0.012  0.009  0.003
10   f1 =~ y10     1         est -0.020 -0.024  0.004
11   f2 =~  y1     1         est  0.001 -0.001  0.002
12   f2 =~  y2     1         est  0.021  0.019  0.002
13   f2 =~  y3     1         est  0.008  0.006  0.002
14   f2 =~  y4     1         est -0.020 -0.022  0.002
15   f2 =~  y5     1         est -0.194 -0.196  0.002
16   f2 =~  y6     1         est  0.154  0.152  0.002
17   f2 =~  y7     1         est -0.063 -0.065  0.002
18   f2 =~  y8     1         est  0.002  0.000  0.002
19   f2 =~  y9     1         est  0.991  0.991  0.000
20   f2 =~ y10     1         est  0.892  0.891  0.001
21   y1 ~~  y1     1         est  0.289  0.289  0.000
22   y2 ~~  y2     1         est  0.345  0.345  0.000
23   y3 ~~  y3     1         est  0.303  0.303  0.000
24   y4 ~~  y4     1         est  0.338  0.338  0.000
25   y5 ~~  y5     1         est  0.508  0.508  0.000
26   y6 ~~  y6     1         est  0.230  0.230  0.000
27   y7 ~~  y7     1         est  0.517  0.517  0.000
28   y8 ~~  y8     1         est  0.555  0.555  0.000
29   y9 ~~  y9     1         est  0.000  0.000  0.000
30  y10 ~~ y10     1         est  0.220  0.219  0.001
31   f1 ~~  f1     1         est  1.000  1.000  0.000
32   f2 ~~  f2     1         est  1.000  1.000  0.000
33   f1 ~~  f2     1         est -0.135 -0.129 -0.006
34   y1 ~1         1         est -0.191 -0.191  0.000
35   y2 ~1         1         est  0.041  0.041  0.000
36   y3 ~1         1         est -0.072 -0.072  0.000
37   y4 ~1         1         est -0.041 -0.041  0.000
38   y5 ~1         1         est  0.052  0.052  0.000
39   y6 ~1         1         est  0.095  0.095  0.000
40   y7 ~1         1         est  0.058  0.058  0.000
41   y8 ~1         1         est  0.046  0.046  0.000
42   y9 ~1         1         est -0.142 -0.142  0.000
43  y10 ~1         1         est -0.196 -0.196  0.000
44   f1 =~  y1     1          se  0.114  0.114  0.000
45   f1 =~  y2     1          se  0.114  0.114  0.000
46   f1 =~  y3     1          se  0.121  0.121  0.000
47   f1 =~  y4     1          se  0.118  0.118  0.000
48   f1 =~  y5     1          se  0.139  0.139  0.000
49   f1 =~  y6     1          se  0.108  0.107  0.001
50   f1 =~  y7     1          se  0.132  0.132  0.000
51   f1 =~  y8     1          se  0.138  0.136  0.002
52   f1 =~  y9     1          se  0.028  0.007  0.021
53   f1 =~ y10     1          se  0.061  0.063 -0.002
54   f2 =~  y1     1          se  0.082  0.058  0.024
55   f2 =~  y2     1          se  0.089  0.091 -0.002
56   f2 =~  y3     1          se  0.110  0.074  0.036
57   f2 =~  y4     1          se  0.091  0.093 -0.002
58   f2 =~  y5     1          se  0.127  0.116  0.011
59   f2 =~  y6     1          se  0.080  0.084 -0.004
60   f2 =~  y7     1          se  0.110  0.112 -0.002
61   f2 =~  y8     1          se  0.198  0.085  0.113
62   f2 =~  y9     1          se  0.233  0.099  0.134
63   f2 =~ y10     1          se  0.224  0.112  0.112
64   y1 ~~  y1     1          se  0.069  0.069  0.000
65   y2 ~~  y2     1          se  0.077  0.077  0.000
66   y3 ~~  y3     1          se  0.074  0.074  0.000
67   y4 ~~  y4     1          se  0.078  0.078  0.000
68   y5 ~~  y5     1          se  0.117  0.114  0.003
69   y6 ~~  y6     1          se  0.058  0.058  0.000
70   y7 ~~  y7     1          se  0.113  0.113  0.000
71   y8 ~~  y8     1          se  0.121  0.121  0.000
72   y9 ~~  y9     1          se  0.415  0.000  0.415
73  y10 ~~ y10     1          se  0.340  0.044  0.296
74   f1 ~~  f1     1          se  0.000  0.000  0.000
75   f2 ~~  f2     1          se  0.000  0.000  0.000
76   f1 ~~  f2     1          se  0.147  0.148 -0.001
77   y1 ~1         1          se  0.138  0.138  0.000
78   y2 ~1         1          se  0.132  0.132  0.000
79   y3 ~1         1          se  0.147  0.147  0.000
80   y4 ~1         1          se  0.140  0.140  0.000
81   y5 ~1         1          se  0.166  0.166  0.000
82   y6 ~1         1          se  0.131  0.131  0.000
83   y7 ~1         1          se  0.151  0.151  0.000
84   y8 ~1         1          se  0.154  0.154  0.000
85   y9 ~1         1          se  0.140  0.140  0.000
86  y10 ~1         1          se  0.143  0.143  0.000
87   f1 =~  y1     1 est.std.nox  0.834  0.834  0.000
88   f1 =~  y2     1 est.std.nox  0.780  0.780  0.000
89   f1 =~  y3     1 est.std.nox  0.849  0.849  0.000
90   f1 =~  y4     1 est.std.nox  0.806  0.806  0.000
91   f1 =~  y5     1 est.std.nox  0.756  0.756  0.000
92   f1 =~  y6     1 est.std.nox  0.861  0.860  0.001
93   f1 =~  y7     1 est.std.nox  0.728  0.728  0.000
94   f1 =~  y8     1 est.std.nox  0.731  0.730  0.001
95   f1 =~  y9     1 est.std.nox  0.013  0.009  0.004
96   f1 =~ y10     1 est.std.nox -0.020 -0.023  0.003
97   f2 =~  y1     1 est.std.nox  0.001 -0.001  0.002
98   f2 =~  y2     1 est.std.nox  0.022  0.020  0.002
99   f2 =~  y3     1 est.std.nox  0.008  0.006  0.002
100  f2 =~  y4     1 est.std.nox -0.020 -0.022  0.002
101  f2 =~  y5     1 est.std.nox -0.165 -0.167  0.002
102  f2 =~  y6     1 est.std.nox  0.166  0.164  0.002
103  f2 =~  y7     1 est.std.nox -0.059 -0.061  0.002
104  f2 =~  y8     1 est.std.nox  0.002  0.000  0.002
105  f2 =~  y9     1 est.std.nox  1.002  1.001  0.001
106  f2 =~ y10     1 est.std.nox  0.883  0.883  0.000
107  y1 ~~  y1     1 est.std.nox  0.304  0.304  0.000
108  y2 ~~  y2     1 est.std.nox  0.395  0.395  0.000
109  y3 ~~  y3     1 est.std.nox  0.281  0.281  0.000
110  y4 ~~  y4     1 est.std.nox  0.345  0.345  0.000
111  y5 ~~  y5     1 est.std.nox  0.368  0.368  0.000
112  y6 ~~  y6     1 est.std.nox  0.270  0.270  0.000
113  y7 ~~  y7     1 est.std.nox  0.455  0.455  0.000
114  y8 ~~  y8     1 est.std.nox  0.467  0.467  0.000
115  y9 ~~  y9     1 est.std.nox  0.000  0.000  0.000
116 y10 ~~ y10     1 est.std.nox  0.215  0.215  0.000
117  f1 ~~  f1     1 est.std.nox  1.000  1.000  0.000
118  f2 ~~  f2     1 est.std.nox  1.000  1.000  0.000
119  f1 ~~  f2     1 est.std.nox -0.135 -0.129 -0.006
120  y1 ~1         1 est.std.nox -0.196 -0.196  0.000
121  y2 ~1         1 est.std.nox  0.044  0.044  0.000
122  y3 ~1         1 est.std.nox -0.069 -0.069  0.000
123  y4 ~1         1 est.std.nox -0.042 -0.042  0.000
124  y5 ~1         1 est.std.nox  0.045  0.045  0.000
125  y6 ~1         1 est.std.nox  0.103  0.103  0.000
126  y7 ~1         1 est.std.nox  0.054  0.054  0.000
127  y8 ~1         1 est.std.nox  0.042  0.042  0.000
128  y9 ~1         1 est.std.nox -0.144 -0.144  0.000
129 y10 ~1         1 est.std.nox -0.194 -0.194  0.000

                            fit      lav      mpl delta
1                          npar   39.000   39.000     0
2                          fmin    0.228       NA    NA
3                         chisq   22.751   22.751     0
4                            df   26.000   26.000     0
5                        pvalue    0.647    0.647     0
6                baseline.chisq  377.580  377.580     0
7                   baseline.df   45.000   45.000     0
8               baseline.pvalue    0.000    0.000     0
9                           cfi    1.000    1.000     0
10                          tli    1.017    1.017     0
11                   cfi.robust    1.000       NA    NA
12                   tli.robust    1.017       NA    NA
13                         nnfi    1.017       NA    NA
14                          rfi    0.896       NA    NA
15                          nfi    0.940       NA    NA
16                         pnfi    0.543       NA    NA
17                          ifi    1.009       NA    NA
18                          rni    1.010       NA    NA
19                  nnfi.robust    1.017       NA    NA
20                   rni.robust    1.010       NA    NA
21                         logl -540.347 -540.347     0
22            unrestricted.logl -528.971 -528.971     0
23                          aic 1158.693 1158.693     0
24                          bic 1233.262 1233.262     0
25                         bic2 1110.847 1110.847     0
26                        rmsea    0.000    0.000     0
27               rmsea.ci.lower    0.000    0.000     0
28               rmsea.ci.upper    0.094    0.094     0
29               rmsea.ci.level    0.900       NA    NA
30                 rmsea.pvalue    0.783    0.783     0
31               rmsea.close.h0    0.050       NA    NA
32        rmsea.notclose.pvalue    0.091       NA    NA
33            rmsea.notclose.h0    0.080       NA    NA
34                 rmsea.robust    0.000       NA    NA
35        rmsea.ci.lower.robust    0.000       NA    NA
36        rmsea.ci.upper.robust    0.094       NA    NA
37          rmsea.pvalue.robust    0.783       NA    NA
38 rmsea.notclose.pvalue.robust    0.091       NA    NA
39                          rmr    0.031       NA    NA
40                   rmr_nomean    0.034       NA    NA
41                         srmr    0.029    0.029     0
42                 srmr_bentler    0.029       NA    NA
43          srmr_bentler_nomean    0.031       NA    NA
44                         crmr    0.031       NA    NA
45                  crmr_nomean    0.034       NA    NA
46                   srmr_mplus    0.029       NA    NA
47            srmr_mplus_nomean    0.031       NA    NA
48                        cn_05   86.458       NA    NA
49                        cn_01  101.307       NA    NA
50                          gfi    0.921       NA    NA
51                         agfi    0.803       NA    NA
52                         pgfi    0.368       NA    NA
53                          mfi    1.033       NA    NA
54                         ecvi    2.015       NA    NA
