# lavaan TESTsuite -- lavaan version  0.6-18 
# date:  Wed Jan 17 15:26:41 2024 
# file:  ex5.27d.out 

    lhs op rhs group type    lav    mpl  delta
1    f1 =~  y1     1  est  0.833  0.834 -0.001
2    f1 =~  y2     1  est  0.953  0.955 -0.002
3    f1 =~  y3     1  est  0.854  0.855 -0.001
4    f1 =~  y4     1  est  0.873  0.874 -0.001
5    f1 =~  y5     1  est  0.947  0.948 -0.001
6    f1 =~  y6     1  est -0.032 -0.037  0.005
7    f1 =~  y7     1  est  0.011  0.007  0.004
8    f1 =~  y8     1  est  0.070  0.066  0.004
9    f1 =~  y9     1  est  0.050  0.046  0.004
10   f1 =~ y10     1  est -0.045 -0.049  0.004
11   f2 =~  y1     1  est  0.039  0.037  0.002
12   f2 =~  y2     1  est -0.067 -0.070  0.003
13   f2 =~  y3     1  est  0.011  0.009  0.002
14   f2 =~  y4     1  est  0.076  0.074  0.002
15   f2 =~  y5     1  est -0.017 -0.020  0.003
16   f2 =~  y6     1  est  1.059  1.061 -0.002
17   f2 =~  y7     1  est  0.912  0.914 -0.002
18   f2 =~  y8     1  est  0.968  0.970 -0.002
19   f2 =~  y9     1  est  0.889  0.891 -0.002
20   f2 =~ y10     1  est  0.959  0.961 -0.002
21   y1 ~~  y1     1  est  0.992  0.992  0.000
22   y2 ~~  y2     1  est  0.868  0.868  0.000
23   y3 ~~  y3     1  est  0.871  0.871  0.000
24   y4 ~~  y4     1  est  1.021  1.021  0.000
25   y5 ~~  y5     1  est  0.914  0.914  0.000
26   y6 ~~  y6     1  est  0.866  0.866  0.000
27   y7 ~~  y7     1  est  1.096  1.096  0.000
28   y8 ~~  y8     1  est  1.200  1.200  0.000
29   y9 ~~  y9     1  est  0.994  0.994  0.000
30  y10 ~~ y10     1  est  1.099  1.099  0.000
31   f1 ~~  f1     1  est  1.000  1.000  0.000
32   f2 ~~  f2     1  est  1.000  1.000  0.000
33   f1 ~~  f2     1  est  0.519  0.524 -0.005
34   y1 ~1         1  est  0.925  0.925  0.000
35   y2 ~1         1  est  1.092  1.092  0.000
36   y3 ~1         1  est  1.033  1.033  0.000
37   y4 ~1         1  est  0.971  0.971  0.000
38   y5 ~1         1  est  1.039  1.039  0.000
39   y6 ~1         1  est  0.980  0.980  0.000
40   y7 ~1         1  est  1.033  1.033  0.000
41   y8 ~1         1  est  1.058  1.058  0.000
42   y9 ~1         1  est  0.979  0.979  0.000
43  y10 ~1         1  est  1.013  1.013  0.000
44   f1 =~  y1     2  est  0.832  0.834 -0.002
45   f1 =~  y2     2  est  0.952  0.955 -0.003
46   f1 =~  y3     2  est  0.852  0.855 -0.003
47   f1 =~  y4     2  est  0.871  0.874 -0.003
48   f1 =~  y5     2  est  0.945  0.948 -0.003
49   f1 =~  y6     2  est -0.034 -0.037  0.003
50   f1 =~  y7     2  est  0.009  0.007  0.002
51   f1 =~  y8     2  est  0.068  0.066  0.002
52   f1 =~  y9     2  est  0.048  0.046  0.002
53   f1 =~ y10     2  est -0.047 -0.049  0.002
54   f2 =~  y1     2  est  0.042  0.037  0.005
55   f2 =~  y2     2  est -0.064 -0.070  0.006
56   f2 =~  y3     2  est  0.014  0.009  0.005
57   f2 =~  y4     2  est  0.079  0.074  0.005
58   f2 =~  y5     2  est -0.015 -0.020  0.005
59   f2 =~  y6     2  est  1.060  1.061 -0.001
60   f2 =~  y7     2  est  0.913  0.914 -0.001
61   f2 =~  y8     2  est  0.969  0.970 -0.001
62   f2 =~  y9     2  est  0.890  0.891 -0.001
63   f2 =~ y10     2  est  0.960  0.961 -0.001
64   y1 ~~  y1     2  est  2.138  2.138  0.000
65   y2 ~~  y2     2  est  1.863  1.863  0.000
66   y3 ~~  y3     2  est  2.268  2.268  0.000
67   y4 ~~  y4     2  est  2.131  2.131  0.000
68   y5 ~~  y5     2  est  2.078  2.078  0.000
69   y6 ~~  y6     2  est  2.002  2.002  0.000
70   y7 ~~  y7     2  est  2.256  2.256  0.000
71   y8 ~~  y8     2  est  2.090  2.090  0.000
72   y9 ~~  y9     2  est  2.079  2.079  0.000
73  y10 ~~ y10     2  est  2.230  2.230  0.000
74   f1 ~~  f1     2  est  1.000  1.000  0.000
75   f2 ~~  f2     2  est  1.000  1.000  0.000
76   f1 ~~  f2     2  est  0.518  0.524 -0.006
77   y1 ~1         2  est  0.925  0.925  0.000
78   y2 ~1         2  est  1.092  1.092  0.000
79   y3 ~1         2  est  1.033  1.033  0.000
80   y4 ~1         2  est  0.971  0.971  0.000
81   y5 ~1         2  est  1.039  1.039  0.000
82   y6 ~1         2  est  0.980  0.980  0.000
83   y7 ~1         2  est  1.033  1.033  0.000
84   y8 ~1         2  est  1.058  1.058  0.000
85   y9 ~1         2  est  0.979  0.979  0.000
86  y10 ~1         2  est  1.013  1.013  0.000
87   f1 ~1         2  est  0.326  0.329 -0.003
88   f2 ~1         2  est  0.620  0.620  0.000
89   f1 =~  y1     1   se  0.060  0.065 -0.005
90   f1 =~  y2     1   se  0.061  0.064 -0.003
91   f1 =~  y3     1   se  0.054  0.050  0.004
92   f1 =~  y4     1   se  0.062  0.066 -0.004
93   f1 =~  y5     1   se  0.056  0.060 -0.004
94   f1 =~  y6     1   se  0.044  0.077 -0.033
95   f1 =~  y7     1   se  0.042  0.010  0.032
96   f1 =~  y8     1   se  0.062  0.080 -0.018
97   f1 =~  y9     1   se  0.056  0.076 -0.020
98   f1 =~ y10     1   se  0.055  0.077 -0.022
99   f2 =~  y1     1   se  0.055  0.068 -0.013
100  f2 =~  y2     1   se  0.057  0.068 -0.011
101  f2 =~  y3     1   se  0.039  0.020  0.019
102  f2 =~  y4     1   se  0.061  0.070 -0.009
103  f2 =~  y5     1   se  0.040  0.059 -0.019
104  f2 =~  y6     1   se  0.058  0.068 -0.010
105  f2 =~  y7     1   se  0.058  0.052  0.006
106  f2 =~  y8     1   se  0.066  0.071 -0.005
107  f2 =~  y9     1   se  0.060  0.067 -0.007
108  f2 =~ y10     1   se  0.062  0.069 -0.007
109  y1 ~~  y1     1   se  0.074  0.074  0.000
110  y2 ~~  y2     1   se  0.073  0.073  0.000
111  y3 ~~  y3     1   se  0.068  0.068  0.000
112  y4 ~~  y4     1   se  0.078  0.078  0.000
113  y5 ~~  y5     1   se  0.074  0.074  0.000
114  y6 ~~  y6     1   se  0.074  0.074  0.000
115  y7 ~~  y7     1   se  0.082  0.082  0.000
116  y8 ~~  y8     1   se  0.090  0.090  0.000
117  y9 ~~  y9     1   se  0.076  0.076  0.000
118 y10 ~~ y10     1   se  0.084  0.084  0.000
119  f1 ~~  f1     1   se  0.000  0.000  0.000
120  f2 ~~  f2     1   se  0.000  0.000  0.000
121  f1 ~~  f2     1   se  0.039  0.058 -0.019
122  y1 ~1         1   se  0.055  0.055  0.000
123  y2 ~1         1   se  0.055  0.055  0.000
124  y3 ~1         1   se  0.054  0.054  0.000
125  y4 ~1         1   se  0.057  0.057  0.000
126  y5 ~1         1   se  0.057  0.057  0.000
127  y6 ~1         1   se  0.060  0.060  0.000
128  y7 ~1         1   se  0.058  0.058  0.000
129  y8 ~1         1   se  0.062  0.062  0.000
130  y9 ~1         1   se  0.057  0.057  0.000
131 y10 ~1         1   se  0.059  0.059  0.000
132  f1 =~  y1     2   se  0.060  0.065 -0.005
133  f1 =~  y2     2   se  0.061  0.064 -0.003
134  f1 =~  y3     2   se  0.054  0.050  0.004
135  f1 =~  y4     2   se  0.062  0.066 -0.004
136  f1 =~  y5     2   se  0.056  0.060 -0.004
137  f1 =~  y6     2   se  0.044  0.077 -0.033
138  f1 =~  y7     2   se  0.042  0.010  0.032
139  f1 =~  y8     2   se  0.062  0.080 -0.018
140  f1 =~  y9     2   se  0.056  0.076 -0.020
141  f1 =~ y10     2   se  0.055  0.077 -0.022
142  f2 =~  y1     2   se  0.055  0.068 -0.013
143  f2 =~  y2     2   se  0.057  0.068 -0.011
144  f2 =~  y3     2   se  0.039  0.020  0.019
145  f2 =~  y4     2   se  0.061  0.070 -0.009
146  f2 =~  y5     2   se  0.040  0.059 -0.019
147  f2 =~  y6     2   se  0.058  0.068 -0.010
148  f2 =~  y7     2   se  0.058  0.052  0.006
149  f2 =~  y8     2   se  0.066  0.071 -0.005
150  f2 =~  y9     2   se  0.060  0.067 -0.007
151  f2 =~ y10     2   se  0.062  0.069 -0.007
152  y1 ~~  y1     2   se  0.155  0.155  0.000
153  y2 ~~  y2     2   se  0.145  0.145  0.000
154  y3 ~~  y3     2   se  0.164  0.164  0.000
155  y4 ~~  y4     2   se  0.157  0.157  0.000
156  y5 ~~  y5     2   se  0.157  0.157  0.000
157  y6 ~~  y6     2   se  0.163  0.163  0.000
158  y7 ~~  y7     2   se  0.166  0.166  0.000
159  y8 ~~  y8     2   se  0.162  0.162  0.000
160  y9 ~~  y9     2   se  0.153  0.153  0.000
161 y10 ~~ y10     2   se  0.169  0.169  0.000
162  f1 ~~  f1     2   se  0.000  0.000  0.000
163  f2 ~~  f2     2   se  0.000  0.000  0.000
164  f1 ~~  f2     2   se  0.039  0.058 -0.019
165  y1 ~1         2   se  0.055  0.055  0.000
166  y2 ~1         2   se  0.055  0.055  0.000
167  y3 ~1         2   se  0.054  0.054  0.000
168  y4 ~1         2   se  0.057  0.057  0.000
169  y5 ~1         2   se  0.057  0.057  0.000
170  y6 ~1         2   se  0.060  0.060  0.000
171  y7 ~1         2   se  0.058  0.058  0.000
172  y8 ~1         2   se  0.062  0.062  0.000
173  y9 ~1         2   se  0.057  0.057  0.000
174 y10 ~1         2   se  0.059  0.059  0.000
175  f1 ~1         2   se  0.076  0.077 -0.001
176  f2 ~1         2   se  0.076  0.076  0.000

                            fit        lav        mpl delta
1                          npar     51.000     51.000     0
2                          fmin      0.073         NA    NA
3                         chisq    146.822    146.822     0
4                            df     79.000     79.000     0
5                        pvalue      0.000      0.000     0
6                baseline.chisq   2205.576   2205.576     0
7                   baseline.df     90.000     90.000     0
8               baseline.pvalue      0.000      0.000     0
9                           cfi      0.968      0.968     0
10                          tli      0.963      0.963     0
11                   cfi.robust      0.968         NA    NA
12                   tli.robust      0.963         NA    NA
13                         nnfi      0.963         NA    NA
14                          rfi      0.924         NA    NA
15                          nfi      0.933         NA    NA
16                         pnfi      0.819         NA    NA
17                          ifi      0.968         NA    NA
18                          rni      0.968         NA    NA
19                  nnfi.robust      0.963         NA    NA
20                   rni.robust      0.968         NA    NA
21                         logl -17342.092 -17342.092     0
22            unrestricted.logl -17268.681 -17268.681     0
23                          aic  34786.184  34786.184     0
24                          bic  35036.479  35036.479     0
25                         bic2  34874.500  34874.500     0
26                        rmsea      0.041      0.041     0
27               rmsea.ci.lower      0.031      0.031     0
28               rmsea.ci.upper      0.052      0.052     0
29               rmsea.ci.level      0.900         NA    NA
30                 rmsea.pvalue      0.911      0.911     0
31               rmsea.close.h0      0.050         NA    NA
32        rmsea.notclose.pvalue      0.000         NA    NA
33            rmsea.notclose.h0      0.080         NA    NA
34                 rmsea.robust      0.041         NA    NA
35        rmsea.ci.lower.robust      0.031         NA    NA
36        rmsea.ci.upper.robust      0.052         NA    NA
37          rmsea.pvalue.robust      0.912         NA    NA
38 rmsea.notclose.pvalue.robust      0.000         NA    NA
39                          rmr      0.245         NA    NA
40                   rmr_nomean      0.266         NA    NA
41                         srmr      0.082      0.082     0
42                 srmr_bentler      0.104         NA    NA
43          srmr_bentler_nomean      0.113         NA    NA
44                         crmr      0.066         NA    NA
45                  crmr_nomean      0.072         NA    NA
46                   srmr_mplus      0.082         NA    NA
47            srmr_mplus_nomean      0.086         NA    NA
48                        cn_05    687.196         NA    NA
49                        cn_01    757.999         NA    NA
50                          gfi      0.980         NA    NA
51                         agfi      0.966         NA    NA
52                         pgfi      0.595         NA    NA
53                          mfi      0.967         NA    NA
54                         ecvi      0.249         NA    NA
