# lavaan TESTsuite -- lavaan version  0.6-17 
# date:  Sat Jan 20 20:51:55 2024 
# file:  ex5.12.out 

            lhs op rhs group type    lav    mpl delta
1            f1 =~  y1     1  est  1.000  1.000     0
2            f1 =~  y2     1  est  1.183  1.183     0
3            f1 =~  y3     1  est  0.938  0.938     0
4            f2 =~  y4     1  est  1.000  1.000     0
5            f2 =~  y5     1  est  0.870  0.870     0
6            f2 =~  y6     1  est  0.891  0.891     0
7            f3 =~  y7     1  est  1.000  1.000     0
8            f3 =~  y8     1  est  0.872  0.872     0
9            f3 =~  y9     1  est  0.882  0.882     0
10           f4 =~ y10     1  est  1.000  1.000     0
11           f4 =~ y11     1  est  0.826  0.826     0
12           f4 =~ y12     1  est  0.682  0.682     0
13           f4  ~  f3     1  est  0.473  0.473     0
14           f3  ~  f1     1  est  0.563  0.563     0
15           f3  ~  f2     1  est  0.790  0.790     0
16           y1 ~~  y1     1  est  1.033  1.033     0
17           y2 ~~  y2     1  est  0.795  0.795     0
18           y3 ~~  y3     1  est  1.137  1.137     0
19           y4 ~~  y4     1  est  1.151  1.151     0
20           y5 ~~  y5     1  est  0.950  0.950     0
21           y6 ~~  y6     1  est  1.056  1.056     0
22           y7 ~~  y7     1  est  0.954  0.954     0
23           y8 ~~  y8     1  est  0.945  0.945     0
24           y9 ~~  y9     1  est  0.896  0.896     0
25          y10 ~~ y10     1  est  1.202  1.202     0
26          y11 ~~ y11     1  est  0.916  0.916     0
27          y12 ~~ y12     1  est  1.071  1.071     0
28           f1 ~~  f1     1  est  0.884  0.884     0
29           f2 ~~  f2     1  est  0.888  0.888     0
30           f3 ~~  f3     1  est  0.550  0.550     0
31           f4 ~~  f4     1  est  0.555  0.555     0
32           f1 ~~  f2     1  est -0.030 -0.030     0
33           y1 ~1         1  est  0.011  0.011     0
34           y2 ~1         1  est  0.047  0.047     0
35           y3 ~1         1  est  0.005  0.005     0
36           y4 ~1         1  est  0.104  0.104     0
37           y5 ~1         1  est  0.078  0.078     0
38           y6 ~1         1  est  0.074  0.074     0
39           y7 ~1         1  est  0.051  0.051     0
40           y8 ~1         1  est  0.063  0.063     0
41           y9 ~1         1  est  0.078  0.078     0
42          y10 ~1         1  est -0.008 -0.008     0
43          y11 ~1         1  est  0.039  0.039     0
44          y12 ~1         1  est  0.031  0.031     0
45 ind.f4.f3.f1 := a*b     1  est  0.266     NA    NA
46           f1 =~  y1     1   se  0.000  0.000     0
47           f1 =~  y2     1   se  0.104  0.104     0
48           f1 =~  y3     1   se  0.087  0.087     0
49           f2 =~  y4     1   se  0.000  0.000     0
50           f2 =~  y5     1   se  0.085  0.085     0
51           f2 =~  y6     1   se  0.092  0.092     0
52           f3 =~  y7     1   se  0.000  0.000     0
53           f3 =~  y8     1   se  0.059  0.059     0
54           f3 =~  y9     1   se  0.060  0.060     0
55           f4 =~ y10     1   se  0.000  0.000     0
56           f4 =~ y11     1   se  0.094  0.094     0
57           f4 =~ y12     1   se  0.089  0.089     0
58           f4  ~  f3     1   se  0.057  0.057     0
59           f3  ~  f1     1   se  0.070  0.070     0
60           f3  ~  f2     1   se  0.086  0.086     0
61           y1 ~~  y1     1   se  0.094  0.094     0
62           y2 ~~  y2     1   se  0.101  0.101     0
63           y3 ~~  y3     1   se  0.092  0.092     0
64           y4 ~~  y4     1   se  0.104  0.104     0
65           y5 ~~  y5     1   se  0.083  0.083     0
66           y6 ~~  y6     1   se  0.091  0.091     0
67           y7 ~~  y7     1   se  0.089  0.089     0
68           y8 ~~  y8     1   se  0.079  0.079     0
69           y9 ~~  y9     1   se  0.077  0.077     0
70          y10 ~~ y10     1   se  0.118  0.118     0
71          y11 ~~ y11     1   se  0.085  0.085     0
72          y12 ~~ y12     1   se  0.083  0.083     0
73           f1 ~~  f1     1   se  0.122  0.122     0
74           f2 ~~  f2     1   se  0.130  0.130     0
75           f3 ~~  f3     1   se  0.092  0.092     0
76           f4 ~~  f4     1   se  0.102  0.102     0
77           f1 ~~  f2     1   se  0.055  0.055     0
78           y1 ~1         1   se  0.062  0.062     0
79           y2 ~1         1   se  0.064  0.064     0
80           y3 ~1         1   se  0.062  0.062     0
81           y4 ~1         1   se  0.064  0.064     0
82           y5 ~1         1   se  0.057  0.057     0
83           y6 ~1         1   se  0.059  0.059     0
84           y7 ~1         1   se  0.068  0.068     0
85           y8 ~1         1   se  0.063  0.063     0
86           y9 ~1         1   se  0.063  0.063     0
87          y10 ~1         1   se  0.064  0.064     0
88          y11 ~1         1   se  0.055  0.055     0
89          y12 ~1         1   se  0.054  0.054     0
90 ind.f4.f3.f1 := a*b     1   se  0.043     NA    NA

                     fit       lav       mpl delta
1                   npar    40.000    40.000     0
2                   fmin     0.054        NA    NA
3                  chisq    53.704    53.704     0
4                     df    50.000    50.000     0
5                 pvalue     0.334     0.334     0
6         baseline.chisq  1524.403  1524.403     0
7            baseline.df    66.000    66.000     0
8        baseline.pvalue     0.000     0.000     0
9                    cfi     0.997     0.997     0
10                   tli     0.997     0.997     0
11                  nnfi     0.997        NA    NA
12                   rfi     0.953        NA    NA
13                   nfi     0.965        NA    NA
14                  pnfi     0.731        NA    NA
15                   ifi     0.997        NA    NA
16                   rni     0.997        NA    NA
17                  logl -9646.960 -9646.960     0
18     unrestricted.logl -9620.108 -9620.108     0
19                   aic 19373.920 19373.920     0
20                   bic 19542.505 19542.505     0
21                  bic2 19415.542 19415.542     0
22                 rmsea     0.012     0.012     0
23        rmsea.ci.lower     0.000     0.000     0
24        rmsea.ci.upper     0.032     0.032     0
25        rmsea.ci.level     0.900        NA    NA
26          rmsea.pvalue     1.000     1.000     0
27        rmsea.close.h0     0.050        NA    NA
28 rmsea.notclose.pvalue     0.000        NA    NA
29     rmsea.notclose.h0     0.080        NA    NA
30                   rmr     0.050        NA    NA
31            rmr_nomean     0.054        NA    NA
32                  srmr     0.027     0.027     0
33          srmr_bentler     0.027        NA    NA
34   srmr_bentler_nomean     0.029        NA    NA
35                  crmr     0.029        NA    NA
36           crmr_nomean     0.032        NA    NA
37            srmr_mplus     0.027        NA    NA
38     srmr_mplus_nomean     0.029        NA    NA
39                 cn_05   629.494        NA    NA
40                 cn_01   710.020        NA    NA
41                   gfi     0.983        NA    NA
42                  agfi     0.969        NA    NA
43                  pgfi     0.546        NA    NA
44                   mfi     0.996        NA    NA
45                  ecvi     0.267        NA    NA
