# lavaan TESTsuite -- lavaan version  0.6-17 
# date:  Sat Jan 20 20:52:36 2024 
# file:  ex5.27b.out 

    lhs op rhs group type    lav    mpl  delta
1    f1 =~  y1     1  est  0.789  0.789  0.000
2    f1 =~  y2     1  est  0.891  0.891  0.000
3    f1 =~  y3     1  est  0.816  0.816  0.000
4    f1 =~  y4     1  est  0.827  0.826  0.001
5    f1 =~  y5     1  est  0.901  0.901  0.000
6    f1 =~  y6     1  est -0.032 -0.041  0.009
7    f1 =~  y7     1  est  0.015  0.008  0.007
8    f1 =~  y8     1  est  0.060  0.052  0.008
9    f1 =~  y9     1  est  0.057  0.049  0.008
10   f1 =~ y10     1  est -0.046 -0.054  0.008
11   f2 =~  y1     1  est  0.023  0.024 -0.001
12   f2 =~  y2     1  est -0.029 -0.029  0.000
13   f2 =~  y3     1  est  0.005  0.006 -0.001
14   f2 =~  y4     1  est  0.051  0.052 -0.001
15   f2 =~  y5     1  est -0.017 -0.016 -0.001
16   f2 =~  y6     1  est  0.822  0.826 -0.004
17   f2 =~  y7     1  est  0.699  0.703 -0.004
18   f2 =~  y8     1  est  0.768  0.773 -0.005
19   f2 =~  y9     1  est  0.681  0.684 -0.003
20   f2 =~ y10     1  est  0.751  0.755 -0.004
21   y1 ~~  y1     1  est  0.994  0.994  0.000
22   y2 ~~  y2     1  est  0.879  0.879  0.000
23   y3 ~~  y3     1  est  0.869  0.869  0.000
24   y4 ~~  y4     1  est  1.021  1.021  0.000
25   y5 ~~  y5     1  est  0.914  0.914  0.000
26   y6 ~~  y6     1  est  0.885  0.885  0.000
27   y7 ~~  y7     1  est  1.119  1.119  0.000
28   y8 ~~  y8     1  est  1.203  1.203  0.000
29   y9 ~~  y9     1  est  1.020  1.020  0.000
30  y10 ~~ y10     1  est  1.105  1.105  0.000
31   f1 ~~  f1     1  est  1.000  1.000  0.000
32   f2 ~~  f2     1  est  1.000  1.000  0.000
33   f1 ~~  f2     1  est  0.481  0.489 -0.008
34   y1 ~1         1  est  0.907  0.907  0.000
35   y2 ~1         1  est  1.113  1.113  0.000
36   y3 ~1         1  est  1.040  1.040  0.000
37   y4 ~1         1  est  0.949  0.949  0.000
38   y5 ~1         1  est  1.041  1.041  0.000
39   y6 ~1         1  est  0.959  0.959  0.000
40   y7 ~1         1  est  1.032  1.032  0.000
41   y8 ~1         1  est  1.091  1.091  0.000
42   y9 ~1         1  est  0.987  0.987  0.000
43  y10 ~1         1  est  1.008  1.008  0.000
44   f1 =~  y1     2  est  0.789  0.789  0.000
45   f1 =~  y2     2  est  0.891  0.891  0.000
46   f1 =~  y3     2  est  0.816  0.816  0.000
47   f1 =~  y4     2  est  0.826  0.826  0.000
48   f1 =~  y5     2  est  0.901  0.901  0.000
49   f1 =~  y6     2  est -0.034 -0.041  0.007
50   f1 =~  y7     2  est  0.013  0.008  0.005
51   f1 =~  y8     2  est  0.058  0.052  0.006
52   f1 =~  y9     2  est  0.055  0.049  0.006
53   f1 =~ y10     2  est -0.048 -0.054  0.006
54   f2 =~  y1     2  est  0.024  0.024  0.000
55   f2 =~  y2     2  est -0.028 -0.029  0.001
56   f2 =~  y3     2  est  0.006  0.006  0.000
57   f2 =~  y4     2  est  0.052  0.052  0.000
58   f2 =~  y5     2  est -0.016 -0.016  0.000
59   f2 =~  y6     2  est  0.823  0.826 -0.003
60   f2 =~  y7     2  est  0.700  0.703 -0.003
61   f2 =~  y8     2  est  0.770  0.773 -0.003
62   f2 =~  y9     2  est  0.682  0.684 -0.002
63   f2 =~ y10     2  est  0.752  0.755 -0.003
64   y1 ~~  y1     2  est  2.130  2.130  0.000
65   y2 ~~  y2     2  est  1.856  1.856  0.000
66   y3 ~~  y3     2  est  2.251  2.251  0.000
67   y4 ~~  y4     2  est  2.124  2.123  0.001
68   y5 ~~  y5     2  est  2.063  2.063  0.000
69   y6 ~~  y6     2  est  1.904  1.904  0.000
70   y7 ~~  y7     2  est  2.221  2.221  0.000
71   y8 ~~  y8     2  est  1.984  1.984  0.000
72   y9 ~~  y9     2  est  2.052  2.052  0.000
73  y10 ~~ y10     2  est  2.142  2.142  0.000
74   f1 ~~  f1     2  est  1.249  1.249  0.000
75   f2 ~~  f2     2  est  2.610  2.605  0.005
76   f1 ~~  f2     2  est  0.956  0.963 -0.007
77   y1 ~1         2  est  1.263  1.263  0.000
78   y2 ~1         2  est  1.319  1.319  0.000
79   y3 ~1         2  est  1.303  1.303  0.000
80   y4 ~1         2  est  1.349  1.349  0.000
81   y5 ~1         2  est  1.333  1.333  0.000
82   y6 ~1         2  est  1.673  1.673  0.000
83   y7 ~1         2  est  1.603  1.603  0.000
84   y8 ~1         2  est  1.624  1.624  0.000
85   y9 ~1         2  est  1.528  1.528  0.000
86  y10 ~1         2  est  1.603  1.603  0.000
87   f1 =~  y1     1   se  0.059  0.062 -0.003
88   f1 =~  y2     1   se  0.059  0.062 -0.003
89   f1 =~  y3     1   se  0.056  0.053  0.003
90   f1 =~  y4     1   se  0.061  0.064 -0.003
91   f1 =~  y5     1   se  0.060  0.061 -0.001
92   f1 =~  y6     1   se  0.040  0.073 -0.033
93   f1 =~  y7     1   se  0.041  0.010  0.031
94   f1 =~  y8     1   se  0.058  0.076 -0.018
95   f1 =~  y9     1   se  0.055  0.072 -0.017
96   f1 =~ y10     1   se  0.052  0.073 -0.021
97   f2 =~  y1     1   se  0.041  0.052 -0.011
98   f2 =~  y2     1   se  0.039  0.052 -0.013
99   f2 =~  y3     1   se  0.034  0.017  0.017
100  f2 =~  y4     1   se  0.046  0.054 -0.008
101  f2 =~  y5     1   se  0.036  0.046 -0.010
102  f2 =~  y6     1   se  0.052  0.060 -0.008
103  f2 =~  y7     1   se  0.052  0.048  0.004
104  f2 =~  y8     1   se  0.057  0.062 -0.005
105  f2 =~  y9     1   se  0.054  0.059 -0.005
106  f2 =~ y10     1   se  0.054  0.060 -0.006
107  y1 ~~  y1     1   se  0.074  0.074  0.000
108  y2 ~~  y2     1   se  0.073  0.073  0.000
109  y3 ~~  y3     1   se  0.068  0.068  0.000
110  y4 ~~  y4     1   se  0.078  0.078  0.000
111  y5 ~~  y5     1   se  0.075  0.075  0.000
112  y6 ~~  y6     1   se  0.074  0.074  0.000
113  y7 ~~  y7     1   se  0.083  0.083  0.000
114  y8 ~~  y8     1   se  0.090  0.090  0.000
115  y9 ~~  y9     1   se  0.077  0.077  0.000
116 y10 ~~ y10     1   se  0.083  0.083  0.000
117  f1 ~~  f1     1   se  0.000  0.000  0.000
118  f2 ~~  f2     1   se  0.000  0.000  0.000
119  f1 ~~  f2     1   se  0.051  0.070 -0.019
120  y1 ~1         1   se  0.057  0.057  0.000
121  y2 ~1         1   se  0.057  0.057  0.000
122  y3 ~1         1   se  0.055  0.055  0.000
123  y4 ~1         1   se  0.059  0.059  0.000
124  y5 ~1         1   se  0.059  0.059  0.000
125  y6 ~1         1   se  0.055  0.055  0.000
126  y7 ~1         1   se  0.057  0.057  0.000
127  y8 ~1         1   se  0.061  0.061  0.000
128  y9 ~1         1   se  0.055  0.055  0.000
129 y10 ~1         1   se  0.057  0.057  0.000
130  f1 =~  y1     2   se  0.059  0.062 -0.003
131  f1 =~  y2     2   se  0.059  0.062 -0.003
132  f1 =~  y3     2   se  0.056  0.053  0.003
133  f1 =~  y4     2   se  0.061  0.064 -0.003
134  f1 =~  y5     2   se  0.060  0.061 -0.001
135  f1 =~  y6     2   se  0.040  0.073 -0.033
136  f1 =~  y7     2   se  0.041  0.010  0.031
137  f1 =~  y8     2   se  0.058  0.076 -0.018
138  f1 =~  y9     2   se  0.055  0.072 -0.017
139  f1 =~ y10     2   se  0.052  0.073 -0.021
140  f2 =~  y1     2   se  0.041  0.052 -0.011
141  f2 =~  y2     2   se  0.039  0.052 -0.013
142  f2 =~  y3     2   se  0.034  0.017  0.017
143  f2 =~  y4     2   se  0.046  0.054 -0.008
144  f2 =~  y5     2   se  0.036  0.046 -0.010
145  f2 =~  y6     2   se  0.052  0.060 -0.008
146  f2 =~  y7     2   se  0.052  0.048  0.004
147  f2 =~  y8     2   se  0.057  0.062 -0.005
148  f2 =~  y9     2   se  0.054  0.059 -0.005
149  f2 =~ y10     2   se  0.054  0.060 -0.006
150  y1 ~~  y1     2   se  0.155  0.155  0.000
151  y2 ~~  y2     2   se  0.144  0.144  0.000
152  y3 ~~  y3     2   se  0.165  0.165  0.000
153  y4 ~~  y4     2   se  0.157  0.157  0.000
154  y5 ~~  y5     2   se  0.158  0.158  0.000
155  y6 ~~  y6     2   se  0.160  0.160  0.000
156  y7 ~~  y7     2   se  0.165  0.165  0.000
157  y8 ~~  y8     2   se  0.160  0.160  0.000
158  y9 ~~  y9     2   se  0.152  0.152  0.000
159 y10 ~~ y10     2   se  0.166  0.166  0.000
160  f1 ~~  f1     2   se  0.154  0.155 -0.001
161  f2 ~~  f2     2   se  0.314  0.315 -0.001
162  f1 ~~  f2     2   se  0.136  0.156 -0.020
163  y1 ~1         2   se  0.077  0.077  0.000
164  y2 ~1         2   se  0.075  0.075  0.000
165  y3 ~1         2   se  0.079  0.079  0.000
166  y4 ~1         2   se  0.078  0.078  0.000
167  y5 ~1         2   se  0.078  0.078  0.000
168  y6 ~1         2   se  0.085  0.085  0.000
169  y7 ~1         2   se  0.084  0.084  0.000
170  y8 ~1         2   se  0.085  0.085  0.000
171  y9 ~1         2   se  0.082  0.082  0.000
172 y10 ~1         2   se  0.084  0.084  0.000

                            fit        lav        mpl  delta
1                          npar     62.000     62.000  0.000
2                          fmin      0.039         NA     NA
3                         chisq     77.687     77.687  0.000
4                            df     68.000     68.000  0.000
5                        pvalue      0.197      0.198 -0.001
6                baseline.chisq   2205.576   2205.576  0.000
7                   baseline.df     90.000     90.000  0.000
8               baseline.pvalue      0.000      0.000  0.000
9                           cfi      0.995      0.995  0.000
10                          tli      0.994      0.994  0.000
11                   cfi.robust      0.995         NA     NA
12                   tli.robust      0.994         NA     NA
13                         nnfi      0.994         NA     NA
14                          rfi      0.953         NA     NA
15                          nfi      0.965         NA     NA
16                         pnfi      0.729         NA     NA
17                          ifi      0.995         NA     NA
18                          rni      0.995         NA     NA
19                  nnfi.robust      0.994         NA     NA
20                   rni.robust      0.995         NA     NA
21                         logl -17307.524 -17307.524  0.000
22            unrestricted.logl -17268.681 -17268.681  0.000
23                          aic  34739.048  34739.048  0.000
24                          bic  35043.329  35043.329  0.000
25                         bic2  34846.414  34846.414  0.000
26                        rmsea      0.017      0.017  0.000
27               rmsea.ci.lower      0.000      0.000  0.000
28               rmsea.ci.upper      0.032      0.032  0.000
29               rmsea.ci.level      0.900         NA     NA
30                 rmsea.pvalue      1.000      1.000  0.000
31               rmsea.close.h0      0.050         NA     NA
32        rmsea.notclose.pvalue      0.000         NA     NA
33            rmsea.notclose.h0      0.080         NA     NA
34                 rmsea.robust      0.017         NA     NA
35        rmsea.ci.lower.robust      0.000         NA     NA
36        rmsea.ci.upper.robust      0.032         NA     NA
37          rmsea.pvalue.robust      1.000         NA     NA
38 rmsea.notclose.pvalue.robust      0.000         NA     NA
39                          rmr      0.066         NA     NA
40                   rmr_nomean      0.072         NA     NA
41                         srmr      0.026      0.026  0.000
42                 srmr_bentler      0.027         NA     NA
43          srmr_bentler_nomean      0.029         NA     NA
44                         crmr      0.027         NA     NA
45                  crmr_nomean      0.029         NA     NA
46                   srmr_mplus      0.026         NA     NA
47            srmr_mplus_nomean      0.028         NA     NA
48                        cn_05   1136.976         NA     NA
49                        cn_01   1262.844         NA     NA
50                          gfi      0.989         NA     NA
51                         agfi      0.979         NA     NA
52                         pgfi      0.517         NA     NA
53                          mfi      0.995         NA     NA
54                         ecvi      0.202         NA     NA
