# lavaan TESTsuite -- lavaan version  0.6-18 
# date:  Wed Jan 17 15:27:52 2024 
# file:  ex5.6.out 

    lhs op rhs group        type    lav    mpl delta
1    f1 =~  y1     1         est  1.000  1.000     0
2    f1 =~  y2     1         est  0.760  0.760     0
3    f1 =~  y3     1         est  0.669  0.669     0
4    f2 =~  y4     1         est  1.000  1.000     0
5    f2 =~  y5     1         est  0.718  0.718     0
6    f2 =~  y6     1         est  0.703  0.703     0
7    f3 =~  y7     1         est  1.000  1.000     0
8    f3 =~  y8     1         est  0.702  0.702     0
9    f3 =~  y9     1         est  0.691  0.691     0
10   f4 =~ y10     1         est  1.000  1.000     0
11   f4 =~ y11     1         est  0.742  0.742     0
12   f4 =~ y12     1         est  0.669  0.669     0
13   f5 =~  f1     1         est  1.000  1.000     0
14   f5 =~  f2     1         est  0.944  0.944     0
15   f5 =~  f3     1         est  1.168  1.168     0
16   f5 =~  f4     1         est  0.854  0.854     0
17   y1 ~~  y1     1         est  0.348  0.348     0
18   y2 ~~  y2     1         est  0.251  0.251     0
19   y3 ~~  y3     1         est  0.320  0.320     0
20   y4 ~~  y4     1         est  0.366  0.366     0
21   y5 ~~  y5     1         est  0.268  0.268     0
22   y6 ~~  y6     1         est  0.330  0.330     0
23   y7 ~~  y7     1         est  0.272  0.272     0
24   y8 ~~  y8     1         est  0.282  0.282     0
25   y9 ~~  y9     1         est  0.276  0.276     0
26  y10 ~~ y10     1         est  0.362  0.362     0
27  y11 ~~ y11     1         est  0.266  0.266     0
28  y12 ~~ y12     1         est  0.323  0.323     0
29   f1 ~~  f1     1         est  0.913  0.913     0
30   f2 ~~  f2     1         est  1.036  1.036     0
31   f3 ~~  f3     1         est  0.984  0.984     0
32   f4 ~~  f4     1         est  1.213  1.213     0
33   f5 ~~  f5     1         est  0.464  0.464     0
34   y1 ~1         1         est  0.011  0.011     0
35   y2 ~1         1         est  0.028  0.028     0
36   y3 ~1         1         est  0.005  0.005     0
37   y4 ~1         1         est  0.100  0.100     0
38   y5 ~1         1         est  0.078  0.078     0
39   y6 ~1         1         est  0.076  0.076     0
40   y7 ~1         1         est  0.024  0.024     0
41   y8 ~1         1         est  0.025  0.025     0
42   y9 ~1         1         est  0.034  0.034     0
43  y10 ~1         1         est -0.016 -0.016     0
44  y11 ~1         1         est  0.010  0.010     0
45  y12 ~1         1         est  0.006  0.006     0
46   f1 =~  y1     1          se  0.000  0.000     0
47   f1 =~  y2     1          se  0.031  0.031     0
48   f1 =~  y3     1          se  0.030  0.030     0
49   f2 =~  y4     1          se  0.000  0.000     0
50   f2 =~  y5     1          se  0.030  0.030     0
51   f2 =~  y6     1          se  0.031  0.031     0
52   f3 =~  y7     1          se  0.000  0.000     0
53   f3 =~  y8     1          se  0.026  0.026     0
54   f3 =~  y9     1          se  0.026  0.026     0
55   f4 =~ y10     1          se  0.000  0.000     0
56   f4 =~ y11     1          se  0.029  0.029     0
57   f4 =~ y12     1          se  0.029  0.029     0
58   f5 =~  f1     1          se  0.000  0.000     0
59   f5 =~  f2     1          se  0.148  0.148     0
60   f5 =~  f3     1          se  0.179  0.179     0
61   f5 =~  f4     1          se  0.139  0.139     0
62   y1 ~~  y1     1          se  0.043  0.043     0
63   y2 ~~  y2     1          se  0.027  0.027     0
64   y3 ~~  y3     1          se  0.026  0.026     0
65   y4 ~~  y4     1          se  0.045  0.045     0
66   y5 ~~  y5     1          se  0.026  0.026     0
67   y6 ~~  y6     1          se  0.028  0.028     0
68   y7 ~~  y7     1          se  0.038  0.038     0
69   y8 ~~  y8     1          se  0.025  0.025     0
70   y9 ~~  y9     1          se  0.024  0.024     0
71  y10 ~~ y10     1          se  0.045  0.045     0
72  y11 ~~ y11     1          se  0.027  0.027     0
73  y12 ~~ y12     1          se  0.027  0.027     0
74   f1 ~~  f1     1          se  0.103  0.103     0
75   f2 ~~  f2     1          se  0.107  0.107     0
76   f3 ~~  f3     1          se  0.119  0.119     0
77   f4 ~~  f4     1          se  0.115  0.115     0
78   f5 ~~  f5     1          se  0.100  0.100     0
79   y1 ~1         1          se  0.059  0.059     0
80   y2 ~1         1          se  0.046  0.046     0
81   y3 ~1         1          se  0.043  0.043     0
82   y4 ~1         1          se  0.060  0.060     0
83   y5 ~1         1          se  0.045  0.045     0
84   y6 ~1         1          se  0.046  0.046     0
85   y7 ~1         1          se  0.061  0.061     0
86   y8 ~1         1          se  0.046  0.046     0
87   y9 ~1         1          se  0.046  0.046     0
88  y10 ~1         1          se  0.062  0.062     0
89  y11 ~1         1          se  0.047  0.047     0
90  y12 ~1         1          se  0.045  0.045     0
91   f1 =~  y1     1     est.std  1.174  1.174     0
92   f1 =~  y2     1     est.std  0.892  0.892     0
93   f1 =~  y3     1     est.std  0.785  0.785     0
94   f2 =~  y4     1     est.std  1.204  1.204     0
95   f2 =~  y5     1     est.std  0.864  0.864     0
96   f2 =~  y6     1     est.std  0.847  0.847     0
97   f3 =~  y7     1     est.std  1.272  1.272     0
98   f3 =~  y8     1     est.std  0.893  0.893     0
99   f3 =~  y9     1     est.std  0.879  0.879     0
100  f4 =~ y10     1     est.std  1.245  1.245     0
101  f4 =~ y11     1     est.std  0.924  0.924     0
102  f4 =~ y12     1     est.std  0.834  0.834     0
103  f5 =~  f1     1     est.std  0.580  0.580     0
104  f5 =~  f2     1     est.std  0.534  0.534     0
105  f5 =~  f3     1     est.std  0.626  0.626     0
106  f5 =~  f4     1     est.std  0.467  0.467     0
107  y1 ~~  y1     1     est.std  0.348  0.348     0
108  y2 ~~  y2     1     est.std  0.251  0.251     0
109  y3 ~~  y3     1     est.std  0.320  0.320     0
110  y4 ~~  y4     1     est.std  0.366  0.366     0
111  y5 ~~  y5     1     est.std  0.268  0.268     0
112  y6 ~~  y6     1     est.std  0.330  0.330     0
113  y7 ~~  y7     1     est.std  0.272  0.272     0
114  y8 ~~  y8     1     est.std  0.282  0.282     0
115  y9 ~~  y9     1     est.std  0.276  0.276     0
116 y10 ~~ y10     1     est.std  0.362  0.362     0
117 y11 ~~ y11     1     est.std  0.266  0.266     0
118 y12 ~~ y12     1     est.std  0.323  0.323     0
119  f1 ~~  f1     1     est.std  0.663  0.663     0
120  f2 ~~  f2     1     est.std  0.714  0.714     0
121  f3 ~~  f3     1     est.std  0.609  0.609     0
122  f4 ~~  f4     1     est.std  0.782  0.782     0
123  f5 ~~  f5     1     est.std  1.000  1.000     0
124  y1 ~1         1     est.std  0.011  0.011     0
125  y2 ~1         1     est.std  0.028  0.028     0
126  y3 ~1         1     est.std  0.005  0.005     0
127  y4 ~1         1     est.std  0.100  0.100     0
128  y5 ~1         1     est.std  0.078  0.078     0
129  y6 ~1         1     est.std  0.076  0.076     0
130  y7 ~1         1     est.std  0.024  0.024     0
131  y8 ~1         1     est.std  0.025  0.025     0
132  y9 ~1         1     est.std  0.034  0.034     0
133 y10 ~1         1     est.std -0.016 -0.016     0
134 y11 ~1         1     est.std  0.010  0.010     0
135 y12 ~1         1     est.std  0.006  0.006     0
136  f1 =~  y1     1 est.std.all  0.894  0.894     0
137  f1 =~  y2     1 est.std.all  0.872  0.872     0
138  f1 =~  y3     1 est.std.all  0.811  0.811     0
139  f2 =~  y4     1 est.std.all  0.894  0.894     0
140  f2 =~  y5     1 est.std.all  0.858  0.858     0
141  f2 =~  y6     1 est.std.all  0.828  0.828     0
142  f3 =~  y7     1 est.std.all  0.925  0.925     0
143  f3 =~  y8     1 est.std.all  0.859  0.859     0
144  f3 =~  y9     1 est.std.all  0.858  0.858     0
145  f4 =~ y10     1 est.std.all  0.900  0.900     0
146  f4 =~ y11     1 est.std.all  0.873  0.873     0
147  f4 =~ y12     1 est.std.all  0.826  0.826     0
148  f5 =~  f1     1 est.std.all  0.580  0.580     0
149  f5 =~  f2     1 est.std.all  0.534  0.534     0
150  f5 =~  f3     1 est.std.all  0.626  0.626     0
151  f5 =~  f4     1 est.std.all  0.467  0.467     0
152  y1 ~~  y1     1 est.std.all  0.202  0.202     0
153  y2 ~~  y2     1 est.std.all  0.240  0.240     0
154  y3 ~~  y3     1 est.std.all  0.342  0.342     0
155  y4 ~~  y4     1 est.std.all  0.201  0.201     0
156  y5 ~~  y5     1 est.std.all  0.264  0.264     0
157  y6 ~~  y6     1 est.std.all  0.315  0.315     0
158  y7 ~~  y7     1 est.std.all  0.144  0.144     0
159  y8 ~~  y8     1 est.std.all  0.261  0.261     0
160  y9 ~~  y9     1 est.std.all  0.263  0.263     0
161 y10 ~~ y10     1 est.std.all  0.189  0.189     0
162 y11 ~~ y11     1 est.std.all  0.238  0.238     0
163 y12 ~~ y12     1 est.std.all  0.317  0.317     0
164  f1 ~~  f1     1 est.std.all  0.663  0.663     0
165  f2 ~~  f2     1 est.std.all  0.714  0.714     0
166  f3 ~~  f3     1 est.std.all  0.609  0.609     0
167  f4 ~~  f4     1 est.std.all  0.782  0.782     0
168  f5 ~~  f5     1 est.std.all  1.000  1.000     0
169  y1 ~1         1 est.std.all  0.008  0.008     0
170  y2 ~1         1 est.std.all  0.028  0.028     0
171  y3 ~1         1 est.std.all  0.005  0.005     0
172  y4 ~1         1 est.std.all  0.074  0.074     0
173  y5 ~1         1 est.std.all  0.077  0.077     0
174  y6 ~1         1 est.std.all  0.075  0.075     0
175  y7 ~1         1 est.std.all  0.017  0.017     0
176  y8 ~1         1 est.std.all  0.024  0.024     0
177  y9 ~1         1 est.std.all  0.033  0.033     0
178 y10 ~1         1 est.std.all -0.012 -0.012     0
179 y11 ~1         1 est.std.all  0.009  0.009     0
180 y12 ~1         1 est.std.all  0.006  0.006     0
181  f1 =~  y1     1 est.std.nox  0.894  0.894     0
182  f1 =~  y2     1 est.std.nox  0.872  0.872     0
183  f1 =~  y3     1 est.std.nox  0.811  0.811     0
184  f2 =~  y4     1 est.std.nox  0.894  0.894     0
185  f2 =~  y5     1 est.std.nox  0.858  0.858     0
186  f2 =~  y6     1 est.std.nox  0.828  0.828     0
187  f3 =~  y7     1 est.std.nox  0.925  0.925     0
188  f3 =~  y8     1 est.std.nox  0.859  0.859     0
189  f3 =~  y9     1 est.std.nox  0.858  0.858     0
190  f4 =~ y10     1 est.std.nox  0.900  0.900     0
191  f4 =~ y11     1 est.std.nox  0.873  0.873     0
192  f4 =~ y12     1 est.std.nox  0.826  0.826     0
193  f5 =~  f1     1 est.std.nox  0.580  0.580     0
194  f5 =~  f2     1 est.std.nox  0.534  0.534     0
195  f5 =~  f3     1 est.std.nox  0.626  0.626     0
196  f5 =~  f4     1 est.std.nox  0.467  0.467     0
197  y1 ~~  y1     1 est.std.nox  0.202  0.202     0
198  y2 ~~  y2     1 est.std.nox  0.240  0.240     0
199  y3 ~~  y3     1 est.std.nox  0.342  0.342     0
200  y4 ~~  y4     1 est.std.nox  0.201  0.201     0
201  y5 ~~  y5     1 est.std.nox  0.264  0.264     0
202  y6 ~~  y6     1 est.std.nox  0.315  0.315     0
203  y7 ~~  y7     1 est.std.nox  0.144  0.144     0
204  y8 ~~  y8     1 est.std.nox  0.261  0.261     0
205  y9 ~~  y9     1 est.std.nox  0.263  0.263     0
206 y10 ~~ y10     1 est.std.nox  0.189  0.189     0
207 y11 ~~ y11     1 est.std.nox  0.238  0.238     0
208 y12 ~~ y12     1 est.std.nox  0.317  0.317     0
209  f1 ~~  f1     1 est.std.nox  0.663  0.663     0
210  f2 ~~  f2     1 est.std.nox  0.714  0.714     0
211  f3 ~~  f3     1 est.std.nox  0.609  0.609     0
212  f4 ~~  f4     1 est.std.nox  0.782  0.782     0
213  f5 ~~  f5     1 est.std.nox  1.000  1.000     0
214  y1 ~1         1 est.std.nox  0.008  0.008     0
215  y2 ~1         1 est.std.nox  0.028  0.028     0
216  y3 ~1         1 est.std.nox  0.005  0.005     0
217  y4 ~1         1 est.std.nox  0.074  0.074     0
218  y5 ~1         1 est.std.nox  0.077  0.077     0
219  y6 ~1         1 est.std.nox  0.075  0.075     0
220  y7 ~1         1 est.std.nox  0.017  0.017     0
221  y8 ~1         1 est.std.nox  0.024  0.024     0
222  y9 ~1         1 est.std.nox  0.033  0.033     0
223 y10 ~1         1 est.std.nox -0.012 -0.012     0
224 y11 ~1         1 est.std.nox  0.009  0.009     0
225 y12 ~1         1 est.std.nox  0.006  0.006     0

                            fit       lav       mpl delta
1                          npar    40.000    40.000     0
2                          fmin     0.047        NA    NA
3                         chisq    46.743    46.743     0
4                            df    50.000    50.000     0
5                        pvalue     0.605     0.605     0
6                baseline.chisq  4012.035  4012.035     0
7                   baseline.df    66.000    66.000     0
8               baseline.pvalue     0.000     0.000     0
9                           cfi     1.000     1.000     0
10                          tli     1.001     1.001     0
11                   cfi.robust     1.000        NA    NA
12                   tli.robust     1.001        NA    NA
13                         nnfi     1.001        NA    NA
14                          rfi     0.985        NA    NA
15                          nfi     0.988        NA    NA
16                         pnfi     0.749        NA    NA
17                          ifi     1.001        NA    NA
18                          rni     1.001        NA    NA
19                  nnfi.robust     1.001        NA    NA
20                   rni.robust     1.001        NA    NA
21                         logl -7211.373 -7211.373     0
22            unrestricted.logl -7188.001 -7188.001     0
23                          aic 14502.746 14502.746     0
24                          bic 14671.330 14671.330     0
25                         bic2 14544.368 14544.368     0
26                        rmsea     0.000     0.000     0
27               rmsea.ci.lower     0.000     0.000     0
28               rmsea.ci.upper     0.026     0.026     0
29               rmsea.ci.level     0.900        NA    NA
30                 rmsea.pvalue     1.000     1.000     0
31               rmsea.close.h0     0.050        NA    NA
32        rmsea.notclose.pvalue     0.000        NA    NA
33            rmsea.notclose.h0     0.080        NA    NA
34                 rmsea.robust     0.000        NA    NA
35        rmsea.ci.lower.robust     0.000        NA    NA
36        rmsea.ci.upper.robust     0.026        NA    NA
37          rmsea.pvalue.robust     1.000        NA    NA
38 rmsea.notclose.pvalue.robust     0.000        NA    NA
39                          rmr     0.022        NA    NA
40                   rmr_nomean     0.024        NA    NA
41                         srmr     0.019     0.019     0
42                 srmr_bentler     0.019        NA    NA
43          srmr_bentler_nomean     0.020        NA    NA
44                         crmr     0.020        NA    NA
45                  crmr_nomean     0.022        NA    NA
46                   srmr_mplus     0.019        NA    NA
47            srmr_mplus_nomean     0.020        NA    NA
48                        cn_05   723.081        NA    NA
49                        cn_01   815.598        NA    NA
50                          gfi     0.985        NA    NA
51                         agfi     0.973        NA    NA
52                         pgfi     0.547        NA    NA
53                          mfi     1.003        NA    NA
54                         ecvi     0.253        NA    NA
