# lavaan TESTsuite -- lavaan version  0.6-18 
# date:  Wed Jan 17 15:26:13 2024 
# file:  ex5.25.out 

    lhs op rhs group type    lav    mpl  delta
1    f1 =~  y1     1  est  0.753  0.751  0.002
2    f1 =~  y2     1  est  0.860  0.858  0.002
3    f1 =~  y3     1  est  0.738  0.736  0.002
4    f1 =~  y4     1  est  0.038  0.036  0.002
5    f1 =~  y5     1  est -0.027 -0.028  0.001
6    f1 =~  y6     1  est  0.003  0.002  0.001
7    f2 =~  y1     1  est  0.030  0.034 -0.004
8    f2 =~  y2     1  est -0.007 -0.002 -0.005
9    f2 =~  y3     1  est -0.011 -0.008 -0.003
10   f2 =~  y4     1  est  0.762  0.763 -0.001
11   f2 =~  y5     1  est  0.810  0.810  0.000
12   f2 =~  y6     1  est  0.802  0.802  0.000
13   f3 =~  y7     1  est  1.000  1.000  0.000
14   f3 =~  y8     1  est  0.894  0.894  0.000
15   f3 =~  y9     1  est  0.902  0.902  0.000
16   f4 =~ y10     1  est  1.000  1.000  0.000
17   f4 =~ y11     1  est  0.734  0.734  0.000
18   f4 =~ y12     1  est  0.684  0.684  0.000
19   f3  ~  f1     1  est  0.496  0.493  0.003
20   f3  ~  f2     1  est  0.718  0.721 -0.003
21   f4  ~  f3     1  est  0.546  0.546  0.000
22   y1 ~~  y1     1  est  0.376  0.376  0.000
23   y2 ~~  y2     1  est  0.290  0.290  0.000
24   y3 ~~  y3     1  est  0.406  0.406  0.000
25   y4 ~~  y4     1  est  0.408  0.408  0.000
26   y5 ~~  y5     1  est  0.329  0.329  0.000
27   y6 ~~  y6     1  est  0.393  0.393  0.000
28   y7 ~~  y7     1  est  0.183  0.183  0.000
29   y8 ~~  y8     1  est  0.191  0.191  0.000
30   y9 ~~  y9     1  est  0.181  0.181  0.000
31  y10 ~~ y10     1  est  0.240  0.240  0.000
32  y11 ~~ y11     1  est  0.183  0.183  0.000
33  y12 ~~ y12     1  est  0.213  0.213  0.000
34   f1 ~~  f1     1  est  1.000  1.000  0.000
35   f2 ~~  f2     1  est  1.000  1.000  0.000
36   f3 ~~  f3     1  est  0.527  0.527  0.000
37   f4 ~~  f4     1  est  0.565  0.565  0.000
38   f1 ~~  f2     1  est  0.482  0.479  0.003
39   y1 ~1         1  est  0.008  0.008  0.000
40   y2 ~1         1  est  0.031  0.031  0.000
41   y3 ~1         1  est  0.006  0.006  0.000
42   y4 ~1         1  est  0.075  0.075  0.000
43   y5 ~1         1  est  0.070  0.070  0.000
44   y6 ~1         1  est  0.070  0.070  0.000
45   y7 ~1         1  est  0.059  0.059  0.000
46   y8 ~1         1  est  0.061  0.061  0.000
47   y9 ~1         1  est  0.069  0.069  0.000
48  y10 ~1         1  est  0.009  0.009  0.000
49  y11 ~1         1  est  0.024  0.024  0.000
50  y12 ~1         1  est  0.021  0.021  0.000
51   f1 =~  y1     1   se  0.046  0.048 -0.002
52   f1 =~  y2     1   se  0.043  0.042  0.001
53   f1 =~  y3     1   se  0.044  0.045 -0.001
54   f1 =~  y4     1   se  0.041  0.051 -0.010
55   f1 =~  y5     1   se  0.033  0.049 -0.016
56   f1 =~  y6     1   se  0.020  0.004  0.016
57   f2 =~  y1     1   se  0.038  0.045 -0.007
58   f2 =~  y2     1   se  0.023  0.016  0.007
59   f2 =~  y3     1   se  0.030  0.035 -0.005
60   f2 =~  y4     1   se  0.047  0.050 -0.003
61   f2 =~  y5     1   se  0.044  0.048 -0.004
62   f2 =~  y6     1   se  0.043  0.041  0.002
63   f3 =~  y7     1   se  0.000  0.000  0.000
64   f3 =~  y8     1   se  0.021  0.021  0.000
65   f3 =~  y9     1   se  0.021  0.021  0.000
66   f4 =~ y10     1   se  0.000  0.000  0.000
67   f4 =~ y11     1   se  0.028  0.028  0.000
68   f4 =~ y12     1   se  0.028  0.028  0.000
69   f3  ~  f1     1   se  0.054  0.058 -0.004
70   f3  ~  f2     1   se  0.055  0.057 -0.002
71   f4  ~  f3     1   se  0.032  0.032  0.000
72   y1 ~~  y1     1   se  0.034  0.034  0.000
73   y2 ~~  y2     1   se  0.035  0.035  0.000
74   y3 ~~  y3     1   se  0.034  0.034  0.000
75   y4 ~~  y4     1   se  0.035  0.035  0.000
76   y5 ~~  y5     1   se  0.033  0.033  0.000
77   y6 ~~  y6     1   se  0.035  0.035  0.000
78   y7 ~~  y7     1   se  0.019  0.019  0.000
79   y8 ~~  y8     1   se  0.017  0.017  0.000
80   y9 ~~  y9     1   se  0.017  0.017  0.000
81  y10 ~~ y10     1   se  0.027  0.027  0.000
82  y11 ~~ y11     1   se  0.017  0.017  0.000
83  y12 ~~ y12     1   se  0.018  0.018  0.000
84   f1 ~~  f1     1   se  0.000  0.000  0.000
85   f2 ~~  f2     1   se  0.000  0.000  0.000
86   f3 ~~  f3     1   se  0.049  0.049  0.000
87   f4 ~~  f4     1   se  0.049  0.049  0.000
88   f1 ~~  f2     1   se  0.045  0.053 -0.008
89   y1 ~1         1   se  0.044  0.044  0.000
90   y2 ~1         1   se  0.045  0.045  0.000
91   y3 ~1         1   se  0.043  0.043  0.000
92   y4 ~1         1   se  0.045  0.045  0.000
93   y5 ~1         1   se  0.044  0.044  0.000
94   y6 ~1         1   se  0.046  0.046  0.000
95   y7 ~1         1   se  0.060  0.060  0.000
96   y8 ~1         1   se  0.055  0.055  0.000
97   y9 ~1         1   se  0.055  0.055  0.000
98  y10 ~1         1   se  0.051  0.051  0.000
99  y11 ~1         1   se  0.039  0.039  0.000
100 y12 ~1         1   se  0.038  0.038  0.000

                            fit       lav       mpl delta
1                          npar    44.000    44.000     0
2                          fmin     0.051        NA    NA
3                         chisq    51.353    51.353     0
4                            df    46.000    46.000     0
5                        pvalue     0.272     0.272     0
6                baseline.chisq  4600.240  4600.240     0
7                   baseline.df    66.000    66.000     0
8               baseline.pvalue     0.000     0.000     0
9                           cfi     0.999     0.999     0
10                          tli     0.998     0.998     0
11                   cfi.robust     0.999        NA    NA
12                   tli.robust     0.998        NA    NA
13                         nnfi     0.998        NA    NA
14                          rfi     0.984        NA    NA
15                          nfi     0.989        NA    NA
16                         pnfi     0.689        NA    NA
17                          ifi     0.999        NA    NA
18                          rni     0.999        NA    NA
19                  nnfi.robust     0.998        NA    NA
20                   rni.robust     0.999        NA    NA
21                         logl -6482.762 -6482.762     0
22            unrestricted.logl -6457.085 -6457.085     0
23                          aic 13053.524 13053.524     0
24                          bic 13238.966 13238.966     0
25                         bic2 13099.308 13099.308     0
26                        rmsea     0.015     0.015     0
27               rmsea.ci.lower     0.000     0.000     0
28               rmsea.ci.upper     0.034     0.034     0
29               rmsea.ci.level     0.900        NA    NA
30                 rmsea.pvalue     1.000     1.000     0
31               rmsea.close.h0     0.050        NA    NA
32        rmsea.notclose.pvalue     0.000        NA    NA
33            rmsea.notclose.h0     0.080        NA    NA
34                 rmsea.robust     0.015        NA    NA
35        rmsea.ci.lower.robust     0.000        NA    NA
36        rmsea.ci.upper.robust     0.034        NA    NA
37          rmsea.pvalue.robust     1.000        NA    NA
38 rmsea.notclose.pvalue.robust     0.000        NA    NA
39                          rmr     0.018        NA    NA
40                   rmr_nomean     0.019        NA    NA
41                         srmr     0.018     0.018     0
42                 srmr_bentler     0.018        NA    NA
43          srmr_bentler_nomean     0.019        NA    NA
44                         crmr     0.019        NA    NA
45                  crmr_nomean     0.021        NA    NA
46                   srmr_mplus     0.018        NA    NA
47            srmr_mplus_nomean     0.019        NA    NA
48                        cn_05   612.745        NA    NA
49                        cn_01   694.258        NA    NA
50                          gfi     0.984        NA    NA
51                         agfi     0.968        NA    NA
52                         pgfi     0.503        NA    NA
53                          mfi     0.995        NA    NA
54                         ecvi     0.279        NA    NA
