# lavaan TESTsuite -- lavaan version  0.6-18 
# date:  Wed Jan 17 15:26:44 2024 
# file:  ex5.27e.out 

    lhs op rhs group type    lav    mpl  delta
1    f1 =~  y1     1  est  0.846  0.848 -0.002
2    f1 =~  y2     1  est  0.964  0.967 -0.003
3    f1 =~  y3     1  est  0.865  0.867 -0.002
4    f1 =~  y4     1  est  0.887  0.888 -0.001
5    f1 =~  y5     1  est  0.960  0.962 -0.002
6    f1 =~  y6     1  est -0.030 -0.034  0.004
7    f1 =~  y7     1  est  0.010  0.006  0.004
8    f1 =~  y8     1  est  0.064  0.060  0.004
9    f1 =~  y9     1  est  0.048  0.044  0.004
10   f1 =~ y10     1  est -0.046 -0.050  0.004
11   f2 =~  y1     1  est  0.037  0.034  0.003
12   f2 =~  y2     1  est -0.066 -0.070  0.004
13   f2 =~  y3     1  est  0.013  0.009  0.004
14   f2 =~  y4     1  est  0.076  0.072  0.004
15   f2 =~  y5     1  est -0.019 -0.023  0.004
16   f2 =~  y6     1  est  1.102  1.105 -0.003
17   f2 =~  y7     1  est  0.957  0.959 -0.002
18   f2 =~  y8     1  est  1.028  1.029 -0.001
19   f2 =~  y9     1  est  0.935  0.937 -0.002
20   f2 =~ y10     1  est  1.006  1.008 -0.002
21   y1 ~~  y1     1  est  0.992  0.992  0.000
22   y2 ~~  y2     1  est  0.869  0.869  0.000
23   y3 ~~  y3     1  est  0.871  0.871  0.000
24   y4 ~~  y4     1  est  1.021  1.021  0.000
25   y5 ~~  y5     1  est  0.914  0.914  0.000
26   y6 ~~  y6     1  est  0.876  0.876  0.000
27   y7 ~~  y7     1  est  1.095  1.095  0.000
28   y8 ~~  y8     1  est  1.194  1.194  0.000
29   y9 ~~  y9     1  est  0.991  0.991  0.000
30  y10 ~~ y10     1  est  1.103  1.103  0.000
31   f1 ~~  f1     1  est  1.000  1.000  0.000
32   f2 ~~  f2     1  est  1.000  1.000  0.000
33   f1 ~~  f2     1  est  0.538  0.544 -0.006
34   y1 ~1         1  est  1.069  1.069  0.000
35   y2 ~1         1  est  1.225  1.225  0.000
36   y3 ~1         1  est  1.172  1.172  0.000
37   y4 ~1         1  est  1.131  1.131  0.000
38   y5 ~1         1  est  1.185  1.185  0.000
39   y6 ~1         1  est  1.273  1.273  0.000
40   y7 ~1         1  est  1.295  1.295  0.000
41   y8 ~1         1  est  1.352  1.352  0.000
42   y9 ~1         1  est  1.241  1.241  0.000
43  y10 ~1         1  est  1.281  1.281  0.000
44   f1 =~  y1     2  est  0.845  0.848 -0.003
45   f1 =~  y2     2  est  0.963  0.967 -0.004
46   f1 =~  y3     2  est  0.863  0.867 -0.004
47   f1 =~  y4     2  est  0.885  0.888 -0.003
48   f1 =~  y5     2  est  0.958  0.962 -0.004
49   f1 =~  y6     2  est -0.032 -0.034  0.002
50   f1 =~  y7     2  est  0.008  0.006  0.002
51   f1 =~  y8     2  est  0.062  0.060  0.002
52   f1 =~  y9     2  est  0.046  0.044  0.002
53   f1 =~ y10     2  est -0.048 -0.050  0.002
54   f2 =~  y1     2  est  0.040  0.034  0.006
55   f2 =~  y2     2  est -0.063 -0.070  0.007
56   f2 =~  y3     2  est  0.015  0.009  0.006
57   f2 =~  y4     2  est  0.078  0.072  0.006
58   f2 =~  y5     2  est -0.016 -0.023  0.007
59   f2 =~  y6     2  est  1.103  1.105 -0.002
60   f2 =~  y7     2  est  0.958  0.959 -0.001
61   f2 =~  y8     2  est  1.029  1.029  0.000
62   f2 =~  y9     2  est  0.936  0.937 -0.001
63   f2 =~ y10     2  est  1.006  1.008 -0.002
64   y1 ~~  y1     2  est  2.139  2.139  0.000
65   y2 ~~  y2     2  est  1.862  1.862  0.000
66   y3 ~~  y3     2  est  2.268  2.268  0.000
67   y4 ~~  y4     2  est  2.133  2.133  0.000
68   y5 ~~  y5     2  est  2.078  2.078  0.000
69   y6 ~~  y6     2  est  2.018  2.018  0.000
70   y7 ~~  y7     2  est  2.253  2.253  0.000
71   y8 ~~  y8     2  est  2.055  2.055  0.000
72   y9 ~~  y9     2  est  2.073  2.073  0.000
73  y10 ~~ y10     2  est  2.224  2.224  0.000
74   f1 ~~  f1     2  est  1.000  1.000  0.000
75   f2 ~~  f2     2  est  1.000  1.000  0.000
76   f1 ~~  f2     2  est  0.538  0.544 -0.006
77   y1 ~1         2  est  1.069  1.069  0.000
78   y2 ~1         2  est  1.225  1.225  0.000
79   y3 ~1         2  est  1.172  1.172  0.000
80   y4 ~1         2  est  1.131  1.131  0.000
81   y5 ~1         2  est  1.185  1.185  0.000
82   y6 ~1         2  est  1.273  1.273  0.000
83   y7 ~1         2  est  1.295  1.295  0.000
84   y8 ~1         2  est  1.352  1.352  0.000
85   y9 ~1         2  est  1.241  1.241  0.000
86  y10 ~1         2  est  1.281  1.281  0.000
87   f1 =~  y1     1   se  0.061  0.066 -0.005
88   f1 =~  y2     1   se  0.061  0.065 -0.004
89   f1 =~  y3     1   se  0.055  0.050  0.005
90   f1 =~  y4     1   se  0.064  0.068 -0.004
91   f1 =~  y5     1   se  0.057  0.062 -0.005
92   f1 =~  y6     1   se  0.045  0.078 -0.033
93   f1 =~  y7     1   se  0.043  0.009  0.034
94   f1 =~  y8     1   se  0.062  0.082 -0.020
95   f1 =~  y9     1   se  0.057  0.077 -0.020
96   f1 =~ y10     1   se  0.056  0.079 -0.023
97   f2 =~  y1     1   se  0.057  0.072 -0.015
98   f2 =~  y2     1   se  0.059  0.072 -0.013
99   f2 =~  y3     1   se  0.042  0.019  0.023
100  f2 =~  y4     1   se  0.064  0.074 -0.010
101  f2 =~  y5     1   se  0.043  0.064 -0.021
102  f2 =~  y6     1   se  0.061  0.071 -0.010
103  f2 =~  y7     1   se  0.061  0.054  0.007
104  f2 =~  y8     1   se  0.068  0.075 -0.007
105  f2 =~  y9     1   se  0.063  0.070 -0.007
106  f2 =~ y10     1   se  0.066  0.073 -0.007
107  y1 ~~  y1     1   se  0.074  0.074  0.000
108  y2 ~~  y2     1   se  0.073  0.073  0.000
109  y3 ~~  y3     1   se  0.068  0.068  0.000
110  y4 ~~  y4     1   se  0.078  0.078  0.000
111  y5 ~~  y5     1   se  0.074  0.074  0.000
112  y6 ~~  y6     1   se  0.075  0.075  0.000
113  y7 ~~  y7     1   se  0.083  0.083  0.000
114  y8 ~~  y8     1   se  0.090  0.090  0.000
115  y9 ~~  y9     1   se  0.076  0.076  0.000
116 y10 ~~ y10     1   se  0.084  0.084  0.000
117  f1 ~~  f1     1   se  0.000  0.000  0.000
118  f2 ~~  f2     1   se  0.000  0.000  0.000
119  f1 ~~  f2     1   se  0.038  0.056 -0.018
120  y1 ~1         1   se  0.046  0.046  0.000
121  y2 ~1         1   se  0.046  0.046  0.000
122  y3 ~1         1   se  0.046  0.046  0.000
123  y4 ~1         1   se  0.048  0.048  0.000
124  y5 ~1         1   se  0.047  0.047  0.000
125  y6 ~1         1   se  0.050  0.050  0.000
126  y7 ~1         1   se  0.049  0.049  0.000
127  y8 ~1         1   se  0.052  0.052  0.000
128  y9 ~1         1   se  0.048  0.048  0.000
129 y10 ~1         1   se  0.050  0.050  0.000
130  f1 =~  y1     2   se  0.061  0.066 -0.005
131  f1 =~  y2     2   se  0.061  0.065 -0.004
132  f1 =~  y3     2   se  0.055  0.050  0.005
133  f1 =~  y4     2   se  0.064  0.068 -0.004
134  f1 =~  y5     2   se  0.057  0.062 -0.005
135  f1 =~  y6     2   se  0.045  0.078 -0.033
136  f1 =~  y7     2   se  0.043  0.009  0.034
137  f1 =~  y8     2   se  0.062  0.082 -0.020
138  f1 =~  y9     2   se  0.057  0.077 -0.020
139  f1 =~ y10     2   se  0.056  0.079 -0.023
140  f2 =~  y1     2   se  0.057  0.072 -0.015
141  f2 =~  y2     2   se  0.059  0.072 -0.013
142  f2 =~  y3     2   se  0.042  0.019  0.023
143  f2 =~  y4     2   se  0.064  0.074 -0.010
144  f2 =~  y5     2   se  0.043  0.064 -0.021
145  f2 =~  y6     2   se  0.061  0.071 -0.010
146  f2 =~  y7     2   se  0.061  0.054  0.007
147  f2 =~  y8     2   se  0.068  0.075 -0.007
148  f2 =~  y9     2   se  0.063  0.070 -0.007
149  f2 =~ y10     2   se  0.066  0.073 -0.007
150  y1 ~~  y1     2   se  0.155  0.155  0.000
151  y2 ~~  y2     2   se  0.144  0.144  0.000
152  y3 ~~  y3     2   se  0.164  0.164  0.000
153  y4 ~~  y4     2   se  0.157  0.157  0.000
154  y5 ~~  y5     2   se  0.157  0.157  0.000
155  y6 ~~  y6     2   se  0.165  0.165  0.000
156  y7 ~~  y7     2   se  0.167  0.167  0.000
157  y8 ~~  y8     2   se  0.162  0.162  0.000
158  y9 ~~  y9     2   se  0.153  0.153  0.000
159 y10 ~~ y10     2   se  0.170  0.170  0.000
160  f1 ~~  f1     2   se  0.000  0.000  0.000
161  f2 ~~  f2     2   se  0.000  0.000  0.000
162  f1 ~~  f2     2   se  0.038  0.056 -0.018
163  y1 ~1         2   se  0.046  0.046  0.000
164  y2 ~1         2   se  0.046  0.046  0.000
165  y3 ~1         2   se  0.046  0.046  0.000
166  y4 ~1         2   se  0.048  0.048  0.000
167  y5 ~1         2   se  0.047  0.047  0.000
168  y6 ~1         2   se  0.050  0.050  0.000
169  y7 ~1         2   se  0.049  0.049  0.000
170  y8 ~1         2   se  0.052  0.052  0.000
171  y9 ~1         2   se  0.048  0.048  0.000
172 y10 ~1         2   se  0.050  0.050  0.000

                     fit        lav        mpl delta
1                   npar     49.000     49.000 0.000
2                   fmin      0.109         NA    NA
3                  chisq    217.313    217.313 0.000
4                     df     81.000     81.000 0.000
5                 pvalue      0.000      0.000 0.000
6         baseline.chisq   2205.576   2205.576 0.000
7            baseline.df     90.000     90.000 0.000
8        baseline.pvalue      0.000      0.000 0.000
9                    cfi      0.936      0.936 0.000
10                   tli      0.928      0.928 0.000
11                  nnfi      0.928         NA    NA
12                   rfi      0.891         NA    NA
13                   nfi      0.901         NA    NA
14                  pnfi      0.811         NA    NA
15                   ifi      0.936         NA    NA
16                   rni      0.936         NA    NA
17                  logl -17377.338 -17377.338 0.000
18     unrestricted.logl -17268.681 -17268.681 0.000
19                   aic  34852.675  34852.675 0.000
20                   bic  35093.155  35093.155 0.000
21                  bic2  34937.528  34937.528 0.000
22                 rmsea      0.058      0.058 0.000
23        rmsea.ci.lower      0.049      0.049 0.000
24        rmsea.ci.upper      0.067      0.067 0.000
25        rmsea.ci.level      0.900         NA    NA
26          rmsea.pvalue      0.076      0.076 0.000
27        rmsea.close.h0      0.050         NA    NA
28 rmsea.notclose.pvalue      0.000         NA    NA
29     rmsea.notclose.h0      0.080         NA    NA
30                   rmr      0.264         NA    NA
31            rmr_nomean      0.269         NA    NA
32                  srmr      0.129      0.097 0.032
33          srmr_bentler      0.129         NA    NA
34   srmr_bentler_nomean      0.123         NA    NA
35                  crmr      0.095         NA    NA
36           crmr_nomean      0.074         NA    NA
37            srmr_mplus      0.094         NA    NA
38     srmr_mplus_nomean      0.091         NA    NA
39                 cn_05    475.014         NA    NA
40                 cn_01    523.345         NA    NA
41                   gfi      0.970         NA    NA
42                  agfi      0.951         NA    NA
43                  pgfi      0.604         NA    NA
44                   mfi      0.934         NA    NA
45                  ecvi      0.315         NA    NA
