# lavaan TESTsuite -- lavaan version  0.6-17 
# date:  Sat Jan 20 20:52:00 2024 
# file:  ex5.16.out 

    lhs  op rhs group type    lav    mpl  delta
1    f1  =~  u1     1  est  1.000  1.000  0.000
2    f1  =~  u2     1  est  0.957  0.957  0.000
3    f1  =~  u3     1  est  0.978  0.978  0.000
4    f2  =~  u4     1  est  1.000  1.000  0.000
5    f2  =~  u5     1  est  1.002  1.002  0.000
6    f2  =~  u6     1  est  0.991  0.992 -0.001
7    f1   ~  x1     1  est  0.499  0.499  0.000
8    f1   ~  x2     1  est  0.550  0.550  0.000
9    f1   ~  x3     1  est  0.671  0.671  0.000
10   f2   ~  x1     1  est  0.644  0.644  0.000
11   f2   ~  x2     1  est  0.619  0.619  0.000
12   f2   ~  x3     1  est  0.450  0.450  0.000
13   u3   |  t1     1  est -0.230 -0.230  0.000
14   u3 ~*~  u3     1  est  1.000  1.000  0.000
15   u1   |  t1     1  est -0.905 -0.905  0.000
16   u2   |  t1     1  est -0.536 -0.536  0.000
17   u4   |  t1     1  est -0.013 -0.013  0.000
18   u5   |  t1     1  est  0.198  0.198  0.000
19   u6   |  t1     1  est  0.499  0.499  0.000
20   f1  ~~  f1     1  est  0.741  0.741  0.000
21   f2  ~~  f2     1  est  0.691  0.691  0.000
22   f1  ~~  f2     1  est  0.005  0.005  0.000
23   u1 ~*~  u1     1  est  1.000  1.000  0.000
24   u2 ~*~  u2     1  est  1.000  1.000  0.000
25   u4 ~*~  u4     1  est  1.000  1.000  0.000
26   u5 ~*~  u5     1  est  1.000  1.000  0.000
27   u6 ~*~  u6     1  est  1.000  1.000  0.000
28   f1  =~  u1     2  est  1.000  1.000  0.000
29   f1  =~  u2     2  est  0.957  0.957  0.000
30   f1  =~  u3     2  est  0.777  0.777  0.000
31   f2  =~  u4     2  est  1.000  1.000  0.000
32   f2  =~  u5     2  est  1.002  1.002  0.000
33   f2  =~  u6     2  est  0.991  0.992 -0.001
34   f1   ~  x1     2  est  0.397  0.397  0.000
35   f1   ~  x2     2  est  0.471  0.471  0.000
36   f1   ~  x3     2  est  0.521  0.521  0.000
37   f2   ~  x1     2  est  0.780  0.780  0.000
38   f2   ~  x2     2  est  0.648  0.648  0.000
39   f2   ~  x3     2  est  0.530  0.530  0.000
40   u3   |  t1     2  est  0.430  0.430  0.000
41   u3 ~*~  u3     2  est  1.000  1.000  0.000
42   u1   |  t1     2  est -0.905 -0.905  0.000
43   u2   |  t1     2  est -0.536 -0.536  0.000
44   u4   |  t1     2  est -0.013 -0.013  0.000
45   u5   |  t1     2  est  0.198  0.198  0.000
46   u6   |  t1     2  est  0.499  0.499  0.000
47   f1  ~~  f1     2  est  0.409  0.410 -0.001
48   f2  ~~  f2     2  est  0.830  0.830  0.000
49   f1  ~~  f2     2  est -0.039 -0.039  0.000
50   u1 ~*~  u1     2  est  1.349  1.349  0.000
51   u2 ~*~  u2     2  est  1.356  1.356  0.000
52   u4 ~*~  u4     2  est  0.939  0.939  0.000
53   u5 ~*~  u5     2  est  0.931  0.931  0.000
54   u6 ~*~  u6     2  est  0.917  0.917  0.000
55   f1  ~1         2  est -0.172 -0.171 -0.001
56   f2  ~1         2  est -0.035 -0.035  0.000
57   f1  =~  u1     1   se  0.000  0.000  0.000
58   f1  =~  u2     1   se  0.049  0.049  0.000
59   f1  =~  u3     1   se  0.049  0.049  0.000
60   f2  =~  u4     1   se  0.000  0.000  0.000
61   f2  =~  u5     1   se  0.044  0.044  0.000
62   f2  =~  u6     1   se  0.045  0.045  0.000
63   f1   ~  x1     1   se  0.044  0.044  0.000
64   f1   ~  x2     1   se  0.045  0.045  0.000
65   f1   ~  x3     1   se  0.046  0.046  0.000
66   f2   ~  x1     1   se  0.045  0.045  0.000
67   f2   ~  x2     1   se  0.043  0.043  0.000
68   f2   ~  x3     1   se  0.041  0.041  0.000
69   u3   |  t1     1   se  0.047  0.047  0.000
70   u3 ~*~  u3     1   se  0.000  0.000  0.000
71   u1   |  t1     1   se  0.057  0.057  0.000
72   u2   |  t1     1   se  0.052  0.052  0.000
73   u4   |  t1     1   se  0.045  0.045  0.000
74   u5   |  t1     1   se  0.042  0.042  0.000
75   u6   |  t1     1   se  0.049  0.049  0.000
76   f1  ~~  f1     1   se  0.051  0.051  0.000
77   f2  ~~  f2     1   se  0.044  0.044  0.000
78   f1  ~~  f2     1   se  0.043  0.043  0.000
79   u1 ~*~  u1     1   se  0.000  0.000  0.000
80   u2 ~*~  u2     1   se  0.000  0.000  0.000
81   u4 ~*~  u4     1   se  0.000  0.000  0.000
82   u5 ~*~  u5     1   se  0.000  0.000  0.000
83   u6 ~*~  u6     1   se  0.000  0.000  0.000
84   f1  =~  u1     2   se  0.000  0.000  0.000
85   f1  =~  u2     2   se  0.049  0.049  0.000
86   f1  =~  u3     2   se  0.166  0.166  0.000
87   f2  =~  u4     2   se  0.000  0.000  0.000
88   f2  =~  u5     2   se  0.044  0.044  0.000
89   f2  =~  u6     2   se  0.045  0.045  0.000
90   f1   ~  x1     2   se  0.086  0.086  0.000
91   f1   ~  x2     2   se  0.100  0.100  0.000
92   f1   ~  x3     2   se  0.111  0.110  0.001
93   f2   ~  x1     2   se  0.121  0.121  0.000
94   f2   ~  x2     2   se  0.103  0.103  0.000
95   f2   ~  x3     2   se  0.087  0.087  0.000
96   u3   |  t1     2   se  0.129  0.129  0.000
97   u3 ~*~  u3     2   se  0.000  0.000  0.000
98   u1   |  t1     2   se  0.057  0.057  0.000
99   u2   |  t1     2   se  0.052  0.052  0.000
100  u4   |  t1     2   se  0.045  0.045  0.000
101  u5   |  t1     2   se  0.042  0.042  0.000
102  u6   |  t1     2   se  0.049  0.049  0.000
103  f1  ~~  f1     2   se  0.172  0.172  0.000
104  f2  ~~  f2     2   se  0.251  0.251  0.000
105  f1  ~~  f2     2   se  0.036  0.036  0.000
106  u1 ~*~  u1     2   se  0.276  0.275  0.001
107  u2 ~*~  u2     2   se  0.303  0.302  0.001
108  u4 ~*~  u4     2   se  0.142  0.141  0.001
109  u5 ~*~  u5     2   se  0.142  0.142  0.000
110  u6 ~*~  u6     2   se  0.133  0.133  0.000
111  f1  ~1         2   se  0.128  0.128  0.000
112  f2  ~1         2   se  0.064  0.064  0.000

                             fit      lav      mpl     delta
1                           npar   37.000   37.000     0.000
2                           fmin    0.005       NA        NA
3                          chisq   21.350   33.718   -12.368
4                             df   41.000   41.000     0.000
5                         pvalue    0.995    0.783     0.212
6                   chisq.scaled   33.693   33.718    -0.025
7                      df.scaled   41.000   41.000     0.000
8                  pvalue.scaled    0.784    0.783     0.001
9           chisq.scaling.factor    0.735       NA        NA
10                baseline.chisq 3503.156 6573.773 -3070.617
11                   baseline.df   30.000   66.000   -36.000
12               baseline.pvalue    0.000    0.000     0.000
13         baseline.chisq.scaled 2829.677 6573.773 -3744.096
14            baseline.df.scaled   30.000   66.000   -36.000
15        baseline.pvalue.scaled    0.000    0.000     0.000
16 baseline.chisq.scaling.factor    1.241       NA        NA
17                           cfi    1.000    1.000     0.000
18                           tli    1.004    1.002     0.002
19                    cfi.scaled    1.000    1.000     0.000
20                    tli.scaled    1.002    1.002     0.000
21                    cfi.robust       NA       NA        NA
22                    tli.robust       NA       NA        NA
23                          nnfi    1.004       NA        NA
24                           rfi       NA       NA        NA
25                           nfi       NA       NA        NA
26                          pnfi    1.358       NA        NA
27                           ifi    1.006       NA        NA
28                           rni    1.006       NA        NA
29                   nnfi.scaled    1.002       NA        NA
30                    rfi.scaled       NA       NA        NA
31                    nfi.scaled       NA       NA        NA
32                   pnfi.scaled    1.350       NA        NA
33                    ifi.scaled    1.003       NA        NA
34                    rni.scaled    1.003       NA        NA
35                   nnfi.robust       NA       NA        NA
36                    rni.robust       NA       NA        NA
37                         rmsea    0.000    0.000     0.000
38                rmsea.ci.lower    0.000    0.000     0.000
39                rmsea.ci.upper    0.000    0.014    -0.014
40                rmsea.ci.level    0.900       NA        NA
41                  rmsea.pvalue    1.000    1.000     0.000
42                rmsea.close.h0    0.050       NA        NA
43         rmsea.notclose.pvalue    0.000       NA        NA
44             rmsea.notclose.h0    0.080       NA        NA
45                  rmsea.scaled    0.000    0.000     0.000
46         rmsea.ci.lower.scaled    0.000    0.000     0.000
47         rmsea.ci.upper.scaled    0.014    0.014     0.000
48           rmsea.pvalue.scaled    1.000    1.000     0.000
49  rmsea.notclose.pvalue.scaled    0.000       NA        NA
50                  rmsea.robust       NA       NA        NA
51         rmsea.ci.lower.robust       NA       NA        NA
52         rmsea.ci.upper.robust       NA       NA        NA
53           rmsea.pvalue.robust       NA       NA        NA
54  rmsea.notclose.pvalue.robust       NA       NA        NA
55                           rmr    0.024       NA        NA
56                    rmr_nomean    0.027       NA        NA
57                          srmr    0.027    0.016     0.011
58                  srmr_bentler    0.024       NA        NA
59           srmr_bentler_nomean    0.027       NA        NA
60                          crmr    0.029       NA        NA
61                   crmr_nomean    0.034       NA        NA
62                    srmr_mplus       NA       NA        NA
63             srmr_mplus_nomean       NA       NA        NA
64                         cn_05 5863.375       NA        NA
65                         cn_01 6687.788       NA        NA
66                           gfi    0.998       NA        NA
67                          agfi    0.996       NA        NA
68                          pgfi    0.524       NA        NA
69                           mfi    1.004       NA        NA
70                          wrmr    0.740       NA        NA
