# lavaan TESTsuite -- lavaan version  0.6-17 
# date:  Sat Jan 20 20:51:57 2024 
# file:  ex5.15.out 

    lhs op rhs group        type    lav    mpl  delta
1    f1 =~  y1     1         est  1.000  1.000  0.000
2    f1 =~  y2     1         est  1.015  1.015  0.000
3    f1 =~  y3     1         est  1.013  1.013  0.000
4    f2 =~  y4     1         est  1.000  1.000  0.000
5    f2 =~  y5     1         est  1.001  1.001  0.000
6    f2 =~  y6     1         est  1.008  1.008  0.000
7    f1  ~  x1     1         est  0.501  0.501  0.000
8    f1  ~  x2     1         est  0.571  0.571  0.000
9    f1  ~  x3     1         est  0.697  0.697  0.000
10   f2  ~  x1     1         est  0.664  0.664  0.000
11   f2  ~  x2     1         est  0.589  0.589  0.000
12   f2  ~  x3     1         est  0.423  0.423  0.000
13   y1 ~~  y1     1         est  0.525  0.525  0.000
14   y2 ~~  y2     1         est  0.517  0.517  0.000
15   y3 ~~  y3     1         est  0.477  0.477  0.000
16   y4 ~~  y4     1         est  0.554  0.554  0.000
17   y5 ~~  y5     1         est  0.395  0.395  0.000
18   y6 ~~  y6     1         est  0.517  0.517  0.000
19   f1 ~~  f1     1         est  0.733  0.733  0.000
20   f2 ~~  f2     1         est  0.616  0.616  0.000
21   f1 ~~  f2     1         est  0.224  0.224  0.000
22   y1 ~1         1         est  0.057  0.057  0.000
23   y2 ~1         1         est  0.035  0.035  0.000
24   y3 ~1         1         est  0.045  0.045  0.000
25   y4 ~1         1         est  0.187  0.187  0.000
26   y5 ~1         1         est  0.171  0.171  0.000
27   y6 ~1         1         est  0.153  0.153  0.000
28   f1 =~  y1     2         est  1.000  1.000  0.000
29   f1 =~  y2     2         est  1.015  1.015  0.000
30   f1 =~  y3     2         est  0.480  0.480  0.000
31   f2 =~  y4     2         est  1.000  1.000  0.000
32   f2 =~  y5     2         est  1.001  1.001  0.000
33   f2 =~  y6     2         est  1.008  1.008  0.000
34   f1  ~  x1     2         est  0.440  0.440  0.000
35   f1  ~  x2     2         est  0.598  0.598  0.000
36   f1  ~  x3     2         est  0.642  0.642  0.000
37   f2  ~  x1     2         est  0.681  0.681  0.000
38   f2  ~  x2     2         est  0.638  0.638  0.000
39   f2  ~  x3     2         est  0.505  0.505  0.000
40   y1 ~~  y1     2         est  0.492  0.492  0.000
41   y2 ~~  y2     2         est  0.504  0.504  0.000
42   y3 ~~  y3     2         est  0.466  0.466  0.000
43   y4 ~~  y4     2         est  0.617  0.617  0.000
44   y5 ~~  y5     2         est  0.512  0.512  0.000
45   y6 ~~  y6     2         est  0.486  0.486  0.000
46   f1 ~~  f1     2         est  0.746  0.746  0.000
47   f2 ~~  f2     2         est  0.739  0.739  0.000
48   f1 ~~  f2     2         est  0.279  0.279  0.000
49   y1 ~1         2         est  0.057  0.057  0.000
50   y2 ~1         2         est  0.035  0.035  0.000
51   y3 ~1         2         est  1.072  1.072  0.000
52   y4 ~1         2         est  0.187  0.187  0.000
53   y5 ~1         2         est  0.171  0.171  0.000
54   y6 ~1         2         est  0.153  0.153  0.000
55   f1 ~1         2         est  0.021  0.021  0.000
56   f2 ~1         2         est -0.242 -0.242  0.000
57   f1 =~  y1     1          se  0.000  0.000  0.000
58   f1 =~  y2     1          se  0.020  0.020  0.000
59   f1 =~  y3     1          se  0.027  0.027  0.000
60   f2 =~  y4     1          se  0.000  0.000  0.000
61   f2 =~  y5     1          se  0.018  0.018  0.000
62   f2 =~  y6     1          se  0.018  0.018  0.000
63   f1  ~  x1     1          se  0.026  0.026  0.000
64   f1  ~  x2     1          se  0.031  0.031  0.000
65   f1  ~  x3     1          se  0.043  0.043  0.000
66   f2  ~  x1     1          se  0.024  0.024  0.000
67   f2  ~  x2     1          se  0.028  0.028  0.000
68   f2  ~  x3     1          se  0.039  0.039  0.000
69   y1 ~~  y1     1          se  0.046  0.046  0.000
70   y2 ~~  y2     1          se  0.046  0.046  0.000
71   y3 ~~  y3     1          se  0.044  0.044  0.000
72   y4 ~~  y4     1          se  0.046  0.046  0.000
73   y5 ~~  y5     1          se  0.038  0.038  0.000
74   y6 ~~  y6     1          se  0.044  0.044  0.000
75   f1 ~~  f1     1          se  0.060  0.060  0.000
76   f2 ~~  f2     1          se  0.051  0.052 -0.001
77   f1 ~~  f2     1          se  0.039  0.039  0.000
78   y1 ~1         1          se  0.105  0.105  0.000
79   y2 ~1         1          se  0.106  0.106  0.000
80   y3 ~1         1          se  0.109  0.109  0.000
81   y4 ~1         1          se  0.096  0.096  0.000
82   y5 ~1         1          se  0.094  0.094  0.000
83   y6 ~1         1          se  0.096  0.096  0.000
84   f1 =~  y1     2          se  0.000  0.000  0.000
85   f1 =~  y2     2          se  0.020  0.020  0.000
86   f1 =~  y3     2          se  0.019  0.020 -0.001
87   f2 =~  y4     2          se  0.000  0.000  0.000
88   f2 =~  y5     2          se  0.018  0.018  0.000
89   f2 =~  y6     2          se  0.018  0.018  0.000
90   f1  ~  x1     2          se  0.024  0.024  0.000
91   f1  ~  x2     2          se  0.028  0.028  0.000
92   f1  ~  x3     2          se  0.038  0.039 -0.001
93   f2  ~  x1     2          se  0.024  0.024  0.000
94   f2  ~  x2     2          se  0.028  0.028  0.000
95   f2  ~  x3     2          se  0.037  0.037  0.000
96   y1 ~~  y1     2          se  0.046  0.046  0.000
97   y2 ~~  y2     2          se  0.047  0.047  0.000
98   y3 ~~  y3     2          se  0.030  0.030  0.000
99   y4 ~~  y4     2          se  0.047  0.047  0.000
100  y5 ~~  y5     2          se  0.042  0.042  0.000
101  y6 ~~  y6     2          se  0.041  0.041  0.000
102  f1 ~~  f1     2          se  0.059  0.060 -0.001
103  f2 ~~  f2     2          se  0.056  0.056  0.000
104  f1 ~~  f2     2          se  0.040  0.040  0.000
105  y1 ~1         2          se  0.105  0.105  0.000
106  y2 ~1         2          se  0.106  0.106  0.000
107  y3 ~1         2          se  0.067  0.067  0.000
108  y4 ~1         2          se  0.096  0.096  0.000
109  y5 ~1         2          se  0.094  0.094  0.000
110  y6 ~1         2          se  0.096  0.096  0.000
111  f1 ~1         2          se  0.135  0.135  0.000
112  f2 ~1         2          se  0.126  0.126  0.000
113  f1 =~  y1     1     est.std  1.657  1.657  0.000
114  f1 =~  y2     1     est.std  1.681  1.682 -0.001
115  f1 =~  y3     1     est.std  1.679  1.679  0.000
116  f2 =~  y4     1     est.std  1.711  1.711  0.000
117  f2 =~  y5     1     est.std  1.712  1.712  0.000
118  f2 =~  y6     1     est.std  1.724  1.724  0.000
119  f1  ~  x1     1     est.std  0.302  0.302  0.000
120  f1  ~  x2     1     est.std  0.345  0.345  0.000
121  f1  ~  x3     1     est.std  0.421  0.421  0.000
122  f2  ~  x1     1     est.std  0.388  0.388  0.000
123  f2  ~  x2     1     est.std  0.344  0.344  0.000
124  f2  ~  x3     1     est.std  0.247  0.247  0.000
125  y1 ~~  y1     1     est.std  0.525  0.525  0.000
126  y2 ~~  y2     1     est.std  0.517  0.517  0.000
127  y3 ~~  y3     1     est.std  0.477  0.477  0.000
128  y4 ~~  y4     1     est.std  0.554  0.554  0.000
129  y5 ~~  y5     1     est.std  0.395  0.395  0.000
130  y6 ~~  y6     1     est.std  0.517  0.517  0.000
131  f1 ~~  f1     1     est.std  0.267  0.267  0.000
132  f2 ~~  f2     1     est.std  0.210  0.210  0.000
133  f1 ~~  f2     1     est.std  0.334  0.334  0.000
134  y1 ~1         1     est.std  0.057  0.057  0.000
135  y2 ~1         1     est.std  0.035  0.035  0.000
136  y3 ~1         1     est.std  0.045  0.045  0.000
137  y4 ~1         1     est.std  0.187  0.187  0.000
138  y5 ~1         1     est.std  0.171  0.171  0.000
139  y6 ~1         1     est.std  0.153  0.153  0.000
140  f1 =~  y1     2     est.std  1.632  1.632  0.000
141  f1 =~  y2     2     est.std  1.656  1.656  0.000
142  f1 =~  y3     2     est.std  0.783  0.783  0.000
143  f2 =~  y4     2     est.std  1.858  1.858  0.000
144  f2 =~  y5     2     est.std  1.859  1.859  0.000
145  f2 =~  y6     2     est.std  1.872  1.872  0.000
146  f1  ~  x1     2     est.std  0.270  0.270  0.000
147  f1  ~  x2     2     est.std  0.366  0.366  0.000
148  f1  ~  x3     2     est.std  0.394  0.394  0.000
149  f2  ~  x1     2     est.std  0.367  0.367  0.000
150  f2  ~  x2     2     est.std  0.343  0.343  0.000
151  f2  ~  x3     2     est.std  0.272  0.272  0.000
152  y1 ~~  y1     2     est.std  0.492  0.492  0.000
153  y2 ~~  y2     2     est.std  0.504  0.504  0.000
154  y3 ~~  y3     2     est.std  0.466  0.466  0.000
155  y4 ~~  y4     2     est.std  0.617  0.617  0.000
156  y5 ~~  y5     2     est.std  0.512  0.512  0.000
157  y6 ~~  y6     2     est.std  0.486  0.486  0.000
158  f1 ~~  f1     2     est.std  0.280  0.280  0.000
159  f2 ~~  f2     2     est.std  0.214  0.214  0.000
160  f1 ~~  f2     2     est.std  0.376  0.376  0.000
161  y1 ~1         2     est.std  0.057  0.057  0.000
162  y2 ~1         2     est.std  0.035  0.035  0.000
163  y3 ~1         2     est.std  1.072  1.072  0.000
164  y4 ~1         2     est.std  0.187  0.187  0.000
165  y5 ~1         2     est.std  0.171  0.171  0.000
166  y6 ~1         2     est.std  0.153  0.153  0.000
167  f1 ~1         2     est.std  0.013  0.013  0.000
168  f2 ~1         2     est.std -0.130 -0.130  0.000
169  f1 =~  y1     1 est.std.all  0.916  0.916  0.000
170  f1 =~  y2     1 est.std.all  0.919  0.919  0.000
171  f1 =~  y3     1 est.std.all  0.925  0.925  0.000
172  f2 =~  y4     1 est.std.all  0.917  0.917  0.000
173  f2 =~  y5     1 est.std.all  0.939  0.939  0.000
174  f2 =~  y6     1 est.std.all  0.923  0.923  0.000
175  f1  ~  x1     1 est.std.all  0.517  0.517  0.000
176  f1  ~  x2     1 est.std.all  0.497  0.497  0.000
177  f1  ~  x3     1 est.std.all  0.429  0.429  0.000
178  f2  ~  x1     1 est.std.all  0.663  0.663  0.000
179  f2  ~  x2     1 est.std.all  0.497  0.497  0.000
180  f2  ~  x3     1 est.std.all  0.252  0.252  0.000
181  y1 ~~  y1     1 est.std.all  0.161  0.161  0.000
182  y2 ~~  y2     1 est.std.all  0.155  0.155  0.000
183  y3 ~~  y3     1 est.std.all  0.145  0.145  0.000
184  y4 ~~  y4     1 est.std.all  0.159  0.159  0.000
185  y5 ~~  y5     1 est.std.all  0.119  0.119  0.000
186  y6 ~~  y6     1 est.std.all  0.148  0.148  0.000
187  f1 ~~  f1     1 est.std.all  0.267  0.267  0.000
188  f2 ~~  f2     1 est.std.all  0.210  0.210  0.000
189  f1 ~~  f2     1 est.std.all  0.334  0.334  0.000
190  y1 ~1         1 est.std.all  0.032  0.032  0.000
191  y2 ~1         1 est.std.all  0.019  0.019  0.000
192  y3 ~1         1 est.std.all  0.025  0.025  0.000
193  y4 ~1         1 est.std.all  0.100  0.100  0.000
194  y5 ~1         1 est.std.all  0.093  0.093  0.000
195  y6 ~1         1 est.std.all  0.082  0.082  0.000
196  f1 =~  y1     2 est.std.all  0.919  0.919  0.000
197  f1 =~  y2     2 est.std.all  0.919  0.919  0.000
198  f1 =~  y3     2 est.std.all  0.754  0.754  0.000
199  f2 =~  y4     2 est.std.all  0.921  0.921  0.000
200  f2 =~  y5     2 est.std.all  0.933  0.933  0.000
201  f2 =~  y6     2 est.std.all  0.937  0.937  0.000
202  f1  ~  x1     2 est.std.all  0.466  0.466  0.000
203  f1  ~  x2     2 est.std.all  0.536  0.536  0.000
204  f1  ~  x3     2 est.std.all  0.417  0.417  0.000
205  f2  ~  x1     2 est.std.all  0.634  0.634  0.000
206  f2  ~  x2     2 est.std.all  0.503  0.503  0.000
207  f2  ~  x3     2 est.std.all  0.288  0.288  0.000
208  y1 ~~  y1     2 est.std.all  0.156  0.156  0.000
209  y2 ~~  y2     2 est.std.all  0.155  0.155  0.000
210  y3 ~~  y3     2 est.std.all  0.432  0.432  0.000
211  y4 ~~  y4     2 est.std.all  0.152  0.152  0.000
212  y5 ~~  y5     2 est.std.all  0.129  0.129  0.000
213  y6 ~~  y6     2 est.std.all  0.122  0.122  0.000
214  f1 ~~  f1     2 est.std.all  0.280  0.280  0.000
215  f2 ~~  f2     2 est.std.all  0.214  0.214  0.000
216  f1 ~~  f2     2 est.std.all  0.376  0.376  0.000
217  y1 ~1         2 est.std.all  0.032  0.032  0.000
218  y2 ~1         2 est.std.all  0.020  0.020  0.000
219  y3 ~1         2 est.std.all  1.032  1.032  0.000
220  y4 ~1         2 est.std.all  0.093  0.093  0.000
221  y5 ~1         2 est.std.all  0.086  0.086  0.000
222  y6 ~1         2 est.std.all  0.077  0.077  0.000
223  f1 ~1         2 est.std.all  0.013  0.013  0.000
224  f2 ~1         2 est.std.all -0.130 -0.130  0.000
225  f1 =~  y1     1 est.std.nox  0.916  0.916  0.000
226  f1 =~  y2     1 est.std.nox  0.919  0.919  0.000
227  f1 =~  y3     1 est.std.nox  0.925  0.925  0.000
228  f2 =~  y4     1 est.std.nox  0.917  0.917  0.000
229  f2 =~  y5     1 est.std.nox  0.939  0.939  0.000
230  f2 =~  y6     1 est.std.nox  0.923  0.923  0.000
231  f1  ~  x1     1 est.std.nox  0.302  0.302  0.000
232  f1  ~  x2     1 est.std.nox  0.345  0.345  0.000
233  f1  ~  x3     1 est.std.nox  0.421  0.421  0.000
234  f2  ~  x1     1 est.std.nox  0.388  0.388  0.000
235  f2  ~  x2     1 est.std.nox  0.344  0.344  0.000
236  f2  ~  x3     1 est.std.nox  0.247  0.247  0.000
237  y1 ~~  y1     1 est.std.nox  0.161  0.161  0.000
238  y2 ~~  y2     1 est.std.nox  0.155  0.155  0.000
239  y3 ~~  y3     1 est.std.nox  0.145  0.145  0.000
240  y4 ~~  y4     1 est.std.nox  0.159  0.159  0.000
241  y5 ~~  y5     1 est.std.nox  0.119  0.119  0.000
242  y6 ~~  y6     1 est.std.nox  0.148  0.148  0.000
243  f1 ~~  f1     1 est.std.nox  0.267  0.267  0.000
244  f2 ~~  f2     1 est.std.nox  0.210  0.210  0.000
245  f1 ~~  f2     1 est.std.nox  0.334  0.334  0.000
246  y1 ~1         1 est.std.nox  0.032  0.032  0.000
247  y2 ~1         1 est.std.nox  0.019  0.019  0.000
248  y3 ~1         1 est.std.nox  0.025  0.025  0.000
249  y4 ~1         1 est.std.nox  0.100  0.100  0.000
250  y5 ~1         1 est.std.nox  0.093  0.093  0.000
251  y6 ~1         1 est.std.nox  0.082  0.082  0.000
252  f1 =~  y1     2 est.std.nox  0.919  0.919  0.000
253  f1 =~  y2     2 est.std.nox  0.919  0.919  0.000
254  f1 =~  y3     2 est.std.nox  0.754  0.754  0.000
255  f2 =~  y4     2 est.std.nox  0.921  0.921  0.000
256  f2 =~  y5     2 est.std.nox  0.933  0.933  0.000
257  f2 =~  y6     2 est.std.nox  0.937  0.937  0.000
258  f1  ~  x1     2 est.std.nox  0.270  0.270  0.000
259  f1  ~  x2     2 est.std.nox  0.366  0.366  0.000
260  f1  ~  x3     2 est.std.nox  0.394  0.394  0.000
261  f2  ~  x1     2 est.std.nox  0.367  0.367  0.000
262  f2  ~  x2     2 est.std.nox  0.343  0.343  0.000
263  f2  ~  x3     2 est.std.nox  0.272  0.272  0.000
264  y1 ~~  y1     2 est.std.nox  0.156  0.156  0.000
265  y2 ~~  y2     2 est.std.nox  0.155  0.155  0.000
266  y3 ~~  y3     2 est.std.nox  0.432  0.432  0.000
267  y4 ~~  y4     2 est.std.nox  0.152  0.152  0.000
268  y5 ~~  y5     2 est.std.nox  0.129  0.129  0.000
269  y6 ~~  y6     2 est.std.nox  0.122  0.122  0.000
270  f1 ~~  f1     2 est.std.nox  0.280  0.280  0.000
271  f2 ~~  f2     2 est.std.nox  0.214  0.214  0.000
272  f1 ~~  f2     2 est.std.nox  0.376  0.376  0.000
273  y1 ~1         2 est.std.nox  0.032  0.032  0.000
274  y2 ~1         2 est.std.nox  0.020  0.020  0.000
275  y3 ~1         2 est.std.nox  1.032  1.032  0.000
276  y4 ~1         2 est.std.nox  0.093  0.093  0.000
277  y5 ~1         2 est.std.nox  0.086  0.086  0.000
278  y6 ~1         2 est.std.nox  0.077  0.077  0.000
279  f1 ~1         2 est.std.nox  0.013  0.013  0.000
280  f2 ~1         2 est.std.nox -0.130 -0.130  0.000

                     fit       lav       mpl delta
1                   npar    44.000    44.000 0.000
2                   fmin     0.020        NA    NA
3                  chisq    43.569    43.569 0.000
4                     df    46.000    46.000 0.000
5                 pvalue     0.575     0.575 0.000
6         baseline.chisq  8731.537  8731.537 0.000
7            baseline.df    66.000    66.000 0.000
8        baseline.pvalue     0.000     0.000 0.000
9                    cfi     1.000     1.000 0.000
10                   tli     1.000     1.000 0.000
11                  nnfi     1.000        NA    NA
12                   rfi     0.993        NA    NA
13                   nfi     0.995        NA    NA
14                  pnfi     0.693        NA    NA
15                   ifi     1.000        NA    NA
16                   rni     1.000        NA    NA
17                  logl -8812.330 -8812.330 0.000
18     unrestricted.logl -8790.546 -8790.546 0.000
19                   aic 17712.660 17712.660 0.000
20                   bic 17932.795 17932.795 0.000
21                  bic2 17793.041 17793.041 0.000
22                 rmsea     0.000     0.000 0.000
23        rmsea.ci.lower     0.000     0.000 0.000
24        rmsea.ci.upper     0.026     0.026 0.000
25        rmsea.ci.level     0.900        NA    NA
26          rmsea.pvalue     1.000     1.000 0.000
27        rmsea.close.h0     0.050        NA    NA
28 rmsea.notclose.pvalue     0.000        NA    NA
29     rmsea.notclose.h0     0.080        NA    NA
30                   rmr     0.037        NA    NA
31            rmr_nomean     0.041        NA    NA
32                  srmr     0.012     0.010 0.002
33          srmr_bentler     0.012        NA    NA
34   srmr_bentler_nomean     0.012        NA    NA
35                  crmr     0.009        NA    NA
36           crmr_nomean     0.009        NA    NA
37            srmr_mplus     0.009        NA    NA
38     srmr_mplus_nomean     0.010        NA    NA
39                 cn_05  1587.271        NA    NA
40                 cn_01  1798.635        NA    NA
41                   gfi     0.998        NA    NA
42                  agfi     0.995        NA    NA
43                  pgfi     0.425        NA    NA
44                   mfi     1.001        NA    NA
45                  ecvi     0.120        NA    NA
