Mplus VERSION 8.2
MUTHEN & MUTHEN
01/09/2024  11:19 AM

INPUT INSTRUCTIONS




        TITLE:	this is an example of a quadratic growth
        	model for a continuous outcome
        DATA:	FILE IS ex6.9.dat;
        VARIABLE:	NAMES ARE y11-y14;
        analysis: convergence = 0.0000001;
        MODEL:	i s q | y11@0 y12@1 y13@2 y14@3;
        output: standardized;












INPUT READING TERMINATED NORMALLY



this is an example of a quadratic growth
model for a continuous outcome

SUMMARY OF ANALYSIS

Number of groups                                                 1
Number of observations                                         500

Number of dependent variables                                    4
Number of independent variables                                  0
Number of continuous latent variables                            3

Observed dependent variables

  Continuous
   Y11         Y12         Y13         Y14

Continuous latent variables
   I           S           Q


Estimator                                                       ML
Information matrix                                        OBSERVED
Maximum number of iterations                                  1000
Convergence criterion                                    0.100D-06
Maximum number of steepest descent iterations                   20

Input data file(s)
  ex6.9.dat

Input data format  FREE



UNIVARIATE SAMPLE STATISTICS


     UNIVARIATE HIGHER-ORDER MOMENT DESCRIPTIVE STATISTICS

         Variable/         Mean/     Skewness/   Minimum/ % with                Percentiles
        Sample Size      Variance    Kurtosis    Maximum  Min/Max      20%/60%    40%/80%    Median

     Y11                   0.516      -0.170      -3.187    0.20%      -0.647      0.196      0.567
             500.000       1.932      -0.354       4.077    0.20%       0.861      1.782
     Y12                   2.088      -0.083      -4.249    0.20%       0.832      1.749      2.083
             500.000       2.906       0.208       7.613    0.20%       2.393      3.514
     Y13                   4.618      -0.009      -3.557    0.20%       2.219      3.734      4.382
             500.000       7.944      -0.246      14.280    0.20%       5.371      7.249
     Y14                   8.240      -0.091      -6.178    0.20%       4.000      6.828      8.194
             500.000      24.897      -0.253      22.451    0.20%       9.752     12.656


THE MODEL ESTIMATION TERMINATED NORMALLY



MODEL FIT INFORMATION

Number of Free Parameters                       13

Loglikelihood

          H0 Value                       -3975.519
          H1 Value                       -3975.281

Information Criteria

          Akaike (AIC)                    7977.038
          Bayesian (BIC)                  8031.828
          Sample-Size Adjusted BIC        7990.565
            (n* = (n + 2) / 24)

Chi-Square Test of Model Fit

          Value                              0.475
          Degrees of Freedom                     1
          P-Value                           0.4905

RMSEA (Root Mean Square Error Of Approximation)

          Estimate                           0.000
          90 Percent C.I.                    0.000  0.104
          Probability RMSEA <= .05           0.701

CFI/TLI

          CFI                                1.000
          TLI                                1.003

Chi-Square Test of Model Fit for the Baseline Model

          Value                           1231.275
          Degrees of Freedom                     6
          P-Value                           0.0000

SRMR (Standardized Root Mean Square Residual)

          Value                              0.004



MODEL RESULTS

                                                    Two-Tailed
                    Estimate       S.E.  Est./S.E.    P-Value

 I        |
    Y11                1.000      0.000    999.000    999.000
    Y12                1.000      0.000    999.000    999.000
    Y13                1.000      0.000    999.000    999.000
    Y14                1.000      0.000    999.000    999.000

 S        |
    Y11                0.000      0.000    999.000    999.000
    Y12                1.000      0.000    999.000    999.000
    Y13                2.000      0.000    999.000    999.000
    Y14                3.000      0.000    999.000    999.000

 Q        |
    Y11                0.000      0.000    999.000    999.000
    Y12                1.000      0.000    999.000    999.000
    Y13                4.000      0.000    999.000    999.000
    Y14                9.000      0.000    999.000    999.000

 S        WITH
    I                 -0.173      0.300     -0.578      0.564

 Q        WITH
    I                  0.101      0.080      1.269      0.204
    S                 -0.179      0.117     -1.524      0.127

 Means
    I                  0.521      0.062      8.442      0.000
    S                  1.035      0.077     13.455      0.000
    Q                  0.512      0.031     16.441      0.000

 Intercepts
    Y11                0.000      0.000    999.000    999.000
    Y12                0.000      0.000    999.000    999.000
    Y13                0.000      0.000    999.000    999.000
    Y14                0.000      0.000    999.000    999.000

 Variances
    I                  1.246      0.273      4.569      0.000
    S                  0.998      0.358      2.788      0.005
    Q                  0.282      0.060      4.666      0.000

 Residual Variances
    Y11                0.685      0.265      2.589      0.010
    Y12                0.882      0.115      7.705      0.000
    Y13                0.946      0.183      5.178      0.000
    Y14                0.738      0.945      0.781      0.435


STANDARDIZED MODEL RESULTS


STDYX Standardization

                                                    Two-Tailed
                    Estimate       S.E.  Est./S.E.    P-Value

 I        |
    Y11                0.803      0.084      9.545      0.000
    Y12                0.655      0.067      9.760      0.000
    Y13                0.396      0.046      8.645      0.000
    Y14                0.224      0.025      8.865      0.000

 S        |
    Y11                0.000      0.000    999.000    999.000
    Y12                0.586      0.103      5.688      0.000
    Y13                0.709      0.128      5.546      0.000
    Y14                0.601      0.109      5.492      0.000

 Q        |
    Y11                0.000      0.000    999.000    999.000
    Y12                0.311      0.037      8.464      0.000
    Y13                0.753      0.078      9.713      0.000
    Y14                0.957      0.102      9.420      0.000

 S        WITH
    I                 -0.155      0.232     -0.671      0.502

 Q        WITH
    I                  0.170      0.117      1.461      0.144
    S                 -0.337      0.144     -2.345      0.019

 Means
    I                  0.467      0.076      6.118      0.000
    S                  1.036      0.200      5.168      0.000
    Q                  0.965      0.118      8.169      0.000

 Intercepts
    Y11                0.000      0.000    999.000    999.000
    Y12                0.000      0.000    999.000    999.000
    Y13                0.000      0.000    999.000    999.000
    Y14                0.000      0.000    999.000    999.000

 Variances
    I                  1.000      0.000    999.000    999.000
    S                  1.000      0.000    999.000    999.000
    Q                  1.000      0.000    999.000    999.000

 Residual Variances
    Y11                0.355      0.135      2.625      0.009
    Y12                0.304      0.034      8.825      0.000
    Y13                0.119      0.022      5.481      0.000
    Y14                0.030      0.038      0.782      0.434


STDY Standardization

                                                    Two-Tailed
                    Estimate       S.E.  Est./S.E.    P-Value

 I        |
    Y11                0.803      0.084      9.545      0.000
    Y12                0.655      0.067      9.760      0.000
    Y13                0.396      0.046      8.645      0.000
    Y14                0.224      0.025      8.865      0.000

 S        |
    Y11                0.000      0.000    999.000    999.000
    Y12                0.586      0.103      5.688      0.000
    Y13                0.709      0.128      5.546      0.000
    Y14                0.601      0.109      5.492      0.000

 Q        |
    Y11                0.000      0.000    999.000    999.000
    Y12                0.311      0.037      8.464      0.000
    Y13                0.753      0.078      9.713      0.000
    Y14                0.957      0.102      9.420      0.000

 S        WITH
    I                 -0.155      0.232     -0.671      0.502

 Q        WITH
    I                  0.170      0.117      1.461      0.144
    S                 -0.337      0.144     -2.345      0.019

 Means
    I                  0.467      0.076      6.118      0.000
    S                  1.036      0.200      5.168      0.000
    Q                  0.965      0.118      8.169      0.000

 Intercepts
    Y11                0.000      0.000    999.000    999.000
    Y12                0.000      0.000    999.000    999.000
    Y13                0.000      0.000    999.000    999.000
    Y14                0.000      0.000    999.000    999.000

 Variances
    I                  1.000      0.000    999.000    999.000
    S                  1.000      0.000    999.000    999.000
    Q                  1.000      0.000    999.000    999.000

 Residual Variances
    Y11                0.355      0.135      2.625      0.009
    Y12                0.304      0.034      8.825      0.000
    Y13                0.119      0.022      5.481      0.000
    Y14                0.030      0.038      0.782      0.434


STD Standardization

                                                    Two-Tailed
                    Estimate       S.E.  Est./S.E.    P-Value

 I        |
    Y11                1.116      0.122      9.138      0.000
    Y12                1.116      0.122      9.138      0.000
    Y13                1.116      0.122      9.138      0.000
    Y14                1.116      0.122      9.138      0.000

 S        |
    Y11                0.000      0.000    999.000    999.000
    Y12                0.999      0.179      5.576      0.000
    Y13                1.998      0.358      5.576      0.000
    Y14                2.998      0.538      5.576      0.000

 Q        |
    Y11                0.000      0.000    999.000    999.000
    Y12                0.531      0.057      9.332      0.000
    Y13                2.122      0.227      9.332      0.000
    Y14                4.775      0.512      9.332      0.000

 S        WITH
    I                 -0.155      0.232     -0.671      0.502

 Q        WITH
    I                  0.170      0.117      1.461      0.144
    S                 -0.337      0.144     -2.345      0.019

 Means
    I                  0.467      0.076      6.118      0.000
    S                  1.036      0.200      5.168      0.000
    Q                  0.965      0.118      8.169      0.000

 Intercepts
    Y11                0.000      0.000    999.000    999.000
    Y12                0.000      0.000    999.000    999.000
    Y13                0.000      0.000    999.000    999.000
    Y14                0.000      0.000    999.000    999.000

 Variances
    I                  1.000      0.000    999.000    999.000
    S                  1.000      0.000    999.000    999.000
    Q                  1.000      0.000    999.000    999.000

 Residual Variances
    Y11                0.685      0.265      2.589      0.010
    Y12                0.882      0.115      7.705      0.000
    Y13                0.946      0.183      5.178      0.000
    Y14                0.738      0.945      0.781      0.435


R-SQUARE

    Observed                                        Two-Tailed
    Variable        Estimate       S.E.  Est./S.E.    P-Value

    Y11                0.645      0.135      4.772      0.000
    Y12                0.696      0.034     20.244      0.000
    Y13                0.881      0.022     40.544      0.000
    Y14                0.970      0.038     25.610      0.000


QUALITY OF NUMERICAL RESULTS

     Condition Number for the Information Matrix              0.241E-03
       (ratio of smallest to largest eigenvalue)


     Beginning Time:  11:19:57
        Ending Time:  11:19:57
       Elapsed Time:  00:00:00



MUTHEN & MUTHEN
3463 Stoner Ave.
Los Angeles, CA  90066

Tel: (310) 391-9971
Fax: (310) 391-8971
Web: www.StatModel.com
Support: Support@StatModel.com

Copyright (c) 1998-2018 Muthen & Muthen
