# lavaan TESTsuite -- lavaan version  0.6-17 
# date:  Sat Jan 20 20:53:41 2024 
# file:  ex6.18.out 

    lhs op rhs group type   lav   mpl  delta
1     i =~  y1     1  est 1.000 1.000  0.000
2     i =~  y2     1  est 1.000 1.000  0.000
3     i =~  y3     1  est 1.000 1.000  0.000
4     i =~  y4     1  est 1.000 1.000  0.000
5     s =~  y1     1  est 0.000 0.000  0.000
6     s =~  y2     1  est 0.200 0.200  0.000
7     s =~  y3     1  est 0.400 0.400  0.000
8     s =~  y4     1  est 0.600 0.600  0.000
9     i ~~   i     1  est 1.005 0.988  0.017
10    s ~~   s     1  est 0.355 0.384 -0.029
11    i ~~   s     1  est 0.125 0.065  0.060
12    i ~1         1  est 0.607 0.509  0.098
13    s ~1         1  est 0.984 0.982  0.002
14    i  ~   x     1  est 1.054 1.021  0.033
15    s  ~   x     1  est 0.292 0.294 -0.002
16   y1  ~ a21     1  est 0.487 0.489 -0.002
17   y2  ~ a22     1  est 0.372 0.373 -0.001
18   y3  ~ a23     1  est 0.280 0.280  0.000
19   y4  ~ a24     1  est 0.219 0.220 -0.001
20   y1 ~~  y1     1  est 0.437 0.428  0.009
21   y2 ~~  y2     1  est 0.521 0.520  0.001
22   y3 ~~  y3     1  est 0.461 0.462 -0.001
23   y4 ~~  y4     1  est 0.484 0.483  0.001
24    i =~  y1     2  est 1.000 1.000  0.000
25    i =~  y2     2  est 1.000 1.000  0.000
26    i =~  y3     2  est 1.000 1.000  0.000
27    i =~  y4     2  est 1.000 1.000  0.000
28    s =~  y1     2  est 0.000 0.100 -0.100
29    s =~  y2     2  est 0.200 0.300 -0.100
30    s =~  y3     2  est 0.400 0.500 -0.100
31    s =~  y4     2  est 0.600 0.700 -0.100
32    i ~~   i     2  est 1.005 0.988  0.017
33    s ~~   s     2  est 0.355 0.384 -0.029
34    i ~~   s     2  est 0.125 0.065  0.060
35    i ~1         2  est 0.607 0.509  0.098
36    s ~1         2  est 0.984 0.982  0.002
37    i  ~   x     2  est 1.054 1.021  0.033
38    s  ~   x     2  est 0.292 0.294 -0.002
39   y1  ~ a21     2  est 0.479 0.479  0.000
40   y2  ~ a22     2  est 0.458 0.458  0.000
41   y3  ~ a23     2  est 0.399 0.399  0.000
42   y4  ~ a24     2  est 0.264 0.264  0.000
43   y1 ~~  y1     2  est 0.445 0.439  0.006
44   y2 ~~  y2     2  est 0.625 0.625  0.000
45   y3 ~~  y3     2  est 0.531 0.532 -0.001
46   y4 ~~  y4     2  est 0.513 0.511  0.002
47    i =~  y1     3  est 1.000 1.000  0.000
48    i =~  y2     3  est 1.000 1.000  0.000
49    i =~  y3     3  est 1.000 1.000  0.000
50    i =~  y4     3  est 1.000 1.000  0.000
51    s =~  y1     3  est 0.000 0.200 -0.200
52    s =~  y2     3  est 0.200 0.400 -0.200
53    s =~  y3     3  est 0.400 0.600 -0.200
54    s =~  y4     3  est 0.600 0.800 -0.200
55    i ~~   i     3  est 1.005 0.988  0.017
56    s ~~   s     3  est 0.355 0.384 -0.029
57    i ~~   s     3  est 0.125 0.065  0.060
58    i ~1         3  est 0.607 0.509  0.098
59    s ~1         3  est 0.984 0.982  0.002
60    i  ~   x     3  est 1.054 1.021  0.033
61    s  ~   x     3  est 0.292 0.294 -0.002
62   y1  ~ a21     3  est 0.372 0.373 -0.001
63   y2  ~ a22     3  est 0.280 0.280  0.000
64   y3  ~ a23     3  est 0.219 0.220 -0.001
65   y4  ~ a24     3  est 0.245 0.244  0.001
66   y1 ~~  y1     3  est 0.521 0.520  0.001
67   y2 ~~  y2     3  est 0.461 0.462 -0.001
68   y3 ~~  y3     3  est 0.484 0.483  0.001
69   y4 ~~  y4     3  est 0.386 0.380  0.006
70    i =~  y1     1   se 0.000 0.000  0.000
71    i =~  y2     1   se 0.000 0.000  0.000
72    i =~  y3     1   se 0.000 0.000  0.000
73    i =~  y4     1   se 0.000 0.000  0.000
74    s =~  y1     1   se 0.000 0.000  0.000
75    s =~  y2     1   se 0.000 0.000  0.000
76    s =~  y3     1   se 0.000 0.000  0.000
77    s =~  y4     1   se 0.000 0.000  0.000
78    i ~~   i     1   se 0.051 0.057 -0.006
79    s ~~   s     1   se 0.136 0.134  0.002
80    i ~~   s     1   se 0.060 0.068 -0.008
81    i ~1         1   se 0.030 0.031 -0.001
82    s ~1         1   se 0.042 0.042  0.000
83    i  ~   x     1   se 0.030 0.031 -0.001
84    s  ~   x     1   se 0.042 0.042  0.000
85   y1  ~ a21     1   se 0.034 0.034  0.000
86   y2  ~ a22     1   se 0.026 0.026  0.000
87   y3  ~ a23     1   se 0.024 0.024  0.000
88   y4  ~ a24     1   se 0.025 0.025  0.000
89   y1 ~~  y1     1   se 0.042 0.042  0.000
90   y2 ~~  y2     1   se 0.031 0.031  0.000
91   y3 ~~  y3     1   se 0.027 0.027  0.000
92   y4 ~~  y4     1   se 0.031 0.030  0.001
93    i =~  y1     2   se 0.000 0.000  0.000
94    i =~  y2     2   se 0.000 0.000  0.000
95    i =~  y3     2   se 0.000 0.000  0.000
96    i =~  y4     2   se 0.000 0.000  0.000
97    s =~  y1     2   se 0.000 0.000  0.000
98    s =~  y2     2   se 0.000 0.000  0.000
99    s =~  y3     2   se 0.000 0.000  0.000
100   s =~  y4     2   se 0.000 0.000  0.000
101   i ~~   i     2   se 0.051 0.057 -0.006
102   s ~~   s     2   se 0.136 0.134  0.002
103   i ~~   s     2   se 0.060 0.068 -0.008
104   i ~1         2   se 0.030 0.031 -0.001
105   s ~1         2   se 0.042 0.042  0.000
106   i  ~   x     2   se 0.030 0.031 -0.001
107   s  ~   x     2   se 0.042 0.042  0.000
108  y1  ~ a21     2   se 0.034 0.034  0.000
109  y2  ~ a22     2   se 0.037 0.037  0.000
110  y3  ~ a23     2   se 0.035 0.035  0.000
111  y4  ~ a24     2   se 0.040 0.040  0.000
112  y1 ~~  y1     2   se 0.044 0.044  0.000
113  y2 ~~  y2     2   se 0.049 0.049  0.000
114  y3 ~~  y3     2   se 0.045 0.045  0.000
115  y4 ~~  y4     2   se 0.051 0.051  0.000
116   i =~  y1     3   se 0.000 0.000  0.000
117   i =~  y2     3   se 0.000 0.000  0.000
118   i =~  y3     3   se 0.000 0.000  0.000
119   i =~  y4     3   se 0.000 0.000  0.000
120   s =~  y1     3   se 0.000 0.000  0.000
121   s =~  y2     3   se 0.000 0.000  0.000
122   s =~  y3     3   se 0.000 0.000  0.000
123   s =~  y4     3   se 0.000 0.000  0.000
124   i ~~   i     3   se 0.051 0.057 -0.006
125   s ~~   s     3   se 0.136 0.134  0.002
126   i ~~   s     3   se 0.060 0.068 -0.008
127   i ~1         3   se 0.030 0.031 -0.001
128   s ~1         3   se 0.042 0.042  0.000
129   i  ~   x     3   se 0.030 0.031 -0.001
130   s  ~   x     3   se 0.042 0.042  0.000
131  y1  ~ a21     3   se 0.026 0.026  0.000
132  y2  ~ a22     3   se 0.024 0.024  0.000
133  y3  ~ a23     3   se 0.025 0.025  0.000
134  y4  ~ a24     3   se 0.034 0.034  0.000
135  y1 ~~  y1     3   se 0.031 0.031  0.000
136  y2 ~~  y2     3   se 0.027 0.027  0.000
137  y3 ~~  y3     3   se 0.031 0.030  0.001
138  y4 ~~  y4     3   se 0.042 0.042  0.000

                            fit       lav       mpl  delta
1                          npar    25.000    25.000  0.000
2                          fmin     0.029        NA     NA
3                         chisq    85.876    76.650  9.226
4                            df    77.000    77.000  0.000
5                        pvalue     0.229     0.490 -0.261
6                baseline.chisq  7411.329  7411.329  0.000
7                   baseline.df    78.000    78.000  0.000
8               baseline.pvalue     0.000     0.000  0.000
9                           cfi     0.999     1.000 -0.001
10                          tli     0.999     1.000 -0.001
11                   cfi.robust     0.999        NA     NA
12                   tli.robust     0.999        NA     NA
13                         nnfi     0.999        NA     NA
14                          rfi     0.988        NA     NA
15                          nfi     0.988        NA     NA
16                         pnfi     0.976        NA     NA
17                          ifi     0.999        NA     NA
18                          rni     0.999        NA     NA
19                  nnfi.robust     0.999        NA     NA
20                   rni.robust     0.999        NA     NA
21                         logl -8184.090 -8179.476 -4.614
22            unrestricted.logl -8141.152 -8141.152  0.000
23                          aic 16418.179 16408.953  9.226
24                          bic 16551.010 16541.783  9.227
25                         bic2 16471.592 16462.365  9.227
26                        rmsea     0.015     0.000  0.015
27               rmsea.ci.lower     0.000     0.000  0.000
28               rmsea.ci.upper     0.030     0.025  0.005
29               rmsea.ci.level     0.900        NA     NA
30                 rmsea.pvalue     1.000     1.000  0.000
31               rmsea.close.h0     0.050        NA     NA
32        rmsea.notclose.pvalue     0.000        NA     NA
33            rmsea.notclose.h0     0.080        NA     NA
34                 rmsea.robust     0.015        NA     NA
35        rmsea.ci.lower.robust     0.000        NA     NA
36        rmsea.ci.upper.robust     0.030        NA     NA
37          rmsea.pvalue.robust     1.000        NA     NA
38 rmsea.notclose.pvalue.robust     0.000        NA     NA
39                          rmr     0.071        NA     NA
40                   rmr_nomean     0.075        NA     NA
41                         srmr     0.022     0.023 -0.001
42                 srmr_bentler     0.028        NA     NA
43          srmr_bentler_nomean     0.028        NA     NA
44                         crmr     0.020        NA     NA
45                  crmr_nomean     0.017        NA     NA
46                   srmr_mplus     0.022        NA     NA
47            srmr_mplus_nomean     0.023        NA     NA
48                        cn_05  1721.236        NA     NA
49                        cn_01  1900.912        NA     NA
50                          gfi     0.984        NA     NA
51                         agfi     0.967        NA     NA
52                         pgfi     0.468        NA     NA
53                          mfi     0.997        NA     NA
54                         ecvi     0.091        NA     NA
