Mplus VERSION 8.2
MUTHEN & MUTHEN
01/09/2024  11:19 AM

INPUT INSTRUCTIONS




        TITLE:	this is an example of a growth model for a
        	continuous outcome with estimated time
        	scores
        DATA:	FILE IS ex6.8.dat;
        VARIABLE:	NAMES ARE y11-y14;
        analysis: convergence = 0.0000001;
        MODEL:	i s | y11@0 y12@1 y13*2 y14*3;
        output: standardized;












INPUT READING TERMINATED NORMALLY



this is an example of a growth model for a
continuous outcome with estimated time
scores

SUMMARY OF ANALYSIS

Number of groups                                                 1
Number of observations                                         500

Number of dependent variables                                    4
Number of independent variables                                  0
Number of continuous latent variables                            2

Observed dependent variables

  Continuous
   Y11         Y12         Y13         Y14

Continuous latent variables
   I           S


Estimator                                                       ML
Information matrix                                        OBSERVED
Maximum number of iterations                                  1000
Convergence criterion                                    0.100D-06
Maximum number of steepest descent iterations                   20

Input data file(s)
  ex6.8.dat

Input data format  FREE



UNIVARIATE SAMPLE STATISTICS


     UNIVARIATE HIGHER-ORDER MOMENT DESCRIPTIVE STATISTICS

         Variable/         Mean/     Skewness/   Minimum/ % with                Percentiles
        Sample Size      Variance    Kurtosis    Maximum  Min/Max      20%/60%    40%/80%    Median

     Y11                   0.514      -0.170      -2.693    0.20%      -0.493      0.237      0.558
             500.000       1.449      -0.354       3.598    0.20%       0.813      1.610
     Y12                   1.566      -0.077      -3.062    0.20%       0.443      1.283      1.560
             500.000       1.974       0.003       5.964    0.20%       1.869      2.761
     Y13                   2.568      -0.031      -2.745    0.20%       1.013      2.106      2.520
             500.000       2.931      -0.252       8.428    0.20%       3.051      4.144
     Y14                   3.601      -0.091      -2.360    0.20%       1.832      3.056      3.612
             500.000       4.298      -0.121       9.182    0.20%       4.164      5.335


THE MODEL ESTIMATION TERMINATED NORMALLY



MODEL FIT INFORMATION

Number of Free Parameters                       11

Loglikelihood

          H0 Value                       -3016.249
          H1 Value                       -3014.089

Information Criteria

          Akaike (AIC)                    6054.498
          Bayesian (BIC)                  6100.859
          Sample-Size Adjusted BIC        6065.944
            (n* = (n + 2) / 24)

Chi-Square Test of Model Fit

          Value                              4.319
          Degrees of Freedom                     3
          P-Value                           0.2290

RMSEA (Root Mean Square Error Of Approximation)

          Estimate                           0.030
          90 Percent C.I.                    0.000  0.086
          Probability RMSEA <= .05           0.648

CFI/TLI

          CFI                                0.999
          TLI                                0.998

Chi-Square Test of Model Fit for the Baseline Model

          Value                           1439.722
          Degrees of Freedom                     6
          P-Value                           0.0000

SRMR (Standardized Root Mean Square Residual)

          Value                              0.009



MODEL RESULTS

                                                    Two-Tailed
                    Estimate       S.E.  Est./S.E.    P-Value

 I        |
    Y11                1.000      0.000    999.000    999.000
    Y12                1.000      0.000    999.000    999.000
    Y13                1.000      0.000    999.000    999.000
    Y14                1.000      0.000    999.000    999.000

 S        |
    Y11                0.000      0.000    999.000    999.000
    Y12                1.000      0.000    999.000    999.000
    Y13                1.973      0.067     29.618      0.000
    Y14                2.946      0.103     28.615      0.000

 S        WITH
    I                  0.133      0.033      4.023      0.000

 Means
    I                  0.514      0.054      9.566      0.000
    S                  1.046      0.047     22.443      0.000

 Intercepts
    Y11                0.000      0.000    999.000    999.000
    Y12                0.000      0.000    999.000    999.000
    Y13                0.000      0.000    999.000    999.000
    Y14                0.000      0.000    999.000    999.000

 Variances
    I                  0.988      0.089     11.126      0.000
    S                  0.232      0.029      8.088      0.000

 Residual Variances
    Y11                0.471      0.059      7.986      0.000
    Y12                0.482      0.040     11.990      0.000
    Y13                0.471      0.048      9.899      0.000
    Y14                0.551      0.085      6.488      0.000


STANDARDIZED MODEL RESULTS


STDYX Standardization

                                                    Two-Tailed
                    Estimate       S.E.  Est./S.E.    P-Value

 I        |
    Y11                0.823      0.023     35.248      0.000
    Y12                0.708      0.023     30.943      0.000
    Y13                0.585      0.024     24.470      0.000
    Y14                0.477      0.023     21.055      0.000

 S        |
    Y11                0.000      0.000    999.000    999.000
    Y12                0.343      0.021     16.357      0.000
    Y13                0.559      0.026     21.934      0.000
    Y14                0.681      0.028     24.050      0.000

 S        WITH
    I                  0.278      0.077      3.638      0.000

 Means
    I                  0.518      0.059      8.808      0.000
    S                  2.170      0.120     18.030      0.000

 Intercepts
    Y11                0.000      0.000    999.000    999.000
    Y12                0.000      0.000    999.000    999.000
    Y13                0.000      0.000    999.000    999.000
    Y14                0.000      0.000    999.000    999.000

 Variances
    I                  1.000      0.000    999.000    999.000
    S                  1.000      0.000    999.000    999.000

 Residual Variances
    Y11                0.323      0.038      8.408      0.000
    Y12                0.245      0.020     11.985      0.000
    Y13                0.163      0.017      9.610      0.000
    Y14                0.127      0.020      6.455      0.000


STDY Standardization

                                                    Two-Tailed
                    Estimate       S.E.  Est./S.E.    P-Value

 I        |
    Y11                0.823      0.023     35.248      0.000
    Y12                0.708      0.023     30.943      0.000
    Y13                0.585      0.024     24.470      0.000
    Y14                0.477      0.023     21.055      0.000

 S        |
    Y11                0.000      0.000    999.000    999.000
    Y12                0.343      0.021     16.357      0.000
    Y13                0.559      0.026     21.934      0.000
    Y14                0.681      0.028     24.050      0.000

 S        WITH
    I                  0.278      0.077      3.638      0.000

 Means
    I                  0.518      0.059      8.808      0.000
    S                  2.170      0.120     18.030      0.000

 Intercepts
    Y11                0.000      0.000    999.000    999.000
    Y12                0.000      0.000    999.000    999.000
    Y13                0.000      0.000    999.000    999.000
    Y14                0.000      0.000    999.000    999.000

 Variances
    I                  1.000      0.000    999.000    999.000
    S                  1.000      0.000    999.000    999.000

 Residual Variances
    Y11                0.323      0.038      8.408      0.000
    Y12                0.245      0.020     11.985      0.000
    Y13                0.163      0.017      9.610      0.000
    Y14                0.127      0.020      6.455      0.000


STD Standardization

                                                    Two-Tailed
                    Estimate       S.E.  Est./S.E.    P-Value

 I        |
    Y11                0.994      0.045     22.252      0.000
    Y12                0.994      0.045     22.252      0.000
    Y13                0.994      0.045     22.252      0.000
    Y14                0.994      0.045     22.252      0.000

 S        |
    Y11                0.000      0.000    999.000    999.000
    Y12                0.482      0.030     16.176      0.000
    Y13                0.951      0.049     19.448      0.000
    Y14                1.420      0.071     19.984      0.000

 S        WITH
    I                  0.278      0.077      3.638      0.000

 Means
    I                  0.518      0.059      8.808      0.000
    S                  2.170      0.120     18.030      0.000

 Intercepts
    Y11                0.000      0.000    999.000    999.000
    Y12                0.000      0.000    999.000    999.000
    Y13                0.000      0.000    999.000    999.000
    Y14                0.000      0.000    999.000    999.000

 Variances
    I                  1.000      0.000    999.000    999.000
    S                  1.000      0.000    999.000    999.000

 Residual Variances
    Y11                0.471      0.059      7.986      0.000
    Y12                0.482      0.040     11.990      0.000
    Y13                0.471      0.048      9.899      0.000
    Y14                0.551      0.085      6.488      0.000


R-SQUARE

    Observed                                        Two-Tailed
    Variable        Estimate       S.E.  Est./S.E.    P-Value

    Y11                0.677      0.038     17.624      0.000
    Y12                0.755      0.020     36.949      0.000
    Y13                0.837      0.017     49.311      0.000
    Y14                0.873      0.020     44.345      0.000


QUALITY OF NUMERICAL RESULTS

     Condition Number for the Information Matrix              0.364E-01
       (ratio of smallest to largest eigenvalue)


     Beginning Time:  11:19:57
        Ending Time:  11:19:57
       Elapsed Time:  00:00:00



MUTHEN & MUTHEN
3463 Stoner Ave.
Los Angeles, CA  90066

Tel: (310) 391-9971
Fax: (310) 391-8971
Web: www.StatModel.com
Support: Support@StatModel.com

Copyright (c) 1998-2018 Muthen & Muthen
