# lavaan TESTsuite -- lavaan version  0.6-17 
# date:  Sat Jan 20 20:53:32 2024 
# file:  ex6.8.out 

   lhs op rhs group        type   lav   mpl delta
1    i =~ y11     1         est 1.000 1.000     0
2    i =~ y12     1         est 1.000 1.000     0
3    i =~ y13     1         est 1.000 1.000     0
4    i =~ y14     1         est 1.000 1.000     0
5    s =~ y11     1         est 0.000 0.000     0
6    s =~ y12     1         est 1.000 1.000     0
7    s =~ y13     1         est 1.973 1.973     0
8    s =~ y14     1         est 2.946 2.946     0
9    i ~~   s     1         est 0.133 0.133     0
10   i ~1         1         est 0.514 0.514     0
11   s ~1         1         est 1.046 1.046     0
12 y11 ~~ y11     1         est 0.471 0.471     0
13 y12 ~~ y12     1         est 0.482 0.482     0
14 y13 ~~ y13     1         est 0.471 0.471     0
15 y14 ~~ y14     1         est 0.551 0.551     0
16   i ~~   i     1         est 0.988 0.988     0
17   s ~~   s     1         est 0.232 0.232     0
18   i =~ y11     1          se 0.000 0.000     0
19   i =~ y12     1          se 0.000 0.000     0
20   i =~ y13     1          se 0.000 0.000     0
21   i =~ y14     1          se 0.000 0.000     0
22   s =~ y11     1          se 0.000 0.000     0
23   s =~ y12     1          se 0.000 0.000     0
24   s =~ y13     1          se 0.067 0.067     0
25   s =~ y14     1          se 0.103 0.103     0
26   i ~~   s     1          se 0.033 0.033     0
27   i ~1         1          se 0.054 0.054     0
28   s ~1         1          se 0.047 0.047     0
29 y11 ~~ y11     1          se 0.059 0.059     0
30 y12 ~~ y12     1          se 0.040 0.040     0
31 y13 ~~ y13     1          se 0.048 0.048     0
32 y14 ~~ y14     1          se 0.085 0.085     0
33   i ~~   i     1          se 0.089 0.089     0
34   s ~~   s     1          se 0.029 0.029     0
35   i =~ y11     1     est.std 0.994 0.994     0
36   i =~ y12     1     est.std 0.994 0.994     0
37   i =~ y13     1     est.std 0.994 0.994     0
38   i =~ y14     1     est.std 0.994 0.994     0
39   s =~ y11     1     est.std 0.000 0.000     0
40   s =~ y12     1     est.std 0.482 0.482     0
41   s =~ y13     1     est.std 0.951 0.951     0
42   s =~ y14     1     est.std 1.420 1.420     0
43   i ~~   s     1     est.std 0.278 0.278     0
44   i ~1         1     est.std 0.518 0.518     0
45   s ~1         1     est.std 2.170 2.170     0
46 y11 ~~ y11     1     est.std 0.471 0.471     0
47 y12 ~~ y12     1     est.std 0.482 0.482     0
48 y13 ~~ y13     1     est.std 0.471 0.471     0
49 y14 ~~ y14     1     est.std 0.551 0.551     0
50   i ~~   i     1     est.std 1.000 1.000     0
51   s ~~   s     1     est.std 1.000 1.000     0
52   i =~ y11     1 est.std.all 0.823 0.823     0
53   i =~ y12     1 est.std.all 0.708 0.708     0
54   i =~ y13     1 est.std.all 0.585 0.585     0
55   i =~ y14     1 est.std.all 0.477 0.477     0
56   s =~ y11     1 est.std.all 0.000 0.000     0
57   s =~ y12     1 est.std.all 0.343 0.343     0
58   s =~ y13     1 est.std.all 0.559 0.559     0
59   s =~ y14     1 est.std.all 0.681 0.681     0
60   i ~~   s     1 est.std.all 0.278 0.278     0
61   i ~1         1 est.std.all 0.518 0.518     0
62   s ~1         1 est.std.all 2.170 2.170     0
63 y11 ~~ y11     1 est.std.all 0.323 0.323     0
64 y12 ~~ y12     1 est.std.all 0.245 0.245     0
65 y13 ~~ y13     1 est.std.all 0.163 0.163     0
66 y14 ~~ y14     1 est.std.all 0.127 0.127     0
67   i ~~   i     1 est.std.all 1.000 1.000     0
68   s ~~   s     1 est.std.all 1.000 1.000     0
69   i =~ y11     1 est.std.nox 0.823 0.823     0
70   i =~ y12     1 est.std.nox 0.708 0.708     0
71   i =~ y13     1 est.std.nox 0.585 0.585     0
72   i =~ y14     1 est.std.nox 0.477 0.477     0
73   s =~ y11     1 est.std.nox 0.000 0.000     0
74   s =~ y12     1 est.std.nox 0.343 0.343     0
75   s =~ y13     1 est.std.nox 0.559 0.559     0
76   s =~ y14     1 est.std.nox 0.681 0.681     0
77   i ~~   s     1 est.std.nox 0.278 0.278     0
78   i ~1         1 est.std.nox 0.518 0.518     0
79   s ~1         1 est.std.nox 2.170 2.170     0
80 y11 ~~ y11     1 est.std.nox 0.323 0.323     0
81 y12 ~~ y12     1 est.std.nox 0.245 0.245     0
82 y13 ~~ y13     1 est.std.nox 0.163 0.163     0
83 y14 ~~ y14     1 est.std.nox 0.127 0.127     0
84   i ~~   i     1 est.std.nox 1.000 1.000     0
85   s ~~   s     1 est.std.nox 1.000 1.000     0

                            fit       lav       mpl delta
1                          npar    11.000    11.000     0
2                          fmin     0.004        NA    NA
3                         chisq     4.319     4.319     0
4                            df     3.000     3.000     0
5                        pvalue     0.229     0.229     0
6                baseline.chisq  1439.722  1439.722     0
7                   baseline.df     6.000     6.000     0
8               baseline.pvalue     0.000     0.000     0
9                           cfi     0.999     0.999     0
10                          tli     0.998     0.998     0
11                   cfi.robust     0.999        NA    NA
12                   tli.robust     0.998        NA    NA
13                         nnfi     0.998        NA    NA
14                          rfi     0.994        NA    NA
15                          nfi     0.997        NA    NA
16                         pnfi     0.498        NA    NA
17                          ifi     0.999        NA    NA
18                          rni     0.999        NA    NA
19                  nnfi.robust     0.998        NA    NA
20                   rni.robust     0.999        NA    NA
21                         logl -3016.249 -3016.249     0
22            unrestricted.logl -3014.089 -3014.089     0
23                          aic  6054.498  6054.498     0
24                          bic  6100.859  6100.859     0
25                         bic2  6065.944  6065.944     0
26                        rmsea     0.030     0.030     0
27               rmsea.ci.lower     0.000     0.000     0
28               rmsea.ci.upper     0.086     0.086     0
29               rmsea.ci.level     0.900        NA    NA
30                 rmsea.pvalue     0.648     0.648     0
31               rmsea.close.h0     0.050        NA    NA
32        rmsea.notclose.pvalue     0.077        NA    NA
33            rmsea.notclose.h0     0.080        NA    NA
34                 rmsea.robust     0.030        NA    NA
35        rmsea.ci.lower.robust     0.000        NA    NA
36        rmsea.ci.upper.robust     0.086        NA    NA
37          rmsea.pvalue.robust     0.648        NA    NA
38 rmsea.notclose.pvalue.robust     0.077        NA    NA
39                          rmr     0.022        NA    NA
40                   rmr_nomean     0.026        NA    NA
41                         srmr     0.009     0.009     0
42                 srmr_bentler     0.008        NA    NA
43          srmr_bentler_nomean     0.009        NA    NA
44                         crmr     0.007        NA    NA
45                  crmr_nomean     0.009        NA    NA
46                   srmr_mplus     0.009        NA    NA
47            srmr_mplus_nomean     0.009        NA    NA
48                        cn_05   905.597        NA    NA
49                        cn_01  1314.230        NA    NA
50                          gfi     0.998        NA    NA
51                         agfi     0.993        NA    NA
52                         pgfi     0.214        NA    NA
53                          mfi     0.999        NA    NA
54                         ecvi     0.053        NA    NA
