# lavaan TESTsuite -- lavaan version  0.6-18 
# date:  Wed Jan 17 15:28:04 2024 
# file:  ex6.18.out 

    lhs op rhs group type   lav   mpl delta
1     i =~  y1     1  est 1.000 1.000     0
2     i =~  y2     1  est 1.000 1.000     0
3     i =~  y3     1  est 1.000 1.000     0
4     i =~  y4     1  est 1.000 1.000     0
5     s =~  y1     1  est 0.000 0.000     0
6     s =~  y2     1  est 0.200 0.200     0
7     s =~  y3     1  est 0.400 0.400     0
8     s =~  y4     1  est 0.600 0.600     0
9     i ~~   i     1  est 0.988 0.988     0
10    s ~~   s     1  est 0.384 0.384     0
11    i ~~   s     1  est 0.065 0.065     0
12    i ~1         1  est 0.509 0.509     0
13    s ~1         1  est 0.982 0.982     0
14    i  ~   x     1  est 1.021 1.021     0
15    s  ~   x     1  est 0.294 0.294     0
16   y1  ~ a21     1  est 0.489 0.489     0
17   y2  ~ a22     1  est 0.373 0.373     0
18   y3  ~ a23     1  est 0.280 0.280     0
19   y4  ~ a24     1  est 0.220 0.220     0
20   y1 ~~  y1     1  est 0.428 0.428     0
21   y2 ~~  y2     1  est 0.520 0.520     0
22   y3 ~~  y3     1  est 0.462 0.462     0
23   y4 ~~  y4     1  est 0.483 0.483     0
24    i =~  y1     2  est 1.000 1.000     0
25    i =~  y2     2  est 1.000 1.000     0
26    i =~  y3     2  est 1.000 1.000     0
27    i =~  y4     2  est 1.000 1.000     0
28    s =~  y1     2  est 0.100 0.100     0
29    s =~  y2     2  est 0.300 0.300     0
30    s =~  y3     2  est 0.500 0.500     0
31    s =~  y4     2  est 0.700 0.700     0
32    i ~~   i     2  est 0.988 0.988     0
33    s ~~   s     2  est 0.384 0.384     0
34    i ~~   s     2  est 0.065 0.065     0
35    i ~1         2  est 0.509 0.509     0
36    s ~1         2  est 0.982 0.982     0
37    i  ~   x     2  est 1.021 1.021     0
38    s  ~   x     2  est 0.294 0.294     0
39   y1  ~ a21     2  est 0.479 0.479     0
40   y2  ~ a22     2  est 0.458 0.458     0
41   y3  ~ a23     2  est 0.399 0.399     0
42   y4  ~ a24     2  est 0.264 0.264     0
43   y1 ~~  y1     2  est 0.439 0.439     0
44   y2 ~~  y2     2  est 0.625 0.625     0
45   y3 ~~  y3     2  est 0.532 0.532     0
46   y4 ~~  y4     2  est 0.511 0.511     0
47    i =~  y1     3  est 1.000 1.000     0
48    i =~  y2     3  est 1.000 1.000     0
49    i =~  y3     3  est 1.000 1.000     0
50    i =~  y4     3  est 1.000 1.000     0
51    s =~  y1     3  est 0.200 0.200     0
52    s =~  y2     3  est 0.400 0.400     0
53    s =~  y3     3  est 0.600 0.600     0
54    s =~  y4     3  est 0.800 0.800     0
55    i ~~   i     3  est 0.988 0.988     0
56    s ~~   s     3  est 0.384 0.384     0
57    i ~~   s     3  est 0.065 0.065     0
58    i ~1         3  est 0.509 0.509     0
59    s ~1         3  est 0.982 0.982     0
60    i  ~   x     3  est 1.021 1.021     0
61    s  ~   x     3  est 0.294 0.294     0
62   y1  ~ a21     3  est 0.373 0.373     0
63   y2  ~ a22     3  est 0.280 0.280     0
64   y3  ~ a23     3  est 0.220 0.220     0
65   y4  ~ a24     3  est 0.244 0.244     0
66   y1 ~~  y1     3  est 0.520 0.520     0
67   y2 ~~  y2     3  est 0.462 0.462     0
68   y3 ~~  y3     3  est 0.483 0.483     0
69   y4 ~~  y4     3  est 0.380 0.380     0
70    i =~  y1     1   se 0.000 0.000     0
71    i =~  y2     1   se 0.000 0.000     0
72    i =~  y3     1   se 0.000 0.000     0
73    i =~  y4     1   se 0.000 0.000     0
74    s =~  y1     1   se 0.000 0.000     0
75    s =~  y2     1   se 0.000 0.000     0
76    s =~  y3     1   se 0.000 0.000     0
77    s =~  y4     1   se 0.000 0.000     0
78    i ~~   i     1   se 0.057 0.057     0
79    s ~~   s     1   se 0.134 0.134     0
80    i ~~   s     1   se 0.068 0.068     0
81    i ~1         1   se 0.031 0.031     0
82    s ~1         1   se 0.042 0.042     0
83    i  ~   x     1   se 0.031 0.031     0
84    s  ~   x     1   se 0.042 0.042     0
85   y1  ~ a21     1   se 0.034 0.034     0
86   y2  ~ a22     1   se 0.026 0.026     0
87   y3  ~ a23     1   se 0.024 0.024     0
88   y4  ~ a24     1   se 0.025 0.025     0
89   y1 ~~  y1     1   se 0.042 0.042     0
90   y2 ~~  y2     1   se 0.031 0.031     0
91   y3 ~~  y3     1   se 0.027 0.027     0
92   y4 ~~  y4     1   se 0.030 0.030     0
93    i =~  y1     2   se 0.000 0.000     0
94    i =~  y2     2   se 0.000 0.000     0
95    i =~  y3     2   se 0.000 0.000     0
96    i =~  y4     2   se 0.000 0.000     0
97    s =~  y1     2   se 0.000 0.000     0
98    s =~  y2     2   se 0.000 0.000     0
99    s =~  y3     2   se 0.000 0.000     0
100   s =~  y4     2   se 0.000 0.000     0
101   i ~~   i     2   se 0.057 0.057     0
102   s ~~   s     2   se 0.134 0.134     0
103   i ~~   s     2   se 0.068 0.068     0
104   i ~1         2   se 0.031 0.031     0
105   s ~1         2   se 0.042 0.042     0
106   i  ~   x     2   se 0.031 0.031     0
107   s  ~   x     2   se 0.042 0.042     0
108  y1  ~ a21     2   se 0.034 0.034     0
109  y2  ~ a22     2   se 0.037 0.037     0
110  y3  ~ a23     2   se 0.035 0.035     0
111  y4  ~ a24     2   se 0.040 0.040     0
112  y1 ~~  y1     2   se 0.044 0.044     0
113  y2 ~~  y2     2   se 0.049 0.049     0
114  y3 ~~  y3     2   se 0.045 0.045     0
115  y4 ~~  y4     2   se 0.051 0.051     0
116   i =~  y1     3   se 0.000 0.000     0
117   i =~  y2     3   se 0.000 0.000     0
118   i =~  y3     3   se 0.000 0.000     0
119   i =~  y4     3   se 0.000 0.000     0
120   s =~  y1     3   se 0.000 0.000     0
121   s =~  y2     3   se 0.000 0.000     0
122   s =~  y3     3   se 0.000 0.000     0
123   s =~  y4     3   se 0.000 0.000     0
124   i ~~   i     3   se 0.057 0.057     0
125   s ~~   s     3   se 0.134 0.134     0
126   i ~~   s     3   se 0.068 0.068     0
127   i ~1         3   se 0.031 0.031     0
128   s ~1         3   se 0.042 0.042     0
129   i  ~   x     3   se 0.031 0.031     0
130   s  ~   x     3   se 0.042 0.042     0
131  y1  ~ a21     3   se 0.026 0.026     0
132  y2  ~ a22     3   se 0.024 0.024     0
133  y3  ~ a23     3   se 0.025 0.025     0
134  y4  ~ a24     3   se 0.034 0.034     0
135  y1 ~~  y1     3   se 0.031 0.031     0
136  y2 ~~  y2     3   se 0.027 0.027     0
137  y3 ~~  y3     3   se 0.030 0.030     0
138  y4 ~~  y4     3   se 0.042 0.042     0

                     fit       lav       mpl  delta
1                   npar    25.000    25.000  0.000
2                   fmin     0.026        NA     NA
3                  chisq    76.650    76.650  0.000
4                     df    77.000    77.000  0.000
5                 pvalue     0.490     0.490  0.000
6         baseline.chisq  7411.329  7411.329  0.000
7            baseline.df    78.000    78.000  0.000
8        baseline.pvalue     0.000     0.000  0.000
9                    cfi     1.000     1.000  0.000
10                   tli     1.000     1.000  0.000
11                  nnfi     1.000        NA     NA
12                   rfi     0.990        NA     NA
13                   nfi     0.990        NA     NA
14                  pnfi     0.977        NA     NA
15                   ifi     1.000        NA     NA
16                   rni     1.000        NA     NA
17                  logl -8179.476 -8179.476  0.000
18     unrestricted.logl -8141.152 -8141.152  0.000
19                   aic 16408.953 16408.953  0.000
20                   bic 16541.783 16541.783  0.000
21                  bic2 16462.365 16462.365  0.000
22                 rmsea     0.000     0.000  0.000
23        rmsea.ci.lower     0.000     0.000  0.000
24        rmsea.ci.upper     0.025     0.025  0.000
25        rmsea.ci.level     0.900        NA     NA
26          rmsea.pvalue     1.000     1.000  0.000
27        rmsea.close.h0     0.050        NA     NA
28 rmsea.notclose.pvalue     0.000        NA     NA
29     rmsea.notclose.h0     0.080        NA     NA
30                   rmr     0.047        NA     NA
31            rmr_nomean     0.051        NA     NA
32                  srmr     0.019     0.023 -0.004
33          srmr_bentler     0.019        NA     NA
34   srmr_bentler_nomean     0.021        NA     NA
35                  crmr     0.015        NA     NA
36           crmr_nomean     0.017        NA     NA
37            srmr_mplus     0.018        NA     NA
38     srmr_mplus_nomean     0.019        NA     NA
39                 cn_05  1928.299        NA     NA
40                 cn_01  2129.602        NA     NA
41                   gfi     0.986        NA     NA
42                  agfi     0.971        NA     NA
43                  pgfi     0.469        NA     NA
44                   mfi     1.000        NA     NA
45                  ecvi     0.084        NA     NA
