# lavaan TESTsuite -- lavaan version  0.6-17 
# date:  Tue Jan 16 19:19:10 2024 
# file:  ex9.11.out 

    lhs op rhs group type    lav    mpl  delta
1   fw1 =~  y1     1  est  1.000  1.000  0.000
2   fw1 =~  y2     1  est  0.973  1.129 -0.156
3   fw1 =~  y3     1  est  1.009  1.218 -0.209
4   fw2 =~  y4     1  est  1.000  1.000  0.000
5   fw2 =~  y5     1  est  0.844  0.969 -0.125
6   fw2 =~  y6     1  est  0.935  1.083 -0.148
7    y1 ~~  y1     1  est  3.919     NA     NA
8    y2 ~~  y2     1  est  4.159     NA     NA
9    y3 ~~  y3     1  est  4.091     NA     NA
10   y4 ~~  y4     1  est  3.737     NA     NA
11   y5 ~~  y5     1  est  4.807     NA     NA
12   y6 ~~  y6     1  est  3.953     NA     NA
13  fw1 ~~ fw1     1  est  1.998  1.590  0.408
14  fw2 ~~ fw2     1  est  2.140  1.795  0.345
15  fw1 ~~ fw2     1  est  1.148  0.948  0.200
16   y1 ~1         1  est  0.000  0.046 -0.046
17   y2 ~1         1  est  0.000 -0.044  0.044
18   y3 ~1         1  est  0.000  0.078 -0.078
19   y4 ~1         1  est  0.000 -0.130  0.130
20   y5 ~1         1  est  0.000 -0.223  0.223
21   y6 ~1         1  est  0.000  0.076 -0.076
22  fb1 =~  y1     1  est  1.000  1.000  0.000
23  fb1 =~  y2     1  est  1.379  1.382 -0.003
24  fb1 =~  y3     1  est  0.558  0.587 -0.029
25  fb2 =~  y4     1  est  1.000  1.000  0.000
26  fb2 =~  y5     1  est  0.743  0.799 -0.056
27  fb2 =~  y6     1  est  0.879  0.942 -0.063
28   y1 ~1         1  est  0.045  0.046 -0.001
29   y2 ~1         1  est -0.044 -0.044  0.000
30   y3 ~1         1  est  0.076  0.078 -0.002
31   y4 ~1         1  est -0.128 -0.130  0.002
32   y5 ~1         1  est -0.221 -0.223  0.002
33   y6 ~1         1  est  0.080  0.076  0.004
34   y1 ~~  y1     1  est  0.986     NA     NA
35   y2 ~~  y2     1  est  0.430     NA     NA
36   y3 ~~  y3     1  est  1.077     NA     NA
37   y4 ~~  y4     1  est  0.846     NA     NA
38   y5 ~~  y5     1  est  0.981     NA     NA
39   y6 ~~  y6     1  est  1.348     NA     NA
40  fb1 ~~ fb1     1  est  0.711  0.707  0.004
41  fb2 ~~ fb2     1  est  0.501  0.462  0.039
42  fb1 ~~ fb2     1  est  0.060  0.053  0.007
43  fw1 =~  y1     2  est  1.000  1.000  0.000
44  fw1 =~  y2     2  est  0.973  0.576  0.397
45  fw1 =~  y3     2  est  1.009  0.519  0.490
46  fw2 =~  y4     2  est  1.000  1.000  0.000
47  fw2 =~  y5     2  est  0.844  0.690  0.154
48  fw2 =~  y6     2  est  0.935  0.754  0.181
49   y1 ~~  y1     2  est  4.566     NA     NA
50   y2 ~~  y2     2  est  3.290     NA     NA
51   y3 ~~  y3     2  est  3.735     NA     NA
52   y4 ~~  y4     2  est  3.562     NA     NA
53   y5 ~~  y5     2  est  4.080     NA     NA
54   y6 ~~  y6     2  est  3.626     NA     NA
55  fw1 ~~ fw1     2  est  1.164  2.530 -1.366
56  fw2 ~~ fw2     2  est  2.058  2.663 -0.605
57  fw1 ~~ fw2     2  est  0.638  1.054 -0.416
58   y1 ~1         2  est  0.000  0.046 -0.046
59   y2 ~1         2  est  0.000 -0.044  0.044
60   y3 ~1         2  est  0.000  0.078 -0.078
61   y4 ~1         2  est  0.000 -0.130  0.130
62   y5 ~1         2  est  0.000 -0.223  0.223
63   y6 ~1         2  est  0.000  0.076 -0.076
64  fb1 =~  y1     2  est  1.000  1.000  0.000
65  fb1 =~  y2     2  est  1.379  1.382 -0.003
66  fb1 =~  y3     2  est  0.558  0.587 -0.029
67  fb2 =~  y4     2  est  1.000  1.000  0.000
68  fb2 =~  y5     2  est  0.743  0.799 -0.056
69  fb2 =~  y6     2  est  0.879  0.942 -0.063
70   y1 ~1         2  est  0.045  0.046 -0.001
71   y2 ~1         2  est -0.044 -0.044  0.000
72   y3 ~1         2  est  0.076  0.078 -0.002
73   y4 ~1         2  est -0.128 -0.130  0.002
74   y5 ~1         2  est -0.221 -0.223  0.002
75   y6 ~1         2  est  0.080  0.076  0.004
76  fb1 ~1         2  est -0.015 -0.015  0.000
77  fb2 ~1         2  est  0.091  0.096 -0.005
78   y1 ~~  y1     2  est  1.141     NA     NA
79   y2 ~~  y2     2  est  0.369     NA     NA
80   y3 ~~  y3     2  est  1.231     NA     NA
81   y4 ~~  y4     2  est  1.168     NA     NA
82   y5 ~~  y5     2  est  1.457     NA     NA
83   y6 ~~  y6     2  est  1.059     NA     NA
84  fb1 ~~ fb1     2  est  0.672  0.656  0.016
85  fb2 ~~ fb2     2  est  0.443  0.408  0.035
86  fb1 ~~ fb2     2  est  0.022  0.042 -0.020
87  fw1 =~  y1     1   se  0.000  0.000  0.000
88  fw1 =~  y2     1   se  0.101  0.117 -0.016
89  fw1 =~  y3     1   se  0.110  0.132 -0.022
90  fw2 =~  y4     1   se  0.000  0.000  0.000
91  fw2 =~  y5     1   se  0.077  0.107 -0.030
92  fw2 =~  y6     1   se  0.094  0.146 -0.052
93   y1 ~~  y1     1   se  0.268     NA     NA
94   y2 ~~  y2     1   se  0.260     NA     NA
95   y3 ~~  y3     1   se  0.295     NA     NA
96   y4 ~~  y4     1   se  0.279     NA     NA
97   y5 ~~  y5     1   se  0.247     NA     NA
98   y6 ~~  y6     1   se  0.246     NA     NA
99  fw1 ~~ fw1     1   se  0.273  0.254  0.019
100 fw2 ~~ fw2     1   se  0.279  0.310 -0.031
101 fw1 ~~ fw2     1   se  0.164  0.151  0.013
102  y1 ~1         1   se  0.000  0.131 -0.131
103  y2 ~1         1   se  0.000  0.148 -0.148
104  y3 ~1         1   se  0.000  0.108 -0.108
105  y4 ~1         1   se  0.000  0.125 -0.125
106  y5 ~1         1   se  0.000  0.127 -0.127
107  y6 ~1         1   se  0.000  0.143 -0.143
108 fb1 =~  y1     1   se  0.000  0.000  0.000
109 fb1 =~  y2     1   se  1.126  0.893  0.233
110 fb1 =~  y3     1   se  0.173  0.172  0.001
111 fb2 =~  y4     1   se  0.000  0.000  0.000
112 fb2 =~  y5     1   se  0.864  0.702  0.162
113 fb2 =~  y6     1   se  1.206  1.056  0.150
114  y1 ~1         1   se  0.139  0.131  0.008
115  y2 ~1         1   se  0.159  0.148  0.011
116  y3 ~1         1   se  0.111  0.108  0.003
117  y4 ~1         1   se  0.136  0.125  0.011
118  y5 ~1         1   se  0.138  0.127  0.011
119  y6 ~1         1   se  0.157  0.143  0.014
120  y1 ~~  y1     1   se  0.594     NA     NA
121  y2 ~~  y2     1   se  1.040     NA     NA
122  y3 ~~  y3     1   se  0.251     NA     NA
123  y4 ~~  y4     1   se  0.642     NA     NA
124  y5 ~~  y5     1   se  0.322     NA     NA
125  y6 ~~  y6     1   se  0.557     NA     NA
126 fb1 ~~ fb1     1   se  0.641  0.530  0.111
127 fb2 ~~ fb2     1   se  0.729  0.594  0.135
128 fb1 ~~ fb2     1   se  0.248  0.219  0.029
129 fw1 =~  y1     2   se  0.000  0.000  0.000
130 fw1 =~  y2     2   se  0.101  0.107 -0.006
131 fw1 =~  y3     2   se  0.110  0.100  0.010
132 fw2 =~  y4     2   se  0.000  0.000  0.000
133 fw2 =~  y5     2   se  0.077  0.100 -0.023
134 fw2 =~  y6     2   se  0.094  0.093  0.001
135  y1 ~~  y1     2   se  0.331     NA     NA
136  y2 ~~  y2     2   se  0.193     NA     NA
137  y3 ~~  y3     2   se  0.216     NA     NA
138  y4 ~~  y4     2   se  0.289     NA     NA
139  y5 ~~  y5     2   se  0.269     NA     NA
140  y6 ~~  y6     2   se  0.235     NA     NA
141 fw1 ~~ fw1     2   se  0.235  0.512 -0.277
142 fw2 ~~ fw2     2   se  0.321  0.421 -0.100
143 fw1 ~~ fw2     2   se  0.147  0.214 -0.067
144  y1 ~1         2   se  0.000  0.131 -0.131
145  y2 ~1         2   se  0.000  0.148 -0.148
146  y3 ~1         2   se  0.000  0.108 -0.108
147  y4 ~1         2   se  0.000  0.125 -0.125
148  y5 ~1         2   se  0.000  0.127 -0.127
149  y6 ~1         2   se  0.000  0.143 -0.143
150 fb1 =~  y1     2   se  0.000  0.000  0.000
151 fb1 =~  y2     2   se  1.126  0.893  0.233
152 fb1 =~  y3     2   se  0.173  0.172  0.001
153 fb2 =~  y4     2   se  0.000  0.000  0.000
154 fb2 =~  y5     2   se  0.864  0.702  0.162
155 fb2 =~  y6     2   se  1.206  1.056  0.150
156  y1 ~1         2   se  0.139  0.131  0.008
157  y2 ~1         2   se  0.159  0.148  0.011
158  y3 ~1         2   se  0.111  0.108  0.003
159  y4 ~1         2   se  0.136  0.125  0.011
160  y5 ~1         2   se  0.138  0.127  0.011
161  y6 ~1         2   se  0.157  0.143  0.014
162 fb1 ~1         2   se  0.152  0.148  0.004
163 fb2 ~1         2   se  0.179  0.163  0.016
164  y1 ~~  y1     2   se  0.531     NA     NA
165  y2 ~~  y2     2   se  1.148     NA     NA
166  y3 ~~  y3     2   se  0.263     NA     NA
167  y4 ~~  y4     2   se  0.677     NA     NA
168  y5 ~~  y5     2   se  0.300     NA     NA
169  y6 ~~  y6     2   se  0.401     NA     NA
170 fb1 ~~ fb1     2   se  0.517  0.387  0.130
171 fb2 ~~ fb2     2   se  0.744  0.544  0.200
172 fb1 ~~ fb2     2   se  0.350  0.279  0.071

                             fit        lav        mpl      delta
1                           npar     52.000     56.000     -4.000
2                           fmin      4.228         NA         NA
3                          chisq      0.000     38.271    -38.271
4                             df     44.000     40.000      4.000
5                         pvalue      1.000      0.548      0.452
6                   chisq.scaled      0.000     38.271    -38.271
7                      df.scaled     44.000     40.000      4.000
8                  pvalue.scaled      1.000      0.548      0.452
9           chisq.scaling.factor      0.999      0.887      0.112
10                baseline.chisq      0.000   1130.168  -1130.168
11                   baseline.df     60.000     60.000      0.000
12               baseline.pvalue      1.000      0.000      1.000
13         baseline.chisq.scaled         NA   1130.168         NA
14            baseline.df.scaled     60.000     60.000      0.000
15        baseline.pvalue.scaled         NA      0.000         NA
16 baseline.chisq.scaling.factor         NA         NA         NA
17                           cfi      1.000      1.000      0.000
18                           tli      0.000      1.002     -1.002
19                    cfi.scaled         NA      1.000         NA
20                    tli.scaled         NA      1.002         NA
21                    cfi.robust         NA         NA         NA
22                    tli.robust         NA         NA         NA
23                          nnfi      0.000         NA         NA
24                           rfi        NaN         NA        NaN
25                           nfi         NA         NA         NA
26                          pnfi         NA         NA         NA
27                           ifi      1.000         NA         NA
28                           rni      0.267         NA         NA
29                   nnfi.scaled         NA         NA         NA
30                    rfi.scaled         NA         NA         NA
31                    nfi.scaled         NA         NA         NA
32                   pnfi.scaled         NA         NA         NA
33                    ifi.scaled         NA         NA         NA
34                    rni.scaled         NA         NA         NA
35                   nnfi.robust         NA         NA         NA
36                    rni.robust         NA         NA         NA
37                          logl -24938.495 -24926.956    -11.539
38             unrestricted.logl -49819.983 -24909.987 -24909.996
39                           aic  49980.990  49965.913     15.077
40                           bic  50266.758  50273.663     -6.905
41                          bic2  50101.557  50095.754      5.803
42             scaling.factor.h1      1.026         NA         NA
43             scaling.factor.h0      0.827         NA         NA
44                         rmsea      0.000      0.000      0.000
45                rmsea.ci.lower      0.000         NA         NA
46                rmsea.ci.upper      0.000         NA         NA
47                rmsea.ci.level      0.900         NA         NA
48                  rmsea.pvalue      1.000         NA         NA
49                rmsea.close.h0      0.050         NA         NA
50         rmsea.notclose.pvalue      0.000         NA         NA
51             rmsea.notclose.h0      0.080         NA         NA
52                  rmsea.scaled      0.000      0.000      0.000
53         rmsea.ci.lower.scaled      0.000         NA         NA
54         rmsea.ci.upper.scaled      0.000         NA         NA
55           rmsea.pvalue.scaled      1.000         NA         NA
56  rmsea.notclose.pvalue.scaled      0.000         NA         NA
57                  rmsea.robust         NA         NA         NA
58         rmsea.ci.lower.robust         NA         NA         NA
59         rmsea.ci.upper.robust         NA         NA         NA
60           rmsea.pvalue.robust         NA         NA         NA
61  rmsea.notclose.pvalue.robust         NA         NA         NA
62                          srmr      0.119         NA         NA
63                   srmr_within      0.039         NA         NA
64                  srmr_between      0.080         NA         NA
