Mplus VERSION 8 (Linux)
MUTHEN & MUTHEN
10/17/2017  10:11 AM

INPUT INSTRUCTIONS

  title:
  		[This syntax is autogenerated]
  		CFA Mplus syntax
  data:
  		file is HS.multi.raw;
                  listwise=on;
  variable:
  		names are
  		school x1  x2  x3  x4  x5  x6
  		x7  x8  x9;
  		missing are all (-999999);
                  grouping is school (1=Pasteur, 2=GrantWhite);
  analysis:
  !               model=nomeanstructure;
                  estimator=MLF;
  !               information=expected;
                  convergence=0.00000001;

  model:
                  visual  by x1 x2 x3;
                  textual by x4 x5 x6;
                  speed   by x7 x8 x9;

  model GrantWhite:
          visual by x1@1;
          visual by x2;
          visual by x3;
          textual by x4@1;
          textual by x5;
          textual by x6;
          speed by x7@1;
          speed by x8;
          speed by x9;
          [visual-speed@0];
          [x1-x9];
  Output:  standardized;



INPUT READING TERMINATED NORMALLY




[This syntax is autogenerated]
CFA Mplus syntax

SUMMARY OF ANALYSIS

Number of groups                                                 2
Number of observations
   Group PASTEUR                                               156
   Group GRANTWHITE                                            145
   Total sample size                                           301

Number of dependent variables                                    9
Number of independent variables                                  0
Number of continuous latent variables                            3

Observed dependent variables

  Continuous
   X1          X2          X3          X4          X5          X6
   X7          X8          X9

Continuous latent variables
   VISUAL      TEXTUAL     SPEED

Variables with special functions

  Grouping variable     SCHOOL

Estimator                                                      MLF
Information matrix                                        OBSERVED
Maximum number of iterations                                  1000
Convergence criterion                                    0.100D-07
Maximum number of steepest descent iterations                   20

Input data file(s)
  HS.multi.raw

Input data format  FREE



UNIVARIATE SAMPLE STATISTICS


     UNIVARIATE HIGHER-ORDER MOMENT DESCRIPTIVE STATISTICS FOR PASTEUR

         Variable/         Mean/     Skewness/   Minimum/ % with                Percentiles
        Sample Size      Variance    Kurtosis    Maximum  Min/Max      20%/60%    40%/80%    Median

     X1                    4.941      -0.374       0.667    0.64%       4.000      4.667      5.000
             156.000       1.395       0.674       7.500    1.28%       5.333      5.833
     X2                    5.984       0.688       3.500    0.64%       5.000      5.500      5.750
             156.000       1.504       0.209       9.250    1.92%       6.000      7.000
     X3                    2.487       0.154       0.250    0.64%       1.375      2.000      2.375
             156.000       1.346      -1.078       4.500    3.21%       2.625      3.750
     X4                    2.823       0.219       0.000    0.64%       1.667      2.667      2.667
             156.000       1.320      -0.089       6.000    0.64%       3.000      3.667
     X5                    3.995      -0.130       1.000    0.64%       2.750      3.500      4.000
             156.000       1.708      -0.851       6.750    0.64%       4.500      5.250
     X6                    1.922       1.000       0.143    1.28%       1.000      1.571      1.857
             156.000       0.974       1.932       6.143    0.64%       2.143      2.714
     X7                    4.432       0.300       2.043    0.64%       3.478      4.000      4.370
             156.000       1.170      -0.421       7.435    0.64%       4.696      5.522
     X8                    5.563       0.358       3.500    0.64%       4.750      5.250      5.475
             156.000       0.952       0.050       8.300    0.64%       5.750      6.300
     X9                    5.418       0.223       2.778    0.64%       4.611      5.111      5.417
             156.000       0.978       0.149       8.611    0.64%       5.639      6.222


     UNIVARIATE HIGHER-ORDER MOMENT DESCRIPTIVE STATISTICS FOR GRANTWHITE

         Variable/         Mean/     Skewness/   Minimum/ % with                Percentiles
        Sample Size      Variance    Kurtosis    Maximum  Min/Max      20%/60%    40%/80%    Median

     X1                    4.930      -0.118       1.833    0.69%       4.000      4.667      5.000
             145.000       1.319      -0.085       8.500    0.69%       5.167      6.000
     X2                    6.200       0.237       2.250    0.69%       5.250      5.750      6.250
             145.000       1.226       0.801       9.250    1.38%       6.250      7.000
     X3                    1.996       0.617       0.375    1.38%       1.000      1.625      1.875
             145.000       1.073      -0.480       4.500    0.69%       2.000      3.000
     X4                    3.317       0.401       0.333    0.69%       2.333      3.000      3.000
             145.000       1.257       0.203       6.333    0.69%       3.333      4.333
     X5                    4.712      -0.544       1.000    0.69%       4.000      4.500      4.750
             145.000       1.342       0.172       7.000    0.69%       5.000      5.750
     X6                    2.469       0.721       0.286    0.69%       1.571      2.000      2.286
             145.000       1.280       0.184       5.857    0.69%       2.571      3.286
     X7                    3.921       0.161       1.304    0.69%       2.957      3.565      3.870
             145.000       1.062      -0.385       6.478    0.69%       4.130      4.783
     X8                    5.488       0.691       3.050    0.69%       4.650      5.250      5.500
             145.000       1.094       2.164      10.000    0.69%       5.700      6.250
     X9                    5.327       0.198       3.111    0.69%       4.417      5.056      5.306
             145.000       1.051       0.457       9.250    0.69%       5.583      6.222


THE MODEL ESTIMATION TERMINATED NORMALLY



MODEL FIT INFORMATION

Number of Free Parameters                       60

Loglikelihood

          H0 Value                       -3682.198
          H1 Value                       -3624.272

Information Criteria

          Akaike (AIC)                    7484.395
          Bayesian (BIC)                  7706.822
          Sample-Size Adjusted BIC        7516.536
            (n* = (n + 2) / 24)

Chi-Square Test of Model Fit

          Value                            115.851
          Degrees of Freedom                    48
          P-Value                           0.0000

Chi-Square Contribution From Each Group

          PASTEUR                           64.309
          GRANTWHITE                        51.542

RMSEA (Root Mean Square Error Of Approximation)

          Estimate                           0.097
          90 Percent C.I.                    0.075  0.120
          Probability RMSEA <= .05           0.001

CFI/TLI

          CFI                                0.923
          TLI                                0.885

Chi-Square Test of Model Fit for the Baseline Model

          Value                            957.769
          Degrees of Freedom                    72
          P-Value                           0.0000

SRMR (Standardized Root Mean Square Residual)

          Value                              0.068



MODEL RESULTS

                                                    Two-Tailed
                    Estimate       S.E.  Est./S.E.    P-Value

Group PASTEUR

 VISUAL   BY
    X1                 1.000      0.000    999.000    999.000
    X2                 0.394      0.145      2.722      0.006
    X3                 0.570      0.168      3.399      0.001

 TEXTUAL  BY
    X4                 1.000      0.000    999.000    999.000
    X5                 1.183      0.128      9.229      0.000
    X6                 0.875      0.091      9.585      0.000

 SPEED    BY
    X7                 1.000      0.000    999.000    999.000
    X8                 1.125      0.313      3.598      0.000
    X9                 0.922      0.313      2.946      0.003

 TEXTUAL  WITH
    VISUAL             0.479      0.137      3.506      0.000

 SPEED    WITH
    VISUAL             0.185      0.105      1.769      0.077
    TEXTUAL            0.182      0.079      2.292      0.022

 Means
    VISUAL             0.000      0.000    999.000    999.000
    TEXTUAL            0.000      0.000    999.000    999.000
    SPEED              0.000      0.000    999.000    999.000

 Intercepts
    X1                 4.941      0.117     42.186      0.000
    X2                 5.984      0.124     48.363      0.000
    X3                 2.487      0.114     21.797      0.000
    X4                 2.823      0.113     24.923      0.000
    X5                 3.995      0.122     32.821      0.000
    X6                 1.922      0.103     18.748      0.000
    X7                 4.432      0.101     43.813      0.000
    X8                 5.563      0.087     64.209      0.000
    X9                 5.418      0.091     59.793      0.000

 Variances
    VISUAL             1.097      0.273      4.022      0.000
    TEXTUAL            0.894      0.189      4.723      0.000
    SPEED              0.350      0.150      2.327      0.020

 Residual Variances
    X1                 0.298      0.239      1.251      0.211
    X2                 1.334      0.174      7.647      0.000
    X3                 0.989      0.193      5.118      0.000
    X4                 0.425      0.079      5.361      0.000
    X5                 0.456      0.100      4.577      0.000
    X6                 0.290      0.062      4.675      0.000
    X7                 0.820      0.148      5.553      0.000
    X8                 0.510      0.162      3.137      0.002
    X9                 0.680      0.115      5.924      0.000

Group GRANTWHITE

 VISUAL   BY
    X1                 1.000      0.000    999.000    999.000
    X2                 0.736      0.184      4.003      0.000
    X3                 0.925      0.202      4.575      0.000

 TEXTUAL  BY
    X4                 1.000      0.000    999.000    999.000
    X5                 0.990      0.109      9.084      0.000
    X6                 0.963      0.090     10.714      0.000

 SPEED    BY
    X7                 1.000      0.000    999.000    999.000
    X8                 1.226      0.250      4.904      0.000
    X9                 1.058      0.222      4.771      0.000

 TEXTUAL  WITH
    VISUAL             0.408      0.121      3.365      0.001

 SPEED    WITH
    VISUAL             0.276      0.090      3.082      0.002
    TEXTUAL            0.222      0.076      2.914      0.004

 Means
    VISUAL             0.000      0.000    999.000    999.000
    TEXTUAL            0.000      0.000    999.000    999.000
    SPEED              0.000      0.000    999.000    999.000

 Intercepts
    X1                 4.930      0.113     43.470      0.000
    X2                 6.200      0.102     60.781      0.000
    X3                 1.996      0.109     18.280      0.000
    X4                 3.317      0.130     25.435      0.000
    X5                 4.712      0.123     38.263      0.000
    X6                 2.469      0.131     18.811      0.000
    X7                 3.921      0.100     39.086      0.000
    X8                 5.488      0.112     48.871      0.000
    X9                 5.327      0.104     51.100      0.000

 Variances
    VISUAL             0.604      0.172      3.507      0.000
    TEXTUAL            0.942      0.180      5.227      0.000
    SPEED              0.461      0.153      3.015      0.003

 Residual Variances
    X1                 0.715      0.111      6.445      0.000
    X2                 0.899      0.130      6.941      0.000
    X3                 0.557      0.116      4.784      0.000
    X4                 0.315      0.070      4.494      0.000
    X5                 0.419      0.089      4.692      0.000
    X6                 0.406      0.071      5.753      0.000
    X7                 0.600      0.118      5.075      0.000
    X8                 0.401      0.111      3.616      0.000
    X9                 0.535      0.108      4.938      0.000


STANDARDIZED MODEL RESULTS


STDYX Standardization

                                                    Two-Tailed
                    Estimate       S.E.  Est./S.E.    P-Value

Group PASTEUR

 VISUAL   BY
    X1                 0.887      0.095      9.310      0.000
    X2                 0.336      0.104      3.219      0.001
    X3                 0.515      0.105      4.903      0.000

 TEXTUAL  BY
    X4                 0.823      0.038     21.841      0.000
    X5                 0.856      0.041     20.697      0.000
    X6                 0.838      0.048     17.387      0.000

 SPEED    BY
    X7                 0.547      0.101      5.421      0.000
    X8                 0.682      0.116      5.860      0.000
    X9                 0.551      0.115      4.793      0.000

 TEXTUAL  WITH
    VISUAL             0.484      0.099      4.871      0.000

 SPEED    WITH
    VISUAL             0.299      0.147      2.033      0.042
    TEXTUAL            0.325      0.117      2.784      0.005

 Means
    VISUAL             0.000      0.000    999.000    999.000
    TEXTUAL            0.000      0.000    999.000    999.000
    SPEED              0.000      0.000    999.000    999.000

 Intercepts
    X1                 4.183      0.250     16.715      0.000
    X2                 4.880      0.380     12.827      0.000
    X3                 2.144      0.244      8.770      0.000
    X4                 2.457      0.222     11.063      0.000
    X5                 3.057      0.296     10.336      0.000
    X6                 1.947      0.196      9.929      0.000
    X7                 4.098      0.324     12.666      0.000
    X8                 5.702      0.395     14.419      0.000
    X9                 5.480      0.381     14.374      0.000

 Variances
    VISUAL             1.000      0.000    999.000    999.000
    TEXTUAL            1.000      0.000    999.000    999.000
    SPEED              1.000      0.000    999.000    999.000

 Residual Variances
    X1                 0.214      0.169      1.266      0.206
    X2                 0.887      0.070     12.624      0.000
    X3                 0.735      0.108      6.808      0.000
    X4                 0.322      0.062      5.194      0.000
    X5                 0.267      0.071      3.765      0.000
    X6                 0.297      0.081      3.680      0.000
    X7                 0.701      0.110      6.359      0.000
    X8                 0.535      0.159      3.377      0.001
    X9                 0.696      0.127      5.485      0.000

Group GRANTWHITE

 VISUAL   BY
    X1                 0.677      0.064     10.514      0.000
    X2                 0.517      0.101      5.132      0.000
    X3                 0.694      0.080      8.665      0.000

 TEXTUAL  BY
    X4                 0.866      0.034     25.318      0.000
    X5                 0.829      0.049     16.937      0.000
    X6                 0.826      0.042     19.499      0.000

 SPEED    BY
    X7                 0.659      0.080      8.200      0.000
    X8                 0.796      0.072     11.057      0.000
    X9                 0.701      0.077      9.129      0.000

 TEXTUAL  WITH
    VISUAL             0.541      0.108      5.017      0.000

 SPEED    WITH
    VISUAL             0.523      0.106      4.935      0.000
    TEXTUAL            0.336      0.101      3.321      0.001

 Means
    VISUAL             0.000      0.000    999.000    999.000
    TEXTUAL            0.000      0.000    999.000    999.000
    SPEED              0.000      0.000    999.000    999.000

 Intercepts
    X1                 4.293      0.308     13.923      0.000
    X2                 5.599      0.394     14.216      0.000
    X3                 1.926      0.233      8.256      0.000
    X4                 2.959      0.280     10.580      0.000
    X5                 4.068      0.306     13.305      0.000
    X6                 2.182      0.256      8.527      0.000
    X7                 3.805      0.329     11.559      0.000
    X8                 5.246      0.335     15.667      0.000
    X9                 5.196      0.387     13.436      0.000

 Variances
    VISUAL             1.000      0.000    999.000    999.000
    TEXTUAL            1.000      0.000    999.000    999.000
    SPEED              1.000      0.000    999.000    999.000

 Residual Variances
    X1                 0.542      0.087      6.225      0.000
    X2                 0.733      0.104      7.052      0.000
    X3                 0.519      0.111      4.673      0.000
    X4                 0.251      0.059      4.238      0.000
    X5                 0.312      0.081      3.844      0.000
    X6                 0.317      0.070      4.529      0.000
    X7                 0.566      0.106      5.337      0.000
    X8                 0.367      0.115      3.200      0.001
    X9                 0.509      0.108      4.728      0.000


STDY Standardization

                                                    Two-Tailed
                    Estimate       S.E.  Est./S.E.    P-Value

Group PASTEUR

 VISUAL   BY
    X1                 0.887      0.095      9.310      0.000
    X2                 0.336      0.104      3.219      0.001
    X3                 0.515      0.105      4.903      0.000

 TEXTUAL  BY
    X4                 0.823      0.038     21.841      0.000
    X5                 0.856      0.041     20.697      0.000
    X6                 0.838      0.048     17.387      0.000

 SPEED    BY
    X7                 0.547      0.101      5.421      0.000
    X8                 0.682      0.116      5.860      0.000
    X9                 0.551      0.115      4.793      0.000

 TEXTUAL  WITH
    VISUAL             0.484      0.099      4.871      0.000

 SPEED    WITH
    VISUAL             0.299      0.147      2.033      0.042
    TEXTUAL            0.325      0.117      2.784      0.005

 Means
    VISUAL             0.000      0.000    999.000    999.000
    TEXTUAL            0.000      0.000    999.000    999.000
    SPEED              0.000      0.000    999.000    999.000

 Intercepts
    X1                 4.183      0.250     16.715      0.000
    X2                 4.880      0.380     12.827      0.000
    X3                 2.144      0.244      8.770      0.000
    X4                 2.457      0.222     11.063      0.000
    X5                 3.057      0.296     10.336      0.000
    X6                 1.947      0.196      9.929      0.000
    X7                 4.098      0.324     12.666      0.000
    X8                 5.702      0.395     14.419      0.000
    X9                 5.480      0.381     14.374      0.000

 Variances
    VISUAL             1.000      0.000    999.000    999.000
    TEXTUAL            1.000      0.000    999.000    999.000
    SPEED              1.000      0.000    999.000    999.000

 Residual Variances
    X1                 0.214      0.169      1.266      0.206
    X2                 0.887      0.070     12.624      0.000
    X3                 0.735      0.108      6.808      0.000
    X4                 0.322      0.062      5.194      0.000
    X5                 0.267      0.071      3.765      0.000
    X6                 0.297      0.081      3.680      0.000
    X7                 0.701      0.110      6.359      0.000
    X8                 0.535      0.159      3.377      0.001
    X9                 0.696      0.127      5.485      0.000

Group GRANTWHITE

 VISUAL   BY
    X1                 0.677      0.064     10.514      0.000
    X2                 0.517      0.101      5.132      0.000
    X3                 0.694      0.080      8.665      0.000

 TEXTUAL  BY
    X4                 0.866      0.034     25.318      0.000
    X5                 0.829      0.049     16.937      0.000
    X6                 0.826      0.042     19.499      0.000

 SPEED    BY
    X7                 0.659      0.080      8.200      0.000
    X8                 0.796      0.072     11.057      0.000
    X9                 0.701      0.077      9.129      0.000

 TEXTUAL  WITH
    VISUAL             0.541      0.108      5.017      0.000

 SPEED    WITH
    VISUAL             0.523      0.106      4.935      0.000
    TEXTUAL            0.336      0.101      3.321      0.001

 Means
    VISUAL             0.000      0.000    999.000    999.000
    TEXTUAL            0.000      0.000    999.000    999.000
    SPEED              0.000      0.000    999.000    999.000

 Intercepts
    X1                 4.293      0.308     13.923      0.000
    X2                 5.599      0.394     14.216      0.000
    X3                 1.926      0.233      8.256      0.000
    X4                 2.959      0.280     10.580      0.000
    X5                 4.068      0.306     13.305      0.000
    X6                 2.182      0.256      8.527      0.000
    X7                 3.805      0.329     11.559      0.000
    X8                 5.246      0.335     15.667      0.000
    X9                 5.196      0.387     13.436      0.000

 Variances
    VISUAL             1.000      0.000    999.000    999.000
    TEXTUAL            1.000      0.000    999.000    999.000
    SPEED              1.000      0.000    999.000    999.000

 Residual Variances
    X1                 0.542      0.087      6.225      0.000
    X2                 0.733      0.104      7.052      0.000
    X3                 0.519      0.111      4.673      0.000
    X4                 0.251      0.059      4.238      0.000
    X5                 0.312      0.081      3.844      0.000
    X6                 0.317      0.070      4.529      0.000
    X7                 0.566      0.106      5.337      0.000
    X8                 0.367      0.115      3.200      0.001
    X9                 0.509      0.108      4.728      0.000


STD Standardization

                                                    Two-Tailed
                    Estimate       S.E.  Est./S.E.    P-Value

Group PASTEUR

 VISUAL   BY
    X1                 1.047      0.130      8.044      0.000
    X2                 0.412      0.140      2.938      0.003
    X3                 0.597      0.153      3.889      0.000

 TEXTUAL  BY
    X4                 0.946      0.100      9.447      0.000
    X5                 1.119      0.144      7.771      0.000
    X6                 0.827      0.094      8.826      0.000

 SPEED    BY
    X7                 0.591      0.127      4.653      0.000
    X8                 0.665      0.123      5.426      0.000
    X9                 0.545      0.133      4.107      0.000

 TEXTUAL  WITH
    VISUAL             0.484      0.099      4.871      0.000

 SPEED    WITH
    VISUAL             0.299      0.147      2.033      0.042
    TEXTUAL            0.325      0.117      2.784      0.005

 Means
    VISUAL             0.000      0.000    999.000    999.000
    TEXTUAL            0.000      0.000    999.000    999.000
    SPEED              0.000      0.000    999.000    999.000

 Intercepts
    X1                 4.941      0.117     42.186      0.000
    X2                 5.984      0.124     48.363      0.000
    X3                 2.487      0.114     21.797      0.000
    X4                 2.823      0.113     24.923      0.000
    X5                 3.995      0.122     32.821      0.000
    X6                 1.922      0.103     18.748      0.000
    X7                 4.432      0.101     43.813      0.000
    X8                 5.563      0.087     64.209      0.000
    X9                 5.418      0.091     59.793      0.000

 Variances
    VISUAL             1.000      0.000    999.000    999.000
    TEXTUAL            1.000      0.000    999.000    999.000
    SPEED              1.000      0.000    999.000    999.000

 Residual Variances
    X1                 0.298      0.239      1.251      0.211
    X2                 1.334      0.174      7.647      0.000
    X3                 0.989      0.193      5.118      0.000
    X4                 0.425      0.079      5.361      0.000
    X5                 0.456      0.100      4.577      0.000
    X6                 0.290      0.062      4.675      0.000
    X7                 0.820      0.148      5.553      0.000
    X8                 0.510      0.162      3.137      0.002
    X9                 0.680      0.115      5.924      0.000

Group GRANTWHITE

 VISUAL   BY
    X1                 0.777      0.111      7.014      0.000
    X2                 0.572      0.133      4.315      0.000
    X3                 0.719      0.123      5.855      0.000

 TEXTUAL  BY
    X4                 0.971      0.093     10.454      0.000
    X5                 0.961      0.116      8.259      0.000
    X6                 0.935      0.114      8.233      0.000

 SPEED    BY
    X7                 0.679      0.113      6.030      0.000
    X8                 0.833      0.108      7.723      0.000
    X9                 0.719      0.109      6.601      0.000

 TEXTUAL  WITH
    VISUAL             0.541      0.108      5.017      0.000

 SPEED    WITH
    VISUAL             0.523      0.106      4.935      0.000
    TEXTUAL            0.336      0.101      3.321      0.001

 Means
    VISUAL             0.000      0.000    999.000    999.000
    TEXTUAL            0.000      0.000    999.000    999.000
    SPEED              0.000      0.000    999.000    999.000

 Intercepts
    X1                 4.930      0.113     43.470      0.000
    X2                 6.200      0.102     60.781      0.000
    X3                 1.996      0.109     18.280      0.000
    X4                 3.317      0.130     25.435      0.000
    X5                 4.712      0.123     38.263      0.000
    X6                 2.469      0.131     18.811      0.000
    X7                 3.921      0.100     39.086      0.000
    X8                 5.488      0.112     48.871      0.000
    X9                 5.327      0.104     51.100      0.000

 Variances
    VISUAL             1.000      0.000    999.000    999.000
    TEXTUAL            1.000      0.000    999.000    999.000
    SPEED              1.000      0.000    999.000    999.000

 Residual Variances
    X1                 0.715      0.111      6.445      0.000
    X2                 0.899      0.130      6.941      0.000
    X3                 0.557      0.116      4.784      0.000
    X4                 0.315      0.070      4.494      0.000
    X5                 0.419      0.089      4.692      0.000
    X6                 0.406      0.071      5.753      0.000
    X7                 0.600      0.118      5.075      0.000
    X8                 0.401      0.111      3.616      0.000
    X9                 0.535      0.108      4.938      0.000


R-SQUARE

Group PASTEUR

    Observed                                        Two-Tailed
    Variable        Estimate       S.E.  Est./S.E.    P-Value

    X1                 0.786      0.169      4.655      0.000
    X2                 0.113      0.070      1.609      0.108
    X3                 0.265      0.108      2.452      0.014
    X4                 0.678      0.062     10.920      0.000
    X5                 0.733      0.071     10.348      0.000
    X6                 0.703      0.081      8.693      0.000
    X7                 0.299      0.110      2.711      0.007
    X8                 0.465      0.159      2.930      0.003
    X9                 0.304      0.127      2.397      0.017

Group GRANTWHITE

    Observed                                        Two-Tailed
    Variable        Estimate       S.E.  Est./S.E.    P-Value

    X1                 0.458      0.087      5.257      0.000
    X2                 0.267      0.104      2.566      0.010
    X3                 0.481      0.111      4.332      0.000
    X4                 0.749      0.059     12.659      0.000
    X5                 0.688      0.081      8.468      0.000
    X6                 0.683      0.070      9.750      0.000
    X7                 0.434      0.106      4.100      0.000
    X8                 0.633      0.115      5.528      0.000
    X9                 0.491      0.108      4.565      0.000


QUALITY OF NUMERICAL RESULTS

     Condition Number for the Information Matrix              0.178E-02
       (ratio of smallest to largest eigenvalue)


     Beginning Time:  10:11:26
        Ending Time:  10:11:26
       Elapsed Time:  00:00:00



MUTHEN & MUTHEN
3463 Stoner Ave.
Los Angeles, CA  90066

Tel: (310) 391-9971
Fax: (310) 391-8971
Web: www.StatModel.com
Support: Support@StatModel.com

Copyright (c) 1998-2017 Muthen & Muthen
