# lavaan TESTsuite -- lavaan version  0.6-17 
# date:  Sat Jan 20 20:49:15 2024 
# file:  HS.multi.mean.WLS.out 

        lhs op     rhs group        type   lav   mpl  delta
1    visual =~      x1     1         est 1.000 1.000  0.000
2    visual =~      x2     1         est 0.180 0.180  0.000
3    visual =~      x3     1         est 0.410 0.410  0.000
4   textual =~      x4     1         est 1.000 1.000  0.000
5   textual =~      x5     1         est 1.026 1.026  0.000
6   textual =~      x6     1         est 0.800 0.800  0.000
7     speed =~      x7     1         est 1.000 1.000  0.000
8     speed =~      x8     1         est 0.843 0.843  0.000
9     speed =~      x9     1         est 0.888 0.888  0.000
10       x1 ~~      x1     1         est 0.118 0.116  0.002
11       x2 ~~      x2     1         est 1.149 1.125  0.024
12       x3 ~~      x3     1         est 0.962 0.942  0.020
13       x4 ~~      x4     1         est 0.296 0.290  0.006
14       x5 ~~      x5     1         est 0.356 0.348  0.008
15       x6 ~~      x6     1         est 0.269 0.264  0.005
16       x7 ~~      x7     1         est 0.554 0.542  0.012
17       x8 ~~      x8     1         est 0.586 0.573  0.013
18       x9 ~~      x9     1         est 0.450 0.440  0.010
19   visual ~~  visual     1         est 1.012 0.990  0.022
20  textual ~~ textual     1         est 1.090 1.067  0.023
21    speed ~~   speed     1         est 0.450 0.441  0.009
22   visual ~~ textual     1         est 0.616 0.603  0.013
23   visual ~~   speed     1         est 0.156 0.153  0.003
24  textual ~~   speed     1         est 0.213 0.208  0.005
25       x1 ~1             1         est 5.005 5.003  0.002
26       x2 ~1             1         est 5.817 5.822 -0.005
27       x3 ~1             1         est 2.577 2.575  0.002
28       x4 ~1             1         est 2.802 2.802  0.000
29       x5 ~1             1         est 3.989 3.990 -0.001
30       x6 ~1             1         est 1.910 1.910  0.000
31       x7 ~1             1         est 4.448 4.447  0.001
32       x8 ~1             1         est 5.535 5.535  0.000
33       x9 ~1             1         est 5.426 5.426  0.000
34   visual =~      x1     2         est 1.000 1.000  0.000
35   visual =~      x2     2         est 0.438 0.438  0.000
36   visual =~      x3     2         est 0.763 0.763  0.000
37  textual =~      x4     2         est 1.000 1.000  0.000
38  textual =~      x5     2         est 1.070 1.070  0.000
39  textual =~      x6     2         est 1.022 1.022  0.000
40    speed =~      x7     2         est 1.000 1.000  0.000
41    speed =~      x8     2         est 1.118 1.118  0.000
42    speed =~      x9     2         est 1.162 1.162  0.000
43       x1 ~~      x1     2         est 0.513 0.516 -0.003
44       x2 ~~      x2     2         est 0.892 0.897 -0.005
45       x3 ~~      x3     2         est 0.658 0.662 -0.004
46       x4 ~~      x4     2         est 0.273 0.274 -0.001
47       x5 ~~      x5     2         est 0.374 0.376 -0.002
48       x6 ~~      x6     2         est 0.318 0.320 -0.002
49       x7 ~~      x7     2         est 0.566 0.570 -0.004
50       x8 ~~      x8     2         est 0.189 0.190 -0.001
51       x9 ~~      x9     2         est 0.360 0.362 -0.002
52   visual ~~  visual     2         est 0.539 0.542 -0.003
53  textual ~~ textual     2         est 0.883 0.888 -0.005
54    speed ~~   speed     2         est 0.504 0.507 -0.003
55   visual ~~ textual     2         est 0.620 0.624 -0.004
56   visual ~~   speed     2         est 0.355 0.357 -0.002
57  textual ~~   speed     2         est 0.406 0.408 -0.002
58       x1 ~1             2         est 4.890 4.890  0.000
59       x2 ~1             2         est 6.100 6.101 -0.001
60       x3 ~1             2         est 1.911 1.911  0.000
61       x4 ~1             2         est 3.276 3.276  0.000
62       x5 ~1             2         est 4.755 4.755  0.000
63       x6 ~1             2         est 2.456 2.456  0.000
64       x7 ~1             2         est 3.832 3.832  0.000
65       x8 ~1             2         est 5.356 5.356  0.000
66       x9 ~1             2         est 5.338 5.338  0.000
67   visual =~      x1     1          se 0.000 0.000  0.000
68   visual =~      x2     1          se 0.099 0.109 -0.010
69   visual =~      x3     1          se 0.128 0.141 -0.013
70  textual =~      x4     1          se 0.000 0.000  0.000
71  textual =~      x5     1          se 0.067 0.074 -0.007
72  textual =~      x6     1          se 0.065 0.072 -0.007
73    speed =~      x7     1          se 0.000 0.000  0.000
74    speed =~      x8     1          se 0.157 0.173 -0.016
75    speed =~      x9     1          se 0.164 0.180 -0.016
76       x1 ~~      x1     1          se 0.297 0.320 -0.023
77       x2 ~~      x2     1          se 0.123 0.134 -0.011
78       x3 ~~      x3     1          se 0.089 0.098 -0.009
79       x4 ~~      x4     1          se 0.062 0.067 -0.005
80       x5 ~~      x5     1          se 0.062 0.067 -0.005
81       x6 ~~      x6     1          se 0.044 0.048 -0.004
82       x7 ~~      x7     1          se 0.101 0.109 -0.008
83       x8 ~~      x8     1          se 0.072 0.078 -0.006
84       x9 ~~      x9     1          se 0.090 0.097 -0.007
85   visual ~~  visual     1          se 0.347 0.374 -0.027
86  textual ~~ textual     1          se 0.142 0.155 -0.013
87    speed ~~   speed     1          se 0.115 0.125 -0.010
88   visual ~~ textual     1          se 0.105 0.114 -0.009
89   visual ~~   speed     1          se 0.069 0.074 -0.005
90  textual ~~   speed     1          se 0.072 0.078 -0.006
91       x1 ~1             1          se 0.082 0.084 -0.002
92       x2 ~1             1          se 0.082 0.084 -0.002
93       x3 ~1             1          se 0.083 0.085 -0.002
94       x4 ~1             1          se 0.081 0.084 -0.003
95       x5 ~1             1          se 0.094 0.097 -0.003
96       x6 ~1             1          se 0.069 0.071 -0.002
97       x7 ~1             1          se 0.080 0.082 -0.002
98       x8 ~1             1          se 0.070 0.072 -0.002
99       x9 ~1             1          se 0.072 0.075 -0.003
100  visual =~      x1     2          se 0.000 0.000  0.000
101  visual =~      x2     2          se 0.088 0.087  0.001
102  visual =~      x3     2          se 0.102 0.101  0.001
103 textual =~      x4     2          se 0.000 0.000  0.000
104 textual =~      x5     2          se 0.075 0.074  0.001
105 textual =~      x6     2          se 0.066 0.066  0.000
106   speed =~      x7     2          se 0.000 0.000  0.000
107   speed =~      x8     2          se 0.104 0.104  0.000
108   speed =~      x9     2          se 0.115 0.114  0.001
109      x1 ~~      x1     2          se 0.121 0.121  0.000
110      x2 ~~      x2     2          se 0.115 0.114  0.001
111      x3 ~~      x3     2          se 0.082 0.082  0.000
112      x4 ~~      x4     2          se 0.055 0.055  0.000
113      x5 ~~      x5     2          se 0.056 0.056  0.000
114      x6 ~~      x6     2          se 0.065 0.065  0.000
115      x7 ~~      x7     2          se 0.071 0.071  0.000
116      x8 ~~      x8     2          se 0.066 0.066  0.000
117      x9 ~~      x9     2          se 0.067 0.067  0.000
118  visual ~~  visual     2          se 0.138 0.138  0.000
119 textual ~~ textual     2          se 0.134 0.133  0.001
120   speed ~~   speed     2          se 0.093 0.093  0.000
121  visual ~~ textual     2          se 0.097 0.097  0.000
122  visual ~~   speed     2          se 0.079 0.078  0.001
123 textual ~~   speed     2          se 0.084 0.084  0.000
124      x1 ~1             2          se 0.086 0.086  0.000
125      x2 ~1             2          se 0.078 0.078  0.000
126      x3 ~1             2          se 0.077 0.077  0.000
127      x4 ~1             2          se 0.081 0.081  0.000
128      x5 ~1             2          se 0.087 0.087  0.000
129      x6 ~1             2          se 0.088 0.088  0.000
130      x7 ~1             2          se 0.078 0.078  0.000
131      x8 ~1             2          se 0.073 0.073  0.000
132      x9 ~1             2          se 0.074 0.074  0.000
133  visual =~      x1     1     est.std 1.006 0.995  0.011
134  visual =~      x2     1     est.std 0.181 0.179  0.002
135  visual =~      x3     1     est.std 0.412 0.408  0.004
136 textual =~      x4     1     est.std 1.044 1.033  0.011
137 textual =~      x5     1     est.std 1.072 1.060  0.012
138 textual =~      x6     1     est.std 0.835 0.826  0.009
139   speed =~      x7     1     est.std 0.671 0.664  0.007
140   speed =~      x8     1     est.std 0.566 0.560  0.006
141   speed =~      x9     1     est.std 0.596 0.590  0.006
142      x1 ~~      x1     1     est.std 0.118 0.116  0.002
143      x2 ~~      x2     1     est.std 1.149 1.125  0.024
144      x3 ~~      x3     1     est.std 0.962 0.942  0.020
145      x4 ~~      x4     1     est.std 0.296 0.290  0.006
146      x5 ~~      x5     1     est.std 0.356 0.348  0.008
147      x6 ~~      x6     1     est.std 0.269 0.264  0.005
148      x7 ~~      x7     1     est.std 0.554 0.542  0.012
149      x8 ~~      x8     1     est.std 0.586 0.573  0.013
150      x9 ~~      x9     1     est.std 0.450 0.440  0.010
151  visual ~~  visual     1     est.std 1.000 1.000  0.000
152 textual ~~ textual     1     est.std 1.000 1.000  0.000
153   speed ~~   speed     1     est.std 1.000 1.000  0.000
154  visual ~~ textual     1     est.std 0.586 0.586  0.000
155  visual ~~   speed     1     est.std 0.231 0.231  0.000
156 textual ~~   speed     1     est.std 0.304 0.304  0.000
157      x1 ~1             1     est.std 5.005 5.003  0.002
158      x2 ~1             1     est.std 5.817 5.822 -0.005
159      x3 ~1             1     est.std 2.577 2.575  0.002
160      x4 ~1             1     est.std 2.802 2.802  0.000
161      x5 ~1             1     est.std 3.989 3.990 -0.001
162      x6 ~1             1     est.std 1.910 1.910  0.000
163      x7 ~1             1     est.std 4.448 4.447  0.001
164      x8 ~1             1     est.std 5.535 5.535  0.000
165      x9 ~1             1     est.std 5.426 5.426  0.000
166  visual =~      x1     2     est.std 0.734 0.736 -0.002
167  visual =~      x2     2     est.std 0.322 0.322  0.000
168  visual =~      x3     2     est.std 0.560 0.562 -0.002
169 textual =~      x4     2     est.std 0.940 0.942 -0.002
170 textual =~      x5     2     est.std 1.005 1.008 -0.003
171 textual =~      x6     2     est.std 0.961 0.963 -0.002
172   speed =~      x7     2     est.std 0.710 0.712 -0.002
173   speed =~      x8     2     est.std 0.794 0.796 -0.002
174   speed =~      x9     2     est.std 0.825 0.827 -0.002
175      x1 ~~      x1     2     est.std 0.513 0.516 -0.003
176      x2 ~~      x2     2     est.std 0.892 0.897 -0.005
177      x3 ~~      x3     2     est.std 0.658 0.662 -0.004
178      x4 ~~      x4     2     est.std 0.273 0.274 -0.001
179      x5 ~~      x5     2     est.std 0.374 0.376 -0.002
180      x6 ~~      x6     2     est.std 0.318 0.320 -0.002
181      x7 ~~      x7     2     est.std 0.566 0.570 -0.004
182      x8 ~~      x8     2     est.std 0.189 0.190 -0.001
183      x9 ~~      x9     2     est.std 0.360 0.362 -0.002
184  visual ~~  visual     2     est.std 1.000 1.000  0.000
185 textual ~~ textual     2     est.std 1.000 1.000  0.000
186   speed ~~   speed     2     est.std 1.000 1.000  0.000
187  visual ~~ textual     2     est.std 0.899 0.899  0.000
188  visual ~~   speed     2     est.std 0.680 0.680  0.000
189 textual ~~   speed     2     est.std 0.608 0.608  0.000
190      x1 ~1             2     est.std 4.890 4.890  0.000
191      x2 ~1             2     est.std 6.100 6.101 -0.001
192      x3 ~1             2     est.std 1.911 1.911  0.000
193      x4 ~1             2     est.std 3.276 3.276  0.000
194      x5 ~1             2     est.std 4.755 4.755  0.000
195      x6 ~1             2     est.std 2.456 2.456  0.000
196      x7 ~1             2     est.std 3.832 3.832  0.000
197      x8 ~1             2     est.std 5.356 5.356  0.000
198      x9 ~1             2     est.std 5.338 5.338  0.000
199  visual =~      x1     1 est.std.all 0.946 0.946  0.000
200  visual =~      x2     1 est.std.all 0.166 0.166  0.000
201  visual =~      x3     1 est.std.all 0.388 0.388  0.000
202 textual =~      x4     1 est.std.all 0.887 0.887  0.000
203 textual =~      x5     1 est.std.all 0.874 0.874  0.000
204 textual =~      x6     1 est.std.all 0.849 0.849  0.000
205   speed =~      x7     1 est.std.all 0.670 0.670  0.000
206   speed =~      x8     1 est.std.all 0.594 0.594  0.000
207   speed =~      x9     1 est.std.all 0.664 0.664  0.000
208      x1 ~~      x1     1 est.std.all 0.105 0.105  0.000
209      x2 ~~      x2     1 est.std.all 0.972 0.972  0.000
210      x3 ~~      x3     1 est.std.all 0.850 0.850  0.000
211      x4 ~~      x4     1 est.std.all 0.214 0.214  0.000
212      x5 ~~      x5     1 est.std.all 0.237 0.237  0.000
213      x6 ~~      x6     1 est.std.all 0.279 0.279  0.000
214      x7 ~~      x7     1 est.std.all 0.552 0.552  0.000
215      x8 ~~      x8     1 est.std.all 0.647 0.647  0.000
216      x9 ~~      x9     1 est.std.all 0.559 0.559  0.000
217  visual ~~  visual     1 est.std.all 1.000 1.000  0.000
218 textual ~~ textual     1 est.std.all 1.000 1.000  0.000
219   speed ~~   speed     1 est.std.all 1.000 1.000  0.000
220  visual ~~ textual     1 est.std.all 0.586 0.586  0.000
221  visual ~~   speed     1 est.std.all 0.231 0.231  0.000
222 textual ~~   speed     1 est.std.all 0.304 0.304  0.000
223      x1 ~1             1 est.std.all 4.708 4.757 -0.049
224      x2 ~1             1 est.std.all 5.350 5.412 -0.062
225      x3 ~1             1 est.std.all 2.422 2.446 -0.024
226      x4 ~1             1 est.std.all 2.380 2.406 -0.026
227      x5 ~1             1 est.std.all 3.252 3.287 -0.035
228      x6 ~1             1 est.std.all 1.942 1.963 -0.021
229      x7 ~1             1 est.std.all 4.438 4.485 -0.047
230      x8 ~1             1 est.std.all 5.816 5.880 -0.064
231      x9 ~1             1 est.std.all 6.046 6.111 -0.065
232  visual =~      x1     2 est.std.all 0.716 0.716  0.000
233  visual =~      x2     2 est.std.all 0.322 0.322  0.000
234  visual =~      x3     2 est.std.all 0.568 0.568  0.000
235 textual =~      x4     2 est.std.all 0.874 0.874  0.000
236 textual =~      x5     2 est.std.all 0.854 0.854  0.000
237 textual =~      x6     2 est.std.all 0.862 0.862  0.000
238   speed =~      x7     2 est.std.all 0.686 0.686  0.000
239   speed =~      x8     2 est.std.all 0.877 0.877  0.000
240   speed =~      x9     2 est.std.all 0.809 0.809  0.000
241      x1 ~~      x1     2 est.std.all 0.487 0.487  0.000
242      x2 ~~      x2     2 est.std.all 0.896 0.896  0.000
243      x3 ~~      x3     2 est.std.all 0.677 0.677  0.000
244      x4 ~~      x4     2 est.std.all 0.236 0.236  0.000
245      x5 ~~      x5     2 est.std.all 0.270 0.270  0.000
246      x6 ~~      x6     2 est.std.all 0.256 0.256  0.000
247      x7 ~~      x7     2 est.std.all 0.529 0.529  0.000
248      x8 ~~      x8     2 est.std.all 0.230 0.230  0.000
249      x9 ~~      x9     2 est.std.all 0.346 0.346  0.000
250  visual ~~  visual     2 est.std.all 1.000 1.000  0.000
251 textual ~~ textual     2 est.std.all 1.000 1.000  0.000
252   speed ~~   speed     2 est.std.all 1.000 1.000  0.000
253  visual ~~ textual     2 est.std.all 0.899 0.899  0.000
254  visual ~~   speed     2 est.std.all 0.680 0.680  0.000
255 textual ~~   speed     2 est.std.all 0.608 0.608  0.000
256      x1 ~1             2 est.std.all 4.767 4.754  0.013
257      x2 ~1             2 est.std.all 6.115 6.098  0.017
258      x3 ~1             2 est.std.all 1.938 1.933  0.005
259      x4 ~1             2 est.std.all 3.047 3.039  0.008
260      x5 ~1             2 est.std.all 4.041 4.030  0.011
261      x6 ~1             2 est.std.all 2.205 2.199  0.006
262      x7 ~1             2 est.std.all 3.703 3.693  0.010
263      x8 ~1             2 est.std.all 5.918 5.902  0.016
264      x9 ~1             2 est.std.all 5.231 5.217  0.014
265  visual =~      x1     1 est.std.nox 0.946 0.946  0.000
266  visual =~      x2     1 est.std.nox 0.166 0.166  0.000
267  visual =~      x3     1 est.std.nox 0.388 0.388  0.000
268 textual =~      x4     1 est.std.nox 0.887 0.887  0.000
269 textual =~      x5     1 est.std.nox 0.874 0.874  0.000
270 textual =~      x6     1 est.std.nox 0.849 0.849  0.000
271   speed =~      x7     1 est.std.nox 0.670 0.670  0.000
272   speed =~      x8     1 est.std.nox 0.594 0.594  0.000
273   speed =~      x9     1 est.std.nox 0.664 0.664  0.000
274      x1 ~~      x1     1 est.std.nox 0.105 0.105  0.000
275      x2 ~~      x2     1 est.std.nox 0.972 0.972  0.000
276      x3 ~~      x3     1 est.std.nox 0.850 0.850  0.000
277      x4 ~~      x4     1 est.std.nox 0.214 0.214  0.000
278      x5 ~~      x5     1 est.std.nox 0.237 0.237  0.000
279      x6 ~~      x6     1 est.std.nox 0.279 0.279  0.000
280      x7 ~~      x7     1 est.std.nox 0.552 0.552  0.000
281      x8 ~~      x8     1 est.std.nox 0.647 0.647  0.000
282      x9 ~~      x9     1 est.std.nox 0.559 0.559  0.000
283  visual ~~  visual     1 est.std.nox 1.000 1.000  0.000
284 textual ~~ textual     1 est.std.nox 1.000 1.000  0.000
285   speed ~~   speed     1 est.std.nox 1.000 1.000  0.000
286  visual ~~ textual     1 est.std.nox 0.586 0.586  0.000
287  visual ~~   speed     1 est.std.nox 0.231 0.231  0.000
288 textual ~~   speed     1 est.std.nox 0.304 0.304  0.000
289      x1 ~1             1 est.std.nox 4.708 4.757 -0.049
290      x2 ~1             1 est.std.nox 5.350 5.412 -0.062
291      x3 ~1             1 est.std.nox 2.422 2.446 -0.024
292      x4 ~1             1 est.std.nox 2.380 2.406 -0.026
293      x5 ~1             1 est.std.nox 3.252 3.287 -0.035
294      x6 ~1             1 est.std.nox 1.942 1.963 -0.021
295      x7 ~1             1 est.std.nox 4.438 4.485 -0.047
296      x8 ~1             1 est.std.nox 5.816 5.880 -0.064
297      x9 ~1             1 est.std.nox 6.046 6.111 -0.065
298  visual =~      x1     2 est.std.nox 0.716 0.716  0.000
299  visual =~      x2     2 est.std.nox 0.322 0.322  0.000
300  visual =~      x3     2 est.std.nox 0.568 0.568  0.000
301 textual =~      x4     2 est.std.nox 0.874 0.874  0.000
302 textual =~      x5     2 est.std.nox 0.854 0.854  0.000
303 textual =~      x6     2 est.std.nox 0.862 0.862  0.000
304   speed =~      x7     2 est.std.nox 0.686 0.686  0.000
305   speed =~      x8     2 est.std.nox 0.877 0.877  0.000
306   speed =~      x9     2 est.std.nox 0.809 0.809  0.000
307      x1 ~~      x1     2 est.std.nox 0.487 0.487  0.000
308      x2 ~~      x2     2 est.std.nox 0.896 0.896  0.000
309      x3 ~~      x3     2 est.std.nox 0.677 0.677  0.000
310      x4 ~~      x4     2 est.std.nox 0.236 0.236  0.000
311      x5 ~~      x5     2 est.std.nox 0.270 0.270  0.000
312      x6 ~~      x6     2 est.std.nox 0.256 0.256  0.000
313      x7 ~~      x7     2 est.std.nox 0.529 0.529  0.000
314      x8 ~~      x8     2 est.std.nox 0.230 0.230  0.000
315      x9 ~~      x9     2 est.std.nox 0.346 0.346  0.000
316  visual ~~  visual     2 est.std.nox 1.000 1.000  0.000
317 textual ~~ textual     2 est.std.nox 1.000 1.000  0.000
318   speed ~~   speed     2 est.std.nox 1.000 1.000  0.000
319  visual ~~ textual     2 est.std.nox 0.899 0.899  0.000
320  visual ~~   speed     2 est.std.nox 0.680 0.680  0.000
321 textual ~~   speed     2 est.std.nox 0.608 0.608  0.000
322      x1 ~1             2 est.std.nox 4.767 4.754  0.013
323      x2 ~1             2 est.std.nox 6.115 6.098  0.017
324      x3 ~1             2 est.std.nox 1.938 1.933  0.005
325      x4 ~1             2 est.std.nox 3.047 3.039  0.008
326      x5 ~1             2 est.std.nox 4.041 4.030  0.011
327      x6 ~1             2 est.std.nox 2.205 2.199  0.006
328      x7 ~1             2 est.std.nox 3.703 3.693  0.010
329      x8 ~1             2 est.std.nox 5.918 5.902  0.016
330      x9 ~1             2 est.std.nox 5.231 5.217  0.014

                     fit     lav     mpl  delta
1                   npar  60.000  60.000  0.000
2                   fmin   0.193      NA     NA
3                  chisq 116.052 107.376  8.676
4                     df  48.000  48.000  0.000
5                 pvalue   0.000   0.000  0.000
6         baseline.chisq 466.206 413.892 52.314
7            baseline.df  72.000  72.000  0.000
8        baseline.pvalue   0.000   0.000  0.000
9                    cfi   0.827   0.826  0.001
10                   tli   0.741   0.739  0.002
11                  nnfi   0.741      NA     NA
12                   rfi   0.627      NA     NA
13                   nfi   0.751      NA     NA
14                  pnfi   0.501      NA     NA
15                   ifi   0.837      NA     NA
16                   rni   0.827      NA     NA
17                 rmsea   0.097   0.091  0.006
18        rmsea.ci.lower   0.075   0.068  0.007
19        rmsea.ci.upper   0.120   0.114  0.006
20        rmsea.ci.level   0.900      NA     NA
21          rmsea.pvalue   0.001   0.003 -0.002
22        rmsea.close.h0   0.050      NA     NA
23 rmsea.notclose.pvalue   0.902      NA     NA
24     rmsea.notclose.h0   0.080      NA     NA
25                   rmr   0.143      NA     NA
26            rmr_nomean   0.154      NA     NA
27          srmr_bentler   0.115      NA     NA
28   srmr_bentler_nomean   0.123      NA     NA
29                  crmr   0.120      NA     NA
30           crmr_nomean   0.130      NA     NA
31            srmr_mplus   0.187      NA     NA
32     srmr_mplus_nomean   0.133      NA     NA
33                 cn_05 168.908      NA     NA
34                 cn_01 190.838      NA     NA
35                   gfi   0.997      NA     NA
36                  agfi   0.993      NA     NA
37                  pgfi   0.443      NA     NA
38                   mfi   0.892      NA     NA
39                  ecvi   0.789      NA     NA
