Mplus VERSION 8 (Linux)
MUTHEN & MUTHEN
10/17/2017  10:11 AM

INPUT INSTRUCTIONS

  title:
  		[This syntax is autogenerated]
  		CFA Mplus syntax
  data:
  		file is HS.multi.raw;
                  listwise=on;
  variable:
  		names are
  		school x1  x2  x3  x4  x5  x6
  		x7  x8  x9;
  		missing are all (-999999);
                  grouping is school (1=Pasteur, 2=GrantWhite);
  analysis:
  !               model=nomeanstructure;
                  estimator=GLS;
  !               information=expected;
                  convergence=0.00000001;

  model:
                  visual  by x1 x2 x3;
                  textual by x4 x5 x6;
                  speed   by x7 x8 x9;

  model GrantWhite:
          visual by x1@1;
          visual by x2;
          visual by x3;
          textual by x4@1;
          textual by x5;
          textual by x6;
          speed by x7@1;
          speed by x8;
          speed by x9;
          [visual-speed@0];
          [x1-x9];
  Output:  standardized;



INPUT READING TERMINATED NORMALLY




[This syntax is autogenerated]
CFA Mplus syntax

SUMMARY OF ANALYSIS

Number of groups                                                 2
Number of observations
   Group PASTEUR                                               156
   Group GRANTWHITE                                            145
   Total sample size                                           301

Number of dependent variables                                    9
Number of independent variables                                  0
Number of continuous latent variables                            3

Observed dependent variables

  Continuous
   X1          X2          X3          X4          X5          X6
   X7          X8          X9

Continuous latent variables
   VISUAL      TEXTUAL     SPEED

Variables with special functions

  Grouping variable     SCHOOL

Estimator                                                      GLS
Maximum number of iterations                                  1000
Convergence criterion                                    0.100D-07
Maximum number of steepest descent iterations                   20

Input data file(s)
  HS.multi.raw

Input data format  FREE



UNIVARIATE SAMPLE STATISTICS


     UNIVARIATE HIGHER-ORDER MOMENT DESCRIPTIVE STATISTICS FOR PASTEUR

         Variable/         Mean/     Skewness/   Minimum/ % with                Percentiles
        Sample Size      Variance    Kurtosis    Maximum  Min/Max      20%/60%    40%/80%    Median

     X1                    4.941      -0.374       0.667    0.64%       4.000      4.667      5.000
             156.000       1.395       0.674       7.500    1.28%       5.333      5.833
     X2                    5.984       0.688       3.500    0.64%       5.000      5.500      5.750
             156.000       1.504       0.209       9.250    1.92%       6.000      7.000
     X3                    2.487       0.154       0.250    0.64%       1.375      2.000      2.375
             156.000       1.346      -1.078       4.500    3.21%       2.625      3.750
     X4                    2.823       0.219       0.000    0.64%       1.667      2.667      2.667
             156.000       1.320      -0.089       6.000    0.64%       3.000      3.667
     X5                    3.995      -0.130       1.000    0.64%       2.750      3.500      4.000
             156.000       1.708      -0.851       6.750    0.64%       4.500      5.250
     X6                    1.922       1.000       0.143    1.28%       1.000      1.571      1.857
             156.000       0.974       1.932       6.143    0.64%       2.143      2.714
     X7                    4.432       0.300       2.043    0.64%       3.478      4.000      4.370
             156.000       1.170      -0.421       7.435    0.64%       4.696      5.522
     X8                    5.563       0.358       3.500    0.64%       4.750      5.250      5.475
             156.000       0.952       0.050       8.300    0.64%       5.750      6.300
     X9                    5.418       0.223       2.778    0.64%       4.611      5.111      5.417
             156.000       0.978       0.149       8.611    0.64%       5.639      6.222


     UNIVARIATE HIGHER-ORDER MOMENT DESCRIPTIVE STATISTICS FOR GRANTWHITE

         Variable/         Mean/     Skewness/   Minimum/ % with                Percentiles
        Sample Size      Variance    Kurtosis    Maximum  Min/Max      20%/60%    40%/80%    Median

     X1                    4.930      -0.118       1.833    0.69%       4.000      4.667      5.000
             145.000       1.319      -0.085       8.500    0.69%       5.167      6.000
     X2                    6.200       0.237       2.250    0.69%       5.250      5.750      6.250
             145.000       1.226       0.801       9.250    1.38%       6.250      7.000
     X3                    1.996       0.617       0.375    1.38%       1.000      1.625      1.875
             145.000       1.073      -0.480       4.500    0.69%       2.000      3.000
     X4                    3.317       0.401       0.333    0.69%       2.333      3.000      3.000
             145.000       1.257       0.203       6.333    0.69%       3.333      4.333
     X5                    4.712      -0.544       1.000    0.69%       4.000      4.500      4.750
             145.000       1.342       0.172       7.000    0.69%       5.000      5.750
     X6                    2.469       0.721       0.286    0.69%       1.571      2.000      2.286
             145.000       1.280       0.184       5.857    0.69%       2.571      3.286
     X7                    3.921       0.161       1.304    0.69%       2.957      3.565      3.870
             145.000       1.062      -0.385       6.478    0.69%       4.130      4.783
     X8                    5.488       0.691       3.050    0.69%       4.650      5.250      5.500
             145.000       1.094       2.164      10.000    0.69%       5.700      6.250
     X9                    5.327       0.198       3.111    0.69%       4.417      5.056      5.306
             145.000       1.051       0.457       9.250    0.69%       5.583      6.222


THE MODEL ESTIMATION TERMINATED NORMALLY



MODEL FIT INFORMATION

Number of Free Parameters                       60

Chi-Square Test of Model Fit

          Value                             97.480
          Degrees of Freedom                    48
          P-Value                           0.0000

Chi-Square Contribution From Each Group

          PASTEUR                           54.896
          GRANTWHITE                        42.584

RMSEA (Root Mean Square Error Of Approximation)

          Estimate                           0.083
          90 Percent C.I.                    0.059  0.106
          Probability RMSEA <= .05           0.014

CFI/TLI

          CFI                                0.771
          TLI                                0.656

Chi-Square Test of Model Fit for the Baseline Model

          Value                            288.021
          Degrees of Freedom                    72
          P-Value                           0.0000

SRMR (Standardized Root Mean Square Residual)

          Value                              0.099



MODEL RESULTS

                                                    Two-Tailed
                    Estimate       S.E.  Est./S.E.    P-Value

Group PASTEUR

 VISUAL   BY
    X1                 1.000      0.000    999.000    999.000
    X2                 0.274      0.145      1.885      0.059
    X3                 0.407      0.151      2.690      0.007

 TEXTUAL  BY
    X4                 1.000      0.000    999.000    999.000
    X5                 1.187      0.097     12.180      0.000
    X6                 0.863      0.074     11.646      0.000

 SPEED    BY
    X7                 1.000      0.000    999.000    999.000
    X8                 0.834      0.187      4.471      0.000
    X9                 0.807      0.194      4.151      0.000

 TEXTUAL  WITH
    VISUAL             0.523      0.109      4.796      0.000

 SPEED    WITH
    VISUAL             0.138      0.081      1.713      0.087
    TEXTUAL            0.236      0.080      2.963      0.003

 Means
    VISUAL             0.000      0.000    999.000    999.000
    TEXTUAL            0.000      0.000    999.000    999.000
    SPEED              0.000      0.000    999.000    999.000

 Intercepts
    X1                 4.941      0.095     52.081      0.000
    X2                 5.984      0.098     60.753      0.000
    X3                 2.487      0.093     26.692      0.000
    X4                 2.823      0.092     30.591      0.000
    X5                 3.995      0.105     38.060      0.000
    X6                 1.922      0.079     24.242      0.000
    X7                 4.432      0.087     51.017      0.000
    X8                 5.563      0.078     70.985      0.000
    X9                 5.418      0.079     68.220      0.000

 Variances
    VISUAL             0.750      0.281      2.667      0.008
    TEXTUAL            0.922      0.150      6.159      0.000
    SPEED              0.479      0.146      3.279      0.001

 Residual Variances
    X1                 0.349      0.247      1.412      0.158
    X2                 1.144      0.142      8.058      0.000
    X3                 0.829      0.114      7.248      0.000
    X4                 0.354      0.064      5.513      0.000
    X5                 0.319      0.082      3.876      0.000
    X6                 0.276      0.048      5.800      0.000
    X7                 0.518      0.125      4.143      0.000
    X8                 0.581      0.095      6.131      0.000
    X9                 0.528      0.097      5.457      0.000

Group GRANTWHITE

 VISUAL   BY
    X1                 1.000      0.000    999.000    999.000
    X2                 0.709      0.170      4.158      0.000
    X3                 0.886      0.168      5.276      0.000

 TEXTUAL  BY
    X4                 1.000      0.000    999.000    999.000
    X5                 1.023      0.096     10.607      0.000
    X6                 0.988      0.093     10.587      0.000

 SPEED    BY
    X7                 1.000      0.000    999.000    999.000
    X8                 1.184      0.165      7.166      0.000
    X9                 1.101      0.171      6.447      0.000

 TEXTUAL  WITH
    VISUAL             0.377      0.095      3.974      0.000

 SPEED    WITH
    VISUAL             0.337      0.076      4.456      0.000
    TEXTUAL            0.242      0.074      3.269      0.001

 Means
    VISUAL             0.000      0.000    999.000    999.000
    TEXTUAL            0.000      0.000    999.000    999.000
    SPEED              0.000      0.000    999.000    999.000

 Intercepts
    X1                 4.930      0.096     51.517      0.000
    X2                 6.200      0.092     67.183      0.000
    X3                 1.996      0.086     23.115      0.000
    X4                 3.317      0.093     35.502      0.000
    X5                 4.712      0.097     48.817      0.000
    X6                 2.469      0.094     26.186      0.000
    X7                 3.921      0.086     45.660      0.000
    X8                 5.488      0.087     62.955      0.000
    X9                 5.327      0.085     62.355      0.000

 Variances
    VISUAL             0.470      0.142      3.315      0.001
    TEXTUAL            0.820      0.145      5.653      0.000
    SPEED              0.464      0.117      3.965      0.000

 Residual Variances
    X1                 0.619      0.111      5.574      0.000
    X2                 0.879      0.119      7.390      0.000
    X3                 0.550      0.091      6.039      0.000
    X4                 0.306      0.062      4.936      0.000
    X5                 0.384      0.071      5.421      0.000
    X6                 0.401      0.069      5.837      0.000
    X7                 0.431      0.085      5.079      0.000
    X8                 0.361      0.082      4.387      0.000
    X9                 0.388      0.077      5.049      0.000


STANDARDIZED MODEL RESULTS


STDYX Standardization

                                                    Two-Tailed
                    Estimate       S.E.  Est./S.E.    P-Value

Group PASTEUR

 VISUAL   BY
    X1                 0.826      0.137      6.014      0.000
    X2                 0.216      0.101      2.134      0.033
    X3                 0.361      0.102      3.555      0.000

 TEXTUAL  BY
    X4                 0.850      0.032     26.817      0.000
    X5                 0.896      0.030     30.192      0.000
    X6                 0.844      0.032     26.691      0.000

 SPEED    BY
    X7                 0.693      0.088      7.900      0.000
    X8                 0.603      0.080      7.538      0.000
    X9                 0.609      0.087      6.999      0.000

 TEXTUAL  WITH
    VISUAL             0.629      0.134      4.711      0.000

 SPEED    WITH
    VISUAL             0.230      0.134      1.721      0.085
    TEXTUAL            0.355      0.097      3.662      0.000

 Means
    VISUAL             0.000      0.000    999.000    999.000
    TEXTUAL            0.000      0.000    999.000    999.000
    SPEED              0.000      0.000    999.000    999.000

 Intercepts
    X1                 4.714      0.324     14.569      0.000
    X2                 5.462      0.354     15.417      0.000
    X3                 2.548      0.197     12.945      0.000
    X4                 2.498      0.167     14.926      0.000
    X5                 3.139      0.205     15.302      0.000
    X6                 1.959      0.139     14.093      0.000
    X7                 4.441      0.292     15.233      0.000
    X8                 5.819      0.348     16.725      0.000
    X9                 5.913      0.380     15.573      0.000

 Variances
    VISUAL             1.000      0.000    999.000    999.000
    TEXTUAL            1.000      0.000    999.000    999.000
    SPEED              1.000      0.000    999.000    999.000

 Residual Variances
    X1                 0.317      0.227      1.399      0.162
    X2                 0.953      0.044     21.708      0.000
    X3                 0.870      0.073     11.858      0.000
    X4                 0.277      0.054      5.145      0.000
    X5                 0.197      0.053      3.700      0.000
    X6                 0.287      0.053      5.369      0.000
    X7                 0.520      0.122      4.272      0.000
    X8                 0.636      0.097      6.581      0.000
    X9                 0.629      0.106      5.923      0.000

Group GRANTWHITE

 VISUAL   BY
    X1                 0.657      0.075      8.728      0.000
    X2                 0.460      0.085      5.392      0.000
    X3                 0.634      0.075      8.485      0.000

 TEXTUAL  BY
    X4                 0.854      0.035     24.373      0.000
    X5                 0.831      0.037     22.281      0.000
    X6                 0.816      0.038     21.352      0.000

 SPEED    BY
    X7                 0.720      0.063     11.355      0.000
    X8                 0.802      0.052     15.446      0.000
    X9                 0.769      0.053     14.387      0.000

 TEXTUAL  WITH
    VISUAL             0.607      0.096      6.317      0.000

 SPEED    WITH
    VISUAL             0.722      0.099      7.293      0.000
    TEXTUAL            0.392      0.094      4.189      0.000

 Means
    VISUAL             0.000      0.000    999.000    999.000
    TEXTUAL            0.000      0.000    999.000    999.000
    SPEED              0.000      0.000    999.000    999.000

 Intercepts
    X1                 4.723      0.327     14.432      0.000
    X2                 5.870      0.377     15.587      0.000
    X3                 2.082      0.163     12.786      0.000
    X4                 3.126      0.216     14.492      0.000
    X5                 4.227      0.276     15.314      0.000
    X6                 2.253      0.163     13.826      0.000
    X7                 4.145      0.295     14.070      0.000
    X8                 5.459      0.354     15.410      0.000
    X9                 5.466      0.361     15.142      0.000

 Variances
    VISUAL             1.000      0.000    999.000    999.000
    TEXTUAL            1.000      0.000    999.000    999.000
    SPEED              1.000      0.000    999.000    999.000

 Residual Variances
    X1                 0.568      0.099      5.745      0.000
    X2                 0.788      0.079     10.035      0.000
    X3                 0.599      0.095      6.325      0.000
    X4                 0.272      0.060      4.542      0.000
    X5                 0.309      0.062      4.985      0.000
    X6                 0.333      0.062      5.341      0.000
    X7                 0.482      0.091      5.281      0.000
    X8                 0.357      0.083      4.293      0.000
    X9                 0.409      0.082      4.973      0.000


STDY Standardization

                                                    Two-Tailed
                    Estimate       S.E.  Est./S.E.    P-Value

Group PASTEUR

 VISUAL   BY
    X1                 0.826      0.137      6.014      0.000
    X2                 0.216      0.101      2.134      0.033
    X3                 0.361      0.102      3.555      0.000

 TEXTUAL  BY
    X4                 0.850      0.032     26.817      0.000
    X5                 0.896      0.030     30.192      0.000
    X6                 0.844      0.032     26.691      0.000

 SPEED    BY
    X7                 0.693      0.088      7.900      0.000
    X8                 0.603      0.080      7.538      0.000
    X9                 0.609      0.087      6.999      0.000

 TEXTUAL  WITH
    VISUAL             0.629      0.134      4.711      0.000

 SPEED    WITH
    VISUAL             0.230      0.134      1.721      0.085
    TEXTUAL            0.355      0.097      3.662      0.000

 Means
    VISUAL             0.000      0.000    999.000    999.000
    TEXTUAL            0.000      0.000    999.000    999.000
    SPEED              0.000      0.000    999.000    999.000

 Intercepts
    X1                 4.714      0.324     14.569      0.000
    X2                 5.462      0.354     15.417      0.000
    X3                 2.548      0.197     12.945      0.000
    X4                 2.498      0.167     14.926      0.000
    X5                 3.139      0.205     15.302      0.000
    X6                 1.959      0.139     14.093      0.000
    X7                 4.441      0.292     15.233      0.000
    X8                 5.819      0.348     16.725      0.000
    X9                 5.913      0.380     15.573      0.000

 Variances
    VISUAL             1.000      0.000    999.000    999.000
    TEXTUAL            1.000      0.000    999.000    999.000
    SPEED              1.000      0.000    999.000    999.000

 Residual Variances
    X1                 0.317      0.227      1.399      0.162
    X2                 0.953      0.044     21.708      0.000
    X3                 0.870      0.073     11.858      0.000
    X4                 0.277      0.054      5.145      0.000
    X5                 0.197      0.053      3.700      0.000
    X6                 0.287      0.053      5.369      0.000
    X7                 0.520      0.122      4.272      0.000
    X8                 0.636      0.097      6.581      0.000
    X9                 0.629      0.106      5.923      0.000

Group GRANTWHITE

 VISUAL   BY
    X1                 0.657      0.075      8.728      0.000
    X2                 0.460      0.085      5.392      0.000
    X3                 0.634      0.075      8.485      0.000

 TEXTUAL  BY
    X4                 0.854      0.035     24.373      0.000
    X5                 0.831      0.037     22.281      0.000
    X6                 0.816      0.038     21.352      0.000

 SPEED    BY
    X7                 0.720      0.063     11.355      0.000
    X8                 0.802      0.052     15.446      0.000
    X9                 0.769      0.053     14.387      0.000

 TEXTUAL  WITH
    VISUAL             0.607      0.096      6.317      0.000

 SPEED    WITH
    VISUAL             0.722      0.099      7.293      0.000
    TEXTUAL            0.392      0.094      4.189      0.000

 Means
    VISUAL             0.000      0.000    999.000    999.000
    TEXTUAL            0.000      0.000    999.000    999.000
    SPEED              0.000      0.000    999.000    999.000

 Intercepts
    X1                 4.723      0.327     14.432      0.000
    X2                 5.870      0.377     15.587      0.000
    X3                 2.082      0.163     12.786      0.000
    X4                 3.126      0.216     14.492      0.000
    X5                 4.227      0.276     15.314      0.000
    X6                 2.253      0.163     13.826      0.000
    X7                 4.145      0.295     14.070      0.000
    X8                 5.459      0.354     15.410      0.000
    X9                 5.466      0.361     15.142      0.000

 Variances
    VISUAL             1.000      0.000    999.000    999.000
    TEXTUAL            1.000      0.000    999.000    999.000
    SPEED              1.000      0.000    999.000    999.000

 Residual Variances
    X1                 0.568      0.099      5.745      0.000
    X2                 0.788      0.079     10.035      0.000
    X3                 0.599      0.095      6.325      0.000
    X4                 0.272      0.060      4.542      0.000
    X5                 0.309      0.062      4.985      0.000
    X6                 0.333      0.062      5.341      0.000
    X7                 0.482      0.091      5.281      0.000
    X8                 0.357      0.083      4.293      0.000
    X9                 0.409      0.082      4.973      0.000


STD Standardization

                                                    Two-Tailed
                    Estimate       S.E.  Est./S.E.    P-Value

Group PASTEUR

 VISUAL   BY
    X1                 0.866      0.162      5.334      0.000
    X2                 0.237      0.115      2.058      0.040
    X3                 0.352      0.108      3.258      0.001

 TEXTUAL  BY
    X4                 0.960      0.078     12.318      0.000
    X5                 1.140      0.088     12.962      0.000
    X6                 0.828      0.067     12.331      0.000

 SPEED    BY
    X7                 0.692      0.105      6.558      0.000
    X8                 0.577      0.092      6.282      0.000
    X9                 0.558      0.095      5.894      0.000

 TEXTUAL  WITH
    VISUAL             0.629      0.134      4.711      0.000

 SPEED    WITH
    VISUAL             0.230      0.134      1.721      0.085
    TEXTUAL            0.355      0.097      3.662      0.000

 Means
    VISUAL             0.000      0.000    999.000    999.000
    TEXTUAL            0.000      0.000    999.000    999.000
    SPEED              0.000      0.000    999.000    999.000

 Intercepts
    X1                 4.941      0.095     52.081      0.000
    X2                 5.984      0.098     60.753      0.000
    X3                 2.487      0.093     26.692      0.000
    X4                 2.823      0.092     30.591      0.000
    X5                 3.995      0.105     38.060      0.000
    X6                 1.922      0.079     24.242      0.000
    X7                 4.432      0.087     51.017      0.000
    X8                 5.563      0.078     70.985      0.000
    X9                 5.418      0.079     68.220      0.000

 Variances
    VISUAL             1.000      0.000    999.000    999.000
    TEXTUAL            1.000      0.000    999.000    999.000
    SPEED              1.000      0.000    999.000    999.000

 Residual Variances
    X1                 0.349      0.247      1.412      0.158
    X2                 1.144      0.142      8.058      0.000
    X3                 0.829      0.114      7.248      0.000
    X4                 0.354      0.064      5.513      0.000
    X5                 0.319      0.082      3.876      0.000
    X6                 0.276      0.048      5.800      0.000
    X7                 0.518      0.125      4.143      0.000
    X8                 0.581      0.095      6.131      0.000
    X9                 0.528      0.097      5.457      0.000

Group GRANTWHITE

 VISUAL   BY
    X1                 0.686      0.103      6.629      0.000
    X2                 0.486      0.103      4.714      0.000
    X3                 0.607      0.093      6.515      0.000

 TEXTUAL  BY
    X4                 0.906      0.080     11.306      0.000
    X5                 0.927      0.084     10.993      0.000
    X6                 0.895      0.083     10.803      0.000

 SPEED    BY
    X7                 0.681      0.086      7.929      0.000
    X8                 0.806      0.083      9.681      0.000
    X9                 0.749      0.082      9.136      0.000

 TEXTUAL  WITH
    VISUAL             0.607      0.096      6.317      0.000

 SPEED    WITH
    VISUAL             0.722      0.099      7.293      0.000
    TEXTUAL            0.392      0.094      4.189      0.000

 Means
    VISUAL             0.000      0.000    999.000    999.000
    TEXTUAL            0.000      0.000    999.000    999.000
    SPEED              0.000      0.000    999.000    999.000

 Intercepts
    X1                 4.930      0.096     51.517      0.000
    X2                 6.200      0.092     67.183      0.000
    X3                 1.996      0.086     23.115      0.000
    X4                 3.317      0.093     35.502      0.000
    X5                 4.712      0.097     48.817      0.000
    X6                 2.469      0.094     26.186      0.000
    X7                 3.921      0.086     45.660      0.000
    X8                 5.488      0.087     62.955      0.000
    X9                 5.327      0.085     62.355      0.000

 Variances
    VISUAL             1.000      0.000    999.000    999.000
    TEXTUAL            1.000      0.000    999.000    999.000
    SPEED              1.000      0.000    999.000    999.000

 Residual Variances
    X1                 0.619      0.111      5.574      0.000
    X2                 0.879      0.119      7.390      0.000
    X3                 0.550      0.091      6.039      0.000
    X4                 0.306      0.062      4.936      0.000
    X5                 0.384      0.071      5.421      0.000
    X6                 0.401      0.069      5.837      0.000
    X7                 0.431      0.085      5.079      0.000
    X8                 0.361      0.082      4.387      0.000
    X9                 0.388      0.077      5.049      0.000


R-SQUARE

Group PASTEUR

    Observed                                        Two-Tailed
    Variable        Estimate       S.E.  Est./S.E.    P-Value

    X1                 0.683      0.227      3.007      0.003
    X2                 0.047      0.044      1.067      0.286
    X3                 0.130      0.073      1.778      0.075
    X4                 0.723      0.054     13.408      0.000
    X5                 0.803      0.053     15.096      0.000
    X6                 0.713      0.053     13.346      0.000
    X7                 0.480      0.122      3.950      0.000
    X8                 0.364      0.097      3.769      0.000
    X9                 0.371      0.106      3.500      0.000

Group GRANTWHITE

    Observed                                        Two-Tailed
    Variable        Estimate       S.E.  Est./S.E.    P-Value

    X1                 0.432      0.099      4.364      0.000
    X2                 0.212      0.079      2.696      0.007
    X3                 0.401      0.095      4.242      0.000
    X4                 0.728      0.060     12.186      0.000
    X5                 0.691      0.062     11.141      0.000
    X6                 0.667      0.062     10.676      0.000
    X7                 0.518      0.091      5.678      0.000
    X8                 0.643      0.083      7.723      0.000
    X9                 0.591      0.082      7.194      0.000


     Beginning Time:  10:11:26
        Ending Time:  10:11:26
       Elapsed Time:  00:00:00



MUTHEN & MUTHEN
3463 Stoner Ave.
Los Angeles, CA  90066

Tel: (310) 391-9971
Fax: (310) 391-8971
Web: www.StatModel.com
Support: Support@StatModel.com

Copyright (c) 1998-2017 Muthen & Muthen
