# lavaan TESTsuite -- lavaan version  0.6-18 
# date:  Wed Jan 17 15:22:46 2024 
# file:  HS.multi.mean.GLS.out 

        lhs op     rhs group        type   lav   mpl delta
1    visual =~      x1     1         est 1.000 1.000 0.000
2    visual =~      x2     1         est 0.274 0.274 0.000
3    visual =~      x3     1         est 0.407 0.407 0.000
4   textual =~      x4     1         est 1.000 1.000 0.000
5   textual =~      x5     1         est 1.187 1.187 0.000
6   textual =~      x6     1         est 0.863 0.863 0.000
7     speed =~      x7     1         est 1.000 1.000 0.000
8     speed =~      x8     1         est 0.834 0.834 0.000
9     speed =~      x9     1         est 0.807 0.807 0.000
10       x1 ~~      x1     1         est 0.349 0.349 0.000
11       x2 ~~      x2     1         est 1.144 1.144 0.000
12       x3 ~~      x3     1         est 0.829 0.829 0.000
13       x4 ~~      x4     1         est 0.354 0.354 0.000
14       x5 ~~      x5     1         est 0.319 0.319 0.000
15       x6 ~~      x6     1         est 0.276 0.276 0.000
16       x7 ~~      x7     1         est 0.518 0.518 0.000
17       x8 ~~      x8     1         est 0.581 0.581 0.000
18       x9 ~~      x9     1         est 0.528 0.528 0.000
19   visual ~~  visual     1         est 0.750 0.750 0.000
20  textual ~~ textual     1         est 0.922 0.922 0.000
21    speed ~~   speed     1         est 0.479 0.479 0.000
22   visual ~~ textual     1         est 0.523 0.523 0.000
23   visual ~~   speed     1         est 0.138 0.138 0.000
24  textual ~~   speed     1         est 0.236 0.236 0.000
25       x1 ~1             1         est 4.941 4.941 0.000
26       x2 ~1             1         est 5.984 5.984 0.000
27       x3 ~1             1         est 2.487 2.487 0.000
28       x4 ~1             1         est 2.823 2.823 0.000
29       x5 ~1             1         est 3.995 3.995 0.000
30       x6 ~1             1         est 1.922 1.922 0.000
31       x7 ~1             1         est 4.432 4.432 0.000
32       x8 ~1             1         est 5.563 5.563 0.000
33       x9 ~1             1         est 5.418 5.418 0.000
34   visual =~      x1     2         est 1.000 1.000 0.000
35   visual =~      x2     2         est 0.709 0.709 0.000
36   visual =~      x3     2         est 0.886 0.886 0.000
37  textual =~      x4     2         est 1.000 1.000 0.000
38  textual =~      x5     2         est 1.023 1.023 0.000
39  textual =~      x6     2         est 0.988 0.988 0.000
40    speed =~      x7     2         est 1.000 1.000 0.000
41    speed =~      x8     2         est 1.184 1.184 0.000
42    speed =~      x9     2         est 1.101 1.101 0.000
43       x1 ~~      x1     2         est 0.619 0.619 0.000
44       x2 ~~      x2     2         est 0.879 0.879 0.000
45       x3 ~~      x3     2         est 0.550 0.550 0.000
46       x4 ~~      x4     2         est 0.306 0.306 0.000
47       x5 ~~      x5     2         est 0.384 0.384 0.000
48       x6 ~~      x6     2         est 0.401 0.401 0.000
49       x7 ~~      x7     2         est 0.431 0.431 0.000
50       x8 ~~      x8     2         est 0.361 0.361 0.000
51       x9 ~~      x9     2         est 0.388 0.388 0.000
52   visual ~~  visual     2         est 0.470 0.470 0.000
53  textual ~~ textual     2         est 0.820 0.820 0.000
54    speed ~~   speed     2         est 0.464 0.464 0.000
55   visual ~~ textual     2         est 0.377 0.377 0.000
56   visual ~~   speed     2         est 0.337 0.337 0.000
57  textual ~~   speed     2         est 0.242 0.242 0.000
58       x1 ~1             2         est 4.930 4.930 0.000
59       x2 ~1             2         est 6.200 6.200 0.000
60       x3 ~1             2         est 1.996 1.996 0.000
61       x4 ~1             2         est 3.317 3.317 0.000
62       x5 ~1             2         est 4.712 4.712 0.000
63       x6 ~1             2         est 2.469 2.469 0.000
64       x7 ~1             2         est 3.921 3.921 0.000
65       x8 ~1             2         est 5.488 5.488 0.000
66       x9 ~1             2         est 5.327 5.327 0.000
67   visual =~      x1     1          se 0.000 0.000 0.000
68   visual =~      x2     1          se 0.145 0.145 0.000
69   visual =~      x3     1          se 0.151 0.151 0.000
70  textual =~      x4     1          se 0.000 0.000 0.000
71  textual =~      x5     1          se 0.098 0.097 0.001
72  textual =~      x6     1          se 0.074 0.074 0.000
73    speed =~      x7     1          se 0.000 0.000 0.000
74    speed =~      x8     1          se 0.187 0.187 0.000
75    speed =~      x9     1          se 0.194 0.194 0.000
76       x1 ~~      x1     1          se 0.247 0.247 0.000
77       x2 ~~      x2     1          se 0.142 0.142 0.000
78       x3 ~~      x3     1          se 0.114 0.114 0.000
79       x4 ~~      x4     1          se 0.064 0.064 0.000
80       x5 ~~      x5     1          se 0.082 0.082 0.000
81       x6 ~~      x6     1          se 0.048 0.048 0.000
82       x7 ~~      x7     1          se 0.125 0.125 0.000
83       x8 ~~      x8     1          se 0.095 0.095 0.000
84       x9 ~~      x9     1          se 0.097 0.097 0.000
85   visual ~~  visual     1          se 0.281 0.281 0.000
86  textual ~~ textual     1          se 0.150 0.150 0.000
87    speed ~~   speed     1          se 0.146 0.146 0.000
88   visual ~~ textual     1          se 0.109 0.109 0.000
89   visual ~~   speed     1          se 0.081 0.081 0.000
90  textual ~~   speed     1          se 0.080 0.080 0.000
91       x1 ~1             1          se 0.095 0.095 0.000
92       x2 ~1             1          se 0.099 0.098 0.001
93       x3 ~1             1          se 0.093 0.093 0.000
94       x4 ~1             1          se 0.092 0.092 0.000
95       x5 ~1             1          se 0.105 0.105 0.000
96       x6 ~1             1          se 0.079 0.079 0.000
97       x7 ~1             1          se 0.087 0.087 0.000
98       x8 ~1             1          se 0.078 0.078 0.000
99       x9 ~1             1          se 0.079 0.079 0.000
100  visual =~      x1     2          se 0.000 0.000 0.000
101  visual =~      x2     2          se 0.170 0.170 0.000
102  visual =~      x3     2          se 0.168 0.168 0.000
103 textual =~      x4     2          se 0.000 0.000 0.000
104 textual =~      x5     2          se 0.096 0.096 0.000
105 textual =~      x6     2          se 0.093 0.093 0.000
106   speed =~      x7     2          se 0.000 0.000 0.000
107   speed =~      x8     2          se 0.165 0.165 0.000
108   speed =~      x9     2          se 0.171 0.171 0.000
109      x1 ~~      x1     2          se 0.111 0.111 0.000
110      x2 ~~      x2     2          se 0.119 0.119 0.000
111      x3 ~~      x3     2          se 0.091 0.091 0.000
112      x4 ~~      x4     2          se 0.062 0.062 0.000
113      x5 ~~      x5     2          se 0.071 0.071 0.000
114      x6 ~~      x6     2          se 0.069 0.069 0.000
115      x7 ~~      x7     2          se 0.085 0.085 0.000
116      x8 ~~      x8     2          se 0.082 0.082 0.000
117      x9 ~~      x9     2          se 0.077 0.077 0.000
118  visual ~~  visual     2          se 0.142 0.142 0.000
119 textual ~~ textual     2          se 0.145 0.145 0.000
120   speed ~~   speed     2          se 0.117 0.117 0.000
121  visual ~~ textual     2          se 0.095 0.095 0.000
122  visual ~~   speed     2          se 0.076 0.076 0.000
123 textual ~~   speed     2          se 0.074 0.074 0.000
124      x1 ~1             2          se 0.096 0.096 0.000
125      x2 ~1             2          se 0.092 0.092 0.000
126      x3 ~1             2          se 0.086 0.086 0.000
127      x4 ~1             2          se 0.093 0.093 0.000
128      x5 ~1             2          se 0.097 0.097 0.000
129      x6 ~1             2          se 0.094 0.094 0.000
130      x7 ~1             2          se 0.086 0.086 0.000
131      x8 ~1             2          se 0.087 0.087 0.000
132      x9 ~1             2          se 0.085 0.085 0.000
133  visual =~      x1     1     est.std 0.866 0.866 0.000
134  visual =~      x2     1     est.std 0.237 0.237 0.000
135  visual =~      x3     1     est.std 0.352 0.352 0.000
136 textual =~      x4     1     est.std 0.960 0.960 0.000
137 textual =~      x5     1     est.std 1.140 1.140 0.000
138 textual =~      x6     1     est.std 0.828 0.828 0.000
139   speed =~      x7     1     est.std 0.692 0.692 0.000
140   speed =~      x8     1     est.std 0.577 0.577 0.000
141   speed =~      x9     1     est.std 0.558 0.558 0.000
142      x1 ~~      x1     1     est.std 0.349 0.349 0.000
143      x2 ~~      x2     1     est.std 1.144 1.144 0.000
144      x3 ~~      x3     1     est.std 0.829 0.829 0.000
145      x4 ~~      x4     1     est.std 0.354 0.354 0.000
146      x5 ~~      x5     1     est.std 0.319 0.319 0.000
147      x6 ~~      x6     1     est.std 0.276 0.276 0.000
148      x7 ~~      x7     1     est.std 0.518 0.518 0.000
149      x8 ~~      x8     1     est.std 0.581 0.581 0.000
150      x9 ~~      x9     1     est.std 0.528 0.528 0.000
151  visual ~~  visual     1     est.std 1.000 1.000 0.000
152 textual ~~ textual     1     est.std 1.000 1.000 0.000
153   speed ~~   speed     1     est.std 1.000 1.000 0.000
154  visual ~~ textual     1     est.std 0.629 0.629 0.000
155  visual ~~   speed     1     est.std 0.230 0.230 0.000
156 textual ~~   speed     1     est.std 0.355 0.355 0.000
157      x1 ~1             1     est.std 4.941 4.941 0.000
158      x2 ~1             1     est.std 5.984 5.984 0.000
159      x3 ~1             1     est.std 2.487 2.487 0.000
160      x4 ~1             1     est.std 2.823 2.823 0.000
161      x5 ~1             1     est.std 3.995 3.995 0.000
162      x6 ~1             1     est.std 1.922 1.922 0.000
163      x7 ~1             1     est.std 4.432 4.432 0.000
164      x8 ~1             1     est.std 5.563 5.563 0.000
165      x9 ~1             1     est.std 5.418 5.418 0.000
166  visual =~      x1     2     est.std 0.686 0.686 0.000
167  visual =~      x2     2     est.std 0.486 0.486 0.000
168  visual =~      x3     2     est.std 0.607 0.607 0.000
169 textual =~      x4     2     est.std 0.906 0.906 0.000
170 textual =~      x5     2     est.std 0.927 0.927 0.000
171 textual =~      x6     2     est.std 0.895 0.895 0.000
172   speed =~      x7     2     est.std 0.681 0.681 0.000
173   speed =~      x8     2     est.std 0.806 0.806 0.000
174   speed =~      x9     2     est.std 0.749 0.749 0.000
175      x1 ~~      x1     2     est.std 0.619 0.619 0.000
176      x2 ~~      x2     2     est.std 0.879 0.879 0.000
177      x3 ~~      x3     2     est.std 0.550 0.550 0.000
178      x4 ~~      x4     2     est.std 0.306 0.306 0.000
179      x5 ~~      x5     2     est.std 0.384 0.384 0.000
180      x6 ~~      x6     2     est.std 0.401 0.401 0.000
181      x7 ~~      x7     2     est.std 0.431 0.431 0.000
182      x8 ~~      x8     2     est.std 0.361 0.361 0.000
183      x9 ~~      x9     2     est.std 0.388 0.388 0.000
184  visual ~~  visual     2     est.std 1.000 1.000 0.000
185 textual ~~ textual     2     est.std 1.000 1.000 0.000
186   speed ~~   speed     2     est.std 1.000 1.000 0.000
187  visual ~~ textual     2     est.std 0.607 0.607 0.000
188  visual ~~   speed     2     est.std 0.722 0.722 0.000
189 textual ~~   speed     2     est.std 0.392 0.392 0.000
190      x1 ~1             2     est.std 4.930 4.930 0.000
191      x2 ~1             2     est.std 6.200 6.200 0.000
192      x3 ~1             2     est.std 1.996 1.996 0.000
193      x4 ~1             2     est.std 3.317 3.317 0.000
194      x5 ~1             2     est.std 4.712 4.712 0.000
195      x6 ~1             2     est.std 2.469 2.469 0.000
196      x7 ~1             2     est.std 3.921 3.921 0.000
197      x8 ~1             2     est.std 5.488 5.488 0.000
198      x9 ~1             2     est.std 5.327 5.327 0.000
199  visual =~      x1     1 est.std.all 0.826 0.826 0.000
200  visual =~      x2     1 est.std.all 0.216 0.216 0.000
201  visual =~      x3     1 est.std.all 0.361 0.361 0.000
202 textual =~      x4     1 est.std.all 0.850 0.850 0.000
203 textual =~      x5     1 est.std.all 0.896 0.896 0.000
204 textual =~      x6     1 est.std.all 0.844 0.844 0.000
205   speed =~      x7     1 est.std.all 0.693 0.693 0.000
206   speed =~      x8     1 est.std.all 0.603 0.603 0.000
207   speed =~      x9     1 est.std.all 0.609 0.609 0.000
208      x1 ~~      x1     1 est.std.all 0.317 0.317 0.000
209      x2 ~~      x2     1 est.std.all 0.953 0.953 0.000
210      x3 ~~      x3     1 est.std.all 0.870 0.870 0.000
211      x4 ~~      x4     1 est.std.all 0.277 0.277 0.000
212      x5 ~~      x5     1 est.std.all 0.197 0.197 0.000
213      x6 ~~      x6     1 est.std.all 0.287 0.287 0.000
214      x7 ~~      x7     1 est.std.all 0.520 0.520 0.000
215      x8 ~~      x8     1 est.std.all 0.636 0.636 0.000
216      x9 ~~      x9     1 est.std.all 0.629 0.629 0.000
217  visual ~~  visual     1 est.std.all 1.000 1.000 0.000
218 textual ~~ textual     1 est.std.all 1.000 1.000 0.000
219   speed ~~   speed     1 est.std.all 1.000 1.000 0.000
220  visual ~~ textual     1 est.std.all 0.629 0.629 0.000
221  visual ~~   speed     1 est.std.all 0.230 0.230 0.000
222 textual ~~   speed     1 est.std.all 0.355 0.355 0.000
223      x1 ~1             1 est.std.all 4.714 4.714 0.000
224      x2 ~1             1 est.std.all 5.462 5.462 0.000
225      x3 ~1             1 est.std.all 2.548 2.548 0.000
226      x4 ~1             1 est.std.all 2.498 2.498 0.000
227      x5 ~1             1 est.std.all 3.139 3.139 0.000
228      x6 ~1             1 est.std.all 1.959 1.959 0.000
229      x7 ~1             1 est.std.all 4.441 4.441 0.000
230      x8 ~1             1 est.std.all 5.819 5.819 0.000
231      x9 ~1             1 est.std.all 5.913 5.913 0.000
232  visual =~      x1     2 est.std.all 0.657 0.657 0.000
233  visual =~      x2     2 est.std.all 0.460 0.460 0.000
234  visual =~      x3     2 est.std.all 0.634 0.634 0.000
235 textual =~      x4     2 est.std.all 0.854 0.854 0.000
236 textual =~      x5     2 est.std.all 0.831 0.831 0.000
237 textual =~      x6     2 est.std.all 0.816 0.816 0.000
238   speed =~      x7     2 est.std.all 0.720 0.720 0.000
239   speed =~      x8     2 est.std.all 0.802 0.802 0.000
240   speed =~      x9     2 est.std.all 0.769 0.769 0.000
241      x1 ~~      x1     2 est.std.all 0.568 0.568 0.000
242      x2 ~~      x2     2 est.std.all 0.788 0.788 0.000
243      x3 ~~      x3     2 est.std.all 0.599 0.599 0.000
244      x4 ~~      x4     2 est.std.all 0.272 0.272 0.000
245      x5 ~~      x5     2 est.std.all 0.309 0.309 0.000
246      x6 ~~      x6     2 est.std.all 0.333 0.333 0.000
247      x7 ~~      x7     2 est.std.all 0.482 0.482 0.000
248      x8 ~~      x8     2 est.std.all 0.357 0.357 0.000
249      x9 ~~      x9     2 est.std.all 0.409 0.409 0.000
250  visual ~~  visual     2 est.std.all 1.000 1.000 0.000
251 textual ~~ textual     2 est.std.all 1.000 1.000 0.000
252   speed ~~   speed     2 est.std.all 1.000 1.000 0.000
253  visual ~~ textual     2 est.std.all 0.607 0.607 0.000
254  visual ~~   speed     2 est.std.all 0.722 0.722 0.000
255 textual ~~   speed     2 est.std.all 0.392 0.392 0.000
256      x1 ~1             2 est.std.all 4.723 4.723 0.000
257      x2 ~1             2 est.std.all 5.870 5.870 0.000
258      x3 ~1             2 est.std.all 2.082 2.082 0.000
259      x4 ~1             2 est.std.all 3.126 3.126 0.000
260      x5 ~1             2 est.std.all 4.227 4.227 0.000
261      x6 ~1             2 est.std.all 2.253 2.253 0.000
262      x7 ~1             2 est.std.all 4.145 4.145 0.000
263      x8 ~1             2 est.std.all 5.459 5.459 0.000
264      x9 ~1             2 est.std.all 5.466 5.466 0.000
265  visual =~      x1     1 est.std.nox 0.826 0.826 0.000
266  visual =~      x2     1 est.std.nox 0.216 0.216 0.000
267  visual =~      x3     1 est.std.nox 0.361 0.361 0.000
268 textual =~      x4     1 est.std.nox 0.850 0.850 0.000
269 textual =~      x5     1 est.std.nox 0.896 0.896 0.000
270 textual =~      x6     1 est.std.nox 0.844 0.844 0.000
271   speed =~      x7     1 est.std.nox 0.693 0.693 0.000
272   speed =~      x8     1 est.std.nox 0.603 0.603 0.000
273   speed =~      x9     1 est.std.nox 0.609 0.609 0.000
274      x1 ~~      x1     1 est.std.nox 0.317 0.317 0.000
275      x2 ~~      x2     1 est.std.nox 0.953 0.953 0.000
276      x3 ~~      x3     1 est.std.nox 0.870 0.870 0.000
277      x4 ~~      x4     1 est.std.nox 0.277 0.277 0.000
278      x5 ~~      x5     1 est.std.nox 0.197 0.197 0.000
279      x6 ~~      x6     1 est.std.nox 0.287 0.287 0.000
280      x7 ~~      x7     1 est.std.nox 0.520 0.520 0.000
281      x8 ~~      x8     1 est.std.nox 0.636 0.636 0.000
282      x9 ~~      x9     1 est.std.nox 0.629 0.629 0.000
283  visual ~~  visual     1 est.std.nox 1.000 1.000 0.000
284 textual ~~ textual     1 est.std.nox 1.000 1.000 0.000
285   speed ~~   speed     1 est.std.nox 1.000 1.000 0.000
286  visual ~~ textual     1 est.std.nox 0.629 0.629 0.000
287  visual ~~   speed     1 est.std.nox 0.230 0.230 0.000
288 textual ~~   speed     1 est.std.nox 0.355 0.355 0.000
289      x1 ~1             1 est.std.nox 4.714 4.714 0.000
290      x2 ~1             1 est.std.nox 5.462 5.462 0.000
291      x3 ~1             1 est.std.nox 2.548 2.548 0.000
292      x4 ~1             1 est.std.nox 2.498 2.498 0.000
293      x5 ~1             1 est.std.nox 3.139 3.139 0.000
294      x6 ~1             1 est.std.nox 1.959 1.959 0.000
295      x7 ~1             1 est.std.nox 4.441 4.441 0.000
296      x8 ~1             1 est.std.nox 5.819 5.819 0.000
297      x9 ~1             1 est.std.nox 5.913 5.913 0.000
298  visual =~      x1     2 est.std.nox 0.657 0.657 0.000
299  visual =~      x2     2 est.std.nox 0.460 0.460 0.000
300  visual =~      x3     2 est.std.nox 0.634 0.634 0.000
301 textual =~      x4     2 est.std.nox 0.854 0.854 0.000
302 textual =~      x5     2 est.std.nox 0.831 0.831 0.000
303 textual =~      x6     2 est.std.nox 0.816 0.816 0.000
304   speed =~      x7     2 est.std.nox 0.720 0.720 0.000
305   speed =~      x8     2 est.std.nox 0.802 0.802 0.000
306   speed =~      x9     2 est.std.nox 0.769 0.769 0.000
307      x1 ~~      x1     2 est.std.nox 0.568 0.568 0.000
308      x2 ~~      x2     2 est.std.nox 0.788 0.788 0.000
309      x3 ~~      x3     2 est.std.nox 0.599 0.599 0.000
310      x4 ~~      x4     2 est.std.nox 0.272 0.272 0.000
311      x5 ~~      x5     2 est.std.nox 0.309 0.309 0.000
312      x6 ~~      x6     2 est.std.nox 0.333 0.333 0.000
313      x7 ~~      x7     2 est.std.nox 0.482 0.482 0.000
314      x8 ~~      x8     2 est.std.nox 0.357 0.357 0.000
315      x9 ~~      x9     2 est.std.nox 0.409 0.409 0.000
316  visual ~~  visual     2 est.std.nox 1.000 1.000 0.000
317 textual ~~ textual     2 est.std.nox 1.000 1.000 0.000
318   speed ~~   speed     2 est.std.nox 1.000 1.000 0.000
319  visual ~~ textual     2 est.std.nox 0.607 0.607 0.000
320  visual ~~   speed     2 est.std.nox 0.722 0.722 0.000
321 textual ~~   speed     2 est.std.nox 0.392 0.392 0.000
322      x1 ~1             2 est.std.nox 4.723 4.723 0.000
323      x2 ~1             2 est.std.nox 5.870 5.870 0.000
324      x3 ~1             2 est.std.nox 2.082 2.082 0.000
325      x4 ~1             2 est.std.nox 3.126 3.126 0.000
326      x5 ~1             2 est.std.nox 4.227 4.227 0.000
327      x6 ~1             2 est.std.nox 2.253 2.253 0.000
328      x7 ~1             2 est.std.nox 4.145 4.145 0.000
329      x8 ~1             2 est.std.nox 5.459 5.459 0.000
330      x9 ~1             2 est.std.nox 5.466 5.466 0.000

                     fit     lav     mpl  delta
1                   npar  60.000  60.000  0.000
2                   fmin   0.162      NA     NA
3                  chisq  97.480  97.480  0.000
4                     df  48.000  48.000  0.000
5                 pvalue   0.000   0.000  0.000
6         baseline.chisq 288.021 288.021  0.000
7            baseline.df  72.000  72.000  0.000
8        baseline.pvalue   0.000   0.000  0.000
9                    cfi   0.771   0.771  0.000
10                   tli   0.656   0.656  0.000
11                  nnfi   0.656      NA     NA
12                   rfi   0.492      NA     NA
13                   nfi   0.662      NA     NA
14                  pnfi   0.441      NA     NA
15                   ifi   0.794      NA     NA
16                   rni   0.771      NA     NA
17                 rmsea   0.083   0.083  0.000
18        rmsea.ci.lower   0.059   0.059  0.000
19        rmsea.ci.upper   0.107   0.106  0.001
20        rmsea.ci.level   0.900      NA     NA
21          rmsea.pvalue   0.014   0.014  0.000
22        rmsea.close.h0   0.050      NA     NA
23 rmsea.notclose.pvalue   0.604      NA     NA
24     rmsea.notclose.h0   0.080      NA     NA
25                   rmr   0.124      NA     NA
26            rmr_nomean   0.136      NA     NA
27                  srmr   0.098   0.099 -0.001
28          srmr_bentler   0.098      NA     NA
29   srmr_bentler_nomean   0.108      NA     NA
30                  crmr   0.089      NA     NA
31           crmr_nomean   0.099      NA     NA
32            srmr_mplus   0.163      NA     NA
33     srmr_mplus_nomean   0.109      NA     NA
34                 cn_05 200.898      NA     NA
35                 cn_01 227.007      NA     NA
36                   gfi   0.996      NA     NA
37                  agfi   0.991      NA     NA
38                  pgfi   0.443      NA     NA
39                   mfi   0.921      NA     NA
40                  ecvi   0.727      NA     NA
