Mplus VERSION 8.2
MUTHEN & MUTHEN
01/08/2024   9:53 AM

INPUT INSTRUCTIONS


    title:
    		[This syntax is autogenerated]
    		CFA Mplus syntax
    data:
    		file is HS.multi.raw;
                    listwise=on;
    variable:
    		names are
    		school x1  x2  x3  x4  x5  x6
    		x7  x8  x9;
    		missing are all (-999999);
                    grouping is school (1=Pasteur, 2=GrantWhite);
    analysis:
    !               model=nomeanstructure;
                    estimator=MLMV;
    !               information=expected;
                    convergence=0.00000001;

    model:
                    visual  by x1 x2 x3;
                    textual by x4 x5 x6;
                    speed   by x7 x8 x9;

    model GrantWhite:
            visual by x1@1;
            visual by x2;
            visual by x3;
            textual by x4@1;
            textual by x5;
            textual by x6;
            speed by x7@1;
            speed by x8;
            speed by x9;
            [visual-speed@0];
            [x1-x9];
    Output:  standardized;






INPUT READING TERMINATED NORMALLY




[This syntax is autogenerated]
CFA Mplus syntax

SUMMARY OF ANALYSIS

Number of groups                                                 2
Number of observations
   Group PASTEUR                                               156
   Group GRANTWHITE                                            145
   Total sample size                                           301

Number of dependent variables                                    9
Number of independent variables                                  0
Number of continuous latent variables                            3

Observed dependent variables

  Continuous
   X1          X2          X3          X4          X5          X6
   X7          X8          X9

Continuous latent variables
   VISUAL      TEXTUAL     SPEED

Variables with special functions

  Grouping variable     SCHOOL

Estimator                                                     MLMV
Information matrix                                        EXPECTED
Maximum number of iterations                                  1000
Convergence criterion                                    0.100D-07
Maximum number of steepest descent iterations                   20

Input data file(s)
  HS.multi.raw

Input data format  FREE



UNIVARIATE SAMPLE STATISTICS


     UNIVARIATE HIGHER-ORDER MOMENT DESCRIPTIVE STATISTICS FOR PASTEUR

         Variable/         Mean/     Skewness/   Minimum/ % with                Percentiles
        Sample Size      Variance    Kurtosis    Maximum  Min/Max      20%/60%    40%/80%    Median

     X1                    4.941      -0.374       0.667    0.64%       4.000      4.667      5.000
             156.000       1.395       0.674       7.500    1.28%       5.333      5.833
     X2                    5.984       0.688       3.500    0.64%       5.000      5.500      5.750
             156.000       1.504       0.209       9.250    1.92%       6.000      7.000
     X3                    2.487       0.154       0.250    0.64%       1.375      2.000      2.375
             156.000       1.346      -1.078       4.500    3.21%       2.625      3.750
     X4                    2.823       0.219       0.000    0.64%       1.667      2.667      2.667
             156.000       1.320      -0.089       6.000    0.64%       3.000      3.667
     X5                    3.995      -0.130       1.000    0.64%       2.750      3.500      4.000
             156.000       1.708      -0.851       6.750    0.64%       4.500      5.250
     X6                    1.922       1.000       0.143    1.28%       1.000      1.571      1.857
             156.000       0.974       1.932       6.143    0.64%       2.143      2.714
     X7                    4.432       0.300       2.043    0.64%       3.478      4.000      4.370
             156.000       1.170      -0.421       7.435    0.64%       4.696      5.522
     X8                    5.563       0.358       3.500    0.64%       4.750      5.250      5.475
             156.000       0.952       0.050       8.300    0.64%       5.750      6.300
     X9                    5.418       0.223       2.778    0.64%       4.611      5.111      5.417
             156.000       0.978       0.149       8.611    0.64%       5.639      6.222


     UNIVARIATE HIGHER-ORDER MOMENT DESCRIPTIVE STATISTICS FOR GRANTWHITE

         Variable/         Mean/     Skewness/   Minimum/ % with                Percentiles
        Sample Size      Variance    Kurtosis    Maximum  Min/Max      20%/60%    40%/80%    Median

     X1                    4.930      -0.118       1.833    0.69%       4.000      4.667      5.000
             145.000       1.319      -0.085       8.500    0.69%       5.167      6.000
     X2                    6.200       0.237       2.250    0.69%       5.250      5.750      6.250
             145.000       1.226       0.801       9.250    1.38%       6.250      7.000
     X3                    1.996       0.617       0.375    1.38%       1.000      1.625      1.875
             145.000       1.073      -0.480       4.500    0.69%       2.000      3.000
     X4                    3.317       0.401       0.333    0.69%       2.333      3.000      3.000
             145.000       1.257       0.203       6.333    0.69%       3.333      4.333
     X5                    4.712      -0.544       1.000    0.69%       4.000      4.500      4.750
             145.000       1.342       0.172       7.000    0.69%       5.000      5.750
     X6                    2.469       0.721       0.286    0.69%       1.571      2.000      2.286
             145.000       1.280       0.184       5.857    0.69%       2.571      3.286
     X7                    3.921       0.161       1.304    0.69%       2.957      3.565      3.870
             145.000       1.062      -0.385       6.478    0.69%       4.130      4.783
     X8                    5.488       0.691       3.050    0.69%       4.650      5.250      5.500
             145.000       1.094       2.164      10.000    0.69%       5.700      6.250
     X9                    5.327       0.198       3.111    0.69%       4.417      5.056      5.306
             145.000       1.051       0.457       9.250    0.69%       5.583      6.222


THE MODEL ESTIMATION TERMINATED NORMALLY



MODEL FIT INFORMATION

Number of Free Parameters                       60

Loglikelihood

          H0 Value                       -3682.198
          H1 Value                       -3624.272

Information Criteria

          Akaike (AIC)                    7484.395
          Bayesian (BIC)                  7706.822
          Sample-Size Adjusted BIC        7516.536
            (n* = (n + 2) / 24)

Chi-Square Test of Model Fit

          Value                            105.865*
          Degrees of Freedom                    48
          P-Value                           0.0000

Chi-Square Contribution From Each Group

          PASTEUR                           58.766
          GRANTWHITE                        47.099

*   The chi-square value for MLM, MLMV, MLR, ULSMV, WLSM and WLSMV cannot be used
    for chi-square difference testing in the regular way.  MLM, MLR and WLSM
    chi-square difference testing is described on the Mplus website.  MLMV, WLSMV,
    and ULSMV difference testing is done using the DIFFTEST option.

RMSEA (Root Mean Square Error Of Approximation)

          Estimate                           0.089
          90 Percent C.I.                    0.066  0.113
          Probability RMSEA <= .05           0.004

CFI/TLI

          CFI                                0.920
          TLI                                0.879

Chi-Square Test of Model Fit for the Baseline Model

          Value                            792.251
          Degrees of Freedom                    72
          P-Value                           0.0000

SRMR (Standardized Root Mean Square Residual)

          Value                              0.068



MODEL RESULTS

                                                    Two-Tailed
                    Estimate       S.E.  Est./S.E.    P-Value

Group PASTEUR

 VISUAL   BY
    X1                 1.000      0.000    999.000    999.000
    X2                 0.394      0.121      3.242      0.001
    X3                 0.570      0.147      3.874      0.000

 TEXTUAL  BY
    X4                 1.000      0.000    999.000    999.000
    X5                 1.183      0.102     11.629      0.000
    X6                 0.875      0.087     10.060      0.000

 SPEED    BY
    X7                 1.000      0.000    999.000    999.000
    X8                 1.125      0.262      4.297      0.000
    X9                 0.922      0.187      4.935      0.000

 TEXTUAL  WITH
    VISUAL             0.479      0.116      4.140      0.000

 SPEED    WITH
    VISUAL             0.185      0.066      2.814      0.005
    TEXTUAL            0.182      0.069      2.627      0.009

 Means
    VISUAL             0.000      0.000    999.000    999.000
    TEXTUAL            0.000      0.000    999.000    999.000
    SPEED              0.000      0.000    999.000    999.000

 Intercepts
    X1                 4.941      0.095     52.249      0.000
    X2                 5.984      0.098     60.949      0.000
    X3                 2.487      0.093     26.778      0.000
    X4                 2.823      0.092     30.689      0.000
    X5                 3.995      0.105     38.183      0.000
    X6                 1.922      0.079     24.321      0.000
    X7                 4.432      0.087     51.181      0.000
    X8                 5.563      0.078     71.214      0.000
    X9                 5.418      0.079     68.440      0.000

 Variances
    VISUAL             1.097      0.312      3.517      0.000
    TEXTUAL            0.894      0.154      5.825      0.000
    SPEED              0.350      0.117      2.997      0.003

 Residual Variances
    X1                 0.298      0.256      1.163      0.245
    X2                 1.334      0.142      9.387      0.000
    X3                 0.989      0.115      8.612      0.000
    X4                 0.425      0.064      6.609      0.000
    X5                 0.456      0.077      5.897      0.000
    X6                 0.290      0.052      5.590      0.000
    X7                 0.820      0.106      7.756      0.000
    X8                 0.510      0.093      5.472      0.000
    X9                 0.680      0.093      7.277      0.000

Group GRANTWHITE

 VISUAL   BY
    X1                 1.000      0.000    999.000    999.000
    X2                 0.736      0.163      4.529      0.000
    X3                 0.925      0.176      5.263      0.000

 TEXTUAL  BY
    X4                 1.000      0.000    999.000    999.000
    X5                 0.990      0.086     11.449      0.000
    X6                 0.963      0.082     11.741      0.000

 SPEED    BY
    X7                 1.000      0.000    999.000    999.000
    X8                 1.226      0.165      7.415      0.000
    X9                 1.058      0.150      7.055      0.000

 TEXTUAL  WITH
    VISUAL             0.408      0.107      3.827      0.000

 SPEED    WITH
    VISUAL             0.276      0.082      3.354      0.001
    TEXTUAL            0.222      0.092      2.398      0.017

 Means
    VISUAL             0.000      0.000    999.000    999.000
    TEXTUAL            0.000      0.000    999.000    999.000
    SPEED              0.000      0.000    999.000    999.000

 Intercepts
    X1                 4.930      0.095     51.696      0.000
    X2                 6.200      0.092     67.416      0.000
    X3                 1.996      0.086     23.195      0.000
    X4                 3.317      0.093     35.625      0.000
    X5                 4.712      0.096     48.986      0.000
    X6                 2.469      0.094     26.277      0.000
    X7                 3.921      0.086     45.819      0.000
    X8                 5.488      0.087     63.174      0.000
    X9                 5.327      0.085     62.571      0.000

 Variances
    VISUAL             0.604      0.176      3.422      0.001
    TEXTUAL            0.942      0.155      6.092      0.000
    SPEED              0.461      0.106      4.343      0.000

 Residual Variances
    X1                 0.715      0.160      4.474      0.000
    X2                 0.899      0.137      6.543      0.000
    X3                 0.557      0.104      5.334      0.000
    X4                 0.315      0.067      4.723      0.000
    X5                 0.419      0.066      6.357      0.000
    X6                 0.406      0.073      5.531      0.000
    X7                 0.600      0.083      7.225      0.000
    X8                 0.401      0.096      4.184      0.000
    X9                 0.535      0.075      7.152      0.000


STANDARDIZED MODEL RESULTS


STDYX Standardization

                                                    Two-Tailed
                    Estimate       S.E.  Est./S.E.    P-Value

Group PASTEUR

 VISUAL   BY
    X1                 0.887      0.105      8.438      0.000
    X2                 0.336      0.075      4.511      0.000
    X3                 0.515      0.077      6.648      0.000

 TEXTUAL  BY
    X4                 0.823      0.035     23.673      0.000
    X5                 0.856      0.028     30.220      0.000
    X6                 0.838      0.030     28.004      0.000

 SPEED    BY
    X7                 0.547      0.079      6.891      0.000
    X8                 0.682      0.075      9.028      0.000
    X9                 0.551      0.065      8.514      0.000

 TEXTUAL  WITH
    VISUAL             0.484      0.090      5.386      0.000

 SPEED    WITH
    VISUAL             0.299      0.092      3.232      0.001
    TEXTUAL            0.325      0.095      3.423      0.001

 Means
    VISUAL             0.000      0.000    999.000    999.000
    TEXTUAL            0.000      0.000    999.000    999.000
    SPEED              0.000      0.000    999.000    999.000

 Intercepts
    X1                 4.183      0.282     14.822      0.000
    X2                 4.880      0.220     22.138      0.000
    X3                 2.144      0.106     20.239      0.000
    X4                 2.457      0.149     16.493      0.000
    X5                 3.057      0.162     18.820      0.000
    X6                 1.947      0.132     14.696      0.000
    X7                 4.098      0.191     21.430      0.000
    X8                 5.702      0.319     17.866      0.000
    X9                 5.480      0.301     18.189      0.000

 Variances
    VISUAL             1.000      0.000    999.000    999.000
    TEXTUAL            1.000      0.000    999.000    999.000
    SPEED              1.000      0.000    999.000    999.000

 Residual Variances
    X1                 0.214      0.186      1.147      0.251
    X2                 0.887      0.050     17.690      0.000
    X3                 0.735      0.080      9.232      0.000
    X4                 0.322      0.057      5.630      0.000
    X5                 0.267      0.049      5.498      0.000
    X6                 0.297      0.050      5.927      0.000
    X7                 0.701      0.087      8.084      0.000
    X8                 0.535      0.103      5.203      0.000
    X9                 0.696      0.071      9.744      0.000

Group GRANTWHITE

 VISUAL   BY
    X1                 0.677      0.086      7.863      0.000
    X2                 0.517      0.068      7.544      0.000
    X3                 0.694      0.069     10.046      0.000

 TEXTUAL  BY
    X4                 0.866      0.033     26.002      0.000
    X5                 0.829      0.031     26.900      0.000
    X6                 0.826      0.036     23.241      0.000

 SPEED    BY
    X7                 0.659      0.058     11.398      0.000
    X8                 0.796      0.050     15.871      0.000
    X9                 0.701      0.052     13.540      0.000

 TEXTUAL  WITH
    VISUAL             0.541      0.090      6.028      0.000

 SPEED    WITH
    VISUAL             0.523      0.094      5.555      0.000
    TEXTUAL            0.336      0.113      2.970      0.003

 Means
    VISUAL             0.000      0.000    999.000    999.000
    TEXTUAL            0.000      0.000    999.000    999.000
    SPEED              0.000      0.000    999.000    999.000

 Intercepts
    X1                 4.293      0.250     17.199      0.000
    X2                 5.599      0.378     14.800      0.000
    X3                 1.926      0.089     21.550      0.000
    X4                 2.959      0.167     17.718      0.000
    X5                 4.068      0.270     15.088      0.000
    X6                 2.182      0.114     19.174      0.000
    X7                 3.805      0.201     18.904      0.000
    X8                 5.246      0.395     13.283      0.000
    X9                 5.196      0.356     14.577      0.000

 Variances
    VISUAL             1.000      0.000    999.000    999.000
    TEXTUAL            1.000      0.000    999.000    999.000
    SPEED              1.000      0.000    999.000    999.000

 Residual Variances
    X1                 0.542      0.116      4.655      0.000
    X2                 0.733      0.071     10.366      0.000
    X3                 0.519      0.096      5.418      0.000
    X4                 0.251      0.058      4.352      0.000
    X5                 0.312      0.051      6.106      0.000
    X6                 0.317      0.059      5.398      0.000
    X7                 0.566      0.076      7.419      0.000
    X8                 0.367      0.080      4.593      0.000
    X9                 0.509      0.073      7.013      0.000


STDY Standardization

                                                    Two-Tailed
                    Estimate       S.E.  Est./S.E.    P-Value

Group PASTEUR

 VISUAL   BY
    X1                 0.887      0.105      8.438      0.000
    X2                 0.336      0.075      4.511      0.000
    X3                 0.515      0.077      6.648      0.000

 TEXTUAL  BY
    X4                 0.823      0.035     23.673      0.000
    X5                 0.856      0.028     30.220      0.000
    X6                 0.838      0.030     28.004      0.000

 SPEED    BY
    X7                 0.547      0.079      6.891      0.000
    X8                 0.682      0.075      9.028      0.000
    X9                 0.551      0.065      8.514      0.000

 TEXTUAL  WITH
    VISUAL             0.484      0.090      5.386      0.000

 SPEED    WITH
    VISUAL             0.299      0.092      3.232      0.001
    TEXTUAL            0.325      0.095      3.423      0.001

 Means
    VISUAL             0.000      0.000    999.000    999.000
    TEXTUAL            0.000      0.000    999.000    999.000
    SPEED              0.000      0.000    999.000    999.000

 Intercepts
    X1                 4.183      0.282     14.822      0.000
    X2                 4.880      0.220     22.138      0.000
    X3                 2.144      0.106     20.239      0.000
    X4                 2.457      0.149     16.493      0.000
    X5                 3.057      0.162     18.820      0.000
    X6                 1.947      0.132     14.696      0.000
    X7                 4.098      0.191     21.430      0.000
    X8                 5.702      0.319     17.866      0.000
    X9                 5.480      0.301     18.189      0.000

 Variances
    VISUAL             1.000      0.000    999.000    999.000
    TEXTUAL            1.000      0.000    999.000    999.000
    SPEED              1.000      0.000    999.000    999.000

 Residual Variances
    X1                 0.214      0.186      1.147      0.251
    X2                 0.887      0.050     17.690      0.000
    X3                 0.735      0.080      9.232      0.000
    X4                 0.322      0.057      5.630      0.000
    X5                 0.267      0.049      5.498      0.000
    X6                 0.297      0.050      5.927      0.000
    X7                 0.701      0.087      8.084      0.000
    X8                 0.535      0.103      5.203      0.000
    X9                 0.696      0.071      9.744      0.000

Group GRANTWHITE

 VISUAL   BY
    X1                 0.677      0.086      7.863      0.000
    X2                 0.517      0.068      7.544      0.000
    X3                 0.694      0.069     10.046      0.000

 TEXTUAL  BY
    X4                 0.866      0.033     26.002      0.000
    X5                 0.829      0.031     26.900      0.000
    X6                 0.826      0.036     23.241      0.000

 SPEED    BY
    X7                 0.659      0.058     11.398      0.000
    X8                 0.796      0.050     15.871      0.000
    X9                 0.701      0.052     13.540      0.000

 TEXTUAL  WITH
    VISUAL             0.541      0.090      6.028      0.000

 SPEED    WITH
    VISUAL             0.523      0.094      5.555      0.000
    TEXTUAL            0.336      0.113      2.970      0.003

 Means
    VISUAL             0.000      0.000    999.000    999.000
    TEXTUAL            0.000      0.000    999.000    999.000
    SPEED              0.000      0.000    999.000    999.000

 Intercepts
    X1                 4.293      0.250     17.199      0.000
    X2                 5.599      0.378     14.800      0.000
    X3                 1.926      0.089     21.550      0.000
    X4                 2.959      0.167     17.718      0.000
    X5                 4.068      0.270     15.088      0.000
    X6                 2.182      0.114     19.174      0.000
    X7                 3.805      0.201     18.904      0.000
    X8                 5.246      0.395     13.283      0.000
    X9                 5.196      0.356     14.577      0.000

 Variances
    VISUAL             1.000      0.000    999.000    999.000
    TEXTUAL            1.000      0.000    999.000    999.000
    SPEED              1.000      0.000    999.000    999.000

 Residual Variances
    X1                 0.542      0.116      4.655      0.000
    X2                 0.733      0.071     10.366      0.000
    X3                 0.519      0.096      5.418      0.000
    X4                 0.251      0.058      4.352      0.000
    X5                 0.312      0.051      6.106      0.000
    X6                 0.317      0.059      5.398      0.000
    X7                 0.566      0.076      7.419      0.000
    X8                 0.367      0.080      4.593      0.000
    X9                 0.509      0.073      7.013      0.000


STD Standardization

                                                    Two-Tailed
                    Estimate       S.E.  Est./S.E.    P-Value

Group PASTEUR

 VISUAL   BY
    X1                 1.047      0.149      7.034      0.000
    X2                 0.412      0.096      4.305      0.000
    X3                 0.597      0.098      6.064      0.000

 TEXTUAL  BY
    X4                 0.946      0.081     11.650      0.000
    X5                 1.119      0.071     15.766      0.000
    X6                 0.827      0.082     10.091      0.000

 SPEED    BY
    X7                 0.591      0.099      5.995      0.000
    X8                 0.665      0.095      6.994      0.000
    X9                 0.545      0.076      7.193      0.000

 TEXTUAL  WITH
    VISUAL             0.484      0.090      5.386      0.000

 SPEED    WITH
    VISUAL             0.299      0.092      3.232      0.001
    TEXTUAL            0.325      0.095      3.423      0.001

 Means
    VISUAL             0.000      0.000    999.000    999.000
    TEXTUAL            0.000      0.000    999.000    999.000
    SPEED              0.000      0.000    999.000    999.000

 Intercepts
    X1                 4.941      0.095     52.249      0.000
    X2                 5.984      0.098     60.949      0.000
    X3                 2.487      0.093     26.778      0.000
    X4                 2.823      0.092     30.689      0.000
    X5                 3.995      0.105     38.183      0.000
    X6                 1.922      0.079     24.321      0.000
    X7                 4.432      0.087     51.181      0.000
    X8                 5.563      0.078     71.214      0.000
    X9                 5.418      0.079     68.440      0.000

 Variances
    VISUAL             1.000      0.000    999.000    999.000
    TEXTUAL            1.000      0.000    999.000    999.000
    SPEED              1.000      0.000    999.000    999.000

 Residual Variances
    X1                 0.298      0.256      1.163      0.245
    X2                 1.334      0.142      9.387      0.000
    X3                 0.989      0.115      8.612      0.000
    X4                 0.425      0.064      6.609      0.000
    X5                 0.456      0.077      5.897      0.000
    X6                 0.290      0.052      5.590      0.000
    X7                 0.820      0.106      7.756      0.000
    X8                 0.510      0.093      5.472      0.000
    X9                 0.680      0.093      7.277      0.000

Group GRANTWHITE

 VISUAL   BY
    X1                 0.777      0.114      6.843      0.000
    X2                 0.572      0.091      6.315      0.000
    X3                 0.719      0.086      8.352      0.000

 TEXTUAL  BY
    X4                 0.971      0.080     12.184      0.000
    X5                 0.961      0.076     12.575      0.000
    X6                 0.935      0.078     11.986      0.000

 SPEED    BY
    X7                 0.679      0.078      8.687      0.000
    X8                 0.833      0.092      9.005      0.000
    X9                 0.719      0.090      8.005      0.000

 TEXTUAL  WITH
    VISUAL             0.541      0.090      6.028      0.000

 SPEED    WITH
    VISUAL             0.523      0.094      5.555      0.000
    TEXTUAL            0.336      0.113      2.970      0.003

 Means
    VISUAL             0.000      0.000    999.000    999.000
    TEXTUAL            0.000      0.000    999.000    999.000
    SPEED              0.000      0.000    999.000    999.000

 Intercepts
    X1                 4.930      0.095     51.696      0.000
    X2                 6.200      0.092     67.416      0.000
    X3                 1.996      0.086     23.195      0.000
    X4                 3.317      0.093     35.625      0.000
    X5                 4.712      0.096     48.986      0.000
    X6                 2.469      0.094     26.277      0.000
    X7                 3.921      0.086     45.819      0.000
    X8                 5.488      0.087     63.174      0.000
    X9                 5.327      0.085     62.571      0.000

 Variances
    VISUAL             1.000      0.000    999.000    999.000
    TEXTUAL            1.000      0.000    999.000    999.000
    SPEED              1.000      0.000    999.000    999.000

 Residual Variances
    X1                 0.715      0.160      4.474      0.000
    X2                 0.899      0.137      6.543      0.000
    X3                 0.557      0.104      5.334      0.000
    X4                 0.315      0.067      4.723      0.000
    X5                 0.419      0.066      6.357      0.000
    X6                 0.406      0.073      5.531      0.000
    X7                 0.600      0.083      7.225      0.000
    X8                 0.401      0.096      4.184      0.000
    X9                 0.535      0.075      7.152      0.000


R-SQUARE

Group PASTEUR

    Observed                                        Two-Tailed
    Variable        Estimate       S.E.  Est./S.E.    P-Value

    X1                 0.786      0.186      4.219      0.000
    X2                 0.113      0.050      2.255      0.024
    X3                 0.265      0.080      3.324      0.001
    X4                 0.678      0.057     11.837      0.000
    X5                 0.733      0.049     15.110      0.000
    X6                 0.703      0.050     14.002      0.000
    X7                 0.299      0.087      3.446      0.001
    X8                 0.465      0.103      4.514      0.000
    X9                 0.304      0.071      4.257      0.000

Group GRANTWHITE

    Observed                                        Two-Tailed
    Variable        Estimate       S.E.  Est./S.E.    P-Value

    X1                 0.458      0.116      3.932      0.000
    X2                 0.267      0.071      3.772      0.000
    X3                 0.481      0.096      5.023      0.000
    X4                 0.749      0.058     13.001      0.000
    X5                 0.688      0.051     13.450      0.000
    X6                 0.683      0.059     11.620      0.000
    X7                 0.434      0.076      5.699      0.000
    X8                 0.633      0.080      7.935      0.000
    X9                 0.491      0.073      6.770      0.000


QUALITY OF NUMERICAL RESULTS

     Condition Number for the Information Matrix              0.285E-02
       (ratio of smallest to largest eigenvalue)


     Beginning Time:  09:53:18
        Ending Time:  09:53:18
       Elapsed Time:  00:00:00



MUTHEN & MUTHEN
3463 Stoner Ave.
Los Angeles, CA  90066

Tel: (310) 391-9971
Fax: (310) 391-8971
Web: www.StatModel.com
Support: Support@StatModel.com

Copyright (c) 1998-2018 Muthen & Muthen
