Mplus VERSION 8.2
MUTHEN & MUTHEN
01/08/2024   9:53 AM

INPUT INSTRUCTIONS


    title:
    		[This syntax is autogenerated]
    		CFA Mplus syntax
    data:
    		file is HS.multi.raw;
                    listwise=on;
    variable:
    		names are
    		school x1  x2  x3  x4  x5  x6
    		x7  x8  x9;
    		missing are all (-999999);
                    grouping is school (1=Pasteur, 2=GrantWhite);
    analysis:
    !               model=nomeanstructure;
                    estimator=WLS;
    !               information=expected;
                    convergence=0.00000001;

    model:
                    visual  by x1 x2 x3;
                    textual by x4 x5 x6;
                    speed   by x7 x8 x9;

    model GrantWhite:
            visual by x1@1;
            visual by x2;
            visual by x3;
            textual by x4@1;
            textual by x5;
            textual by x6;
            speed by x7@1;
            speed by x8;
            speed by x9;
            [visual-speed@0];
            [x1-x9];
    Output:  standardized;






INPUT READING TERMINATED NORMALLY




[This syntax is autogenerated]
CFA Mplus syntax

SUMMARY OF ANALYSIS

Number of groups                                                 2
Number of observations
   Group PASTEUR                                               156
   Group GRANTWHITE                                            145
   Total sample size                                           301

Number of dependent variables                                    9
Number of independent variables                                  0
Number of continuous latent variables                            3

Observed dependent variables

  Continuous
   X1          X2          X3          X4          X5          X6
   X7          X8          X9

Continuous latent variables
   VISUAL      TEXTUAL     SPEED

Variables with special functions

  Grouping variable     SCHOOL

Estimator                                                      WLS
Maximum number of iterations                                  1000
Convergence criterion                                    0.100D-07
Maximum number of steepest descent iterations                   20

Input data file(s)
  HS.multi.raw

Input data format  FREE



UNIVARIATE SAMPLE STATISTICS


     UNIVARIATE HIGHER-ORDER MOMENT DESCRIPTIVE STATISTICS FOR PASTEUR

         Variable/         Mean/     Skewness/   Minimum/ % with                Percentiles
        Sample Size      Variance    Kurtosis    Maximum  Min/Max      20%/60%    40%/80%    Median

     X1                    4.941      -0.374       0.667    0.64%       4.000      4.667      5.000
             156.000       1.395       0.674       7.500    1.28%       5.333      5.833
     X2                    5.984       0.688       3.500    0.64%       5.000      5.500      5.750
             156.000       1.504       0.209       9.250    1.92%       6.000      7.000
     X3                    2.487       0.154       0.250    0.64%       1.375      2.000      2.375
             156.000       1.346      -1.078       4.500    3.21%       2.625      3.750
     X4                    2.823       0.219       0.000    0.64%       1.667      2.667      2.667
             156.000       1.320      -0.089       6.000    0.64%       3.000      3.667
     X5                    3.995      -0.130       1.000    0.64%       2.750      3.500      4.000
             156.000       1.708      -0.851       6.750    0.64%       4.500      5.250
     X6                    1.922       1.000       0.143    1.28%       1.000      1.571      1.857
             156.000       0.974       1.932       6.143    0.64%       2.143      2.714
     X7                    4.432       0.300       2.043    0.64%       3.478      4.000      4.370
             156.000       1.170      -0.421       7.435    0.64%       4.696      5.522
     X8                    5.563       0.358       3.500    0.64%       4.750      5.250      5.475
             156.000       0.952       0.050       8.300    0.64%       5.750      6.300
     X9                    5.418       0.223       2.778    0.64%       4.611      5.111      5.417
             156.000       0.978       0.149       8.611    0.64%       5.639      6.222


     UNIVARIATE HIGHER-ORDER MOMENT DESCRIPTIVE STATISTICS FOR GRANTWHITE

         Variable/         Mean/     Skewness/   Minimum/ % with                Percentiles
        Sample Size      Variance    Kurtosis    Maximum  Min/Max      20%/60%    40%/80%    Median

     X1                    4.930      -0.118       1.833    0.69%       4.000      4.667      5.000
             145.000       1.319      -0.085       8.500    0.69%       5.167      6.000
     X2                    6.200       0.237       2.250    0.69%       5.250      5.750      6.250
             145.000       1.226       0.801       9.250    1.38%       6.250      7.000
     X3                    1.996       0.617       0.375    1.38%       1.000      1.625      1.875
             145.000       1.073      -0.480       4.500    0.69%       2.000      3.000
     X4                    3.317       0.401       0.333    0.69%       2.333      3.000      3.000
             145.000       1.257       0.203       6.333    0.69%       3.333      4.333
     X5                    4.712      -0.544       1.000    0.69%       4.000      4.500      4.750
             145.000       1.342       0.172       7.000    0.69%       5.000      5.750
     X6                    2.469       0.721       0.286    0.69%       1.571      2.000      2.286
             145.000       1.280       0.184       5.857    0.69%       2.571      3.286
     X7                    3.921       0.161       1.304    0.69%       2.957      3.565      3.870
             145.000       1.062      -0.385       6.478    0.69%       4.130      4.783
     X8                    5.488       0.691       3.050    0.69%       4.650      5.250      5.500
             145.000       1.094       2.164      10.000    0.69%       5.700      6.250
     X9                    5.327       0.198       3.111    0.69%       4.417      5.056      5.306
             145.000       1.051       0.457       9.250    0.69%       5.583      6.222


THE MODEL ESTIMATION TERMINATED NORMALLY



MODEL FIT INFORMATION

Number of Free Parameters                       60

Chi-Square Test of Model Fit

          Value                            107.376
          Degrees of Freedom                    48
          P-Value                           0.0000

Chi-Square Contribution From Each Group

          PASTEUR                           49.138
          GRANTWHITE                        58.238

RMSEA (Root Mean Square Error Of Approximation)

          Estimate                           0.091
          90 Percent C.I.                    0.068  0.114
          Probability RMSEA <= .05           0.003

CFI/TLI

          CFI                                0.826
          TLI                                0.739

Chi-Square Test of Model Fit for the Baseline Model

          Value                            413.892
          Degrees of Freedom                    72
          P-Value                           0.0000

SRMR (Standardized Root Mean Square Residual)

          Value                              0.194

Optimum Function Value for Weighted Least-Squares Estimator

          Value                     0.17836543D+00



MODEL RESULTS

                                                    Two-Tailed
                    Estimate       S.E.  Est./S.E.    P-Value

Group PASTEUR

 VISUAL   BY
    X1                 1.000      0.000    999.000    999.000
    X2                 0.180      0.109      1.652      0.099
    X3                 0.410      0.141      2.906      0.004

 TEXTUAL  BY
    X4                 1.000      0.000    999.000    999.000
    X5                 1.026      0.074     13.863      0.000
    X6                 0.800      0.072     11.124      0.000

 SPEED    BY
    X7                 1.000      0.000    999.000    999.000
    X8                 0.843      0.173      4.886      0.000
    X9                 0.888      0.180      4.934      0.000

 TEXTUAL  WITH
    VISUAL             0.603      0.114      5.284      0.000

 SPEED    WITH
    VISUAL             0.153      0.074      2.056      0.040
    TEXTUAL            0.208      0.078      2.674      0.007

 Means
    VISUAL             0.000      0.000    999.000    999.000
    TEXTUAL            0.000      0.000    999.000    999.000
    SPEED              0.000      0.000    999.000    999.000

 Intercepts
    X1                 5.003      0.084     59.452      0.000
    X2                 5.822      0.084     69.071      0.000
    X3                 2.575      0.085     30.320      0.000
    X4                 2.802      0.084     33.495      0.000
    X5                 3.990      0.097     41.248      0.000
    X6                 1.910      0.071     26.940      0.000
    X7                 4.447      0.082     54.209      0.000
    X8                 5.535      0.072     76.535      0.000
    X9                 5.426      0.075     72.692      0.000

 Variances
    VISUAL             0.990      0.374      2.650      0.008
    TEXTUAL            1.067      0.155      6.905      0.000
    SPEED              0.441      0.125      3.540      0.000

 Residual Variances
    X1                 0.116      0.320      0.362      0.717
    X2                 1.125      0.134      8.368      0.000
    X3                 0.942      0.098      9.645      0.000
    X4                 0.290      0.067      4.308      0.000
    X5                 0.348      0.067      5.216      0.000
    X6                 0.264      0.048      5.499      0.000
    X7                 0.542      0.109      4.982      0.000
    X8                 0.573      0.078      7.309      0.000
    X9                 0.440      0.097      4.530      0.000

Group GRANTWHITE

 VISUAL   BY
    X1                 1.000      0.000    999.000    999.000
    X2                 0.438      0.087      5.009      0.000
    X3                 0.763      0.101      7.543      0.000

 TEXTUAL  BY
    X4                 1.000      0.000    999.000    999.000
    X5                 1.070      0.074     14.381      0.000
    X6                 1.022      0.066     15.580      0.000

 SPEED    BY
    X7                 1.000      0.000    999.000    999.000
    X8                 1.118      0.104     10.783      0.000
    X9                 1.162      0.114     10.153      0.000

 TEXTUAL  WITH
    VISUAL             0.624      0.097      6.413      0.000

 SPEED    WITH
    VISUAL             0.357      0.078      4.545      0.000
    TEXTUAL            0.408      0.084      4.833      0.000

 Means
    VISUAL             0.000      0.000    999.000    999.000
    TEXTUAL            0.000      0.000    999.000    999.000
    SPEED              0.000      0.000    999.000    999.000

 Intercepts
    X1                 4.890      0.086     56.738      0.000
    X2                 6.101      0.078     77.797      0.000
    X3                 1.911      0.077     24.851      0.000
    X4                 3.276      0.081     40.480      0.000
    X5                 4.755      0.087     54.434      0.000
    X6                 2.456      0.088     28.008      0.000
    X7                 3.832      0.078     49.000      0.000
    X8                 5.356      0.073     73.623      0.000
    X9                 5.338      0.074     72.053      0.000

 Variances
    VISUAL             0.542      0.138      3.939      0.000
    TEXTUAL            0.888      0.133      6.660      0.000
    SPEED              0.507      0.093      5.478      0.000

 Residual Variances
    X1                 0.516      0.121      4.278      0.000
    X2                 0.897      0.114      7.837      0.000
    X3                 0.662      0.082      8.070      0.000
    X4                 0.274      0.055      4.974      0.000
    X5                 0.376      0.056      6.764      0.000
    X6                 0.320      0.065      4.953      0.000
    X7                 0.570      0.071      8.056      0.000
    X8                 0.190      0.066      2.866      0.004
    X9                 0.362      0.067      5.434      0.000


STANDARDIZED MODEL RESULTS


STDYX Standardization

                                                    Two-Tailed
                    Estimate       S.E.  Est./S.E.    P-Value

Group PASTEUR

 VISUAL   BY
    X1                 0.946      0.154      6.161      0.000
    X2                 0.166      0.090      1.858      0.063
    X3                 0.388      0.084      4.607      0.000

 TEXTUAL  BY
    X4                 0.887      0.030     29.464      0.000
    X5                 0.874      0.026     33.783      0.000
    X6                 0.849      0.028     30.117      0.000

 SPEED    BY
    X7                 0.670      0.079      8.516      0.000
    X8                 0.594      0.070      8.458      0.000
    X9                 0.664      0.077      8.677      0.000

 TEXTUAL  WITH
    VISUAL             0.586      0.116      5.059      0.000

 SPEED    WITH
    VISUAL             0.231      0.104      2.227      0.026
    TEXTUAL            0.304      0.087      3.481      0.000

 Means
    VISUAL             0.000      0.000    999.000    999.000
    TEXTUAL            0.000      0.000    999.000    999.000
    SPEED              0.000      0.000    999.000    999.000

 Intercepts
    X1                 4.757      0.397     11.972      0.000
    X2                 5.412      0.310     17.471      0.000
    X3                 2.446      0.123     19.844      0.000
    X4                 2.406      0.134     17.949      0.000
    X5                 3.287      0.185     17.743      0.000
    X6                 1.963      0.132     14.825      0.000
    X7                 4.485      0.250     17.953      0.000
    X8                 5.880      0.344     17.068      0.000
    X9                 6.111      0.410     14.908      0.000

 Variances
    VISUAL             1.000      0.000    999.000    999.000
    TEXTUAL            1.000      0.000    999.000    999.000
    SPEED              1.000      0.000    999.000    999.000

 Residual Variances
    X1                 0.105      0.291      0.360      0.719
    X2                 0.972      0.030     32.661      0.000
    X3                 0.850      0.065     13.033      0.000
    X4                 0.214      0.053      3.999      0.000
    X5                 0.237      0.045      5.233      0.000
    X6                 0.279      0.048      5.817      0.000
    X7                 0.552      0.105      5.239      0.000
    X8                 0.647      0.084      7.740      0.000
    X9                 0.559      0.102      5.492      0.000

Group GRANTWHITE

 VISUAL   BY
    X1                 0.716      0.073      9.831      0.000
    X2                 0.322      0.060      5.331      0.000
    X3                 0.568      0.066      8.662      0.000

 TEXTUAL  BY
    X4                 0.874      0.028     31.104      0.000
    X5                 0.854      0.024     35.151      0.000
    X6                 0.862      0.030     29.204      0.000

 SPEED    BY
    X7                 0.686      0.045     15.138      0.000
    X8                 0.877      0.042     20.814      0.000
    X9                 0.809      0.034     23.717      0.000

 TEXTUAL  WITH
    VISUAL             0.899      0.085     10.539      0.000

 SPEED    WITH
    VISUAL             0.680      0.090      7.592      0.000
    TEXTUAL            0.608      0.077      7.926      0.000

 Means
    VISUAL             0.000      0.000    999.000    999.000
    TEXTUAL            0.000      0.000    999.000    999.000
    SPEED              0.000      0.000    999.000    999.000

 Intercepts
    X1                 4.754      0.316     15.046      0.000
    X2                 6.098      0.351     17.366      0.000
    X3                 1.933      0.089     21.607      0.000
    X4                 3.039      0.162     18.735      0.000
    X5                 4.030      0.250     16.141      0.000
    X6                 2.199      0.102     21.578      0.000
    X7                 3.693      0.181     20.414      0.000
    X8                 5.902      0.397     14.877      0.000
    X9                 5.217      0.273     19.078      0.000

 Variances
    VISUAL             1.000      0.000    999.000    999.000
    TEXTUAL            1.000      0.000    999.000    999.000
    SPEED              1.000      0.000    999.000    999.000

 Residual Variances
    X1                 0.487      0.104      4.675      0.000
    X2                 0.896      0.039     22.983      0.000
    X3                 0.677      0.075      9.071      0.000
    X4                 0.236      0.049      4.803      0.000
    X5                 0.270      0.042      6.497      0.000
    X6                 0.256      0.051      5.029      0.000
    X7                 0.529      0.062      8.500      0.000
    X8                 0.230      0.074      3.112      0.002
    X9                 0.346      0.055      6.279      0.000


STDY Standardization

                                                    Two-Tailed
                    Estimate       S.E.  Est./S.E.    P-Value

Group PASTEUR

 VISUAL   BY
    X1                 0.946      0.154      6.161      0.000
    X2                 0.166      0.090      1.858      0.063
    X3                 0.388      0.084      4.607      0.000

 TEXTUAL  BY
    X4                 0.887      0.030     29.464      0.000
    X5                 0.874      0.026     33.783      0.000
    X6                 0.849      0.028     30.117      0.000

 SPEED    BY
    X7                 0.670      0.079      8.516      0.000
    X8                 0.594      0.070      8.458      0.000
    X9                 0.664      0.077      8.677      0.000

 TEXTUAL  WITH
    VISUAL             0.586      0.116      5.059      0.000

 SPEED    WITH
    VISUAL             0.231      0.104      2.227      0.026
    TEXTUAL            0.304      0.087      3.481      0.000

 Means
    VISUAL             0.000      0.000    999.000    999.000
    TEXTUAL            0.000      0.000    999.000    999.000
    SPEED              0.000      0.000    999.000    999.000

 Intercepts
    X1                 4.757      0.397     11.972      0.000
    X2                 5.412      0.310     17.471      0.000
    X3                 2.446      0.123     19.844      0.000
    X4                 2.406      0.134     17.949      0.000
    X5                 3.287      0.185     17.743      0.000
    X6                 1.963      0.132     14.825      0.000
    X7                 4.485      0.250     17.953      0.000
    X8                 5.880      0.344     17.068      0.000
    X9                 6.111      0.410     14.908      0.000

 Variances
    VISUAL             1.000      0.000    999.000    999.000
    TEXTUAL            1.000      0.000    999.000    999.000
    SPEED              1.000      0.000    999.000    999.000

 Residual Variances
    X1                 0.105      0.291      0.360      0.719
    X2                 0.972      0.030     32.661      0.000
    X3                 0.850      0.065     13.033      0.000
    X4                 0.214      0.053      3.999      0.000
    X5                 0.237      0.045      5.233      0.000
    X6                 0.279      0.048      5.817      0.000
    X7                 0.552      0.105      5.239      0.000
    X8                 0.647      0.084      7.740      0.000
    X9                 0.559      0.102      5.492      0.000

Group GRANTWHITE

 VISUAL   BY
    X1                 0.716      0.073      9.831      0.000
    X2                 0.322      0.060      5.331      0.000
    X3                 0.568      0.066      8.662      0.000

 TEXTUAL  BY
    X4                 0.874      0.028     31.104      0.000
    X5                 0.854      0.024     35.151      0.000
    X6                 0.862      0.030     29.204      0.000

 SPEED    BY
    X7                 0.686      0.045     15.138      0.000
    X8                 0.877      0.042     20.814      0.000
    X9                 0.809      0.034     23.717      0.000

 TEXTUAL  WITH
    VISUAL             0.899      0.085     10.539      0.000

 SPEED    WITH
    VISUAL             0.680      0.090      7.592      0.000
    TEXTUAL            0.608      0.077      7.926      0.000

 Means
    VISUAL             0.000      0.000    999.000    999.000
    TEXTUAL            0.000      0.000    999.000    999.000
    SPEED              0.000      0.000    999.000    999.000

 Intercepts
    X1                 4.754      0.316     15.046      0.000
    X2                 6.098      0.351     17.366      0.000
    X3                 1.933      0.089     21.607      0.000
    X4                 3.039      0.162     18.735      0.000
    X5                 4.030      0.250     16.141      0.000
    X6                 2.199      0.102     21.578      0.000
    X7                 3.693      0.181     20.414      0.000
    X8                 5.902      0.397     14.877      0.000
    X9                 5.217      0.273     19.078      0.000

 Variances
    VISUAL             1.000      0.000    999.000    999.000
    TEXTUAL            1.000      0.000    999.000    999.000
    SPEED              1.000      0.000    999.000    999.000

 Residual Variances
    X1                 0.487      0.104      4.675      0.000
    X2                 0.896      0.039     22.983      0.000
    X3                 0.677      0.075      9.071      0.000
    X4                 0.236      0.049      4.803      0.000
    X5                 0.270      0.042      6.497      0.000
    X6                 0.256      0.051      5.029      0.000
    X7                 0.529      0.062      8.500      0.000
    X8                 0.230      0.074      3.112      0.002
    X9                 0.346      0.055      6.279      0.000


STD Standardization

                                                    Two-Tailed
                    Estimate       S.E.  Est./S.E.    P-Value

Group PASTEUR

 VISUAL   BY
    X1                 0.995      0.188      5.300      0.000
    X2                 0.179      0.098      1.829      0.067
    X3                 0.408      0.094      4.344      0.000

 TEXTUAL  BY
    X4                 1.033      0.075     13.810      0.000
    X5                 1.060      0.066     16.141      0.000
    X6                 0.826      0.076     10.847      0.000

 SPEED    BY
    X7                 0.664      0.094      7.081      0.000
    X8                 0.560      0.085      6.600      0.000
    X9                 0.590      0.081      7.252      0.000

 TEXTUAL  WITH
    VISUAL             0.586      0.116      5.059      0.000

 SPEED    WITH
    VISUAL             0.231      0.104      2.227      0.026
    TEXTUAL            0.304      0.087      3.481      0.000

 Means
    VISUAL             0.000      0.000    999.000    999.000
    TEXTUAL            0.000      0.000    999.000    999.000
    SPEED              0.000      0.000    999.000    999.000

 Intercepts
    X1                 5.003      0.084     59.452      0.000
    X2                 5.822      0.084     69.071      0.000
    X3                 2.575      0.085     30.320      0.000
    X4                 2.802      0.084     33.495      0.000
    X5                 3.990      0.097     41.248      0.000
    X6                 1.910      0.071     26.940      0.000
    X7                 4.447      0.082     54.209      0.000
    X8                 5.535      0.072     76.535      0.000
    X9                 5.426      0.075     72.692      0.000

 Variances
    VISUAL             1.000      0.000    999.000    999.000
    TEXTUAL            1.000      0.000    999.000    999.000
    SPEED              1.000      0.000    999.000    999.000

 Residual Variances
    X1                 0.116      0.320      0.362      0.717
    X2                 1.125      0.134      8.368      0.000
    X3                 0.942      0.098      9.645      0.000
    X4                 0.290      0.067      4.308      0.000
    X5                 0.348      0.067      5.216      0.000
    X6                 0.264      0.048      5.499      0.000
    X7                 0.542      0.109      4.982      0.000
    X8                 0.573      0.078      7.309      0.000
    X9                 0.440      0.097      4.530      0.000

Group GRANTWHITE

 VISUAL   BY
    X1                 0.736      0.093      7.878      0.000
    X2                 0.322      0.063      5.113      0.000
    X3                 0.562      0.076      7.364      0.000

 TEXTUAL  BY
    X4                 0.942      0.071     13.320      0.000
    X5                 1.008      0.071     14.224      0.000
    X6                 0.963      0.070     13.767      0.000

 SPEED    BY
    X7                 0.712      0.065     10.956      0.000
    X8                 0.796      0.065     12.276      0.000
    X9                 0.827      0.057     14.609      0.000

 TEXTUAL  WITH
    VISUAL             0.899      0.085     10.539      0.000

 SPEED    WITH
    VISUAL             0.680      0.090      7.592      0.000
    TEXTUAL            0.608      0.077      7.926      0.000

 Means
    VISUAL             0.000      0.000    999.000    999.000
    TEXTUAL            0.000      0.000    999.000    999.000
    SPEED              0.000      0.000    999.000    999.000

 Intercepts
    X1                 4.890      0.086     56.738      0.000
    X2                 6.101      0.078     77.797      0.000
    X3                 1.911      0.077     24.851      0.000
    X4                 3.276      0.081     40.480      0.000
    X5                 4.755      0.087     54.434      0.000
    X6                 2.456      0.088     28.008      0.000
    X7                 3.832      0.078     49.000      0.000
    X8                 5.356      0.073     73.623      0.000
    X9                 5.338      0.074     72.053      0.000

 Variances
    VISUAL             1.000      0.000    999.000    999.000
    TEXTUAL            1.000      0.000    999.000    999.000
    SPEED              1.000      0.000    999.000    999.000

 Residual Variances
    X1                 0.516      0.121      4.278      0.000
    X2                 0.897      0.114      7.837      0.000
    X3                 0.662      0.082      8.070      0.000
    X4                 0.274      0.055      4.974      0.000
    X5                 0.376      0.056      6.764      0.000
    X6                 0.320      0.065      4.953      0.000
    X7                 0.570      0.071      8.056      0.000
    X8                 0.190      0.066      2.866      0.004
    X9                 0.362      0.067      5.434      0.000


R-SQUARE

Group PASTEUR

    Observed                                        Two-Tailed
    Variable        Estimate       S.E.  Est./S.E.    P-Value

    X1                 0.895      0.291      3.081      0.002
    X2                 0.028      0.030      0.929      0.353
    X3                 0.150      0.065      2.303      0.021
    X4                 0.786      0.053     14.732      0.000
    X5                 0.763      0.045     16.891      0.000
    X6                 0.721      0.048     15.059      0.000
    X7                 0.448      0.105      4.258      0.000
    X8                 0.353      0.084      4.229      0.000
    X9                 0.441      0.102      4.338      0.000

Group GRANTWHITE

    Observed                                        Two-Tailed
    Variable        Estimate       S.E.  Est./S.E.    P-Value

    X1                 0.513      0.104      4.915      0.000
    X2                 0.104      0.039      2.666      0.008
    X3                 0.323      0.075      4.331      0.000
    X4                 0.764      0.049     15.552      0.000
    X5                 0.730      0.042     17.576      0.000
    X6                 0.744      0.051     14.602      0.000
    X7                 0.471      0.062      7.569      0.000
    X8                 0.770      0.074     10.407      0.000
    X9                 0.654      0.055     11.859      0.000


QUALITY OF NUMERICAL RESULTS

     Condition Number for the Information Matrix              0.773E-03
       (ratio of smallest to largest eigenvalue)


     Beginning Time:  09:53:18
        Ending Time:  09:53:18
       Elapsed Time:  00:00:00



MUTHEN & MUTHEN
3463 Stoner Ave.
Los Angeles, CA  90066

Tel: (310) 391-9971
Fax: (310) 391-8971
Web: www.StatModel.com
Support: Support@StatModel.com

Copyright (c) 1998-2018 Muthen & Muthen
