# lavaan TESTsuite -- lavaan version  0.6-17 
# date:  Sat Jan 20 20:48:45 2024 
# file:  HS.mean.MLR.observed.out 

        lhs op     rhs group        type   lav   mpl delta
1    visual =~      x1     1         est 1.000 1.000     0
2    visual =~      x2     1         est 0.554 0.554     0
3    visual =~      x3     1         est 0.729 0.729     0
4   textual =~      x4     1         est 1.000 1.000     0
5   textual =~      x5     1         est 1.113 1.113     0
6   textual =~      x6     1         est 0.926 0.926     0
7     speed =~      x7     1         est 1.000 1.000     0
8     speed =~      x8     1         est 1.180 1.180     0
9     speed =~      x9     1         est 1.082 1.082     0
10       x1 ~~      x1     1         est 0.549 0.549     0
11       x2 ~~      x2     1         est 1.134 1.134     0
12       x3 ~~      x3     1         est 0.844 0.844     0
13       x4 ~~      x4     1         est 0.371 0.371     0
14       x5 ~~      x5     1         est 0.446 0.446     0
15       x6 ~~      x6     1         est 0.356 0.356     0
16       x7 ~~      x7     1         est 0.799 0.799     0
17       x8 ~~      x8     1         est 0.488 0.488     0
18       x9 ~~      x9     1         est 0.566 0.566     0
19   visual ~~  visual     1         est 0.809 0.809     0
20  textual ~~ textual     1         est 0.979 0.979     0
21    speed ~~   speed     1         est 0.384 0.384     0
22   visual ~~ textual     1         est 0.408 0.408     0
23   visual ~~   speed     1         est 0.262 0.262     0
24  textual ~~   speed     1         est 0.173 0.173     0
25       x1 ~1             1         est 4.936 4.936     0
26       x2 ~1             1         est 6.088 6.088     0
27       x3 ~1             1         est 2.250 2.250     0
28       x4 ~1             1         est 3.061 3.061     0
29       x5 ~1             1         est 4.341 4.341     0
30       x6 ~1             1         est 2.186 2.186     0
31       x7 ~1             1         est 4.186 4.186     0
32       x8 ~1             1         est 5.527 5.527     0
33       x9 ~1             1         est 5.374 5.374     0
34   visual =~      x1     1          se 0.000 0.000     0
35   visual =~      x2     1          se 0.132 0.132     0
36   visual =~      x3     1          se 0.141 0.141     0
37  textual =~      x4     1          se 0.000 0.000     0
38  textual =~      x5     1          se 0.066 0.066     0
39  textual =~      x6     1          se 0.061 0.061     0
40    speed =~      x7     1          se 0.000 0.000     0
41    speed =~      x8     1          se 0.130 0.130     0
42    speed =~      x9     1          se 0.266 0.266     0
43       x1 ~~      x1     1          se 0.156 0.156     0
44       x2 ~~      x2     1          se 0.112 0.112     0
45       x3 ~~      x3     1          se 0.100 0.100     0
46       x4 ~~      x4     1          se 0.050 0.050     0
47       x5 ~~      x5     1          se 0.057 0.057     0
48       x6 ~~      x6     1          se 0.047 0.047     0
49       x7 ~~      x7     1          se 0.097 0.097     0
50       x8 ~~      x8     1          se 0.120 0.120     0
51       x9 ~~      x9     1          se 0.119 0.119     0
52   visual ~~  visual     1          se 0.180 0.180     0
53  textual ~~ textual     1          se 0.121 0.121     0
54    speed ~~   speed     1          se 0.107 0.107     0
55   visual ~~ textual     1          se 0.099 0.099     0
56   visual ~~   speed     1          se 0.060 0.060     0
57  textual ~~   speed     1          se 0.056 0.056     0
58       x1 ~1             1          se 0.067 0.067     0
59       x2 ~1             1          se 0.068 0.068     0
60       x3 ~1             1          se 0.065 0.065     0
61       x4 ~1             1          se 0.067 0.067     0
62       x5 ~1             1          se 0.074 0.074     0
63       x6 ~1             1          se 0.063 0.063     0
64       x7 ~1             1          se 0.063 0.063     0
65       x8 ~1             1          se 0.058 0.058     0
66       x9 ~1             1          se 0.058 0.058     0
67   visual =~      x1     1     est.std 0.900 0.900     0
68   visual =~      x2     1     est.std 0.498 0.498     0
69   visual =~      x3     1     est.std 0.656 0.656     0
70  textual =~      x4     1     est.std 0.990 0.990     0
71  textual =~      x5     1     est.std 1.102 1.102     0
72  textual =~      x6     1     est.std 0.917 0.917     0
73    speed =~      x7     1     est.std 0.619 0.619     0
74    speed =~      x8     1     est.std 0.731 0.731     0
75    speed =~      x9     1     est.std 0.670 0.670     0
76       x1 ~~      x1     1     est.std 0.549 0.549     0
77       x2 ~~      x2     1     est.std 1.134 1.134     0
78       x3 ~~      x3     1     est.std 0.844 0.844     0
79       x4 ~~      x4     1     est.std 0.371 0.371     0
80       x5 ~~      x5     1     est.std 0.446 0.446     0
81       x6 ~~      x6     1     est.std 0.356 0.356     0
82       x7 ~~      x7     1     est.std 0.799 0.799     0
83       x8 ~~      x8     1     est.std 0.488 0.488     0
84       x9 ~~      x9     1     est.std 0.566 0.566     0
85   visual ~~  visual     1     est.std 1.000 1.000     0
86  textual ~~ textual     1     est.std 1.000 1.000     0
87    speed ~~   speed     1     est.std 1.000 1.000     0
88   visual ~~ textual     1     est.std 0.459 0.459     0
89   visual ~~   speed     1     est.std 0.471 0.471     0
90  textual ~~   speed     1     est.std 0.283 0.283     0
91       x1 ~1             1     est.std 4.936 4.936     0
92       x2 ~1             1     est.std 6.088 6.088     0
93       x3 ~1             1     est.std 2.250 2.250     0
94       x4 ~1             1     est.std 3.061 3.061     0
95       x5 ~1             1     est.std 4.341 4.341     0
96       x6 ~1             1     est.std 2.186 2.186     0
97       x7 ~1             1     est.std 4.186 4.186     0
98       x8 ~1             1     est.std 5.527 5.527     0
99       x9 ~1             1     est.std 5.374 5.374     0
100  visual =~      x1     1 est.std.all 0.772 0.772     0
101  visual =~      x2     1 est.std.all 0.424 0.424     0
102  visual =~      x3     1 est.std.all 0.581 0.581     0
103 textual =~      x4     1 est.std.all 0.852 0.852     0
104 textual =~      x5     1 est.std.all 0.855 0.855     0
105 textual =~      x6     1 est.std.all 0.838 0.838     0
106   speed =~      x7     1 est.std.all 0.570 0.570     0
107   speed =~      x8     1 est.std.all 0.723 0.723     0
108   speed =~      x9     1 est.std.all 0.665 0.665     0
109      x1 ~~      x1     1 est.std.all 0.404 0.404     0
110      x2 ~~      x2     1 est.std.all 0.821 0.821     0
111      x3 ~~      x3     1 est.std.all 0.662 0.662     0
112      x4 ~~      x4     1 est.std.all 0.275 0.275     0
113      x5 ~~      x5     1 est.std.all 0.269 0.269     0
114      x6 ~~      x6     1 est.std.all 0.298 0.298     0
115      x7 ~~      x7     1 est.std.all 0.676 0.676     0
116      x8 ~~      x8     1 est.std.all 0.477 0.477     0
117      x9 ~~      x9     1 est.std.all 0.558 0.558     0
118  visual ~~  visual     1 est.std.all 1.000 1.000     0
119 textual ~~ textual     1 est.std.all 1.000 1.000     0
120   speed ~~   speed     1 est.std.all 1.000 1.000     0
121  visual ~~ textual     1 est.std.all 0.459 0.459     0
122  visual ~~   speed     1 est.std.all 0.471 0.471     0
123 textual ~~   speed     1 est.std.all 0.283 0.283     0
124      x1 ~1             1 est.std.all 4.235 4.235     0
125      x2 ~1             1 est.std.all 5.179 5.179     0
126      x3 ~1             1 est.std.all 1.993 1.993     0
127      x4 ~1             1 est.std.all 2.634 2.634     0
128      x5 ~1             1 est.std.all 3.369 3.369     0
129      x6 ~1             1 est.std.all 1.998 1.998     0
130      x7 ~1             1 est.std.all 3.848 3.848     0
131      x8 ~1             1 est.std.all 5.467 5.467     0
132      x9 ~1             1 est.std.all 5.334 5.334     0
133  visual =~      x1     1 est.std.nox 0.772 0.772     0
134  visual =~      x2     1 est.std.nox 0.424 0.424     0
135  visual =~      x3     1 est.std.nox 0.581 0.581     0
136 textual =~      x4     1 est.std.nox 0.852 0.852     0
137 textual =~      x5     1 est.std.nox 0.855 0.855     0
138 textual =~      x6     1 est.std.nox 0.838 0.838     0
139   speed =~      x7     1 est.std.nox 0.570 0.570     0
140   speed =~      x8     1 est.std.nox 0.723 0.723     0
141   speed =~      x9     1 est.std.nox 0.665 0.665     0
142      x1 ~~      x1     1 est.std.nox 0.404 0.404     0
143      x2 ~~      x2     1 est.std.nox 0.821 0.821     0
144      x3 ~~      x3     1 est.std.nox 0.662 0.662     0
145      x4 ~~      x4     1 est.std.nox 0.275 0.275     0
146      x5 ~~      x5     1 est.std.nox 0.269 0.269     0
147      x6 ~~      x6     1 est.std.nox 0.298 0.298     0
148      x7 ~~      x7     1 est.std.nox 0.676 0.676     0
149      x8 ~~      x8     1 est.std.nox 0.477 0.477     0
150      x9 ~~      x9     1 est.std.nox 0.558 0.558     0
151  visual ~~  visual     1 est.std.nox 1.000 1.000     0
152 textual ~~ textual     1 est.std.nox 1.000 1.000     0
153   speed ~~   speed     1 est.std.nox 1.000 1.000     0
154  visual ~~ textual     1 est.std.nox 0.459 0.459     0
155  visual ~~   speed     1 est.std.nox 0.471 0.471     0
156 textual ~~   speed     1 est.std.nox 0.283 0.283     0
157      x1 ~1             1 est.std.nox 4.235 4.235     0
158      x2 ~1             1 est.std.nox 5.179 5.179     0
159      x3 ~1             1 est.std.nox 1.993 1.993     0
160      x4 ~1             1 est.std.nox 2.634 2.634     0
161      x5 ~1             1 est.std.nox 3.369 3.369     0
162      x6 ~1             1 est.std.nox 1.998 1.998     0
163      x7 ~1             1 est.std.nox 3.848 3.848     0
164      x8 ~1             1 est.std.nox 5.467 5.467     0
165      x9 ~1             1 est.std.nox 5.334 5.334     0

                             fit       lav       mpl  delta
1                           npar    30.000    30.000  0.000
2                           fmin     0.142        NA     NA
3                          chisq    85.306    87.132 -1.826
4                             df    24.000    24.000  0.000
5                         pvalue     0.000     0.000  0.000
6                   chisq.scaled    87.132    87.132  0.000
7                      df.scaled    24.000    24.000  0.000
8                  pvalue.scaled     0.000     0.000  0.000
9           chisq.scaling.factor     0.979     0.979  0.000
10                baseline.chisq   918.852   880.082 38.770
11                   baseline.df    36.000    36.000  0.000
12               baseline.pvalue     0.000     0.000  0.000
13         baseline.chisq.scaled   880.082   880.082  0.000
14            baseline.df.scaled    36.000    36.000  0.000
15        baseline.pvalue.scaled     0.000     0.000  0.000
16 baseline.chisq.scaling.factor     1.044        NA     NA
17                           cfi     0.931     0.925  0.006
18                           tli     0.896     0.888  0.008
19                    cfi.scaled     0.925     0.925  0.000
20                    tli.scaled     0.888     0.888  0.000
21                    cfi.robust     0.930        NA     NA
22                    tli.robust     0.895        NA     NA
23                          nnfi     0.896        NA     NA
24                           rfi     0.861        NA     NA
25                           nfi     0.907        NA     NA
26                          pnfi     0.605        NA     NA
27                           ifi     0.931        NA     NA
28                           rni     0.931        NA     NA
29                   nnfi.scaled     0.888        NA     NA
30                    rfi.scaled     0.851        NA     NA
31                    nfi.scaled     0.901        NA     NA
32                   pnfi.scaled     0.601        NA     NA
33                    ifi.scaled     0.926        NA     NA
34                    rni.scaled     0.925        NA     NA
35                   nnfi.robust     0.895        NA     NA
36                    rni.robust     0.930        NA     NA
37                          logl -3737.745 -3737.745  0.000
38             unrestricted.logl -3695.092 -3695.092  0.000
39                           aic  7535.490  7535.490  0.000
40                           bic  7646.703  7646.703  0.000
41                          bic2  7551.560  7551.560  0.000
42             scaling.factor.h1     1.043        NA     NA
43             scaling.factor.h0     1.093        NA     NA
44                         rmsea     0.092     0.093 -0.001
45                rmsea.ci.lower     0.071     0.073 -0.002
46                rmsea.ci.upper     0.114     0.115 -0.001
47                rmsea.ci.level     0.900        NA     NA
48                  rmsea.pvalue     0.001     0.000  0.001
49                rmsea.close.h0     0.050        NA     NA
50         rmsea.notclose.pvalue     0.840        NA     NA
51             rmsea.notclose.h0     0.080        NA     NA
52                  rmsea.scaled     0.093     0.093  0.000
53         rmsea.ci.lower.scaled     0.073     0.073  0.000
54         rmsea.ci.upper.scaled     0.115     0.115  0.000
55           rmsea.pvalue.scaled     0.001     0.000  0.001
56  rmsea.notclose.pvalue.scaled     0.862        NA     NA
57                  rmsea.robust     0.092        NA     NA
58         rmsea.ci.lower.robust     0.072        NA     NA
59         rmsea.ci.upper.robust     0.114        NA     NA
60           rmsea.pvalue.robust     0.001        NA     NA
61  rmsea.notclose.pvalue.robust     0.849        NA     NA
62                           rmr     0.075        NA     NA
63                    rmr_nomean     0.082        NA     NA
64                          srmr     0.060     0.060  0.000
65                  srmr_bentler     0.060        NA     NA
66           srmr_bentler_nomean     0.065        NA     NA
67                          crmr     0.065        NA     NA
68                   crmr_nomean     0.073        NA     NA
69                    srmr_mplus     0.060        NA     NA
70             srmr_mplus_nomean     0.065        NA     NA
71                         cn_05   129.490        NA     NA
72                         cn_01   152.654        NA     NA
73                           gfi     0.996        NA     NA
74                          agfi     0.991        NA     NA
75                          pgfi     0.443        NA     NA
76                           mfi     0.903        NA     NA
77                          ecvi     0.483        NA     NA
