# lavaan TESTsuite -- lavaan version  0.6-17 
# date:  Sat Jan 20 20:48:46 2024 
# file:  HS.mean.WLS.out 

        lhs op     rhs group        type   lav   mpl  delta
1    visual =~      x1     1         est 1.000 1.000  0.000
2    visual =~      x2     1         est 0.515 0.515  0.000
3    visual =~      x3     1         est 0.823 0.823  0.000
4   textual =~      x4     1         est 1.000 1.000  0.000
5   textual =~      x5     1         est 1.063 1.063  0.000
6   textual =~      x6     1         est 0.914 0.914  0.000
7     speed =~      x7     1         est 1.000 1.000  0.000
8     speed =~      x8     1         est 1.109 1.109  0.000
9     speed =~      x9     1         est 1.132 1.132  0.000
10       x1 ~~      x1     1         est 0.571 0.572 -0.001
11       x2 ~~      x2     1         est 1.045 1.047 -0.002
12       x3 ~~      x3     1         est 0.787 0.789 -0.002
13       x4 ~~      x4     1         est 0.307 0.308 -0.001
14       x5 ~~      x5     1         est 0.377 0.378 -0.001
15       x6 ~~      x6     1         est 0.303 0.304 -0.001
16       x7 ~~      x7     1         est 0.632 0.633 -0.001
17       x8 ~~      x8     1         est 0.435 0.436 -0.001
18       x9 ~~      x9     1         est 0.412 0.413 -0.001
19   visual ~~  visual     1         est 0.618 0.619 -0.001
20  textual ~~ textual     1         est 1.008 1.010 -0.002
21    speed ~~   speed     1         est 0.437 0.438 -0.001
22   visual ~~ textual     1         est 0.382 0.383 -0.001
23   visual ~~   speed     1         est 0.317 0.318 -0.001
24  textual ~~   speed     1         est 0.194 0.194  0.000
25       x1 ~1             1         est 4.914 4.914  0.000
26       x2 ~1             1         est 5.961 5.961  0.000
27       x3 ~1             1         est 2.244 2.244  0.000
28       x4 ~1             1         est 3.052 3.052  0.000
29       x5 ~1             1         est 4.387 4.387  0.000
30       x6 ~1             1         est 2.185 2.185  0.000
31       x7 ~1             1         est 4.107 4.107  0.000
32       x8 ~1             1         est 5.451 5.451  0.000
33       x9 ~1             1         est 5.351 5.351  0.000
34   visual =~      x1     1          se 0.000 0.000  0.000
35   visual =~      x2     1          se 0.097 0.097  0.000
36   visual =~      x3     1          se 0.117 0.117  0.000
37  textual =~      x4     1          se 0.000 0.000  0.000
38  textual =~      x5     1          se 0.058 0.058  0.000
39  textual =~      x6     1          se 0.051 0.051  0.000
40    speed =~      x7     1          se 0.000 0.000  0.000
41    speed =~      x8     1          se 0.114 0.114  0.000
42    speed =~      x9     1          se 0.113 0.112  0.001
43       x1 ~~      x1     1          se 0.105 0.105  0.000
44       x2 ~~      x2     1          se 0.094 0.094  0.000
45       x3 ~~      x3     1          se 0.074 0.074  0.000
46       x4 ~~      x4     1          se 0.047 0.047  0.000
47       x5 ~~      x5     1          se 0.047 0.047  0.000
48       x6 ~~      x6     1          se 0.042 0.042  0.000
49       x7 ~~      x7     1          se 0.068 0.068  0.000
50       x8 ~~      x8     1          se 0.061 0.061  0.000
51       x9 ~~      x9     1          se 0.059 0.059  0.000
52   visual ~~  visual     1          se 0.126 0.126  0.000
53  textual ~~ textual     1          se 0.113 0.113  0.000
54    speed ~~   speed     1          se 0.078 0.078  0.000
55   visual ~~ textual     1          se 0.074 0.074  0.000
56   visual ~~   speed     1          se 0.054 0.054  0.000
57  textual ~~   speed     1          se 0.053 0.053  0.000
58       x1 ~1             1          se 0.063 0.063  0.000
59       x2 ~1             1          se 0.062 0.062  0.000
60       x3 ~1             1          se 0.061 0.061  0.000
61       x4 ~1             1          se 0.063 0.063  0.000
62       x5 ~1             1          se 0.070 0.070  0.000
63       x6 ~1             1          se 0.060 0.060  0.000
64       x7 ~1             1          se 0.059 0.059  0.000
65       x8 ~1             1          se 0.054 0.054  0.000
66       x9 ~1             1          se 0.054 0.054  0.000
67   visual =~      x1     1     est.std 0.786 0.787 -0.001
68   visual =~      x2     1     est.std 0.405 0.405  0.000
69   visual =~      x3     1     est.std 0.647 0.648 -0.001
70  textual =~      x4     1     est.std 1.004 1.005 -0.001
71  textual =~      x5     1     est.std 1.067 1.068 -0.001
72  textual =~      x6     1     est.std 0.918 0.919 -0.001
73    speed =~      x7     1     est.std 0.661 0.661  0.000
74    speed =~      x8     1     est.std 0.733 0.734 -0.001
75    speed =~      x9     1     est.std 0.748 0.748  0.000
76       x1 ~~      x1     1     est.std 0.571 0.572 -0.001
77       x2 ~~      x2     1     est.std 1.045 1.047 -0.002
78       x3 ~~      x3     1     est.std 0.787 0.789 -0.002
79       x4 ~~      x4     1     est.std 0.307 0.308 -0.001
80       x5 ~~      x5     1     est.std 0.377 0.378 -0.001
81       x6 ~~      x6     1     est.std 0.303 0.304 -0.001
82       x7 ~~      x7     1     est.std 0.632 0.633 -0.001
83       x8 ~~      x8     1     est.std 0.435 0.436 -0.001
84       x9 ~~      x9     1     est.std 0.412 0.413 -0.001
85   visual ~~  visual     1     est.std 1.000 1.000  0.000
86  textual ~~ textual     1     est.std 1.000 1.000  0.000
87    speed ~~   speed     1     est.std 1.000 1.000  0.000
88   visual ~~ textual     1     est.std 0.484 0.484  0.000
89   visual ~~   speed     1     est.std 0.611 0.611  0.000
90  textual ~~   speed     1     est.std 0.292 0.292  0.000
91       x1 ~1             1     est.std 4.914 4.914  0.000
92       x2 ~1             1     est.std 5.961 5.961  0.000
93       x3 ~1             1     est.std 2.244 2.244  0.000
94       x4 ~1             1     est.std 3.052 3.052  0.000
95       x5 ~1             1     est.std 4.387 4.387  0.000
96       x6 ~1             1     est.std 2.185 2.185  0.000
97       x7 ~1             1     est.std 4.107 4.107  0.000
98       x8 ~1             1     est.std 5.451 5.451  0.000
99       x9 ~1             1     est.std 5.351 5.351  0.000
100  visual =~      x1     1 est.std.all 0.721 0.721  0.000
101  visual =~      x2     1 est.std.all 0.368 0.368  0.000
102  visual =~      x3     1 est.std.all 0.589 0.589  0.000
103 textual =~      x4     1 est.std.all 0.876 0.876  0.000
104 textual =~      x5     1 est.std.all 0.867 0.867  0.000
105 textual =~      x6     1 est.std.all 0.858 0.858  0.000
106   speed =~      x7     1 est.std.all 0.639 0.639  0.000
107   speed =~      x8     1 est.std.all 0.743 0.743  0.000
108   speed =~      x9     1 est.std.all 0.759 0.759  0.000
109      x1 ~~      x1     1 est.std.all 0.480 0.480  0.000
110      x2 ~~      x2     1 est.std.all 0.864 0.864  0.000
111      x3 ~~      x3     1 est.std.all 0.653 0.653  0.000
112      x4 ~~      x4     1 est.std.all 0.233 0.233  0.000
113      x5 ~~      x5     1 est.std.all 0.249 0.249  0.000
114      x6 ~~      x6     1 est.std.all 0.265 0.265  0.000
115      x7 ~~      x7     1 est.std.all 0.591 0.591  0.000
116      x8 ~~      x8     1 est.std.all 0.447 0.447  0.000
117      x9 ~~      x9     1 est.std.all 0.424 0.424  0.000
118  visual ~~  visual     1 est.std.all 1.000 1.000  0.000
119 textual ~~ textual     1 est.std.all 1.000 1.000  0.000
120   speed ~~   speed     1 est.std.all 1.000 1.000  0.000
121  visual ~~ textual     1 est.std.all 0.484 0.484  0.000
122  visual ~~   speed     1 est.std.all 0.611 0.611  0.000
123 textual ~~   speed     1 est.std.all 0.292 0.292  0.000
124      x1 ~1             1 est.std.all 4.506 4.501  0.005
125      x2 ~1             1 est.std.all 5.422 5.417  0.005
126      x3 ~1             1 est.std.all 2.044 2.042  0.002
127      x4 ~1             1 est.std.all 2.662 2.660  0.002
128      x5 ~1             1 est.std.all 3.563 3.560  0.003
129      x6 ~1             1 est.std.all 2.041 2.039  0.002
130      x7 ~1             1 est.std.all 3.973 3.969  0.004
131      x8 ~1             1 est.std.all 5.526 5.521  0.005
132      x9 ~1             1 est.std.all 5.429 5.424  0.005
133  visual =~      x1     1 est.std.nox 0.721 0.721  0.000
134  visual =~      x2     1 est.std.nox 0.368 0.368  0.000
135  visual =~      x3     1 est.std.nox 0.589 0.589  0.000
136 textual =~      x4     1 est.std.nox 0.876 0.876  0.000
137 textual =~      x5     1 est.std.nox 0.867 0.867  0.000
138 textual =~      x6     1 est.std.nox 0.858 0.858  0.000
139   speed =~      x7     1 est.std.nox 0.639 0.639  0.000
140   speed =~      x8     1 est.std.nox 0.743 0.743  0.000
141   speed =~      x9     1 est.std.nox 0.759 0.759  0.000
142      x1 ~~      x1     1 est.std.nox 0.480 0.480  0.000
143      x2 ~~      x2     1 est.std.nox 0.864 0.864  0.000
144      x3 ~~      x3     1 est.std.nox 0.653 0.653  0.000
145      x4 ~~      x4     1 est.std.nox 0.233 0.233  0.000
146      x5 ~~      x5     1 est.std.nox 0.249 0.249  0.000
147      x6 ~~      x6     1 est.std.nox 0.265 0.265  0.000
148      x7 ~~      x7     1 est.std.nox 0.591 0.591  0.000
149      x8 ~~      x8     1 est.std.nox 0.447 0.447  0.000
150      x9 ~~      x9     1 est.std.nox 0.424 0.424  0.000
151  visual ~~  visual     1 est.std.nox 1.000 1.000  0.000
152 textual ~~ textual     1 est.std.nox 1.000 1.000  0.000
153   speed ~~   speed     1 est.std.nox 1.000 1.000  0.000
154  visual ~~ textual     1 est.std.nox 0.484 0.484  0.000
155  visual ~~   speed     1 est.std.nox 0.611 0.611  0.000
156 textual ~~   speed     1 est.std.nox 0.292 0.292  0.000
157      x1 ~1             1 est.std.nox 4.506 4.501  0.005
158      x2 ~1             1 est.std.nox 5.422 5.417  0.005
159      x3 ~1             1 est.std.nox 2.044 2.042  0.002
160      x4 ~1             1 est.std.nox 2.662 2.660  0.002
161      x5 ~1             1 est.std.nox 3.563 3.560  0.003
162      x6 ~1             1 est.std.nox 2.041 2.039  0.002
163      x7 ~1             1 est.std.nox 3.973 3.969  0.004
164      x8 ~1             1 est.std.nox 5.526 5.521  0.005
165      x9 ~1             1 est.std.nox 5.429 5.424  0.005

                     fit     lav     mpl  delta
1                   npar  30.000  30.000  0.000
2                   fmin   0.138      NA     NA
3                  chisq  83.319  83.472 -0.153
4                     df  24.000  24.000  0.000
5                 pvalue   0.000   0.000  0.000
6         baseline.chisq 387.585 390.936 -3.351
7            baseline.df  36.000  36.000  0.000
8        baseline.pvalue   0.000   0.000  0.000
9                    cfi   0.831   0.832 -0.001
10                   tli   0.747   0.749 -0.002
11                  nnfi   0.747      NA     NA
12                   rfi   0.678      NA     NA
13                   nfi   0.785      NA     NA
14                  pnfi   0.523      NA     NA
15                   ifi   0.837      NA     NA
16                   rni   0.831      NA     NA
17                 rmsea   0.091   0.091  0.000
18        rmsea.ci.lower   0.070   0.070  0.000
19        rmsea.ci.upper   0.112   0.112  0.000
20        rmsea.ci.level   0.900      NA     NA
21          rmsea.pvalue   0.001   0.001  0.000
22        rmsea.close.h0   0.050      NA     NA
23 rmsea.notclose.pvalue   0.812      NA     NA
24     rmsea.notclose.h0   0.080      NA     NA
25                   rmr   0.099      NA     NA
26            rmr_nomean   0.105      NA     NA
27          srmr_bentler   0.078      NA     NA
28   srmr_bentler_nomean   0.082      NA     NA
29                  crmr   0.081      NA     NA
30           crmr_nomean   0.087      NA     NA
31            srmr_mplus   0.101      NA     NA
32     srmr_mplus_nomean   0.086      NA     NA
33                 cn_05 132.117      NA     NA
34                 cn_01 155.755      NA     NA
35                   gfi   0.997      NA     NA
36                  agfi   0.993      NA     NA
37                  pgfi   0.443      NA     NA
38                   mfi   0.906      NA     NA
39                  ecvi   0.478      NA     NA
