Mplus VERSION 8.2
MUTHEN & MUTHEN
01/20/2024   8:47 PM

INPUT INSTRUCTIONS



      title:
      		[This syntax is autogenerated]
      		CFA Mplus syntax
      data:
      		file is HS.raw;
                      listwise=on;
      variable:
      		names are
      		x1  x2  x3  x4  x5  x6
      		x7  x8  x9  ;
      		missing are all (-999999);
      analysis:
      !		model=nomeanstructure;
                      estimator=MLF;
      !               information=expected;
                      convergence=0.00000001;
      model:
      		visual  by x1 x2 x3;
      		textual by x4 x5 x6;
      		speed   by x7 x8 x9;
      Output: standardized;









INPUT READING TERMINATED NORMALLY




[This syntax is autogenerated]
CFA Mplus syntax

SUMMARY OF ANALYSIS

Number of groups                                                 1
Number of observations                                         301

Number of dependent variables                                    9
Number of independent variables                                  0
Number of continuous latent variables                            3

Observed dependent variables

  Continuous
   X1          X2          X3          X4          X5          X6
   X7          X8          X9

Continuous latent variables
   VISUAL      TEXTUAL     SPEED


Estimator                                                      MLF
Information matrix                                        OBSERVED
Maximum number of iterations                                  1000
Convergence criterion                                    0.100D-07
Maximum number of steepest descent iterations                   20

Input data file(s)
  HS.raw

Input data format  FREE



UNIVARIATE SAMPLE STATISTICS


     UNIVARIATE HIGHER-ORDER MOMENT DESCRIPTIVE STATISTICS

         Variable/         Mean/     Skewness/   Minimum/ % with                Percentiles
        Sample Size      Variance    Kurtosis    Maximum  Min/Max      20%/60%    40%/80%    Median

     X1                    4.936      -0.256       0.667    0.33%       4.000      4.667      5.000
             301.000       1.358       0.330       8.500    0.33%       5.333      5.833
     X2                    6.088       0.472       2.250    0.33%       5.250      5.750      6.000
             301.000       1.382       0.355       9.250    1.66%       6.250      7.000
     X3                    2.250       0.385       0.250    0.33%       1.250      1.750      2.125
             301.000       1.275      -0.894       4.500    1.99%       2.375      3.375
     X4                    3.061       0.269       0.000    0.33%       2.000      2.667      3.000
             301.000       1.351       0.101       6.333    0.33%       3.333      4.000
     X5                    4.341      -0.352       1.000    0.66%       3.000      4.000      4.500
             301.000       1.660      -0.536       7.000    0.33%       4.750      5.500
     X6                    2.186       0.862       0.143    0.66%       1.286      1.857      2.000
             301.000       1.196       0.842       6.143    0.33%       2.286      2.857
     X7                    4.186       0.250       1.304    0.33%       3.304      3.783      4.087
             301.000       1.183      -0.289       7.435    0.33%       4.391      5.130
     X8                    5.527       0.528       3.050    0.33%       4.700      5.250      5.500
             301.000       1.022       1.199      10.000    0.33%       5.700      6.300
     X9                    5.374       0.205       2.778    0.33%       4.500      5.083      5.417
             301.000       1.015       0.312       9.250    0.33%       5.611      6.222


THE MODEL ESTIMATION TERMINATED NORMALLY



MODEL FIT INFORMATION

Number of Free Parameters                       30

Loglikelihood

          H0 Value                       -3737.745
          H1 Value                       -3695.092

Information Criteria

          Akaike (AIC)                    7535.490
          Bayesian (BIC)                  7646.703
          Sample-Size Adjusted BIC        7551.560
            (n* = (n + 2) / 24)

Chi-Square Test of Model Fit

          Value                             85.306
          Degrees of Freedom                    24
          P-Value                           0.0000

RMSEA (Root Mean Square Error Of Approximation)

          Estimate                           0.092
          90 Percent C.I.                    0.071  0.114
          Probability RMSEA <= .05           0.001

CFI/TLI

          CFI                                0.931
          TLI                                0.896

Chi-Square Test of Model Fit for the Baseline Model

          Value                            918.852
          Degrees of Freedom                    36
          P-Value                           0.0000

SRMR (Standardized Root Mean Square Residual)

          Value                              0.060



MODEL RESULTS

                                                    Two-Tailed
                    Estimate       S.E.  Est./S.E.    P-Value

 VISUAL   BY
    X1                 1.000      0.000    999.000    999.000
    X2                 0.554      0.107      5.154      0.000
    X3                 0.729      0.124      5.865      0.000

 TEXTUAL  BY
    X4                 1.000      0.000    999.000    999.000
    X5                 1.113      0.079     14.113      0.000
    X6                 0.926      0.060     15.511      0.000

 SPEED    BY
    X7                 1.000      0.000    999.000    999.000
    X8                 1.180      0.195      6.040      0.000
    X9                 1.082      0.196      5.512      0.000

 TEXTUAL  WITH
    VISUAL             0.408      0.080      5.098      0.000

 SPEED    WITH
    VISUAL             0.262      0.066      3.993      0.000
    TEXTUAL            0.173      0.049      3.523      0.000

 Intercepts
    X1                 4.936      0.078     63.388      0.000
    X2                 6.088      0.076     79.909      0.000
    X3                 2.250      0.077     29.065      0.000
    X4                 3.061      0.083     36.941      0.000
    X5                 4.341      0.088     49.476      0.000
    X6                 2.186      0.080     27.156      0.000
    X7                 4.186      0.070     59.701      0.000
    X8                 5.527      0.064     85.728      0.000
    X9                 5.374      0.064     84.516      0.000

 Variances
    VISUAL             0.809      0.134      6.019      0.000
    TEXTUAL            0.979      0.126      7.767      0.000
    SPEED              0.384      0.100      3.837      0.000

 Residual Variances
    X1                 0.549      0.100      5.480      0.000
    X2                 1.134      0.106     10.684      0.000
    X3                 0.844      0.111      7.594      0.000
    X4                 0.371      0.049      7.546      0.000
    X5                 0.446      0.066      6.811      0.000
    X6                 0.356      0.045      7.946      0.000
    X7                 0.799      0.093      8.556      0.000
    X8                 0.488      0.084      5.789      0.000
    X9                 0.566      0.081      6.952      0.000


STANDARDIZED MODEL RESULTS


STDYX Standardization

                                                    Two-Tailed
                    Estimate       S.E.  Est./S.E.    P-Value

 VISUAL   BY
    X1                 0.772      0.048     16.065      0.000
    X2                 0.424      0.068      6.220      0.000
    X3                 0.581      0.067      8.672      0.000

 TEXTUAL  BY
    X4                 0.852      0.022     38.271      0.000
    X5                 0.855      0.028     30.310      0.000
    X6                 0.838      0.029     29.399      0.000

 SPEED    BY
    X7                 0.570      0.061      9.334      0.000
    X8                 0.723      0.060     12.023      0.000
    X9                 0.665      0.064     10.354      0.000

 TEXTUAL  WITH
    VISUAL             0.459      0.067      6.849      0.000

 SPEED    WITH
    VISUAL             0.471      0.083      5.648      0.000
    TEXTUAL            0.283      0.070      4.054      0.000

 Intercepts
    X1                 4.235      0.176     24.091      0.000
    X2                 5.179      0.249     20.782      0.000
    X3                 1.993      0.161     12.381      0.000
    X4                 2.634      0.157     16.736      0.000
    X5                 3.369      0.193     17.453      0.000
    X6                 1.998      0.145     13.746      0.000
    X7                 3.848      0.207     18.586      0.000
    X8                 5.467      0.223     24.523      0.000
    X9                 5.334      0.249     21.460      0.000

 Variances
    VISUAL             1.000      0.000    999.000    999.000
    TEXTUAL            1.000      0.000    999.000    999.000
    SPEED              1.000      0.000    999.000    999.000

 Residual Variances
    X1                 0.404      0.074      5.449      0.000
    X2                 0.821      0.058     14.223      0.000
    X3                 0.662      0.078      8.504      0.000
    X4                 0.275      0.038      7.251      0.000
    X5                 0.269      0.048      5.573      0.000
    X6                 0.298      0.048      6.232      0.000
    X7                 0.676      0.070      9.721      0.000
    X8                 0.477      0.087      5.487      0.000
    X9                 0.558      0.085      6.529      0.000


STDY Standardization

                                                    Two-Tailed
                    Estimate       S.E.  Est./S.E.    P-Value

 VISUAL   BY
    X1                 0.772      0.048     16.065      0.000
    X2                 0.424      0.068      6.220      0.000
    X3                 0.581      0.067      8.672      0.000

 TEXTUAL  BY
    X4                 0.852      0.022     38.271      0.000
    X5                 0.855      0.028     30.310      0.000
    X6                 0.838      0.029     29.399      0.000

 SPEED    BY
    X7                 0.570      0.061      9.334      0.000
    X8                 0.723      0.060     12.023      0.000
    X9                 0.665      0.064     10.354      0.000

 TEXTUAL  WITH
    VISUAL             0.459      0.067      6.849      0.000

 SPEED    WITH
    VISUAL             0.471      0.083      5.648      0.000
    TEXTUAL            0.283      0.070      4.054      0.000

 Intercepts
    X1                 4.235      0.176     24.091      0.000
    X2                 5.179      0.249     20.782      0.000
    X3                 1.993      0.161     12.381      0.000
    X4                 2.634      0.157     16.736      0.000
    X5                 3.369      0.193     17.453      0.000
    X6                 1.998      0.145     13.746      0.000
    X7                 3.848      0.207     18.586      0.000
    X8                 5.467      0.223     24.523      0.000
    X9                 5.334      0.249     21.460      0.000

 Variances
    VISUAL             1.000      0.000    999.000    999.000
    TEXTUAL            1.000      0.000    999.000    999.000
    SPEED              1.000      0.000    999.000    999.000

 Residual Variances
    X1                 0.404      0.074      5.449      0.000
    X2                 0.821      0.058     14.223      0.000
    X3                 0.662      0.078      8.504      0.000
    X4                 0.275      0.038      7.251      0.000
    X5                 0.269      0.048      5.573      0.000
    X6                 0.298      0.048      6.232      0.000
    X7                 0.676      0.070      9.721      0.000
    X8                 0.477      0.087      5.487      0.000
    X9                 0.558      0.085      6.529      0.000


STD Standardization

                                                    Two-Tailed
                    Estimate       S.E.  Est./S.E.    P-Value

 VISUAL   BY
    X1                 0.900      0.075     12.038      0.000
    X2                 0.498      0.089      5.602      0.000
    X3                 0.656      0.100      6.556      0.000

 TEXTUAL  BY
    X4                 0.990      0.064     15.533      0.000
    X5                 1.102      0.091     12.133      0.000
    X6                 0.917      0.069     13.263      0.000

 SPEED    BY
    X7                 0.619      0.081      7.674      0.000
    X8                 0.731      0.074      9.892      0.000
    X9                 0.670      0.081      8.320      0.000

 TEXTUAL  WITH
    VISUAL             0.459      0.067      6.849      0.000

 SPEED    WITH
    VISUAL             0.471      0.083      5.648      0.000
    TEXTUAL            0.283      0.070      4.054      0.000

 Intercepts
    X1                 4.936      0.078     63.388      0.000
    X2                 6.088      0.076     79.909      0.000
    X3                 2.250      0.077     29.065      0.000
    X4                 3.061      0.083     36.941      0.000
    X5                 4.341      0.088     49.476      0.000
    X6                 2.186      0.080     27.156      0.000
    X7                 4.186      0.070     59.701      0.000
    X8                 5.527      0.064     85.728      0.000
    X9                 5.374      0.064     84.516      0.000

 Variances
    VISUAL             1.000      0.000    999.000    999.000
    TEXTUAL            1.000      0.000    999.000    999.000
    SPEED              1.000      0.000    999.000    999.000

 Residual Variances
    X1                 0.549      0.100      5.480      0.000
    X2                 1.134      0.106     10.684      0.000
    X3                 0.844      0.111      7.594      0.000
    X4                 0.371      0.049      7.546      0.000
    X5                 0.446      0.066      6.811      0.000
    X6                 0.356      0.045      7.946      0.000
    X7                 0.799      0.093      8.556      0.000
    X8                 0.488      0.084      5.789      0.000
    X9                 0.566      0.081      6.952      0.000


R-SQUARE

    Observed                                        Two-Tailed
    Variable        Estimate       S.E.  Est./S.E.    P-Value

    X1                 0.596      0.074      8.032      0.000
    X2                 0.179      0.058      3.110      0.002
    X3                 0.338      0.078      4.336      0.000
    X4                 0.725      0.038     19.136      0.000
    X5                 0.731      0.048     15.155      0.000
    X6                 0.702      0.048     14.699      0.000
    X7                 0.324      0.070      4.667      0.000
    X8                 0.523      0.087      6.011      0.000
    X9                 0.442      0.085      5.177      0.000


QUALITY OF NUMERICAL RESULTS

     Condition Number for the Information Matrix              0.291E-02
       (ratio of smallest to largest eigenvalue)


     Beginning Time:  20:47:29
        Ending Time:  20:47:29
       Elapsed Time:  00:00:00



MUTHEN & MUTHEN
3463 Stoner Ave.
Los Angeles, CA  90066

Tel: (310) 391-9971
Fax: (310) 391-8971
Web: www.StatModel.com
Support: Support@StatModel.com

Copyright (c) 1998-2018 Muthen & Muthen
