Mplus VERSION 8 (Linux)
MUTHEN & MUTHEN
10/17/2017   9:40 AM

INPUT INSTRUCTIONS

  title:
  		[This syntax is autogenerated]
  		CFA Mplus syntax
  data:
  		file is HS.raw;
                  listwise=on;
  variable:
  		names are
  		x1  x2  x3  x4  x5  x6
  		x7  x8  x9  ;
  		missing are all (-999999);
  analysis:
  !		model=nomeanstructure;
                  estimator=ML;
  !               information=expected;
                  convergence=0.0000001;
                  bootstrap=1000;
  model:
  		visual  by x1 x2 x3;
  		textual by x4 x5 x6;
  		speed   by x7 x8 x9;
  Output: standardized;



INPUT READING TERMINATED NORMALLY




[This syntax is autogenerated]
CFA Mplus syntax

SUMMARY OF ANALYSIS

Number of groups                                                 1
Number of observations                                         301

Number of dependent variables                                    9
Number of independent variables                                  0
Number of continuous latent variables                            3

Observed dependent variables

  Continuous
   X1          X2          X3          X4          X5          X6
   X7          X8          X9

Continuous latent variables
   VISUAL      TEXTUAL     SPEED


Estimator                                                       ML
Information matrix                                        OBSERVED
Maximum number of iterations                                  1000
Convergence criterion                                    0.100D-06
Maximum number of steepest descent iterations                   20
Number of bootstrap draws
    Requested                                                 1000
    Completed                                                 1000

Input data file(s)
  HS.raw

Input data format  FREE



UNIVARIATE SAMPLE STATISTICS


     UNIVARIATE HIGHER-ORDER MOMENT DESCRIPTIVE STATISTICS

         Variable/         Mean/     Skewness/   Minimum/ % with                Percentiles
        Sample Size      Variance    Kurtosis    Maximum  Min/Max      20%/60%    40%/80%    Median

     X1                    4.936      -0.256       0.667    0.33%       4.000      4.667      5.000
             301.000       1.358       0.330       8.500    0.33%       5.333      5.833
     X2                    6.088       0.472       2.250    0.33%       5.250      5.750      6.000
             301.000       1.382       0.355       9.250    1.66%       6.250      7.000
     X3                    2.250       0.385       0.250    0.33%       1.250      1.750      2.125
             301.000       1.275      -0.894       4.500    1.99%       2.375      3.375
     X4                    3.061       0.269       0.000    0.33%       2.000      2.667      3.000
             301.000       1.351       0.101       6.333    0.33%       3.333      4.000
     X5                    4.341      -0.352       1.000    0.66%       3.000      4.000      4.500
             301.000       1.660      -0.536       7.000    0.33%       4.750      5.500
     X6                    2.186       0.862       0.143    0.66%       1.286      1.857      2.000
             301.000       1.196       0.842       6.143    0.33%       2.286      2.857
     X7                    4.186       0.250       1.304    0.33%       3.304      3.783      4.087
             301.000       1.183      -0.289       7.435    0.33%       4.391      5.130
     X8                    5.527       0.528       3.050    0.33%       4.700      5.250      5.500
             301.000       1.022       1.199      10.000    0.33%       5.700      6.300
     X9                    5.374       0.205       2.778    0.33%       4.500      5.083      5.417
             301.000       1.015       0.312       9.250    0.33%       5.611      6.222


THE MODEL ESTIMATION TERMINATED NORMALLY



MODEL FIT INFORMATION

Number of Free Parameters                       30

Loglikelihood

          H0 Value                       -3737.745
          H1 Value                       -3695.092

Information Criteria

          Akaike (AIC)                    7535.490
          Bayesian (BIC)                  7646.703
          Sample-Size Adjusted BIC        7551.560
            (n* = (n + 2) / 24)

Chi-Square Test of Model Fit

          Value                             85.306
          Degrees of Freedom                    24
          P-Value                           0.0000

RMSEA (Root Mean Square Error Of Approximation)

          Estimate                           0.092
          90 Percent C.I.                    0.071  0.114
          Probability RMSEA <= .05           0.001

CFI/TLI

          CFI                                0.931
          TLI                                0.896

Chi-Square Test of Model Fit for the Baseline Model

          Value                            918.852
          Degrees of Freedom                    36
          P-Value                           0.0000

SRMR (Standardized Root Mean Square Residual)

          Value                              0.060



MODEL RESULTS

                                                    Two-Tailed
                    Estimate       S.E.  Est./S.E.    P-Value

 VISUAL   BY
    X1                 1.000      0.000    999.000    999.000
    X2                 0.554      0.142      3.891      0.000
    X3                 0.729      0.157      4.640      0.000

 TEXTUAL  BY
    X4                 1.000      0.000    999.000    999.000
    X5                 1.113      0.071     15.703      0.000
    X6                 0.926      0.067     13.910      0.000

 SPEED    BY
    X7                 1.000      0.000    999.000    999.000
    X8                 1.180      0.149      7.920      0.000
    X9                 1.082      0.416      2.599      0.009

 TEXTUAL  WITH
    VISUAL             0.408      0.097      4.227      0.000

 SPEED    WITH
    VISUAL             0.262      0.059      4.425      0.000
    TEXTUAL            0.173      0.056      3.080      0.002

 Intercepts
    X1                 4.936      0.067     73.956      0.000
    X2                 6.088      0.065     93.260      0.000
    X3                 2.250      0.065     34.539      0.000
    X4                 3.061      0.068     45.252      0.000
    X5                 4.341      0.077     56.502      0.000
    X6                 2.186      0.066     33.300      0.000
    X7                 4.186      0.064     64.994      0.000
    X8                 5.527      0.057     97.022      0.000
    X9                 5.374      0.057     93.950      0.000

 Variances
    VISUAL             0.809      0.184      4.390      0.000
    TEXTUAL            0.979      0.124      7.896      0.000
    SPEED              0.384      0.110      3.478      0.001

 Residual Variances
    X1                 0.549      0.169      3.252      0.001
    X2                 1.134      0.112     10.132      0.000
    X3                 0.844      0.108      7.826      0.000
    X4                 0.371      0.050      7.479      0.000
    X5                 0.446      0.058      7.682      0.000
    X6                 0.356      0.047      7.549      0.000
    X7                 0.799      0.102      7.833      0.000
    X8                 0.488      0.125      3.891      0.000
    X9                 0.566      0.136      4.163      0.000


STANDARDIZED MODEL RESULTS


STDYX Standardization

                                                    Two-Tailed
                    Estimate       S.E.  Est./S.E.    P-Value

 VISUAL   BY
    X1                 0.772      0.079      9.795      0.000
    X2                 0.424      0.071      5.953      0.000
    X3                 0.581      0.071      8.170      0.000

 TEXTUAL  BY
    X4                 0.852      0.026     32.613      0.000
    X5                 0.855      0.021     39.883      0.000
    X6                 0.838      0.023     35.723      0.000

 SPEED    BY
    X7                 0.570      0.082      6.905      0.000
    X8                 0.723      0.089      8.106      0.000
    X9                 0.665      0.096      6.950      0.000

 TEXTUAL  WITH
    VISUAL             0.459      0.075      6.113      0.000

 SPEED    WITH
    VISUAL             0.471      0.120      3.929      0.000
    TEXTUAL            0.283      0.085      3.322      0.001

 Intercepts
    X1                 4.235      0.204     20.810      0.000
    X2                 5.179      0.221     23.480      0.000
    X3                 1.993      0.068     29.502      0.000
    X4                 2.634      0.118     22.269      0.000
    X5                 3.369      0.146     23.120      0.000
    X6                 1.998      0.084     23.824      0.000
    X7                 3.848      0.141     27.234      0.000
    X8                 5.467      0.270     20.221      0.000
    X9                 5.334      0.235     22.673      0.000

 Variances
    VISUAL             1.000      0.000    999.000    999.000
    TEXTUAL            1.000      0.000    999.000    999.000
    SPEED              1.000      0.000    999.000    999.000

 Residual Variances
    X1                 0.404      0.123      3.275      0.001
    X2                 0.821      0.059     13.902      0.000
    X3                 0.662      0.082      8.084      0.000
    X4                 0.275      0.044      6.223      0.000
    X5                 0.269      0.037      7.337      0.000
    X6                 0.298      0.039      7.599      0.000
    X7                 0.676      0.086      7.886      0.000
    X8                 0.477      0.122      3.910      0.000
    X9                 0.558      0.133      4.184      0.000


STDY Standardization

                                                    Two-Tailed
                    Estimate       S.E.  Est./S.E.    P-Value

 VISUAL   BY
    X1                 0.772      0.079      9.795      0.000
    X2                 0.424      0.071      5.953      0.000
    X3                 0.581      0.071      8.170      0.000

 TEXTUAL  BY
    X4                 0.852      0.026     32.613      0.000
    X5                 0.855      0.021     39.883      0.000
    X6                 0.838      0.023     35.723      0.000

 SPEED    BY
    X7                 0.570      0.082      6.905      0.000
    X8                 0.723      0.089      8.106      0.000
    X9                 0.665      0.096      6.950      0.000

 TEXTUAL  WITH
    VISUAL             0.459      0.075      6.113      0.000

 SPEED    WITH
    VISUAL             0.471      0.120      3.929      0.000
    TEXTUAL            0.283      0.085      3.322      0.001

 Intercepts
    X1                 4.235      0.204     20.810      0.000
    X2                 5.179      0.221     23.480      0.000
    X3                 1.993      0.068     29.502      0.000
    X4                 2.634      0.118     22.269      0.000
    X5                 3.369      0.146     23.120      0.000
    X6                 1.998      0.084     23.824      0.000
    X7                 3.848      0.141     27.234      0.000
    X8                 5.467      0.270     20.221      0.000
    X9                 5.334      0.235     22.673      0.000

 Variances
    VISUAL             1.000      0.000    999.000    999.000
    TEXTUAL            1.000      0.000    999.000    999.000
    SPEED              1.000      0.000    999.000    999.000

 Residual Variances
    X1                 0.404      0.117      3.454      0.001
    X2                 0.821      0.059     13.902      0.000
    X3                 0.662      0.082      8.084      0.000
    X4                 0.275      0.044      6.223      0.000
    X5                 0.269      0.037      7.337      0.000
    X6                 0.298      0.039      7.599      0.000
    X7                 0.676      0.086      7.886      0.000
    X8                 0.477      0.122      3.910      0.000
    X9                 0.558      0.132      4.227      0.000


STD Standardization

                                                    Two-Tailed
                    Estimate       S.E.  Est./S.E.    P-Value

 VISUAL   BY
    X1                 0.900      0.102      8.837      0.000
    X2                 0.498      0.091      5.447      0.000
    X3                 0.656      0.086      7.645      0.000

 TEXTUAL  BY
    X4                 0.990      0.063     15.661      0.000
    X5                 1.102      0.054     20.428      0.000
    X6                 0.917      0.058     15.749      0.000

 SPEED    BY
    X7                 0.619      0.097      6.385      0.000
    X8                 0.731      0.102      7.138      0.000
    X9                 0.670      0.104      6.429      0.000

 TEXTUAL  WITH
    VISUAL             0.459      0.075      6.113      0.000

 SPEED    WITH
    VISUAL             0.471      0.120      3.929      0.000
    TEXTUAL            0.283      0.085      3.322      0.001

 Intercepts
    X1                 4.936      0.067     73.956      0.000
    X2                 6.088      0.065     93.260      0.000
    X3                 2.250      0.065     34.539      0.000
    X4                 3.061      0.068     45.252      0.000
    X5                 4.341      0.077     56.502      0.000
    X6                 2.186      0.066     33.300      0.000
    X7                 4.186      0.064     64.994      0.000
    X8                 5.527      0.057     97.022      0.000
    X9                 5.374      0.057     93.950      0.000

 Variances
    VISUAL             1.000      0.000    999.000    999.000
    TEXTUAL            1.000      0.000    999.000    999.000
    SPEED              1.000      0.000    999.000    999.000

 Residual Variances
    X1                 0.549      0.160      3.423      0.001
    X2                 1.134      0.112     10.132      0.000
    X3                 0.844      0.108      7.826      0.000
    X4                 0.371      0.050      7.479      0.000
    X5                 0.446      0.058      7.682      0.000
    X6                 0.356      0.047      7.549      0.000
    X7                 0.799      0.102      7.833      0.000
    X8                 0.488      0.125      3.891      0.000
    X9                 0.566      0.135      4.203      0.000


R-SQUARE

    Observed                                        Two-Tailed
    Variable        Estimate       S.E.  Est./S.E.    P-Value

    X1                 0.596      0.123      4.828      0.000
    X2                 0.179      0.059      3.040      0.002
    X3                 0.338      0.082      4.122      0.000
    X4                 0.725      0.044     16.423      0.000
    X5                 0.731      0.037     19.952      0.000
    X6                 0.702      0.039     17.922      0.000
    X7                 0.324      0.086      3.786      0.000
    X8                 0.523      0.122      4.283      0.000
    X9                 0.442      0.133      3.318      0.001


     Beginning Time:  09:40:35
        Ending Time:  09:40:36
       Elapsed Time:  00:00:01



MUTHEN & MUTHEN
3463 Stoner Ave.
Los Angeles, CA  90066

Tel: (310) 391-9971
Fax: (310) 391-8971
Web: www.StatModel.com
Support: Support@StatModel.com

Copyright (c) 1998-2017 Muthen & Muthen
