Mplus VERSION 8 (Linux)
MUTHEN & MUTHEN
10/17/2017   9:40 AM

INPUT INSTRUCTIONS

  title:
  		[This syntax is autogenerated]
  		CFA Mplus syntax
  data:
  		file is HS.raw;
                  listwise=on;
  variable:
  		names are
  		x1  x2  x3  x4  x5  x6
  		x7  x8  x9  ;
  		missing are all (-999999);
  analysis:
  !		model=nomeanstructure;
                  estimator=GLS;
  !               information=expected;
                  convergence=0.00000001;
  model:
  		visual  by x1 x2 x3;
  		textual by x4 x5 x6;
  		speed   by x7 x8 x9;
  Output: standardized;



INPUT READING TERMINATED NORMALLY




[This syntax is autogenerated]
CFA Mplus syntax

SUMMARY OF ANALYSIS

Number of groups                                                 1
Number of observations                                         301

Number of dependent variables                                    9
Number of independent variables                                  0
Number of continuous latent variables                            3

Observed dependent variables

  Continuous
   X1          X2          X3          X4          X5          X6
   X7          X8          X9

Continuous latent variables
   VISUAL      TEXTUAL     SPEED


Estimator                                                      GLS
Maximum number of iterations                                  1000
Convergence criterion                                    0.100D-07
Maximum number of steepest descent iterations                   20

Input data file(s)
  HS.raw

Input data format  FREE



UNIVARIATE SAMPLE STATISTICS


     UNIVARIATE HIGHER-ORDER MOMENT DESCRIPTIVE STATISTICS

         Variable/         Mean/     Skewness/   Minimum/ % with                Percentiles
        Sample Size      Variance    Kurtosis    Maximum  Min/Max      20%/60%    40%/80%    Median

     X1                    4.936      -0.256       0.667    0.33%       4.000      4.667      5.000
             301.000       1.358       0.330       8.500    0.33%       5.333      5.833
     X2                    6.088       0.472       2.250    0.33%       5.250      5.750      6.000
             301.000       1.382       0.355       9.250    1.66%       6.250      7.000
     X3                    2.250       0.385       0.250    0.33%       1.250      1.750      2.125
             301.000       1.275      -0.894       4.500    1.99%       2.375      3.375
     X4                    3.061       0.269       0.000    0.33%       2.000      2.667      3.000
             301.000       1.351       0.101       6.333    0.33%       3.333      4.000
     X5                    4.341      -0.352       1.000    0.66%       3.000      4.000      4.500
             301.000       1.660      -0.536       7.000    0.33%       4.750      5.500
     X6                    2.186       0.862       0.143    0.66%       1.286      1.857      2.000
             301.000       1.196       0.842       6.143    0.33%       2.286      2.857
     X7                    4.186       0.250       1.304    0.33%       3.304      3.783      4.087
             301.000       1.183      -0.289       7.435    0.33%       4.391      5.130
     X8                    5.527       0.528       3.050    0.33%       4.700      5.250      5.500
             301.000       1.022       1.199      10.000    0.33%       5.700      6.300
     X9                    5.374       0.205       2.778    0.33%       4.500      5.083      5.417
             301.000       1.015       0.312       9.250    0.33%       5.611      6.222


THE MODEL ESTIMATION TERMINATED NORMALLY



MODEL FIT INFORMATION

Number of Free Parameters                       30

Chi-Square Test of Model Fit

          Value                             77.471
          Degrees of Freedom                    24
          P-Value                           0.0000

RMSEA (Root Mean Square Error Of Approximation)

          Estimate                           0.086
          90 Percent C.I.                    0.065  0.108
          Probability RMSEA <= .05           0.003

CFI/TLI

          CFI                                0.779
          TLI                                0.669

Chi-Square Test of Model Fit for the Baseline Model

          Value                            277.991
          Degrees of Freedom                    36
          P-Value                           0.0000

SRMR (Standardized Root Mean Square Residual)

          Value                              0.080



MODEL RESULTS

                                                    Two-Tailed
                    Estimate       S.E.  Est./S.E.    P-Value

 VISUAL   BY
    X1                 1.000      0.000    999.000    999.000
    X2                 0.481      0.110      4.369      0.000
    X3                 0.702      0.115      6.081      0.000

 TEXTUAL  BY
    X4                 1.000      0.000    999.000    999.000
    X5                 1.110      0.066     16.737      0.000
    X6                 0.933      0.057     16.274      0.000

 SPEED    BY
    X7                 1.000      0.000    999.000    999.000
    X8                 1.112      0.138      8.069      0.000
    X9                 1.115      0.149      7.484      0.000

 TEXTUAL  WITH
    VISUAL             0.402      0.074      5.406      0.000

 SPEED    WITH
    VISUAL             0.302      0.054      5.636      0.000
    TEXTUAL            0.197      0.050      3.928      0.000

 Intercepts
    X1                 4.936      0.067     73.351      0.000
    X2                 6.088      0.068     89.705      0.000
    X3                 2.250      0.065     34.522      0.000
    X4                 3.061      0.067     45.618      0.000
    X5                 4.341      0.074     58.355      0.000
    X6                 2.186      0.063     34.609      0.000
    X7                 4.186      0.063     66.655      0.000
    X8                 5.527      0.058     94.697      0.000
    X9                 5.374      0.058     92.392      0.000

 Variances
    VISUAL             0.612      0.129      4.752      0.000
    TEXTUAL            0.938      0.110      8.517      0.000
    SPEED              0.410      0.087      4.741      0.000

 Residual Variances
    X1                 0.549      0.101      5.418      0.000
    X2                 1.047      0.095     11.028      0.000
    X3                 0.749      0.081      9.292      0.000
    X4                 0.334      0.046      7.335      0.000
    X5                 0.386      0.056      6.850      0.000
    X6                 0.355      0.042      8.394      0.000
    X7                 0.594      0.076      7.863      0.000
    X8                 0.481      0.066      7.338      0.000
    X9                 0.455      0.065      6.992      0.000


STANDARDIZED MODEL RESULTS


STDYX Standardization

                                                    Two-Tailed
                    Estimate       S.E.  Est./S.E.    P-Value

 VISUAL   BY
    X1                 0.726      0.061     11.938      0.000
    X2                 0.345      0.068      5.096      0.000
    X3                 0.536      0.061      8.766      0.000

 TEXTUAL  BY
    X4                 0.859      0.023     37.949      0.000
    X5                 0.866      0.023     38.149      0.000
    X6                 0.835      0.024     35.223      0.000

 SPEED    BY
    X7                 0.639      0.053     11.976      0.000
    X8                 0.716      0.046     15.574      0.000
    X9                 0.727      0.046     15.748      0.000

 TEXTUAL  WITH
    VISUAL             0.530      0.075      7.113      0.000

 SPEED    WITH
    VISUAL             0.602      0.081      7.467      0.000
    TEXTUAL            0.317      0.067      4.711      0.000

 Intercepts
    X1                 4.579      0.216     21.178      0.000
    X2                 5.583      0.254     21.986      0.000
    X3                 2.195      0.119     18.409      0.000
    X4                 2.713      0.130     20.879      0.000
    X5                 3.496      0.162     21.546      0.000
    X6                 2.018      0.102     19.792      0.000
    X7                 4.177      0.202     20.643      0.000
    X8                 5.559      0.241     23.064      0.000
    X9                 5.470      0.241     22.705      0.000

 Variances
    VISUAL             1.000      0.000    999.000    999.000
    TEXTUAL            1.000      0.000    999.000    999.000
    SPEED              1.000      0.000    999.000    999.000

 Residual Variances
    X1                 0.473      0.088      5.356      0.000
    X2                 0.881      0.047     18.825      0.000
    X3                 0.713      0.066     10.870      0.000
    X4                 0.263      0.039      6.763      0.000
    X5                 0.250      0.039      6.361      0.000
    X6                 0.303      0.040      7.657      0.000
    X7                 0.592      0.068      8.674      0.000
    X8                 0.487      0.066      7.394      0.000
    X9                 0.471      0.067      7.022      0.000


STDY Standardization

                                                    Two-Tailed
                    Estimate       S.E.  Est./S.E.    P-Value

 VISUAL   BY
    X1                 0.726      0.061     11.938      0.000
    X2                 0.345      0.068      5.096      0.000
    X3                 0.536      0.061      8.766      0.000

 TEXTUAL  BY
    X4                 0.859      0.023     37.949      0.000
    X5                 0.866      0.023     38.149      0.000
    X6                 0.835      0.024     35.223      0.000

 SPEED    BY
    X7                 0.639      0.053     11.976      0.000
    X8                 0.716      0.046     15.574      0.000
    X9                 0.727      0.046     15.748      0.000

 TEXTUAL  WITH
    VISUAL             0.530      0.075      7.113      0.000

 SPEED    WITH
    VISUAL             0.602      0.081      7.467      0.000
    TEXTUAL            0.317      0.067      4.711      0.000

 Intercepts
    X1                 4.579      0.216     21.178      0.000
    X2                 5.583      0.254     21.986      0.000
    X3                 2.195      0.119     18.409      0.000
    X4                 2.713      0.130     20.879      0.000
    X5                 3.496      0.162     21.546      0.000
    X6                 2.018      0.102     19.792      0.000
    X7                 4.177      0.202     20.643      0.000
    X8                 5.559      0.241     23.064      0.000
    X9                 5.470      0.241     22.705      0.000

 Variances
    VISUAL             1.000      0.000    999.000    999.000
    TEXTUAL            1.000      0.000    999.000    999.000
    SPEED              1.000      0.000    999.000    999.000

 Residual Variances
    X1                 0.473      0.088      5.356      0.000
    X2                 0.881      0.047     18.825      0.000
    X3                 0.713      0.066     10.870      0.000
    X4                 0.263      0.039      6.763      0.000
    X5                 0.250      0.039      6.361      0.000
    X6                 0.303      0.040      7.657      0.000
    X7                 0.592      0.068      8.674      0.000
    X8                 0.487      0.066      7.394      0.000
    X9                 0.471      0.067      7.022      0.000


STD Standardization

                                                    Two-Tailed
                    Estimate       S.E.  Est./S.E.    P-Value

 VISUAL   BY
    X1                 0.782      0.082      9.504      0.000
    X2                 0.376      0.080      4.722      0.000
    X3                 0.550      0.075      7.366      0.000

 TEXTUAL  BY
    X4                 0.969      0.057     17.035      0.000
    X5                 1.075      0.063     17.021      0.000
    X6                 0.904      0.054     16.709      0.000

 SPEED    BY
    X7                 0.640      0.068      9.482      0.000
    X8                 0.712      0.062     11.544      0.000
    X9                 0.714      0.062     11.593      0.000

 TEXTUAL  WITH
    VISUAL             0.530      0.075      7.113      0.000

 SPEED    WITH
    VISUAL             0.602      0.081      7.467      0.000
    TEXTUAL            0.317      0.067      4.711      0.000

 Intercepts
    X1                 4.936      0.067     73.351      0.000
    X2                 6.088      0.068     89.705      0.000
    X3                 2.250      0.065     34.522      0.000
    X4                 3.061      0.067     45.618      0.000
    X5                 4.341      0.074     58.355      0.000
    X6                 2.186      0.063     34.609      0.000
    X7                 4.186      0.063     66.655      0.000
    X8                 5.527      0.058     94.697      0.000
    X9                 5.374      0.058     92.392      0.000

 Variances
    VISUAL             1.000      0.000    999.000    999.000
    TEXTUAL            1.000      0.000    999.000    999.000
    SPEED              1.000      0.000    999.000    999.000

 Residual Variances
    X1                 0.549      0.101      5.418      0.000
    X2                 1.047      0.095     11.028      0.000
    X3                 0.749      0.081      9.292      0.000
    X4                 0.334      0.046      7.335      0.000
    X5                 0.386      0.056      6.850      0.000
    X6                 0.355      0.042      8.394      0.000
    X7                 0.594      0.076      7.863      0.000
    X8                 0.481      0.066      7.338      0.000
    X9                 0.455      0.065      6.992      0.000


R-SQUARE

    Observed                                        Two-Tailed
    Variable        Estimate       S.E.  Est./S.E.    P-Value

    X1                 0.527      0.088      5.969      0.000
    X2                 0.119      0.047      2.548      0.011
    X3                 0.287      0.066      4.383      0.000
    X4                 0.737      0.039     18.975      0.000
    X5                 0.750      0.039     19.074      0.000
    X6                 0.697      0.040     17.611      0.000
    X7                 0.408      0.068      5.988      0.000
    X8                 0.513      0.066      7.787      0.000
    X9                 0.529      0.067      7.874      0.000


     Beginning Time:  09:40:35
        Ending Time:  09:40:35
       Elapsed Time:  00:00:00



MUTHEN & MUTHEN
3463 Stoner Ave.
Los Angeles, CA  90066

Tel: (310) 391-9971
Fax: (310) 391-8971
Web: www.StatModel.com
Support: Support@StatModel.com

Copyright (c) 1998-2017 Muthen & Muthen
