Mplus VERSION 8 (Linux)
MUTHEN & MUTHEN
10/17/2017   9:40 AM

INPUT INSTRUCTIONS

  title:
  		[This syntax is autogenerated]
  		CFA Mplus syntax
  data:
  		file is HS.raw;
                  listwise=on;
  variable:
  		names are
  		x1  x2  x3  x4  x5  x6
  		x7  x8  x9  ;
  		missing are all (-999999);
  analysis:
  !		model=nomeanstructure;
                  estimator=MLMV;
          satterthwaite=on;
  !               information=expected;
                  convergence=0.00000001;
  model:
  		visual  by x1 x2 x3;
  		textual by x4 x5 x6;
  		speed   by x7 x8 x9;
  Output: standardized;



INPUT READING TERMINATED NORMALLY




[This syntax is autogenerated]
CFA Mplus syntax

SUMMARY OF ANALYSIS

Number of groups                                                 1
Number of observations                                         301

Number of dependent variables                                    9
Number of independent variables                                  0
Number of continuous latent variables                            3

Observed dependent variables

  Continuous
   X1          X2          X3          X4          X5          X6
   X7          X8          X9

Continuous latent variables
   VISUAL      TEXTUAL     SPEED


Estimator                                                     MLMV
Information matrix                                        EXPECTED
Maximum number of iterations                                  1000
Convergence criterion                                    0.100D-07
Maximum number of steepest descent iterations                   20

Input data file(s)
  HS.raw

Input data format  FREE



UNIVARIATE SAMPLE STATISTICS


     UNIVARIATE HIGHER-ORDER MOMENT DESCRIPTIVE STATISTICS

         Variable/         Mean/     Skewness/   Minimum/ % with                Percentiles
        Sample Size      Variance    Kurtosis    Maximum  Min/Max      20%/60%    40%/80%    Median

     X1                    4.936      -0.256       0.667    0.33%       4.000      4.667      5.000
             301.000       1.358       0.330       8.500    0.33%       5.333      5.833
     X2                    6.088       0.472       2.250    0.33%       5.250      5.750      6.000
             301.000       1.382       0.355       9.250    1.66%       6.250      7.000
     X3                    2.250       0.385       0.250    0.33%       1.250      1.750      2.125
             301.000       1.275      -0.894       4.500    1.99%       2.375      3.375
     X4                    3.061       0.269       0.000    0.33%       2.000      2.667      3.000
             301.000       1.351       0.101       6.333    0.33%       3.333      4.000
     X5                    4.341      -0.352       1.000    0.66%       3.000      4.000      4.500
             301.000       1.660      -0.536       7.000    0.33%       4.750      5.500
     X6                    2.186       0.862       0.143    0.66%       1.286      1.857      2.000
             301.000       1.196       0.842       6.143    0.33%       2.286      2.857
     X7                    4.186       0.250       1.304    0.33%       3.304      3.783      4.087
             301.000       1.183      -0.289       7.435    0.33%       4.391      5.130
     X8                    5.527       0.528       3.050    0.33%       4.700      5.250      5.500
             301.000       1.022       1.199      10.000    0.33%       5.700      6.300
     X9                    5.374       0.205       2.778    0.33%       4.500      5.083      5.417
             301.000       1.015       0.312       9.250    0.33%       5.611      6.222


THE MODEL ESTIMATION TERMINATED NORMALLY



MODEL FIT INFORMATION

Number of Free Parameters                       30

Loglikelihood

          H0 Value                       -3737.745
          H1 Value                       -3695.092

Information Criteria

          Akaike (AIC)                    7535.490
          Bayesian (BIC)                  7646.703
          Sample-Size Adjusted BIC        7551.560
            (n* = (n + 2) / 24)

Chi-Square Test of Model Fit

          Value                             71.670*
          Degrees of Freedom                    21**
          P-Value                           0.0000

*   The chi-square value for MLM, MLMV, MLR, ULSMV, WLSM and WLSMV cannot be used
    for chi-square difference testing in the regular way.  MLM, MLR and WLSM
    chi-square difference testing is described on the Mplus website.  MLMV, WLSMV,
    and ULSMV difference testing is done using the DIFFTEST option.

**  The degrees of freedom for MLMV, ULSMV and WLSMV are estimated according to
    a formula given in the Mplus Technical Appendices at www.statmodel.com.
    See degrees of freedom in the index of the Mplus User's Guide.

RMSEA (Root Mean Square Error Of Approximation)

          Estimate                           0.090
          90 Percent C.I.                    0.067  0.113
          Probability RMSEA <= .05           0.002

CFI/TLI

          CFI                                0.929
          TLI                                0.898

Chi-Square Test of Model Fit for the Baseline Model

          Value                            740.760
          Degrees of Freedom                    30
          P-Value                           0.0000

SRMR (Standardized Root Mean Square Residual)

          Value                              0.060

WRMR (Weighted Root Mean Square Residual)

          Value                              1.422



MODEL RESULTS

                                                    Two-Tailed
                    Estimate       S.E.  Est./S.E.    P-Value

 VISUAL   BY
    X1                 1.000      0.000    999.000    999.000
    X2                 0.554      0.099      5.583      0.000
    X3                 0.729      0.114      6.389      0.000

 TEXTUAL  BY
    X4                 1.000      0.000    999.000    999.000
    X5                 1.113      0.065     17.147      0.000
    X6                 0.926      0.058     16.070      0.000

 SPEED    BY
    X7                 1.000      0.000    999.000    999.000
    X8                 1.180      0.148      7.978      0.000
    X9                 1.082      0.128      8.417      0.000

 TEXTUAL  WITH
    VISUAL             0.408      0.080      5.081      0.000

 SPEED    WITH
    VISUAL             0.262      0.054      4.824      0.000
    TEXTUAL            0.173      0.055      3.145      0.002

 Intercepts
    X1                 4.936      0.067     73.473      0.000
    X2                 6.088      0.068     89.855      0.000
    X3                 2.250      0.065     34.579      0.000
    X4                 3.061      0.067     45.694      0.000
    X5                 4.341      0.074     58.452      0.000
    X6                 2.186      0.063     34.667      0.000
    X7                 4.186      0.063     66.766      0.000
    X8                 5.527      0.058     94.854      0.000
    X9                 5.374      0.058     92.546      0.000

 Variances
    VISUAL             0.809      0.162      5.001      0.000
    TEXTUAL            0.979      0.119      8.249      0.000
    SPEED              0.384      0.080      4.772      0.000

 Residual Variances
    X1                 0.549      0.140      3.913      0.000
    X2                 1.134      0.101     11.258      0.000
    X3                 0.844      0.081     10.381      0.000
    X4                 0.371      0.048      7.804      0.000
    X5                 0.446      0.053      8.481      0.000
    X6                 0.356      0.045      7.952      0.000
    X7                 0.799      0.071     11.206      0.000
    X8                 0.488      0.070      6.952      0.000
    X9                 0.566      0.063      8.989      0.000


STANDARDIZED MODEL RESULTS


STDYX Standardization

                                                    Two-Tailed
                    Estimate       S.E.  Est./S.E.    P-Value

 VISUAL   BY
    X1                 0.772      0.066     11.720      0.000
    X2                 0.424      0.054      7.916      0.000
    X3                 0.581      0.052     11.185      0.000

 TEXTUAL  BY
    X4                 0.852      0.024     35.958      0.000
    X5                 0.855      0.020     42.734      0.000
    X6                 0.838      0.022     37.889      0.000

 SPEED    BY
    X7                 0.570      0.049     11.677      0.000
    X8                 0.723      0.044     16.615      0.000
    X9                 0.665      0.041     16.308      0.000

 TEXTUAL  WITH
    VISUAL             0.459      0.068      6.777      0.000

 SPEED    WITH
    VISUAL             0.471      0.069      6.800      0.000
    TEXTUAL            0.283      0.075      3.781      0.000

 Intercepts
    X1                 4.235      0.199     21.329      0.000
    X2                 5.179      0.204     25.397      0.000
    X3                 1.993      0.068     29.351      0.000
    X4                 2.634      0.116     22.746      0.000
    X5                 3.369      0.144     23.419      0.000
    X6                 1.998      0.082     24.297      0.000
    X7                 3.848      0.145     26.504      0.000
    X8                 5.467      0.270     20.219      0.000
    X9                 5.334      0.230     23.144      0.000

 Variances
    VISUAL             1.000      0.000    999.000    999.000
    TEXTUAL            1.000      0.000    999.000    999.000
    SPEED              1.000      0.000    999.000    999.000

 Residual Variances
    X1                 0.404      0.102      3.976      0.000
    X2                 0.821      0.045     18.100      0.000
    X3                 0.662      0.060     10.967      0.000
    X4                 0.275      0.040      6.813      0.000
    X5                 0.269      0.034      7.857      0.000
    X6                 0.298      0.037      8.032      0.000
    X7                 0.676      0.056     12.162      0.000
    X8                 0.477      0.063      7.583      0.000
    X9                 0.558      0.054     10.284      0.000


STDY Standardization

                                                    Two-Tailed
                    Estimate       S.E.  Est./S.E.    P-Value

 VISUAL   BY
    X1                 0.772      0.066     11.720      0.000
    X2                 0.424      0.054      7.916      0.000
    X3                 0.581      0.052     11.185      0.000

 TEXTUAL  BY
    X4                 0.852      0.024     35.958      0.000
    X5                 0.855      0.020     42.734      0.000
    X6                 0.838      0.022     37.889      0.000

 SPEED    BY
    X7                 0.570      0.049     11.677      0.000
    X8                 0.723      0.044     16.615      0.000
    X9                 0.665      0.041     16.308      0.000

 TEXTUAL  WITH
    VISUAL             0.459      0.068      6.777      0.000

 SPEED    WITH
    VISUAL             0.471      0.069      6.800      0.000
    TEXTUAL            0.283      0.075      3.781      0.000

 Intercepts
    X1                 4.235      0.199     21.329      0.000
    X2                 5.179      0.204     25.397      0.000
    X3                 1.993      0.068     29.351      0.000
    X4                 2.634      0.116     22.746      0.000
    X5                 3.369      0.144     23.419      0.000
    X6                 1.998      0.082     24.297      0.000
    X7                 3.848      0.145     26.504      0.000
    X8                 5.467      0.270     20.219      0.000
    X9                 5.334      0.230     23.144      0.000

 Variances
    VISUAL             1.000      0.000    999.000    999.000
    TEXTUAL            1.000      0.000    999.000    999.000
    SPEED              1.000      0.000    999.000    999.000

 Residual Variances
    X1                 0.404      0.102      3.976      0.000
    X2                 0.821      0.045     18.100      0.000
    X3                 0.662      0.060     10.967      0.000
    X4                 0.275      0.040      6.813      0.000
    X5                 0.269      0.034      7.857      0.000
    X6                 0.298      0.037      8.032      0.000
    X7                 0.676      0.056     12.162      0.000
    X8                 0.477      0.063      7.583      0.000
    X9                 0.558      0.054     10.284      0.000


STD Standardization

                                                    Two-Tailed
                    Estimate       S.E.  Est./S.E.    P-Value

 VISUAL   BY
    X1                 0.900      0.090     10.002      0.000
    X2                 0.498      0.070      7.150      0.000
    X3                 0.656      0.066      9.928      0.000

 TEXTUAL  BY
    X4                 0.990      0.060     16.497      0.000
    X5                 1.102      0.054     20.391      0.000
    X6                 0.917      0.057     16.045      0.000

 SPEED    BY
    X7                 0.619      0.065      9.545      0.000
    X8                 0.731      0.065     11.238      0.000
    X9                 0.670      0.057     11.847      0.000

 TEXTUAL  WITH
    VISUAL             0.459      0.068      6.777      0.000

 SPEED    WITH
    VISUAL             0.471      0.069      6.800      0.000
    TEXTUAL            0.283      0.075      3.781      0.000

 Intercepts
    X1                 4.936      0.067     73.473      0.000
    X2                 6.088      0.068     89.855      0.000
    X3                 2.250      0.065     34.579      0.000
    X4                 3.061      0.067     45.694      0.000
    X5                 4.341      0.074     58.452      0.000
    X6                 2.186      0.063     34.667      0.000
    X7                 4.186      0.063     66.766      0.000
    X8                 5.527      0.058     94.854      0.000
    X9                 5.374      0.058     92.546      0.000

 Variances
    VISUAL             1.000      0.000    999.000    999.000
    TEXTUAL            1.000      0.000    999.000    999.000
    SPEED              1.000      0.000    999.000    999.000

 Residual Variances
    X1                 0.549      0.140      3.913      0.000
    X2                 1.134      0.101     11.258      0.000
    X3                 0.844      0.081     10.381      0.000
    X4                 0.371      0.048      7.804      0.000
    X5                 0.446      0.053      8.481      0.000
    X6                 0.356      0.045      7.952      0.000
    X7                 0.799      0.071     11.206      0.000
    X8                 0.488      0.070      6.952      0.000
    X9                 0.566      0.063      8.989      0.000


R-SQUARE

    Observed                                        Two-Tailed
    Variable        Estimate       S.E.  Est./S.E.    P-Value

    X1                 0.596      0.102      5.860      0.000
    X2                 0.179      0.045      3.958      0.000
    X3                 0.338      0.060      5.592      0.000
    X4                 0.725      0.040     17.979      0.000
    X5                 0.731      0.034     21.367      0.000
    X6                 0.702      0.037     18.944      0.000
    X7                 0.324      0.056      5.838      0.000
    X8                 0.523      0.063      8.307      0.000
    X9                 0.442      0.054      8.154      0.000


QUALITY OF NUMERICAL RESULTS

     Condition Number for the Information Matrix              0.512E-02
       (ratio of smallest to largest eigenvalue)


     Beginning Time:  09:40:37
        Ending Time:  09:40:37
       Elapsed Time:  00:00:00



MUTHEN & MUTHEN
3463 Stoner Ave.
Los Angeles, CA  90066

Tel: (310) 391-9971
Fax: (310) 391-8971
Web: www.StatModel.com
Support: Support@StatModel.com

Copyright (c) 1998-2017 Muthen & Muthen
