# lavaan TESTsuite -- lavaan version  0.6-17 
# date:  Sat Jan 20 20:48:47 2024 
# file:  HS.mean.WLS.out 

        lhs op     rhs group        type   lav   mpl delta
1    visual =~      x1     1         est 1.000 1.000     0
2    visual =~      x2     1         est 0.515 0.515     0
3    visual =~      x3     1         est 0.823 0.823     0
4   textual =~      x4     1         est 1.000 1.000     0
5   textual =~      x5     1         est 1.063 1.063     0
6   textual =~      x6     1         est 0.914 0.914     0
7     speed =~      x7     1         est 1.000 1.000     0
8     speed =~      x8     1         est 1.109 1.109     0
9     speed =~      x9     1         est 1.132 1.132     0
10       x1 ~~      x1     1         est 0.572 0.572     0
11       x2 ~~      x2     1         est 1.047 1.047     0
12       x3 ~~      x3     1         est 0.789 0.789     0
13       x4 ~~      x4     1         est 0.308 0.308     0
14       x5 ~~      x5     1         est 0.378 0.378     0
15       x6 ~~      x6     1         est 0.304 0.304     0
16       x7 ~~      x7     1         est 0.633 0.633     0
17       x8 ~~      x8     1         est 0.436 0.436     0
18       x9 ~~      x9     1         est 0.413 0.413     0
19   visual ~~  visual     1         est 0.619 0.619     0
20  textual ~~ textual     1         est 1.010 1.010     0
21    speed ~~   speed     1         est 0.438 0.438     0
22   visual ~~ textual     1         est 0.383 0.383     0
23   visual ~~   speed     1         est 0.318 0.318     0
24  textual ~~   speed     1         est 0.194 0.194     0
25       x1 ~1             1         est 4.914 4.914     0
26       x2 ~1             1         est 5.961 5.961     0
27       x3 ~1             1         est 2.244 2.244     0
28       x4 ~1             1         est 3.052 3.052     0
29       x5 ~1             1         est 4.387 4.387     0
30       x6 ~1             1         est 2.185 2.185     0
31       x7 ~1             1         est 4.107 4.107     0
32       x8 ~1             1         est 5.451 5.451     0
33       x9 ~1             1         est 5.351 5.351     0
34   visual =~      x1     1          se 0.000 0.000     0
35   visual =~      x2     1          se 0.097 0.097     0
36   visual =~      x3     1          se 0.117 0.117     0
37  textual =~      x4     1          se 0.000 0.000     0
38  textual =~      x5     1          se 0.058 0.058     0
39  textual =~      x6     1          se 0.051 0.051     0
40    speed =~      x7     1          se 0.000 0.000     0
41    speed =~      x8     1          se 0.114 0.114     0
42    speed =~      x9     1          se 0.112 0.112     0
43       x1 ~~      x1     1          se 0.105 0.105     0
44       x2 ~~      x2     1          se 0.094 0.094     0
45       x3 ~~      x3     1          se 0.074 0.074     0
46       x4 ~~      x4     1          se 0.047 0.047     0
47       x5 ~~      x5     1          se 0.047 0.047     0
48       x6 ~~      x6     1          se 0.042 0.042     0
49       x7 ~~      x7     1          se 0.068 0.068     0
50       x8 ~~      x8     1          se 0.061 0.061     0
51       x9 ~~      x9     1          se 0.059 0.059     0
52   visual ~~  visual     1          se 0.126 0.126     0
53  textual ~~ textual     1          se 0.113 0.113     0
54    speed ~~   speed     1          se 0.078 0.078     0
55   visual ~~ textual     1          se 0.074 0.074     0
56   visual ~~   speed     1          se 0.054 0.054     0
57  textual ~~   speed     1          se 0.053 0.053     0
58       x1 ~1             1          se 0.063 0.063     0
59       x2 ~1             1          se 0.062 0.062     0
60       x3 ~1             1          se 0.061 0.061     0
61       x4 ~1             1          se 0.063 0.063     0
62       x5 ~1             1          se 0.070 0.070     0
63       x6 ~1             1          se 0.060 0.060     0
64       x7 ~1             1          se 0.059 0.059     0
65       x8 ~1             1          se 0.054 0.054     0
66       x9 ~1             1          se 0.054 0.054     0
67   visual =~      x1     1     est.std 0.787 0.787     0
68   visual =~      x2     1     est.std 0.405 0.405     0
69   visual =~      x3     1     est.std 0.648 0.648     0
70  textual =~      x4     1     est.std 1.005 1.005     0
71  textual =~      x5     1     est.std 1.068 1.068     0
72  textual =~      x6     1     est.std 0.919 0.919     0
73    speed =~      x7     1     est.std 0.661 0.661     0
74    speed =~      x8     1     est.std 0.734 0.734     0
75    speed =~      x9     1     est.std 0.748 0.748     0
76       x1 ~~      x1     1     est.std 0.572 0.572     0
77       x2 ~~      x2     1     est.std 1.047 1.047     0
78       x3 ~~      x3     1     est.std 0.789 0.789     0
79       x4 ~~      x4     1     est.std 0.308 0.308     0
80       x5 ~~      x5     1     est.std 0.378 0.378     0
81       x6 ~~      x6     1     est.std 0.304 0.304     0
82       x7 ~~      x7     1     est.std 0.633 0.633     0
83       x8 ~~      x8     1     est.std 0.436 0.436     0
84       x9 ~~      x9     1     est.std 0.413 0.413     0
85   visual ~~  visual     1     est.std 1.000 1.000     0
86  textual ~~ textual     1     est.std 1.000 1.000     0
87    speed ~~   speed     1     est.std 1.000 1.000     0
88   visual ~~ textual     1     est.std 0.484 0.484     0
89   visual ~~   speed     1     est.std 0.611 0.611     0
90  textual ~~   speed     1     est.std 0.292 0.292     0
91       x1 ~1             1     est.std 4.914 4.914     0
92       x2 ~1             1     est.std 5.961 5.961     0
93       x3 ~1             1     est.std 2.244 2.244     0
94       x4 ~1             1     est.std 3.052 3.052     0
95       x5 ~1             1     est.std 4.387 4.387     0
96       x6 ~1             1     est.std 2.185 2.185     0
97       x7 ~1             1     est.std 4.107 4.107     0
98       x8 ~1             1     est.std 5.451 5.451     0
99       x9 ~1             1     est.std 5.351 5.351     0
100  visual =~      x1     1 est.std.all 0.721 0.721     0
101  visual =~      x2     1 est.std.all 0.368 0.368     0
102  visual =~      x3     1 est.std.all 0.589 0.589     0
103 textual =~      x4     1 est.std.all 0.876 0.876     0
104 textual =~      x5     1 est.std.all 0.867 0.867     0
105 textual =~      x6     1 est.std.all 0.858 0.858     0
106   speed =~      x7     1 est.std.all 0.639 0.639     0
107   speed =~      x8     1 est.std.all 0.743 0.743     0
108   speed =~      x9     1 est.std.all 0.759 0.759     0
109      x1 ~~      x1     1 est.std.all 0.480 0.480     0
110      x2 ~~      x2     1 est.std.all 0.864 0.864     0
111      x3 ~~      x3     1 est.std.all 0.653 0.653     0
112      x4 ~~      x4     1 est.std.all 0.233 0.233     0
113      x5 ~~      x5     1 est.std.all 0.249 0.249     0
114      x6 ~~      x6     1 est.std.all 0.265 0.265     0
115      x7 ~~      x7     1 est.std.all 0.591 0.591     0
116      x8 ~~      x8     1 est.std.all 0.447 0.447     0
117      x9 ~~      x9     1 est.std.all 0.424 0.424     0
118  visual ~~  visual     1 est.std.all 1.000 1.000     0
119 textual ~~ textual     1 est.std.all 1.000 1.000     0
120   speed ~~   speed     1 est.std.all 1.000 1.000     0
121  visual ~~ textual     1 est.std.all 0.484 0.484     0
122  visual ~~   speed     1 est.std.all 0.611 0.611     0
123 textual ~~   speed     1 est.std.all 0.292 0.292     0
124      x1 ~1             1 est.std.all 4.501 4.501     0
125      x2 ~1             1 est.std.all 5.417 5.417     0
126      x3 ~1             1 est.std.all 2.042 2.042     0
127      x4 ~1             1 est.std.all 2.660 2.660     0
128      x5 ~1             1 est.std.all 3.560 3.560     0
129      x6 ~1             1 est.std.all 2.039 2.039     0
130      x7 ~1             1 est.std.all 3.969 3.969     0
131      x8 ~1             1 est.std.all 5.521 5.521     0
132      x9 ~1             1 est.std.all 5.424 5.424     0
133  visual =~      x1     1 est.std.nox 0.721 0.721     0
134  visual =~      x2     1 est.std.nox 0.368 0.368     0
135  visual =~      x3     1 est.std.nox 0.589 0.589     0
136 textual =~      x4     1 est.std.nox 0.876 0.876     0
137 textual =~      x5     1 est.std.nox 0.867 0.867     0
138 textual =~      x6     1 est.std.nox 0.858 0.858     0
139   speed =~      x7     1 est.std.nox 0.639 0.639     0
140   speed =~      x8     1 est.std.nox 0.743 0.743     0
141   speed =~      x9     1 est.std.nox 0.759 0.759     0
142      x1 ~~      x1     1 est.std.nox 0.480 0.480     0
143      x2 ~~      x2     1 est.std.nox 0.864 0.864     0
144      x3 ~~      x3     1 est.std.nox 0.653 0.653     0
145      x4 ~~      x4     1 est.std.nox 0.233 0.233     0
146      x5 ~~      x5     1 est.std.nox 0.249 0.249     0
147      x6 ~~      x6     1 est.std.nox 0.265 0.265     0
148      x7 ~~      x7     1 est.std.nox 0.591 0.591     0
149      x8 ~~      x8     1 est.std.nox 0.447 0.447     0
150      x9 ~~      x9     1 est.std.nox 0.424 0.424     0
151  visual ~~  visual     1 est.std.nox 1.000 1.000     0
152 textual ~~ textual     1 est.std.nox 1.000 1.000     0
153   speed ~~   speed     1 est.std.nox 1.000 1.000     0
154  visual ~~ textual     1 est.std.nox 0.484 0.484     0
155  visual ~~   speed     1 est.std.nox 0.611 0.611     0
156 textual ~~   speed     1 est.std.nox 0.292 0.292     0
157      x1 ~1             1 est.std.nox 4.501 4.501     0
158      x2 ~1             1 est.std.nox 5.417 5.417     0
159      x3 ~1             1 est.std.nox 2.042 2.042     0
160      x4 ~1             1 est.std.nox 2.660 2.660     0
161      x5 ~1             1 est.std.nox 3.560 3.560     0
162      x6 ~1             1 est.std.nox 2.039 2.039     0
163      x7 ~1             1 est.std.nox 3.969 3.969     0
164      x8 ~1             1 est.std.nox 5.521 5.521     0
165      x9 ~1             1 est.std.nox 5.424 5.424     0

                     fit     lav     mpl delta
1                   npar  30.000  30.000 0.000
2                   fmin   0.139      NA    NA
3                  chisq  83.472  83.472 0.000
4                     df  24.000  24.000 0.000
5                 pvalue   0.000   0.000 0.000
6         baseline.chisq 390.936 390.936 0.000
7            baseline.df  36.000  36.000 0.000
8        baseline.pvalue   0.000   0.000 0.000
9                    cfi   0.832   0.832 0.000
10                   tli   0.749   0.749 0.000
11                  nnfi   0.749      NA    NA
12                   rfi   0.680      NA    NA
13                   nfi   0.786      NA    NA
14                  pnfi   0.524      NA    NA
15                   ifi   0.838      NA    NA
16                   rni   0.832      NA    NA
17                 rmsea   0.091   0.091 0.000
18        rmsea.ci.lower   0.070   0.070 0.000
19        rmsea.ci.upper   0.113   0.112 0.001
20        rmsea.ci.level   0.900      NA    NA
21          rmsea.pvalue   0.001   0.001 0.000
22        rmsea.close.h0   0.050      NA    NA
23 rmsea.notclose.pvalue   0.815      NA    NA
24     rmsea.notclose.h0   0.080      NA    NA
25                   rmr   0.099      NA    NA
26            rmr_nomean   0.105      NA    NA
27          srmr_bentler   0.077      NA    NA
28   srmr_bentler_nomean   0.081      NA    NA
29                  crmr   0.081      NA    NA
30           crmr_nomean   0.087      NA    NA
31            srmr_mplus   0.100      NA    NA
32     srmr_mplus_nomean   0.086      NA    NA
33                 cn_05 131.876      NA    NA
34                 cn_01 155.470      NA    NA
35                   gfi   0.997      NA    NA
36                  agfi   0.993      NA    NA
37                  pgfi   0.443      NA    NA
38                   mfi   0.906      NA    NA
39                  ecvi   0.478      NA    NA
