# lavaan TESTsuite -- lavaan version  0.6-17 
# date:  Sat Jan 20 20:48:39 2024 
# file:  HS.mean.GLS.out 

        lhs op     rhs group        type   lav   mpl delta
1    visual =~      x1     1         est 1.000 1.000     0
2    visual =~      x2     1         est 0.481 0.481     0
3    visual =~      x3     1         est 0.702 0.702     0
4   textual =~      x4     1         est 1.000 1.000     0
5   textual =~      x5     1         est 1.110 1.110     0
6   textual =~      x6     1         est 0.933 0.933     0
7     speed =~      x7     1         est 1.000 1.000     0
8     speed =~      x8     1         est 1.112 1.112     0
9     speed =~      x9     1         est 1.115 1.115     0
10       x1 ~~      x1     1         est 0.549 0.549     0
11       x2 ~~      x2     1         est 1.047 1.047     0
12       x3 ~~      x3     1         est 0.749 0.749     0
13       x4 ~~      x4     1         est 0.334 0.334     0
14       x5 ~~      x5     1         est 0.386 0.386     0
15       x6 ~~      x6     1         est 0.355 0.355     0
16       x7 ~~      x7     1         est 0.594 0.594     0
17       x8 ~~      x8     1         est 0.481 0.481     0
18       x9 ~~      x9     1         est 0.455 0.455     0
19   visual ~~  visual     1         est 0.612 0.612     0
20  textual ~~ textual     1         est 0.938 0.938     0
21    speed ~~   speed     1         est 0.410 0.410     0
22   visual ~~ textual     1         est 0.402 0.402     0
23   visual ~~   speed     1         est 0.302 0.302     0
24  textual ~~   speed     1         est 0.197 0.197     0
25       x1 ~1             1         est 4.936 4.936     0
26       x2 ~1             1         est 6.088 6.088     0
27       x3 ~1             1         est 2.250 2.250     0
28       x4 ~1             1         est 3.061 3.061     0
29       x5 ~1             1         est 4.341 4.341     0
30       x6 ~1             1         est 2.186 2.186     0
31       x7 ~1             1         est 4.186 4.186     0
32       x8 ~1             1         est 5.527 5.527     0
33       x9 ~1             1         est 5.374 5.374     0
34   visual =~      x1     1          se 0.000 0.000     0
35   visual =~      x2     1          se 0.110 0.110     0
36   visual =~      x3     1          se 0.115 0.115     0
37  textual =~      x4     1          se 0.000 0.000     0
38  textual =~      x5     1          se 0.066 0.066     0
39  textual =~      x6     1          se 0.057 0.057     0
40    speed =~      x7     1          se 0.000 0.000     0
41    speed =~      x8     1          se 0.138 0.138     0
42    speed =~      x9     1          se 0.149 0.149     0
43       x1 ~~      x1     1          se 0.101 0.101     0
44       x2 ~~      x2     1          se 0.095 0.095     0
45       x3 ~~      x3     1          se 0.081 0.081     0
46       x4 ~~      x4     1          se 0.046 0.046     0
47       x5 ~~      x5     1          se 0.056 0.056     0
48       x6 ~~      x6     1          se 0.042 0.042     0
49       x7 ~~      x7     1          se 0.076 0.076     0
50       x8 ~~      x8     1          se 0.066 0.066     0
51       x9 ~~      x9     1          se 0.065 0.065     0
52   visual ~~  visual     1          se 0.129 0.129     0
53  textual ~~ textual     1          se 0.110 0.110     0
54    speed ~~   speed     1          se 0.087 0.087     0
55   visual ~~ textual     1          se 0.074 0.074     0
56   visual ~~   speed     1          se 0.054 0.054     0
57  textual ~~   speed     1          se 0.050 0.050     0
58       x1 ~1             1          se 0.067 0.067     0
59       x2 ~1             1          se 0.068 0.068     0
60       x3 ~1             1          se 0.065 0.065     0
61       x4 ~1             1          se 0.067 0.067     0
62       x5 ~1             1          se 0.074 0.074     0
63       x6 ~1             1          se 0.063 0.063     0
64       x7 ~1             1          se 0.063 0.063     0
65       x8 ~1             1          se 0.058 0.058     0
66       x9 ~1             1          se 0.058 0.058     0
67   visual =~      x1     1     est.std 0.782 0.782     0
68   visual =~      x2     1     est.std 0.376 0.376     0
69   visual =~      x3     1     est.std 0.550 0.550     0
70  textual =~      x4     1     est.std 0.969 0.969     0
71  textual =~      x5     1     est.std 1.075 1.075     0
72  textual =~      x6     1     est.std 0.904 0.904     0
73    speed =~      x7     1     est.std 0.640 0.640     0
74    speed =~      x8     1     est.std 0.712 0.712     0
75    speed =~      x9     1     est.std 0.714 0.714     0
76       x1 ~~      x1     1     est.std 0.549 0.549     0
77       x2 ~~      x2     1     est.std 1.047 1.047     0
78       x3 ~~      x3     1     est.std 0.749 0.749     0
79       x4 ~~      x4     1     est.std 0.334 0.334     0
80       x5 ~~      x5     1     est.std 0.386 0.386     0
81       x6 ~~      x6     1     est.std 0.355 0.355     0
82       x7 ~~      x7     1     est.std 0.594 0.594     0
83       x8 ~~      x8     1     est.std 0.481 0.481     0
84       x9 ~~      x9     1     est.std 0.455 0.455     0
85   visual ~~  visual     1     est.std 1.000 1.000     0
86  textual ~~ textual     1     est.std 1.000 1.000     0
87    speed ~~   speed     1     est.std 1.000 1.000     0
88   visual ~~ textual     1     est.std 0.530 0.530     0
89   visual ~~   speed     1     est.std 0.602 0.602     0
90  textual ~~   speed     1     est.std 0.317 0.317     0
91       x1 ~1             1     est.std 4.936 4.936     0
92       x2 ~1             1     est.std 6.088 6.088     0
93       x3 ~1             1     est.std 2.250 2.250     0
94       x4 ~1             1     est.std 3.061 3.061     0
95       x5 ~1             1     est.std 4.341 4.341     0
96       x6 ~1             1     est.std 2.186 2.186     0
97       x7 ~1             1     est.std 4.186 4.186     0
98       x8 ~1             1     est.std 5.527 5.527     0
99       x9 ~1             1     est.std 5.374 5.374     0
100  visual =~      x1     1 est.std.all 0.726 0.726     0
101  visual =~      x2     1 est.std.all 0.345 0.345     0
102  visual =~      x3     1 est.std.all 0.536 0.536     0
103 textual =~      x4     1 est.std.all 0.859 0.859     0
104 textual =~      x5     1 est.std.all 0.866 0.866     0
105 textual =~      x6     1 est.std.all 0.835 0.835     0
106   speed =~      x7     1 est.std.all 0.639 0.639     0
107   speed =~      x8     1 est.std.all 0.716 0.716     0
108   speed =~      x9     1 est.std.all 0.727 0.727     0
109      x1 ~~      x1     1 est.std.all 0.473 0.473     0
110      x2 ~~      x2     1 est.std.all 0.881 0.881     0
111      x3 ~~      x3     1 est.std.all 0.713 0.713     0
112      x4 ~~      x4     1 est.std.all 0.263 0.263     0
113      x5 ~~      x5     1 est.std.all 0.250 0.250     0
114      x6 ~~      x6     1 est.std.all 0.303 0.303     0
115      x7 ~~      x7     1 est.std.all 0.592 0.592     0
116      x8 ~~      x8     1 est.std.all 0.487 0.487     0
117      x9 ~~      x9     1 est.std.all 0.471 0.471     0
118  visual ~~  visual     1 est.std.all 1.000 1.000     0
119 textual ~~ textual     1 est.std.all 1.000 1.000     0
120   speed ~~   speed     1 est.std.all 1.000 1.000     0
121  visual ~~ textual     1 est.std.all 0.530 0.530     0
122  visual ~~   speed     1 est.std.all 0.602 0.602     0
123 textual ~~   speed     1 est.std.all 0.317 0.317     0
124      x1 ~1             1 est.std.all 4.579 4.579     0
125      x2 ~1             1 est.std.all 5.583 5.583     0
126      x3 ~1             1 est.std.all 2.195 2.195     0
127      x4 ~1             1 est.std.all 2.713 2.713     0
128      x5 ~1             1 est.std.all 3.496 3.496     0
129      x6 ~1             1 est.std.all 2.018 2.018     0
130      x7 ~1             1 est.std.all 4.177 4.177     0
131      x8 ~1             1 est.std.all 5.559 5.559     0
132      x9 ~1             1 est.std.all 5.470 5.470     0
133  visual =~      x1     1 est.std.nox 0.726 0.726     0
134  visual =~      x2     1 est.std.nox 0.345 0.345     0
135  visual =~      x3     1 est.std.nox 0.536 0.536     0
136 textual =~      x4     1 est.std.nox 0.859 0.859     0
137 textual =~      x5     1 est.std.nox 0.866 0.866     0
138 textual =~      x6     1 est.std.nox 0.835 0.835     0
139   speed =~      x7     1 est.std.nox 0.639 0.639     0
140   speed =~      x8     1 est.std.nox 0.716 0.716     0
141   speed =~      x9     1 est.std.nox 0.727 0.727     0
142      x1 ~~      x1     1 est.std.nox 0.473 0.473     0
143      x2 ~~      x2     1 est.std.nox 0.881 0.881     0
144      x3 ~~      x3     1 est.std.nox 0.713 0.713     0
145      x4 ~~      x4     1 est.std.nox 0.263 0.263     0
146      x5 ~~      x5     1 est.std.nox 0.250 0.250     0
147      x6 ~~      x6     1 est.std.nox 0.303 0.303     0
148      x7 ~~      x7     1 est.std.nox 0.592 0.592     0
149      x8 ~~      x8     1 est.std.nox 0.487 0.487     0
150      x9 ~~      x9     1 est.std.nox 0.471 0.471     0
151  visual ~~  visual     1 est.std.nox 1.000 1.000     0
152 textual ~~ textual     1 est.std.nox 1.000 1.000     0
153   speed ~~   speed     1 est.std.nox 1.000 1.000     0
154  visual ~~ textual     1 est.std.nox 0.530 0.530     0
155  visual ~~   speed     1 est.std.nox 0.602 0.602     0
156 textual ~~   speed     1 est.std.nox 0.317 0.317     0
157      x1 ~1             1 est.std.nox 4.579 4.579     0
158      x2 ~1             1 est.std.nox 5.583 5.583     0
159      x3 ~1             1 est.std.nox 2.195 2.195     0
160      x4 ~1             1 est.std.nox 2.713 2.713     0
161      x5 ~1             1 est.std.nox 3.496 3.496     0
162      x6 ~1             1 est.std.nox 2.018 2.018     0
163      x7 ~1             1 est.std.nox 4.177 4.177     0
164      x8 ~1             1 est.std.nox 5.559 5.559     0
165      x9 ~1             1 est.std.nox 5.470 5.470     0

                     fit     lav     mpl delta
1                   npar  30.000  30.000     0
2                   fmin   0.129      NA    NA
3                  chisq  77.471  77.471     0
4                     df  24.000  24.000     0
5                 pvalue   0.000   0.000     0
6         baseline.chisq 277.991 277.991     0
7            baseline.df  36.000  36.000     0
8        baseline.pvalue   0.000   0.000     0
9                    cfi   0.779   0.779     0
10                   tli   0.669   0.669     0
11                  nnfi   0.669      NA    NA
12                   rfi   0.582      NA    NA
13                   nfi   0.721      NA    NA
14                  pnfi   0.481      NA    NA
15                   ifi   0.789      NA    NA
16                   rni   0.779      NA    NA
17                 rmsea   0.086   0.086     0
18        rmsea.ci.lower   0.065   0.065     0
19        rmsea.ci.upper   0.108   0.108     0
20        rmsea.ci.level   0.900      NA    NA
21          rmsea.pvalue   0.003   0.003     0
22        rmsea.close.h0   0.050      NA    NA
23 rmsea.notclose.pvalue   0.702      NA    NA
24     rmsea.notclose.h0   0.080      NA    NA
25                   rmr   0.103      NA    NA
26            rmr_nomean   0.113      NA    NA
27                  srmr   0.080   0.080     0
28          srmr_bentler   0.080      NA    NA
29   srmr_bentler_nomean   0.088      NA    NA
30                  crmr   0.075      NA    NA
31           crmr_nomean   0.084      NA    NA
32            srmr_mplus   0.127      NA    NA
33     srmr_mplus_nomean   0.090      NA    NA
34                 cn_05 142.015      NA    NA
35                 cn_01 167.436      NA    NA
36                   gfi   0.996      NA    NA
37                  agfi   0.992      NA    NA
38                  pgfi   0.443      NA    NA
39                   mfi   0.915      NA    NA
40                  ecvi   0.458      NA    NA
