Mplus VERSION 8.2
MUTHEN & MUTHEN
01/20/2024   8:47 PM

INPUT INSTRUCTIONS



      title:
      		[This syntax is autogenerated]
      		CFA Mplus syntax
      data:
      		file is HS.raw;
                      listwise=on;
      variable:
      		names are
      		x1  x2  x3  x4  x5  x6
      		x7  x8  x9  ;
      		missing are all (-999999);
      analysis:
      !		model=nomeanstructure;
                      estimator=WLS;
      !               information=expected;
                      convergence=0.00000001;
      model:
      		visual  by x1 x2 x3;
      		textual by x4 x5 x6;
      		speed   by x7 x8 x9;
      Output: standardized;









INPUT READING TERMINATED NORMALLY




[This syntax is autogenerated]
CFA Mplus syntax

SUMMARY OF ANALYSIS

Number of groups                                                 1
Number of observations                                         301

Number of dependent variables                                    9
Number of independent variables                                  0
Number of continuous latent variables                            3

Observed dependent variables

  Continuous
   X1          X2          X3          X4          X5          X6
   X7          X8          X9

Continuous latent variables
   VISUAL      TEXTUAL     SPEED


Estimator                                                      WLS
Maximum number of iterations                                  1000
Convergence criterion                                    0.100D-07
Maximum number of steepest descent iterations                   20

Input data file(s)
  HS.raw

Input data format  FREE



UNIVARIATE SAMPLE STATISTICS


     UNIVARIATE HIGHER-ORDER MOMENT DESCRIPTIVE STATISTICS

         Variable/         Mean/     Skewness/   Minimum/ % with                Percentiles
        Sample Size      Variance    Kurtosis    Maximum  Min/Max      20%/60%    40%/80%    Median

     X1                    4.936      -0.256       0.667    0.33%       4.000      4.667      5.000
             301.000       1.358       0.330       8.500    0.33%       5.333      5.833
     X2                    6.088       0.472       2.250    0.33%       5.250      5.750      6.000
             301.000       1.382       0.355       9.250    1.66%       6.250      7.000
     X3                    2.250       0.385       0.250    0.33%       1.250      1.750      2.125
             301.000       1.275      -0.894       4.500    1.99%       2.375      3.375
     X4                    3.061       0.269       0.000    0.33%       2.000      2.667      3.000
             301.000       1.351       0.101       6.333    0.33%       3.333      4.000
     X5                    4.341      -0.352       1.000    0.66%       3.000      4.000      4.500
             301.000       1.660      -0.536       7.000    0.33%       4.750      5.500
     X6                    2.186       0.862       0.143    0.66%       1.286      1.857      2.000
             301.000       1.196       0.842       6.143    0.33%       2.286      2.857
     X7                    4.186       0.250       1.304    0.33%       3.304      3.783      4.087
             301.000       1.183      -0.289       7.435    0.33%       4.391      5.130
     X8                    5.527       0.528       3.050    0.33%       4.700      5.250      5.500
             301.000       1.022       1.199      10.000    0.33%       5.700      6.300
     X9                    5.374       0.205       2.778    0.33%       4.500      5.083      5.417
             301.000       1.015       0.312       9.250    0.33%       5.611      6.222


THE MODEL ESTIMATION TERMINATED NORMALLY



MODEL FIT INFORMATION

Number of Free Parameters                       30

Chi-Square Test of Model Fit

          Value                             83.472
          Degrees of Freedom                    24
          P-Value                           0.0000

RMSEA (Root Mean Square Error Of Approximation)

          Estimate                           0.091
          90 Percent C.I.                    0.070  0.112
          Probability RMSEA <= .05           0.001

CFI/TLI

          CFI                                0.832
          TLI                                0.749

Chi-Square Test of Model Fit for the Baseline Model

          Value                            390.936
          Degrees of Freedom                    36
          P-Value                           0.0000

SRMR (Standardized Root Mean Square Residual)

          Value                              0.100

Optimum Function Value for Weighted Least-Squares Estimator

          Value                     0.13865841D+00



MODEL RESULTS

                                                    Two-Tailed
                    Estimate       S.E.  Est./S.E.    P-Value

 VISUAL   BY
    X1                 1.000      0.000    999.000    999.000
    X2                 0.515      0.097      5.296      0.000
    X3                 0.823      0.117      7.044      0.000

 TEXTUAL  BY
    X4                 1.000      0.000    999.000    999.000
    X5                 1.063      0.058     18.340      0.000
    X6                 0.914      0.051     17.989      0.000

 SPEED    BY
    X7                 1.000      0.000    999.000    999.000
    X8                 1.109      0.114      9.732      0.000
    X9                 1.132      0.112     10.074      0.000

 TEXTUAL  WITH
    VISUAL             0.383      0.074      5.158      0.000

 SPEED    WITH
    VISUAL             0.318      0.054      5.916      0.000
    TEXTUAL            0.194      0.053      3.639      0.000

 Intercepts
    X1                 4.914      0.063     78.353      0.000
    X2                 5.961      0.062     96.040      0.000
    X3                 2.244      0.061     37.047      0.000
    X4                 3.052      0.063     48.523      0.000
    X5                 4.387      0.070     62.925      0.000
    X6                 2.185      0.060     36.695      0.000
    X7                 4.107      0.059     69.116      0.000
    X8                 5.451      0.054    101.265      0.000
    X9                 5.351      0.054     99.171      0.000

 Variances
    VISUAL             0.619      0.126      4.910      0.000
    TEXTUAL            1.010      0.113      8.941      0.000
    SPEED              0.438      0.078      5.636      0.000

 Residual Variances
    X1                 0.572      0.105      5.437      0.000
    X2                 1.047      0.094     11.164      0.000
    X3                 0.789      0.074     10.624      0.000
    X4                 0.308      0.047      6.597      0.000
    X5                 0.378      0.047      7.959      0.000
    X6                 0.304      0.042      7.155      0.000
    X7                 0.633      0.068      9.304      0.000
    X8                 0.436      0.061      7.174      0.000
    X9                 0.413      0.059      7.032      0.000


STANDARDIZED MODEL RESULTS


STDYX Standardization

                                                    Two-Tailed
                    Estimate       S.E.  Est./S.E.    P-Value

 VISUAL   BY
    X1                 0.721      0.059     12.234      0.000
    X2                 0.368      0.055      6.708      0.000
    X3                 0.589      0.049     12.085      0.000

 TEXTUAL  BY
    X4                 0.876      0.022     39.597      0.000
    X5                 0.867      0.019     46.334      0.000
    X6                 0.858      0.021     41.638      0.000

 SPEED    BY
    X7                 0.639      0.045     14.331      0.000
    X8                 0.743      0.038     19.352      0.000
    X9                 0.759      0.034     22.090      0.000

 TEXTUAL  WITH
    VISUAL             0.484      0.067      7.239      0.000

 SPEED    WITH
    VISUAL             0.611      0.067      9.096      0.000
    TEXTUAL            0.292      0.066      4.408      0.000

 Intercepts
    X1                 4.501      0.229     19.636      0.000
    X2                 5.417      0.228     23.772      0.000
    X3                 2.042      0.066     30.932      0.000
    X4                 2.660      0.110     24.256      0.000
    X5                 3.560      0.151     23.641      0.000
    X6                 2.039      0.080     25.362      0.000
    X7                 3.969      0.159     25.039      0.000
    X8                 5.521      0.253     21.823      0.000
    X9                 5.424      0.226     23.974      0.000

 Variances
    VISUAL             1.000      0.000    999.000    999.000
    TEXTUAL            1.000      0.000    999.000    999.000
    SPEED              1.000      0.000    999.000    999.000

 Residual Variances
    X1                 0.480      0.085      5.652      0.000
    X2                 0.864      0.040     21.368      0.000
    X3                 0.653      0.057     11.359      0.000
    X4                 0.233      0.039      6.031      0.000
    X5                 0.249      0.032      7.666      0.000
    X6                 0.265      0.035      7.494      0.000
    X7                 0.591      0.057     10.370      0.000
    X8                 0.447      0.057      7.837      0.000
    X9                 0.424      0.052      8.141      0.000


STDY Standardization

                                                    Two-Tailed
                    Estimate       S.E.  Est./S.E.    P-Value

 VISUAL   BY
    X1                 0.721      0.059     12.234      0.000
    X2                 0.368      0.055      6.708      0.000
    X3                 0.589      0.049     12.085      0.000

 TEXTUAL  BY
    X4                 0.876      0.022     39.597      0.000
    X5                 0.867      0.019     46.334      0.000
    X6                 0.858      0.021     41.638      0.000

 SPEED    BY
    X7                 0.639      0.045     14.331      0.000
    X8                 0.743      0.038     19.352      0.000
    X9                 0.759      0.034     22.090      0.000

 TEXTUAL  WITH
    VISUAL             0.484      0.067      7.239      0.000

 SPEED    WITH
    VISUAL             0.611      0.067      9.096      0.000
    TEXTUAL            0.292      0.066      4.408      0.000

 Intercepts
    X1                 4.501      0.229     19.636      0.000
    X2                 5.417      0.228     23.772      0.000
    X3                 2.042      0.066     30.932      0.000
    X4                 2.660      0.110     24.256      0.000
    X5                 3.560      0.151     23.641      0.000
    X6                 2.039      0.080     25.362      0.000
    X7                 3.969      0.159     25.039      0.000
    X8                 5.521      0.253     21.823      0.000
    X9                 5.424      0.226     23.974      0.000

 Variances
    VISUAL             1.000      0.000    999.000    999.000
    TEXTUAL            1.000      0.000    999.000    999.000
    SPEED              1.000      0.000    999.000    999.000

 Residual Variances
    X1                 0.480      0.085      5.652      0.000
    X2                 0.864      0.040     21.368      0.000
    X3                 0.653      0.057     11.359      0.000
    X4                 0.233      0.039      6.031      0.000
    X5                 0.249      0.032      7.666      0.000
    X6                 0.265      0.035      7.494      0.000
    X7                 0.591      0.057     10.370      0.000
    X8                 0.447      0.057      7.837      0.000
    X9                 0.424      0.052      8.141      0.000


STD Standardization

                                                    Two-Tailed
                    Estimate       S.E.  Est./S.E.    P-Value

 VISUAL   BY
    X1                 0.787      0.080      9.820      0.000
    X2                 0.405      0.066      6.147      0.000
    X3                 0.648      0.060     10.792      0.000

 TEXTUAL  BY
    X4                 1.005      0.056     17.882      0.000
    X5                 1.068      0.051     21.098      0.000
    X6                 0.919      0.053     17.481      0.000

 SPEED    BY
    X7                 0.661      0.059     11.272      0.000
    X8                 0.734      0.057     12.854      0.000
    X9                 0.748      0.048     15.567      0.000

 TEXTUAL  WITH
    VISUAL             0.484      0.067      7.239      0.000

 SPEED    WITH
    VISUAL             0.611      0.067      9.096      0.000
    TEXTUAL            0.292      0.066      4.408      0.000

 Intercepts
    X1                 4.914      0.063     78.353      0.000
    X2                 5.961      0.062     96.040      0.000
    X3                 2.244      0.061     37.047      0.000
    X4                 3.052      0.063     48.523      0.000
    X5                 4.387      0.070     62.925      0.000
    X6                 2.185      0.060     36.695      0.000
    X7                 4.107      0.059     69.116      0.000
    X8                 5.451      0.054    101.265      0.000
    X9                 5.351      0.054     99.171      0.000

 Variances
    VISUAL             1.000      0.000    999.000    999.000
    TEXTUAL            1.000      0.000    999.000    999.000
    SPEED              1.000      0.000    999.000    999.000

 Residual Variances
    X1                 0.572      0.105      5.437      0.000
    X2                 1.047      0.094     11.164      0.000
    X3                 0.789      0.074     10.624      0.000
    X4                 0.308      0.047      6.597      0.000
    X5                 0.378      0.047      7.959      0.000
    X6                 0.304      0.042      7.155      0.000
    X7                 0.633      0.068      9.304      0.000
    X8                 0.436      0.061      7.174      0.000
    X9                 0.413      0.059      7.032      0.000


R-SQUARE

    Observed                                        Two-Tailed
    Variable        Estimate       S.E.  Est./S.E.    P-Value

    X1                 0.520      0.085      6.117      0.000
    X2                 0.136      0.040      3.354      0.001
    X3                 0.347      0.057      6.043      0.000
    X4                 0.767      0.039     19.798      0.000
    X5                 0.751      0.032     23.167      0.000
    X6                 0.735      0.035     20.819      0.000
    X7                 0.409      0.057      7.166      0.000
    X8                 0.553      0.057      9.676      0.000
    X9                 0.576      0.052     11.045      0.000


QUALITY OF NUMERICAL RESULTS

     Condition Number for the Information Matrix              0.410E-02
       (ratio of smallest to largest eigenvalue)


     Beginning Time:  20:47:31
        Ending Time:  20:47:31
       Elapsed Time:  00:00:00



MUTHEN & MUTHEN
3463 Stoner Ave.
Los Angeles, CA  90066

Tel: (310) 391-9971
Fax: (310) 391-8971
Web: www.StatModel.com
Support: Support@StatModel.com

Copyright (c) 1998-2018 Muthen & Muthen
