Mplus VERSION 8.2
MUTHEN & MUTHEN
01/08/2024   9:54 AM

INPUT INSTRUCTIONS


    title:
    		[This syntax is autogenerated]
    		CFA Mplus syntax
    data:
    		file is HS.raw;
                    listwise=on;
    variable:
    		names are
    		x1  x2  x3  x4  x5  x6
    		x7  x8  x9  ;
    		missing are all (-999999);
    analysis:
     		model=nomeanstructure;
                    estimator=ML;
                    information=expected;
                    convergence=0.0000001;
    model:
    		visual  by x1 x2 x3;
    		textual by x4 x5 x6;
    		speed   by x7 x8 x9;
    Output: standardized;






INPUT READING TERMINATED NORMALLY




[This syntax is autogenerated]
CFA Mplus syntax

SUMMARY OF ANALYSIS

Number of groups                                                 1
Number of observations                                         301

Number of dependent variables                                    9
Number of independent variables                                  0
Number of continuous latent variables                            3

Observed dependent variables

  Continuous
   X1          X2          X3          X4          X5          X6
   X7          X8          X9

Continuous latent variables
   VISUAL      TEXTUAL     SPEED


Estimator                                                       ML
Information matrix                                        EXPECTED
Maximum number of iterations                                  1000
Convergence criterion                                    0.100D-06
Maximum number of steepest descent iterations                   20

Input data file(s)
  HS.raw

Input data format  FREE



UNIVARIATE SAMPLE STATISTICS


     UNIVARIATE HIGHER-ORDER MOMENT DESCRIPTIVE STATISTICS

         Variable/         Mean/     Skewness/   Minimum/ % with                Percentiles
        Sample Size      Variance    Kurtosis    Maximum  Min/Max      20%/60%    40%/80%    Median

     X1                    4.936      -0.256       0.667    0.33%       4.000      4.667      5.000
             301.000       1.358       0.330       8.500    0.33%       5.333      5.833
     X2                    6.088       0.472       2.250    0.33%       5.250      5.750      6.000
             301.000       1.382       0.355       9.250    1.66%       6.250      7.000
     X3                    2.250       0.385       0.250    0.33%       1.250      1.750      2.125
             301.000       1.275      -0.894       4.500    1.99%       2.375      3.375
     X4                    3.061       0.269       0.000    0.33%       2.000      2.667      3.000
             301.000       1.351       0.101       6.333    0.33%       3.333      4.000
     X5                    4.341      -0.352       1.000    0.66%       3.000      4.000      4.500
             301.000       1.660      -0.536       7.000    0.33%       4.750      5.500
     X6                    2.186       0.862       0.143    0.66%       1.286      1.857      2.000
             301.000       1.196       0.842       6.143    0.33%       2.286      2.857
     X7                    4.186       0.250       1.304    0.33%       3.304      3.783      4.087
             301.000       1.183      -0.289       7.435    0.33%       4.391      5.130
     X8                    5.527       0.528       3.050    0.33%       4.700      5.250      5.500
             301.000       1.022       1.199      10.000    0.33%       5.700      6.300
     X9                    5.374       0.205       2.778    0.33%       4.500      5.083      5.417
             301.000       1.015       0.312       9.250    0.33%       5.611      6.222


THE MODEL ESTIMATION TERMINATED NORMALLY



MODEL FIT INFORMATION

Number of Free Parameters                       21

Loglikelihood

          H0 Value                       -3737.745
          H1 Value                       -3695.092

Information Criteria

          Akaike (AIC)                    7517.490
          Bayesian (BIC)                  7595.339
          Sample-Size Adjusted BIC        7528.739
            (n* = (n + 2) / 24)

Chi-Square Test of Model Fit

          Value                             85.306
          Degrees of Freedom                    24
          P-Value                           0.0000

RMSEA (Root Mean Square Error Of Approximation)

          Estimate                           0.092
          90 Percent C.I.                    0.071  0.114
          Probability RMSEA <= .05           0.001

CFI/TLI

          CFI                                0.931
          TLI                                0.896

Chi-Square Test of Model Fit for the Baseline Model

          Value                            918.852
          Degrees of Freedom                    36
          P-Value                           0.0000

SRMR (Standardized Root Mean Square Residual)

          Value                              0.065



MODEL RESULTS

                                                    Two-Tailed
                    Estimate       S.E.  Est./S.E.    P-Value

 VISUAL   BY
    X1                 1.000      0.000    999.000    999.000
    X2                 0.554      0.100      5.554      0.000
    X3                 0.729      0.109      6.685      0.000

 TEXTUAL  BY
    X4                 1.000      0.000    999.000    999.000
    X5                 1.113      0.065     17.014      0.000
    X6                 0.926      0.055     16.703      0.000

 SPEED    BY
    X7                 1.000      0.000    999.000    999.000
    X8                 1.180      0.165      7.152      0.000
    X9                 1.082      0.151      7.155      0.000

 TEXTUAL  WITH
    VISUAL             0.408      0.074      5.552      0.000

 SPEED    WITH
    VISUAL             0.262      0.056      4.660      0.000
    TEXTUAL            0.173      0.049      3.518      0.000

 Variances
    VISUAL             0.809      0.145      5.564      0.000
    TEXTUAL            0.979      0.112      8.737      0.000
    SPEED              0.384      0.086      4.451      0.000

 Residual Variances
    X1                 0.549      0.114      4.833      0.000
    X2                 1.134      0.102     11.146      0.000
    X3                 0.844      0.091      9.317      0.000
    X4                 0.371      0.048      7.779      0.000
    X5                 0.446      0.058      7.642      0.000
    X6                 0.356      0.043      8.277      0.000
    X7                 0.799      0.081      9.823      0.000
    X8                 0.488      0.074      6.573      0.000
    X9                 0.566      0.071      8.003      0.000


STANDARDIZED MODEL RESULTS


STDYX Standardization

                                                    Two-Tailed
                    Estimate       S.E.  Est./S.E.    P-Value

 VISUAL   BY
    X1                 0.772      0.055     14.041      0.000
    X2                 0.424      0.060      7.105      0.000
    X3                 0.581      0.055     10.539      0.000

 TEXTUAL  BY
    X4                 0.852      0.023     37.776      0.000
    X5                 0.855      0.022     38.273      0.000
    X6                 0.838      0.023     35.881      0.000

 SPEED    BY
    X7                 0.570      0.053     10.714      0.000
    X8                 0.723      0.051     14.309      0.000
    X9                 0.665      0.051     13.015      0.000

 TEXTUAL  WITH
    VISUAL             0.459      0.064      7.189      0.000

 SPEED    WITH
    VISUAL             0.471      0.073      6.461      0.000
    TEXTUAL            0.283      0.069      4.117      0.000

 Variances
    VISUAL             1.000      0.000    999.000    999.000
    TEXTUAL            1.000      0.000    999.000    999.000
    SPEED              1.000      0.000    999.000    999.000

 Residual Variances
    X1                 0.404      0.085      4.763      0.000
    X2                 0.821      0.051     16.246      0.000
    X3                 0.662      0.064     10.334      0.000
    X4                 0.275      0.038      7.157      0.000
    X5                 0.269      0.038      7.037      0.000
    X6                 0.298      0.039      7.606      0.000
    X7                 0.676      0.061     11.160      0.000
    X8                 0.477      0.073      6.531      0.000
    X9                 0.558      0.068      8.208      0.000


STDY Standardization

                                                    Two-Tailed
                    Estimate       S.E.  Est./S.E.    P-Value

 VISUAL   BY
    X1                 0.772      0.055     14.041      0.000
    X2                 0.424      0.060      7.105      0.000
    X3                 0.581      0.055     10.539      0.000

 TEXTUAL  BY
    X4                 0.852      0.023     37.776      0.000
    X5                 0.855      0.022     38.273      0.000
    X6                 0.838      0.023     35.881      0.000

 SPEED    BY
    X7                 0.570      0.053     10.714      0.000
    X8                 0.723      0.051     14.309      0.000
    X9                 0.665      0.051     13.015      0.000

 TEXTUAL  WITH
    VISUAL             0.459      0.064      7.189      0.000

 SPEED    WITH
    VISUAL             0.471      0.073      6.461      0.000
    TEXTUAL            0.283      0.069      4.117      0.000

 Variances
    VISUAL             1.000      0.000    999.000    999.000
    TEXTUAL            1.000      0.000    999.000    999.000
    SPEED              1.000      0.000    999.000    999.000

 Residual Variances
    X1                 0.404      0.085      4.763      0.000
    X2                 0.821      0.051     16.246      0.000
    X3                 0.662      0.064     10.334      0.000
    X4                 0.275      0.038      7.157      0.000
    X5                 0.269      0.038      7.037      0.000
    X6                 0.298      0.039      7.606      0.000
    X7                 0.676      0.061     11.160      0.000
    X8                 0.477      0.073      6.531      0.000
    X9                 0.558      0.068      8.208      0.000


STD Standardization

                                                    Two-Tailed
                    Estimate       S.E.  Est./S.E.    P-Value

 VISUAL   BY
    X1                 0.900      0.081     11.127      0.000
    X2                 0.498      0.077      6.429      0.000
    X3                 0.656      0.074      8.817      0.000

 TEXTUAL  BY
    X4                 0.990      0.057     17.474      0.000
    X5                 1.102      0.063     17.576      0.000
    X6                 0.917      0.054     17.082      0.000

 SPEED    BY
    X7                 0.619      0.070      8.903      0.000
    X8                 0.731      0.066     11.090      0.000
    X9                 0.670      0.065     10.305      0.000

 TEXTUAL  WITH
    VISUAL             0.459      0.064      7.189      0.000

 SPEED    WITH
    VISUAL             0.471      0.073      6.461      0.000
    TEXTUAL            0.283      0.069      4.117      0.000

 Variances
    VISUAL             1.000      0.000    999.000    999.000
    TEXTUAL            1.000      0.000    999.000    999.000
    SPEED              1.000      0.000    999.000    999.000

 Residual Variances
    X1                 0.549      0.114      4.833      0.000
    X2                 1.134      0.102     11.146      0.000
    X3                 0.844      0.091      9.317      0.000
    X4                 0.371      0.048      7.779      0.000
    X5                 0.446      0.058      7.642      0.000
    X6                 0.356      0.043      8.277      0.000
    X7                 0.799      0.081      9.823      0.000
    X8                 0.488      0.074      6.573      0.000
    X9                 0.566      0.071      8.003      0.000


R-SQUARE

    Observed                                        Two-Tailed
    Variable        Estimate       S.E.  Est./S.E.    P-Value

    X1                 0.596      0.085      7.021      0.000
    X2                 0.179      0.051      3.553      0.000
    X3                 0.338      0.064      5.270      0.000
    X4                 0.725      0.038     18.888      0.000
    X5                 0.731      0.038     19.136      0.000
    X6                 0.702      0.039     17.941      0.000
    X7                 0.324      0.061      5.357      0.000
    X8                 0.523      0.073      7.155      0.000
    X9                 0.442      0.068      6.508      0.000


QUALITY OF NUMERICAL RESULTS

     Condition Number for the Information Matrix              0.209E-01
       (ratio of smallest to largest eigenvalue)


     Beginning Time:  09:54:04
        Ending Time:  09:54:04
       Elapsed Time:  00:00:00



MUTHEN & MUTHEN
3463 Stoner Ave.
Los Angeles, CA  90066

Tel: (310) 391-9971
Fax: (310) 391-8971
Web: www.StatModel.com
Support: Support@StatModel.com

Copyright (c) 1998-2018 Muthen & Muthen
