# lavaan TESTsuite -- lavaan version  0.6-17 
# date:  Sat Jan 20 20:48:48 2024 
# file:  HS.nomean.ML.expected.out 

        lhs op     rhs group        type   lav   mpl delta
1    visual =~      x1     1         est 1.000 1.000     0
2    visual =~      x2     1         est 0.554 0.554     0
3    visual =~      x3     1         est 0.729 0.729     0
4   textual =~      x4     1         est 1.000 1.000     0
5   textual =~      x5     1         est 1.113 1.113     0
6   textual =~      x6     1         est 0.926 0.926     0
7     speed =~      x7     1         est 1.000 1.000     0
8     speed =~      x8     1         est 1.180 1.180     0
9     speed =~      x9     1         est 1.082 1.082     0
10       x1 ~~      x1     1         est 0.549 0.549     0
11       x2 ~~      x2     1         est 1.134 1.134     0
12       x3 ~~      x3     1         est 0.844 0.844     0
13       x4 ~~      x4     1         est 0.371 0.371     0
14       x5 ~~      x5     1         est 0.446 0.446     0
15       x6 ~~      x6     1         est 0.356 0.356     0
16       x7 ~~      x7     1         est 0.799 0.799     0
17       x8 ~~      x8     1         est 0.488 0.488     0
18       x9 ~~      x9     1         est 0.566 0.566     0
19   visual ~~  visual     1         est 0.809 0.809     0
20  textual ~~ textual     1         est 0.979 0.979     0
21    speed ~~   speed     1         est 0.384 0.384     0
22   visual ~~ textual     1         est 0.408 0.408     0
23   visual ~~   speed     1         est 0.262 0.262     0
24  textual ~~   speed     1         est 0.173 0.173     0
25   visual =~      x1     1          se 0.000 0.000     0
26   visual =~      x2     1          se 0.100 0.100     0
27   visual =~      x3     1          se 0.109 0.109     0
28  textual =~      x4     1          se 0.000 0.000     0
29  textual =~      x5     1          se 0.065 0.065     0
30  textual =~      x6     1          se 0.055 0.055     0
31    speed =~      x7     1          se 0.000 0.000     0
32    speed =~      x8     1          se 0.165 0.165     0
33    speed =~      x9     1          se 0.151 0.151     0
34       x1 ~~      x1     1          se 0.114 0.114     0
35       x2 ~~      x2     1          se 0.102 0.102     0
36       x3 ~~      x3     1          se 0.091 0.091     0
37       x4 ~~      x4     1          se 0.048 0.048     0
38       x5 ~~      x5     1          se 0.058 0.058     0
39       x6 ~~      x6     1          se 0.043 0.043     0
40       x7 ~~      x7     1          se 0.081 0.081     0
41       x8 ~~      x8     1          se 0.074 0.074     0
42       x9 ~~      x9     1          se 0.071 0.071     0
43   visual ~~  visual     1          se 0.145 0.145     0
44  textual ~~ textual     1          se 0.112 0.112     0
45    speed ~~   speed     1          se 0.086 0.086     0
46   visual ~~ textual     1          se 0.074 0.074     0
47   visual ~~   speed     1          se 0.056 0.056     0
48  textual ~~   speed     1          se 0.049 0.049     0
49   visual =~      x1     1     est.std 0.900 0.900     0
50   visual =~      x2     1     est.std 0.498 0.498     0
51   visual =~      x3     1     est.std 0.656 0.656     0
52  textual =~      x4     1     est.std 0.990 0.990     0
53  textual =~      x5     1     est.std 1.102 1.102     0
54  textual =~      x6     1     est.std 0.917 0.917     0
55    speed =~      x7     1     est.std 0.619 0.619     0
56    speed =~      x8     1     est.std 0.731 0.731     0
57    speed =~      x9     1     est.std 0.670 0.670     0
58       x1 ~~      x1     1     est.std 0.549 0.549     0
59       x2 ~~      x2     1     est.std 1.134 1.134     0
60       x3 ~~      x3     1     est.std 0.844 0.844     0
61       x4 ~~      x4     1     est.std 0.371 0.371     0
62       x5 ~~      x5     1     est.std 0.446 0.446     0
63       x6 ~~      x6     1     est.std 0.356 0.356     0
64       x7 ~~      x7     1     est.std 0.799 0.799     0
65       x8 ~~      x8     1     est.std 0.488 0.488     0
66       x9 ~~      x9     1     est.std 0.566 0.566     0
67   visual ~~  visual     1     est.std 1.000 1.000     0
68  textual ~~ textual     1     est.std 1.000 1.000     0
69    speed ~~   speed     1     est.std 1.000 1.000     0
70   visual ~~ textual     1     est.std 0.459 0.459     0
71   visual ~~   speed     1     est.std 0.471 0.471     0
72  textual ~~   speed     1     est.std 0.283 0.283     0
73   visual =~      x1     1 est.std.all 0.772 0.772     0
74   visual =~      x2     1 est.std.all 0.424 0.424     0
75   visual =~      x3     1 est.std.all 0.581 0.581     0
76  textual =~      x4     1 est.std.all 0.852 0.852     0
77  textual =~      x5     1 est.std.all 0.855 0.855     0
78  textual =~      x6     1 est.std.all 0.838 0.838     0
79    speed =~      x7     1 est.std.all 0.570 0.570     0
80    speed =~      x8     1 est.std.all 0.723 0.723     0
81    speed =~      x9     1 est.std.all 0.665 0.665     0
82       x1 ~~      x1     1 est.std.all 0.404 0.404     0
83       x2 ~~      x2     1 est.std.all 0.821 0.821     0
84       x3 ~~      x3     1 est.std.all 0.662 0.662     0
85       x4 ~~      x4     1 est.std.all 0.275 0.275     0
86       x5 ~~      x5     1 est.std.all 0.269 0.269     0
87       x6 ~~      x6     1 est.std.all 0.298 0.298     0
88       x7 ~~      x7     1 est.std.all 0.676 0.676     0
89       x8 ~~      x8     1 est.std.all 0.477 0.477     0
90       x9 ~~      x9     1 est.std.all 0.558 0.558     0
91   visual ~~  visual     1 est.std.all 1.000 1.000     0
92  textual ~~ textual     1 est.std.all 1.000 1.000     0
93    speed ~~   speed     1 est.std.all 1.000 1.000     0
94   visual ~~ textual     1 est.std.all 0.459 0.459     0
95   visual ~~   speed     1 est.std.all 0.471 0.471     0
96  textual ~~   speed     1 est.std.all 0.283 0.283     0
97   visual =~      x1     1 est.std.nox 0.772 0.772     0
98   visual =~      x2     1 est.std.nox 0.424 0.424     0
99   visual =~      x3     1 est.std.nox 0.581 0.581     0
100 textual =~      x4     1 est.std.nox 0.852 0.852     0
101 textual =~      x5     1 est.std.nox 0.855 0.855     0
102 textual =~      x6     1 est.std.nox 0.838 0.838     0
103   speed =~      x7     1 est.std.nox 0.570 0.570     0
104   speed =~      x8     1 est.std.nox 0.723 0.723     0
105   speed =~      x9     1 est.std.nox 0.665 0.665     0
106      x1 ~~      x1     1 est.std.nox 0.404 0.404     0
107      x2 ~~      x2     1 est.std.nox 0.821 0.821     0
108      x3 ~~      x3     1 est.std.nox 0.662 0.662     0
109      x4 ~~      x4     1 est.std.nox 0.275 0.275     0
110      x5 ~~      x5     1 est.std.nox 0.269 0.269     0
111      x6 ~~      x6     1 est.std.nox 0.298 0.298     0
112      x7 ~~      x7     1 est.std.nox 0.676 0.676     0
113      x8 ~~      x8     1 est.std.nox 0.477 0.477     0
114      x9 ~~      x9     1 est.std.nox 0.558 0.558     0
115  visual ~~  visual     1 est.std.nox 1.000 1.000     0
116 textual ~~ textual     1 est.std.nox 1.000 1.000     0
117   speed ~~   speed     1 est.std.nox 1.000 1.000     0
118  visual ~~ textual     1 est.std.nox 0.459 0.459     0
119  visual ~~   speed     1 est.std.nox 0.471 0.471     0
120 textual ~~   speed     1 est.std.nox 0.283 0.283     0

                     fit       lav       mpl delta
1                   npar    21.000    21.000     0
2                   fmin     0.142        NA    NA
3                  chisq    85.306    85.306     0
4                     df    24.000    24.000     0
5                 pvalue     0.000     0.000     0
6         baseline.chisq   918.852   918.852     0
7            baseline.df    36.000    36.000     0
8        baseline.pvalue     0.000     0.000     0
9                    cfi     0.931     0.931     0
10                   tli     0.896     0.896     0
11                  nnfi     0.896        NA    NA
12                   rfi     0.861        NA    NA
13                   nfi     0.907        NA    NA
14                  pnfi     0.605        NA    NA
15                   ifi     0.931        NA    NA
16                   rni     0.931        NA    NA
17                  logl -3737.745 -3737.745     0
18     unrestricted.logl -3695.092 -3695.092     0
19                   aic  7517.490  7517.490     0
20                   bic  7595.339  7595.339     0
21                  bic2  7528.739  7528.739     0
22                 rmsea     0.092     0.092     0
23        rmsea.ci.lower     0.071     0.071     0
24        rmsea.ci.upper     0.114     0.114     0
25        rmsea.ci.level     0.900        NA    NA
26          rmsea.pvalue     0.001     0.001     0
27        rmsea.close.h0     0.050        NA    NA
28 rmsea.notclose.pvalue     0.840        NA    NA
29     rmsea.notclose.h0     0.080        NA    NA
30                   rmr     0.082        NA    NA
31            rmr_nomean     0.082        NA    NA
32                  srmr     0.065     0.065     0
33          srmr_bentler     0.065        NA    NA
34   srmr_bentler_nomean     0.065        NA    NA
35                  crmr     0.073        NA    NA
36           crmr_nomean     0.073        NA    NA
37            srmr_mplus     0.065        NA    NA
38     srmr_mplus_nomean     0.065        NA    NA
39                 cn_05   129.490        NA    NA
40                 cn_01   152.654        NA    NA
41                   gfi     0.943        NA    NA
42                  agfi     0.894        NA    NA
43                  pgfi     0.503        NA    NA
44                   mfi     0.903        NA    NA
45                  ecvi     0.423        NA    NA
