Mplus VERSION 6.11 (Linux)
MUTHEN & MUTHEN
04/27/2011   3:51 PM

INPUT INSTRUCTIONS

  title:
                  [This syntax is autogenerated]
                  CFA Mplus syntax
  data:
                  file is HS.missing.raw;
  variable:
                  names are
                  x1  x2  x3  x4  x5  x6
                  x7  x8  x9  ;
                  missing are all (-999999);
  analysis:
  !               model=nomeanstructure;
                  estimator=MLF;
  !               information=expected;
                  convergence=0.00000001;

  model:
                  visual by x1;
                  visual by x2;
                  visual by x3;
                  textual by x4;
                  textual by x5;
                  textual by x6;
                  speed by x7;
                  speed by x8;
                  speed by x9;
  Output: standardized;



INPUT READING TERMINATED NORMALLY




[This syntax is autogenerated]
CFA Mplus syntax

SUMMARY OF ANALYSIS

Number of groups                                                 1
Number of observations                                         301

Number of dependent variables                                    9
Number of independent variables                                  0
Number of continuous latent variables                            3

Observed dependent variables

  Continuous
   X1          X2          X3          X4          X5          X6
   X7          X8          X9

Continuous latent variables
   VISUAL      TEXTUAL     SPEED


Estimator                                                      MLF
Information matrix                                        OBSERVED
Maximum number of iterations                                  1000
Convergence criterion                                    0.100D-07
Maximum number of steepest descent iterations                   20
Maximum number of iterations for H1                           2000
Convergence criterion for H1                             0.100D-03

Input data file(s)
  HS.missing.raw

Input data format  FREE


SUMMARY OF DATA

     Number of missing data patterns            36


COVARIANCE COVERAGE OF DATA

Minimum covariance coverage value   0.100


     PROPORTION OF DATA PRESENT


           Covariance Coverage
              X1            X2            X3            X4            X5
              ________      ________      ________      ________      ________
 X1             0.934
 X2             0.867         0.934
 X3             0.867         0.870         0.934
 X4             0.870         0.880         0.867         0.934
 X5             0.870         0.874         0.870         0.874         0.934
 X6             0.867         0.880         0.874         0.867         0.870
 X7             0.870         0.874         0.874         0.867         0.867
 X8             0.870         0.870         0.870         0.874         0.874
 X9             0.870         0.870         0.867         0.874         0.870


           Covariance Coverage
              X6            X7            X8            X9
              ________      ________      ________      ________
 X6             0.934
 X7             0.870         0.934
 X8             0.870         0.870         0.934
 X9             0.867         0.870         0.870         0.934



THE MODEL ESTIMATION TERMINATED NORMALLY



MODEL FIT INFORMATION

Number of Free Parameters                       30

Loglikelihood

          H0 Value                       -3507.165
          H1 Value                       -3465.850

Information Criteria

          Akaike (AIC)                    7074.330
          Bayesian (BIC)                  7185.544
          Sample-Size Adjusted BIC        7090.401
            (n* = (n + 2) / 24)

Chi-Square Test of Model Fit

          Value                             82.631
          Degrees of Freedom                    24
          P-Value                           0.0000

RMSEA (Root Mean Square Error Of Approximation)

          Estimate                           0.090
          90 Percent C.I.                    0.069  0.112
          Probability RMSEA <= .05           0.001

CFI/TLI

          CFI                                0.925
          TLI                                0.888

Chi-Square Test of Model Fit for the Baseline Model

          Value                            822.648
          Degrees of Freedom                    36
          P-Value                           0.0000

SRMR (Standardized Root Mean Square Residual)

          Value                              0.061



MODEL RESULTS

                                                    Two-Tailed
                    Estimate       S.E.  Est./S.E.    P-Value

 VISUAL   BY
    X1                 1.000      0.000    999.000    999.000
    X2                 0.566      0.116      4.884      0.000
    X3                 0.774      0.130      5.970      0.000

 TEXTUAL  BY
    X4                 1.000      0.000    999.000    999.000
    X5                 1.087      0.082     13.247      0.000
    X6                 0.905      0.059     15.342      0.000

 SPEED    BY
    X7                 1.000      0.000    999.000    999.000
    X8                 1.210      0.229      5.278      0.000
    X9                 1.246      0.247      5.046      0.000

 TEXTUAL  WITH
    VISUAL             0.419      0.083      5.038      0.000

 SPEED    WITH
    VISUAL             0.273      0.067      4.097      0.000
    TEXTUAL            0.158      0.047      3.368      0.001

 Intercepts
    X1                 4.931      0.079     62.599      0.000
    X2                 6.105      0.078     78.198      0.000
    X3                 2.239      0.078     28.711      0.000
    X4                 3.074      0.084     36.744      0.000
    X5                 4.328      0.087     49.664      0.000
    X6                 2.166      0.079     27.335      0.000
    X7                 4.210      0.072     58.785      0.000
    X8                 5.508      0.066     83.477      0.000
    X9                 5.352      0.065     81.980      0.000

 Variances
    VISUAL             0.784      0.138      5.700      0.000
    TEXTUAL            0.996      0.134      7.415      0.000
    SPEED              0.329      0.098      3.366      0.001

 Residual Variances
    X1                 0.617      0.103      5.991      0.000
    X2                 1.126      0.117      9.607      0.000
    X3                 0.810      0.112      7.221      0.000
    X4                 0.366      0.054      6.811      0.000
    X5                 0.465      0.077      6.029      0.000
    X6                 0.348      0.047      7.442      0.000
    X7                 0.850      0.103      8.269      0.000
    X8                 0.536      0.090      5.941      0.000
    X9                 0.508      0.090      5.668      0.000


STANDARDIZED MODEL RESULTS


STDYX Standardization

                                                    Two-Tailed
                    Estimate       S.E.  Est./S.E.    P-Value

 VISUAL   BY
    X1                 0.748      0.049     15.235      0.000
    X2                 0.427      0.075      5.717      0.000
    X3                 0.606      0.067      9.098      0.000

 TEXTUAL  BY
    X4                 0.855      0.025     34.714      0.000
    X5                 0.847      0.032     26.189      0.000
    X6                 0.837      0.030     28.108      0.000

 SPEED    BY
    X7                 0.528      0.068      7.816      0.000
    X8                 0.688      0.067     10.241      0.000
    X9                 0.708      0.067     10.544      0.000

 TEXTUAL  WITH
    VISUAL             0.475      0.068      6.950      0.000

 SPEED    WITH
    VISUAL             0.538      0.085      6.340      0.000
    TEXTUAL            0.277      0.072      3.842      0.000

 Intercepts
    X1                 4.166      0.180     23.183      0.000
    X2                 5.202      0.260     20.022      0.000
    X3                 1.978      0.164     12.067      0.000
    X4                 2.634      0.162     16.248      0.000
    X5                 3.378      0.192     17.560      0.000
    X6                 2.008      0.145     13.858      0.000
    X7                 3.878      0.217     17.856      0.000
    X8                 5.462      0.226     24.135      0.000
    X9                 5.304      0.253     21.002      0.000

 Variances
    VISUAL             1.000      0.000    999.000    999.000
    TEXTUAL            1.000      0.000    999.000    999.000
    SPEED              1.000      0.000    999.000    999.000

 Residual Variances
    X1                 0.441      0.073      5.998      0.000
    X2                 0.818      0.064     12.828      0.000
    X3                 0.633      0.081      7.846      0.000
    X4                 0.269      0.042      6.388      0.000
    X5                 0.283      0.055      5.173      0.000
    X6                 0.299      0.050      6.005      0.000
    X7                 0.721      0.071     10.106      0.000
    X8                 0.527      0.092      5.704      0.000
    X9                 0.499      0.095      5.244      0.000


STDY Standardization

                                                    Two-Tailed
                    Estimate       S.E.  Est./S.E.    P-Value

 VISUAL   BY
    X1                 0.748      0.049     15.235      0.000
    X2                 0.427      0.075      5.717      0.000
    X3                 0.606      0.067      9.098      0.000

 TEXTUAL  BY
    X4                 0.855      0.025     34.714      0.000
    X5                 0.847      0.032     26.189      0.000
    X6                 0.837      0.030     28.108      0.000

 SPEED    BY
    X7                 0.528      0.068      7.816      0.000
    X8                 0.688      0.067     10.241      0.000
    X9                 0.708      0.067     10.544      0.000

 TEXTUAL  WITH
    VISUAL             0.475      0.068      6.950      0.000

 SPEED    WITH
    VISUAL             0.538      0.085      6.340      0.000
    TEXTUAL            0.277      0.072      3.842      0.000

 Intercepts
    X1                 4.166      0.180     23.183      0.000
    X2                 5.202      0.260     20.022      0.000
    X3                 1.978      0.164     12.067      0.000
    X4                 2.634      0.162     16.248      0.000
    X5                 3.378      0.192     17.560      0.000
    X6                 2.008      0.145     13.858      0.000
    X7                 3.878      0.217     17.856      0.000
    X8                 5.462      0.226     24.135      0.000
    X9                 5.304      0.253     21.002      0.000

 Variances
    VISUAL             1.000      0.000    999.000    999.000
    TEXTUAL            1.000      0.000    999.000    999.000
    SPEED              1.000      0.000    999.000    999.000

 Residual Variances
    X1                 0.441      0.073      5.998      0.000
    X2                 0.818      0.064     12.828      0.000
    X3                 0.633      0.081      7.846      0.000
    X4                 0.269      0.042      6.388      0.000
    X5                 0.283      0.055      5.173      0.000
    X6                 0.299      0.050      6.005      0.000
    X7                 0.721      0.071     10.106      0.000
    X8                 0.527      0.092      5.704      0.000
    X9                 0.499      0.095      5.244      0.000


STD Standardization

                                                    Two-Tailed
                    Estimate       S.E.  Est./S.E.    P-Value

 VISUAL   BY
    X1                 0.885      0.078     11.401      0.000
    X2                 0.501      0.095      5.249      0.000
    X3                 0.685      0.102      6.707      0.000

 TEXTUAL  BY
    X4                 0.998      0.067     14.831      0.000
    X5                 1.085      0.092     11.810      0.000
    X6                 0.903      0.068     13.213      0.000

 SPEED    BY
    X7                 0.573      0.085      6.731      0.000
    X8                 0.694      0.079      8.749      0.000
    X9                 0.714      0.085      8.405      0.000

 TEXTUAL  WITH
    VISUAL             0.475      0.068      6.950      0.000

 SPEED    WITH
    VISUAL             0.538      0.085      6.340      0.000
    TEXTUAL            0.277      0.072      3.842      0.000

 Intercepts
    X1                 4.931      0.079     62.599      0.000
    X2                 6.105      0.078     78.198      0.000
    X3                 2.239      0.078     28.711      0.000
    X4                 3.074      0.084     36.744      0.000
    X5                 4.328      0.087     49.664      0.000
    X6                 2.166      0.079     27.335      0.000
    X7                 4.210      0.072     58.785      0.000
    X8                 5.508      0.066     83.477      0.000
    X9                 5.352      0.065     81.980      0.000

 Variances
    VISUAL             1.000      0.000    999.000    999.000
    TEXTUAL            1.000      0.000    999.000    999.000
    SPEED              1.000      0.000    999.000    999.000

 Residual Variances
    X1                 0.617      0.103      5.991      0.000
    X2                 1.126      0.117      9.607      0.000
    X3                 0.810      0.112      7.221      0.000
    X4                 0.366      0.054      6.811      0.000
    X5                 0.465      0.077      6.029      0.000
    X6                 0.348      0.047      7.442      0.000
    X7                 0.850      0.103      8.269      0.000
    X8                 0.536      0.090      5.941      0.000
    X9                 0.508      0.090      5.668      0.000


R-SQUARE

    Observed                                        Two-Tailed
    Variable        Estimate       S.E.  Est./S.E.    P-Value

    X1                 0.559      0.073      7.618      0.000
    X2                 0.182      0.064      2.859      0.004
    X3                 0.367      0.081      4.549      0.000
    X4                 0.731      0.042     17.357      0.000
    X5                 0.717      0.055     13.095      0.000
    X6                 0.701      0.050     14.054      0.000
    X7                 0.279      0.071      3.908      0.000
    X8                 0.473      0.092      5.120      0.000
    X9                 0.501      0.095      5.272      0.000


QUALITY OF NUMERICAL RESULTS

     Condition Number for the Information Matrix              0.222E-02
       (ratio of smallest to largest eigenvalue)


     Beginning Time:  15:51:33
        Ending Time:  15:51:33
       Elapsed Time:  00:00:00



MUTHEN & MUTHEN
3463 Stoner Ave.
Los Angeles, CA  90066

Tel: (310) 391-9971
Fax: (310) 391-8971
Web: www.StatModel.com
Support: Support@StatModel.com

Copyright (c) 1998-2011 Muthen & Muthen
