Mplus VERSION 6.11 (Linux)
MUTHEN & MUTHEN
04/27/2011   3:51 PM

INPUT INSTRUCTIONS

  title:
                  [This syntax is autogenerated]
                  CFA Mplus syntax
  data:
                  file is HS.missing.raw;
  variable:
                  names are
                  x1  x2  x3  x4  x5  x6
                  x7  x8  x9  ;
                  missing are all (-999999);
  analysis:
  !               model=nomeanstructure;
                  estimator=WLS;
  !               information=expected;
                  convergence=0.00000001;

  model:
                  visual by x1;
                  visual by x2;
                  visual by x3;
                  textual by x4;
                  textual by x5;
                  textual by x6;
                  speed by x7;
                  speed by x8;
                  speed by x9;
  Output: standardized;



*** WARNING in ANALYSIS command
  Estimator WLS with all continuous variables is only available when
  LISTWISE=ON is specified in the DATA command.  Default estimator
  will be used.
   1 WARNING(S) FOUND IN THE INPUT INSTRUCTIONS




[This syntax is autogenerated]
CFA Mplus syntax

SUMMARY OF ANALYSIS

Number of groups                                                 1
Number of observations                                         301

Number of dependent variables                                    9
Number of independent variables                                  0
Number of continuous latent variables                            3

Observed dependent variables

  Continuous
   X1          X2          X3          X4          X5          X6
   X7          X8          X9

Continuous latent variables
   VISUAL      TEXTUAL     SPEED


Estimator                                                       ML
Information matrix                                        OBSERVED
Maximum number of iterations                                  1000
Convergence criterion                                    0.100D-07
Maximum number of steepest descent iterations                   20
Maximum number of iterations for H1                           2000
Convergence criterion for H1                             0.100D-03

Input data file(s)
  HS.missing.raw

Input data format  FREE


SUMMARY OF DATA

     Number of missing data patterns            36


COVARIANCE COVERAGE OF DATA

Minimum covariance coverage value   0.100


     PROPORTION OF DATA PRESENT


           Covariance Coverage
              X1            X2            X3            X4            X5
              ________      ________      ________      ________      ________
 X1             0.934
 X2             0.867         0.934
 X3             0.867         0.870         0.934
 X4             0.870         0.880         0.867         0.934
 X5             0.870         0.874         0.870         0.874         0.934
 X6             0.867         0.880         0.874         0.867         0.870
 X7             0.870         0.874         0.874         0.867         0.867
 X8             0.870         0.870         0.870         0.874         0.874
 X9             0.870         0.870         0.867         0.874         0.870


           Covariance Coverage
              X6            X7            X8            X9
              ________      ________      ________      ________
 X6             0.934
 X7             0.870         0.934
 X8             0.870         0.870         0.934
 X9             0.867         0.870         0.870         0.934



THE MODEL ESTIMATION TERMINATED NORMALLY



MODEL FIT INFORMATION

Number of Free Parameters                       30

Loglikelihood

          H0 Value                       -3507.165
          H1 Value                       -3465.850

Information Criteria

          Akaike (AIC)                    7074.330
          Bayesian (BIC)                  7185.544
          Sample-Size Adjusted BIC        7090.401
            (n* = (n + 2) / 24)

Chi-Square Test of Model Fit

          Value                             82.631
          Degrees of Freedom                    24
          P-Value                           0.0000

RMSEA (Root Mean Square Error Of Approximation)

          Estimate                           0.090
          90 Percent C.I.                    0.069  0.112
          Probability RMSEA <= .05           0.001

CFI/TLI

          CFI                                0.925
          TLI                                0.888

Chi-Square Test of Model Fit for the Baseline Model

          Value                            822.648
          Degrees of Freedom                    36
          P-Value                           0.0000

SRMR (Standardized Root Mean Square Residual)

          Value                              0.061



MODEL RESULTS

                                                    Two-Tailed
                    Estimate       S.E.  Est./S.E.    P-Value

 VISUAL   BY
    X1                 1.000      0.000    999.000    999.000
    X2                 0.566      0.116      4.879      0.000
    X3                 0.774      0.129      6.023      0.000

 TEXTUAL  BY
    X4                 1.000      0.000    999.000    999.000
    X5                 1.087      0.069     15.693      0.000
    X6                 0.905      0.059     15.445      0.000

 SPEED    BY
    X7                 1.000      0.000    999.000    999.000
    X8                 1.210      0.173      7.000      0.000
    X9                 1.246      0.265      4.703      0.000

 TEXTUAL  WITH
    VISUAL             0.419      0.085      4.913      0.000

 SPEED    WITH
    VISUAL             0.273      0.055      4.921      0.000
    TEXTUAL            0.158      0.047      3.335      0.001

 Intercepts
    X1                 4.931      0.070     70.578      0.000
    X2                 6.105      0.070     87.528      0.000
    X3                 2.239      0.067     33.435      0.000
    X4                 3.074      0.068     45.056      0.000
    X5                 4.328      0.075     57.758      0.000
    X6                 2.166      0.063     34.335      0.000
    X7                 4.210      0.064     65.408      0.000
    X8                 5.508      0.060     92.438      0.000
    X9                 5.352      0.060     89.792      0.000

 Variances
    VISUAL             0.784      0.152      5.161      0.000
    TEXTUAL            0.996      0.117      8.481      0.000
    SPEED              0.329      0.097      3.385      0.001

 Residual Variances
    X1                 0.617      0.122      5.075      0.000
    X2                 1.126      0.108     10.409      0.000
    X3                 0.810      0.102      7.975      0.000
    X4                 0.366      0.053      6.970      0.000
    X5                 0.465      0.062      7.455      0.000
    X6                 0.348      0.045      7.660      0.000
    X7                 0.850      0.098      8.694      0.000
    X8                 0.536      0.101      5.308      0.000
    X9                 0.508      0.104      4.864      0.000


STANDARDIZED MODEL RESULTS


STDYX Standardization

                                                    Two-Tailed
                    Estimate       S.E.  Est./S.E.    P-Value

 VISUAL   BY
    X1                 0.748      0.059     12.785      0.000
    X2                 0.427      0.066      6.505      0.000
    X3                 0.606      0.062      9.794      0.000

 TEXTUAL  BY
    X4                 0.855      0.024     35.249      0.000
    X5                 0.847      0.024     34.829      0.000
    X6                 0.837      0.025     33.253      0.000

 SPEED    BY
    X7                 0.528      0.069      7.606      0.000
    X8                 0.688      0.072      9.594      0.000
    X9                 0.708      0.072      9.859      0.000

 TEXTUAL  WITH
    VISUAL             0.475      0.067      7.133      0.000

 SPEED    WITH
    VISUAL             0.538      0.087      6.169      0.000
    TEXTUAL            0.277      0.072      3.833      0.000

 Intercepts
    X1                 4.166      0.185     22.578      0.000
    X2                 5.202      0.226     22.983      0.000
    X3                 1.978      0.102     19.336      0.000
    X4                 2.634      0.124     21.252      0.000
    X5                 3.378      0.153     22.103      0.000
    X6                 2.008      0.102     19.668      0.000
    X7                 3.878      0.174     22.282      0.000
    X8                 5.462      0.236     23.111      0.000
    X9                 5.304      0.230     23.059      0.000

 Variances
    VISUAL             1.000      0.000    999.000    999.000
    TEXTUAL            1.000      0.000    999.000    999.000
    SPEED              1.000      0.000    999.000    999.000

 Residual Variances
    X1                 0.441      0.088      5.033      0.000
    X2                 0.818      0.056     14.597      0.000
    X3                 0.633      0.075      8.447      0.000
    X4                 0.269      0.041      6.486      0.000
    X5                 0.283      0.041      6.880      0.000
    X6                 0.299      0.042      7.104      0.000
    X7                 0.721      0.073      9.834      0.000
    X8                 0.527      0.099      5.344      0.000
    X9                 0.499      0.102      4.903      0.000


STDY Standardization

                                                    Two-Tailed
                    Estimate       S.E.  Est./S.E.    P-Value

 VISUAL   BY
    X1                 0.748      0.059     12.785      0.000
    X2                 0.427      0.066      6.505      0.000
    X3                 0.606      0.062      9.794      0.000

 TEXTUAL  BY
    X4                 0.855      0.024     35.249      0.000
    X5                 0.847      0.024     34.829      0.000
    X6                 0.837      0.025     33.253      0.000

 SPEED    BY
    X7                 0.528      0.069      7.606      0.000
    X8                 0.688      0.072      9.594      0.000
    X9                 0.708      0.072      9.859      0.000

 TEXTUAL  WITH
    VISUAL             0.475      0.067      7.133      0.000

 SPEED    WITH
    VISUAL             0.538      0.087      6.169      0.000
    TEXTUAL            0.277      0.072      3.833      0.000

 Intercepts
    X1                 4.166      0.185     22.578      0.000
    X2                 5.202      0.226     22.983      0.000
    X3                 1.978      0.102     19.336      0.000
    X4                 2.634      0.124     21.252      0.000
    X5                 3.378      0.153     22.103      0.000
    X6                 2.008      0.102     19.668      0.000
    X7                 3.878      0.174     22.282      0.000
    X8                 5.462      0.236     23.111      0.000
    X9                 5.304      0.230     23.059      0.000

 Variances
    VISUAL             1.000      0.000    999.000    999.000
    TEXTUAL            1.000      0.000    999.000    999.000
    SPEED              1.000      0.000    999.000    999.000

 Residual Variances
    X1                 0.441      0.088      5.033      0.000
    X2                 0.818      0.056     14.597      0.000
    X3                 0.633      0.075      8.447      0.000
    X4                 0.269      0.041      6.486      0.000
    X5                 0.283      0.041      6.880      0.000
    X6                 0.299      0.042      7.104      0.000
    X7                 0.721      0.073      9.834      0.000
    X8                 0.527      0.099      5.344      0.000
    X9                 0.499      0.102      4.903      0.000


STD Standardization

                                                    Two-Tailed
                    Estimate       S.E.  Est./S.E.    P-Value

 VISUAL   BY
    X1                 0.885      0.086     10.322      0.000
    X2                 0.501      0.084      5.947      0.000
    X3                 0.685      0.083      8.290      0.000

 TEXTUAL  BY
    X4                 0.998      0.059     16.961      0.000
    X5                 1.085      0.065     16.715      0.000
    X6                 0.903      0.055     16.464      0.000

 SPEED    BY
    X7                 0.573      0.085      6.769      0.000
    X8                 0.694      0.083      8.324      0.000
    X9                 0.714      0.083      8.571      0.000

 TEXTUAL  WITH
    VISUAL             0.475      0.067      7.133      0.000

 SPEED    WITH
    VISUAL             0.538      0.087      6.169      0.000
    TEXTUAL            0.277      0.072      3.833      0.000

 Intercepts
    X1                 4.931      0.070     70.578      0.000
    X2                 6.105      0.070     87.528      0.000
    X3                 2.239      0.067     33.435      0.000
    X4                 3.074      0.068     45.056      0.000
    X5                 4.328      0.075     57.758      0.000
    X6                 2.166      0.063     34.335      0.000
    X7                 4.210      0.064     65.408      0.000
    X8                 5.508      0.060     92.438      0.000
    X9                 5.352      0.060     89.792      0.000

 Variances
    VISUAL             1.000      0.000    999.000    999.000
    TEXTUAL            1.000      0.000    999.000    999.000
    SPEED              1.000      0.000    999.000    999.000

 Residual Variances
    X1                 0.617      0.122      5.075      0.000
    X2                 1.126      0.108     10.409      0.000
    X3                 0.810      0.102      7.975      0.000
    X4                 0.366      0.053      6.970      0.000
    X5                 0.465      0.062      7.455      0.000
    X6                 0.348      0.045      7.660      0.000
    X7                 0.850      0.098      8.694      0.000
    X8                 0.536      0.101      5.308      0.000
    X9                 0.508      0.104      4.864      0.000


R-SQUARE

    Observed                                        Two-Tailed
    Variable        Estimate       S.E.  Est./S.E.    P-Value

    X1                 0.559      0.088      6.393      0.000
    X2                 0.182      0.056      3.253      0.001
    X3                 0.367      0.075      4.897      0.000
    X4                 0.731      0.041     17.625      0.000
    X5                 0.717      0.041     17.415      0.000
    X6                 0.701      0.042     16.626      0.000
    X7                 0.279      0.073      3.803      0.000
    X8                 0.473      0.099      4.797      0.000
    X9                 0.501      0.102      4.930      0.000


QUALITY OF NUMERICAL RESULTS

     Condition Number for the Information Matrix              0.264E-02
       (ratio of smallest to largest eigenvalue)


     Beginning Time:  15:51:34
        Ending Time:  15:51:34
       Elapsed Time:  00:00:00



MUTHEN & MUTHEN
3463 Stoner Ave.
Los Angeles, CA  90066

Tel: (310) 391-9971
Fax: (310) 391-8971
Web: www.StatModel.com
Support: Support@StatModel.com

Copyright (c) 1998-2011 Muthen & Muthen
