Mplus VERSION 6.11 (Linux)
MUTHEN & MUTHEN
07/18/2012   4:23 PM

INPUT INSTRUCTIONS

  TITLE:        this is an example of a path analysis
          with a combination of continuous and
          categorical dependent variables
  DATA:        FILE IS ex3.14.dat;
  VARIABLE:        NAMES ARE y1 y2 u1 x1-x3;
          CATEGORICAL IS u1;
  ANALYSIS: estimator=WLS;
  CONVERGENCE = 1E-9;
  MODEL:        y1 y2 ON x1 x2 x3;
          u1 ON y1 y2 x2;
  OUTPUT: standardized;



INPUT READING TERMINATED NORMALLY



this is an example of a path analysis
with a combination of continuous and
categorical dependent variables

SUMMARY OF ANALYSIS

Number of groups                                                 1
Number of observations                                         500

Number of dependent variables                                    3
Number of independent variables                                  3
Number of continuous latent variables                            0

Observed dependent variables

  Continuous
   Y1          Y2

  Binary and ordered categorical (ordinal)
   U1

Observed independent variables
   X1          X2          X3


Estimator                                                      WLS
Maximum number of iterations                                  1000
Convergence criterion                                    0.100D-08
Maximum number of steepest descent iterations                   20
Parameterization                                             DELTA

Input data file(s)
  ex3.14.dat

Input data format  FREE


UNIVARIATE PROPORTIONS AND COUNTS FOR CATEGORICAL VARIABLES

    U1
      Category 1    0.664      332.000
      Category 2    0.336      168.000



THE MODEL ESTIMATION TERMINATED NORMALLY



MODEL FIT INFORMATION

Number of Free Parameters                       14

Chi-Square Test of Model Fit

          Value                              1.504
          Degrees of Freedom                     3
          P-Value                           0.6814

RMSEA (Root Mean Square Error Of Approximation)

          Estimate                           0.000
          90 Percent C.I.                    0.000  0.058
          Probability RMSEA <= .05           0.921

CFI/TLI

          CFI                                1.000
          TLI                                1.006

Chi-Square Test of Model Fit for the Baseline Model

          Value                           1060.013
          Degrees of Freedom                    12
          P-Value                           0.0000



MODEL RESULTS

                                                    Two-Tailed
                    Estimate       S.E.  Est./S.E.    P-Value

 Y1       ON
    X1                 0.094      0.030      3.168      0.002
    X2                 0.203      0.032      6.344      0.000
    X3                 0.337      0.035      9.617      0.000

 Y2       ON
    X1                 0.270      0.022     12.081      0.000
    X2                 0.196      0.024      8.237      0.000
    X3                 0.109      0.024      4.546      0.000

 U1       ON
    Y1                 1.012      0.057     17.853      0.000
    Y2                -1.060      0.096    -11.011      0.000
    X2                 1.942      0.160     12.149      0.000

 Intercepts
    Y1                 0.957      0.033     29.210      0.000
    Y2                 1.983      0.024     82.789      0.000

 Thresholds
    U1$1              -0.118      0.228     -0.520      0.603

 Residual Variances
    Y1                 0.536      0.034     15.753      0.000
    Y2                 0.283      0.019     14.842      0.000


STANDARDIZED MODEL RESULTS

                      StdYX        Std
                    Estimate   Estimate

 Y1       ON
    X1                 0.119      0.094
    X2                 0.246      0.203
    X3                 0.411      0.337

 Y2       ON
    X1                 0.443      0.270
    X2                 0.311      0.196
    X3                 0.173      0.109

 U1       ON
    Y1                 0.378      1.012
    Y2                -0.304     -1.060
    X2                 0.882      1.942

 Intercepts
    Y1                 1.125      0.957
    Y2                 3.041      1.983

 Thresholds
    U1$1              -0.052     -0.118

 Residual Variances
    Y1                 0.741      0.536
    Y2                 0.666      0.283


R-SQUARE

    Observed                   Residual
    Variable        Estimate   Variance

    Y1                 0.259
    Y2                 0.334
    U1                 0.974      0.133


QUALITY OF NUMERICAL RESULTS

     Condition Number for the Information Matrix              0.532E-02
       (ratio of smallest to largest eigenvalue)


     Beginning Time:  16:23:16
        Ending Time:  16:23:17
       Elapsed Time:  00:00:01



MUTHEN & MUTHEN
3463 Stoner Ave.
Los Angeles, CA  90066

Tel: (310) 391-9971
Fax: (310) 391-8971
Web: www.StatModel.com
Support: Support@StatModel.com

Copyright (c) 1998-2011 Muthen & Muthen
