Mplus VERSION 6.11 (Linux)
MUTHEN & MUTHEN
07/18/2012   4:23 PM

INPUT INSTRUCTIONS

  TITLE:        this is an example of a path analysis
          with categorical dependent variables
  DATA:        FILE IS ex3.12.dat;
  VARIABLE:        NAMES ARE u1-u3 x1-x3;
          CATEGORICAL ARE u1-u3;
  ANALYSIS: estimator=ULSMV;
  CONVERGENCE = 1E-9;
  MODEL:        u1 u2 ON x1 x2 x3;
          u3 ON u1 u2 x2;
  OUTPUT: standardized;



INPUT READING TERMINATED NORMALLY



this is an example of a path analysis
with categorical dependent variables

SUMMARY OF ANALYSIS

Number of groups                                                 1
Number of observations                                         500

Number of dependent variables                                    3
Number of independent variables                                  3
Number of continuous latent variables                            0

Observed dependent variables

  Binary and ordered categorical (ordinal)
   U1          U2          U3

Observed independent variables
   X1          X2          X3


Estimator                                                    ULSMV
Maximum number of iterations                                  1000
Convergence criterion                                    0.100D-08
Maximum number of steepest descent iterations                   20
Parameterization                                             DELTA

Input data file(s)
  ex3.12.dat

Input data format  FREE


UNIVARIATE PROPORTIONS AND COUNTS FOR CATEGORICAL VARIABLES

    U1
      Category 1    0.398      199.000
      Category 2    0.226      113.000
      Category 3    0.376      188.000
    U2
      Category 1    0.528      264.000
      Category 2    0.472      236.000
    U3
      Category 1    0.440      220.000
      Category 2    0.126       63.000
      Category 3    0.156       78.000
      Category 4    0.278      139.000



THE MODEL ESTIMATION TERMINATED NORMALLY



MODEL FIT INFORMATION

Number of Free Parameters                       15

Chi-Square Test of Model Fit

          Value                              1.099*
          Degrees of Freedom                     3
          P-Value                           0.7774

*   The chi-square value for MLM, MLMV, MLR, ULSMV, WLSM and WLSMV cannot be used
    for chi-square difference testing in the regular way.  MLM, MLR and WLSM
    chi-square difference testing is described on the Mplus website.  MLMV, WLSMV,
    and ULSMV difference testing is done using the DIFFTEST option.

RMSEA (Root Mean Square Error Of Approximation)

          Estimate                           0.000
          90 Percent C.I.                    0.000  0.050
          Probability RMSEA <= .05           0.951

CFI/TLI

          CFI                                1.000
          TLI                                1.021

Chi-Square Test of Model Fit for the Baseline Model

          Value                            367.810
          Degrees of Freedom                    12
          P-Value                           0.0000



MODEL RESULTS

                                                    Two-Tailed
                    Estimate       S.E.  Est./S.E.    P-Value

 U1       ON
    X1                 2.643      0.204     12.978      0.000
    X2                 1.719      0.129     13.312      0.000
    X3                 0.915      0.105      8.738      0.000

 U2       ON
    X1                 0.928      0.177      5.235      0.000
    X2                 2.132      0.311      6.866      0.000
    X3                 3.378      0.472      7.165      0.000

 U3       ON
    U1                 0.595      0.053     11.271      0.000
    U2                -0.476      0.067     -7.059      0.000
    X2                 2.247      0.166     13.573      0.000

 Thresholds
    U1$1              -0.877      0.108     -8.095      0.000
    U1$2               1.101      0.115      9.552      0.000
    U2$1               0.111      0.114      0.971      0.331
    U3$1              -0.502      0.098     -5.120      0.000
    U3$2               0.463      0.093      4.961      0.000
    U3$3               1.696      0.127     13.382      0.000


STANDARDIZED MODEL RESULTS

                      StdYX        Std
                    Estimate   Estimate

 U1       ON
    X1                 0.772      2.643
    X2                 0.485      1.719
    X3                 0.259      0.915

 U2       ON
    X1                 0.220      0.928
    X2                 0.489      2.132
    X3                 0.778      3.378

 U3       ON
    U1                 0.727      0.595
    U2                -0.715     -0.476
    X2                 0.774      2.247

 Thresholds
    U1$1              -0.239     -0.877
    U1$2               0.300      1.101
    U2$1               0.025      0.111
    U3$1              -0.167     -0.502
    U3$2               0.154      0.463
    U3$3               0.566      1.696


R-SQUARE

    Observed                   Residual
    Variable        Estimate   Variance

    U1                 0.926      1.000
    U2                 0.951      1.000
    U3                 0.953      0.419


QUALITY OF NUMERICAL RESULTS

     Condition Number for the Information Matrix              0.172E-01
       (ratio of smallest to largest eigenvalue)


     Beginning Time:  16:23:16
        Ending Time:  16:23:16
       Elapsed Time:  00:00:00



MUTHEN & MUTHEN
3463 Stoner Ave.
Los Angeles, CA  90066

Tel: (310) 391-9971
Fax: (310) 391-8971
Web: www.StatModel.com
Support: Support@StatModel.com

Copyright (c) 1998-2011 Muthen & Muthen
