Mplus VERSION 8.2
MUTHEN & MUTHEN
01/20/2024   8:47 PM

INPUT INSTRUCTIONS



      TITLE:        this is an example of a path analysis
              with a combination of continuous and
              categorical dependent variables
      DATA:        FILE IS ex3.14.dat;
      VARIABLE:        NAMES ARE y1 y2 u1 x1-x3;
              CATEGORICAL IS u1;
      ANALYSIS: estimator=WLS;
      CONVERGENCE = 1E-9;
      MODEL:        y1 y2 ON x1 x2 x3;
              u1 ON y1 y2 x2;
      OUTPUT: standardized;









INPUT READING TERMINATED NORMALLY



this is an example of a path analysis
with a combination of continuous and
categorical dependent variables

SUMMARY OF ANALYSIS

Number of groups                                                 1
Number of observations                                         500

Number of dependent variables                                    3
Number of independent variables                                  3
Number of continuous latent variables                            0

Observed dependent variables

  Continuous
   Y1          Y2

  Binary and ordered categorical (ordinal)
   U1

Observed independent variables
   X1          X2          X3


Estimator                                                      WLS
Maximum number of iterations                                  1000
Convergence criterion                                    0.100D-08
Maximum number of steepest descent iterations                   20
Parameterization                                             DELTA
Link                                                        PROBIT

Input data file(s)
  ex3.14.dat

Input data format  FREE


UNIVARIATE PROPORTIONS AND COUNTS FOR CATEGORICAL VARIABLES

    U1
      Category 1    0.664          332.000
      Category 2    0.336          168.000



UNIVARIATE SAMPLE STATISTICS


     UNIVARIATE HIGHER-ORDER MOMENT DESCRIPTIVE STATISTICS

         Variable/         Mean/     Skewness/   Minimum/ % with                Percentiles
        Sample Size      Variance    Kurtosis    Maximum  Min/Max      20%/60%    40%/80%    Median

     Y1                    0.950       0.007      -1.278    0.20%       0.160      0.742      0.984
             500.000       0.716      -0.427       3.170    0.20%       1.178      1.722
     Y2                    1.987       0.050       0.186    0.20%       1.432      1.803      2.001
             500.000       0.424      -0.114       4.374    0.20%       2.141      2.559
     X1                    0.046       0.006      -3.268    0.20%      -0.875     -0.207      0.030
             500.000       1.143       0.311       3.468    0.20%       0.358      0.873
     X2                   -0.027      -0.152      -2.818    0.20%      -0.986     -0.221      0.093
             500.000       1.066      -0.277       2.993    0.20%       0.341      0.820
     X3                   -0.012       0.034      -3.229    0.20%      -0.798     -0.270     -0.038
             500.000       1.074       0.285       3.252    0.20%       0.219      0.851


THE MODEL ESTIMATION TERMINATED NORMALLY



MODEL FIT INFORMATION

Number of Free Parameters                       14

Chi-Square Test of Model Fit

          Value                              1.504
          Degrees of Freedom                     3
          P-Value                           0.6814

RMSEA (Root Mean Square Error Of Approximation)

          Estimate                           0.000
          90 Percent C.I.                    0.000  0.058
          Probability RMSEA <= .05           0.921

CFI/TLI

          CFI                                1.000
          TLI                                1.006

Chi-Square Test of Model Fit for the Baseline Model

          Value                           1060.013
          Degrees of Freedom                    12
          P-Value                           0.0000

SRMR (Standardized Root Mean Square Residual)

          Value                              0.025

Optimum Function Value for Weighted Least-Squares Estimator

          Value                     0.15039617D-02



MODEL RESULTS

                                                    Two-Tailed
                    Estimate       S.E.  Est./S.E.    P-Value

 Y1       ON
    X1                 0.094      0.030      3.168      0.002
    X2                 0.203      0.032      6.344      0.000
    X3                 0.337      0.035      9.617      0.000

 Y2       ON
    X1                 0.270      0.022     12.081      0.000
    X2                 0.196      0.024      8.237      0.000
    X3                 0.109      0.024      4.546      0.000

 U1       ON
    Y1                 1.012      0.057     17.853      0.000
    Y2                -1.060      0.096    -11.011      0.000
    X2                 1.942      0.160     12.149      0.000

 Intercepts
    Y1                 0.957      0.033     29.210      0.000
    Y2                 1.983      0.024     82.789      0.000

 Thresholds
    U1$1              -0.118      0.228     -0.520      0.603

 Residual Variances
    Y1                 0.536      0.034     15.753      0.000
    Y2                 0.283      0.019     14.842      0.000


STANDARDIZED MODEL RESULTS


STDYX Standardization

                                                    Two-Tailed
                    Estimate       S.E.  Est./S.E.    P-Value

 Y1       ON
    X1                 0.119      0.037      3.209      0.001
    X2                 0.246      0.037      6.600      0.000
    X3                 0.411      0.038     10.827      0.000

 Y2       ON
    X1                 0.443      0.034     12.942      0.000
    X2                 0.311      0.036      8.515      0.000
    X3                 0.173      0.038      4.607      0.000

 U1       ON
    Y1                 0.378      0.032     11.786      0.000
    Y2                -0.304      0.033     -9.156      0.000
    X2                 0.882      0.026     33.920      0.000

 Intercepts
    Y1                 1.125      0.056     20.143      0.000
    Y2                 3.041      0.105     29.045      0.000

 Thresholds
    U1$1              -0.052      0.101     -0.517      0.605

 Residual Variances
    Y1                 0.741      0.034     21.494      0.000
    Y2                 0.666      0.035     18.864      0.000


STDY Standardization

                                                    Two-Tailed
                    Estimate       S.E.  Est./S.E.    P-Value

 Y1       ON
    X1                 0.111      0.034      3.225      0.001
    X2                 0.238      0.035      6.724      0.000
    X3                 0.396      0.035     11.254      0.000

 Y2       ON
    X1                 0.414      0.030     13.651      0.000
    X2                 0.301      0.034      8.761      0.000
    X3                 0.167      0.036      4.654      0.000

 U1       ON
    Y1                 0.378      0.032     11.786      0.000
    Y2                -0.304      0.033     -9.156      0.000
    X2                 0.854      0.032     26.320      0.000

 Intercepts
    Y1                 1.125      0.056     20.143      0.000
    Y2                 3.041      0.105     29.045      0.000

 Thresholds
    U1$1              -0.052      0.101     -0.517      0.605

 Residual Variances
    Y1                 0.741      0.034     21.494      0.000
    Y2                 0.666      0.035     18.864      0.000


STD Standardization

                                                    Two-Tailed
                    Estimate       S.E.  Est./S.E.    P-Value

 Y1       ON
    X1                 0.094      0.030      3.168      0.002
    X2                 0.203      0.032      6.344      0.000
    X3                 0.337      0.035      9.617      0.000

 Y2       ON
    X1                 0.270      0.022     12.081      0.000
    X2                 0.196      0.024      8.237      0.000
    X3                 0.109      0.024      4.546      0.000

 U1       ON
    Y1                 1.012      0.057     17.853      0.000
    Y2                -1.060      0.096    -11.011      0.000
    X2                 1.942      0.160     12.149      0.000

 Intercepts
    Y1                 0.957      0.033     29.210      0.000
    Y2                 1.983      0.024     82.789      0.000

 Thresholds
    U1$1              -0.118      0.228     -0.520      0.603

 Residual Variances
    Y1                 0.536      0.034     15.753      0.000
    Y2                 0.283      0.019     14.842      0.000


R-SQUARE

    Observed                                        Two-Tailed   Residual
    Variable        Estimate       S.E.  Est./S.E.    P-Value    Variance

    Y1                 0.259      0.034      7.514      0.000
    Y2                 0.334      0.035      9.468      0.000
    U1                 0.974      0.014     69.425      0.000      0.133


QUALITY OF NUMERICAL RESULTS

     Condition Number for the Information Matrix              0.532E-02
       (ratio of smallest to largest eigenvalue)


     Beginning Time:  20:47:19
        Ending Time:  20:47:19
       Elapsed Time:  00:00:00



MUTHEN & MUTHEN
3463 Stoner Ave.
Los Angeles, CA  90066

Tel: (310) 391-9971
Fax: (310) 391-8971
Web: www.StatModel.com
Support: Support@StatModel.com

Copyright (c) 1998-2018 Muthen & Muthen
