Mplus VERSION 6.11 (Linux)
MUTHEN & MUTHEN
07/18/2012   4:23 PM

INPUT INSTRUCTIONS

  TITLE:        this is an example of a path analysis
          with categorical dependent variables
  DATA:        FILE IS ex3.12.dat;
  VARIABLE:        NAMES ARE u1-u3 x1-x3;
          CATEGORICAL ARE u1-u3;
  ANALYSIS: estimator=WLS;
  CONVERGENCE = 1E-9;
  MODEL:        u1 u2 ON x1 x2 x3;
          u3 ON u1 u2 x2;
  OUTPUT: standardized;



INPUT READING TERMINATED NORMALLY



this is an example of a path analysis
with categorical dependent variables

SUMMARY OF ANALYSIS

Number of groups                                                 1
Number of observations                                         500

Number of dependent variables                                    3
Number of independent variables                                  3
Number of continuous latent variables                            0

Observed dependent variables

  Binary and ordered categorical (ordinal)
   U1          U2          U3

Observed independent variables
   X1          X2          X3


Estimator                                                      WLS
Maximum number of iterations                                  1000
Convergence criterion                                    0.100D-08
Maximum number of steepest descent iterations                   20
Parameterization                                             DELTA

Input data file(s)
  ex3.12.dat

Input data format  FREE


UNIVARIATE PROPORTIONS AND COUNTS FOR CATEGORICAL VARIABLES

    U1
      Category 1    0.398      199.000
      Category 2    0.226      113.000
      Category 3    0.376      188.000
    U2
      Category 1    0.528      264.000
      Category 2    0.472      236.000
    U3
      Category 1    0.440      220.000
      Category 2    0.126       63.000
      Category 3    0.156       78.000
      Category 4    0.278      139.000



THE MODEL ESTIMATION TERMINATED NORMALLY



MODEL FIT INFORMATION

Number of Free Parameters                       15

Chi-Square Test of Model Fit

          Value                              1.000
          Degrees of Freedom                     3
          P-Value                           0.8012

RMSEA (Root Mean Square Error Of Approximation)

          Estimate                           0.000
          90 Percent C.I.                    0.000  0.047
          Probability RMSEA <= .05           0.957

CFI/TLI

          CFI                                1.000
          TLI                                1.014

Chi-Square Test of Model Fit for the Baseline Model

          Value                            582.190
          Degrees of Freedom                    12
          P-Value                           0.0000



MODEL RESULTS

                                                    Two-Tailed
                    Estimate       S.E.  Est./S.E.    P-Value

 U1       ON
    X1                 2.658      0.197     13.519      0.000
    X2                 1.738      0.124     14.024      0.000
    X3                 0.937      0.101      9.258      0.000

 U2       ON
    X1                 0.963      0.172      5.609      0.000
    X2                 2.214      0.294      7.528      0.000
    X3                 3.501      0.448      7.819      0.000

 U3       ON
    U1                 0.591      0.050     11.862      0.000
    U2                -0.466      0.063     -7.376      0.000
    X2                 2.214      0.155     14.257      0.000

 Thresholds
    U1$1              -0.886      0.108     -8.216      0.000
    U1$2               1.103      0.115      9.623      0.000
    U2$1               0.114      0.114      0.999      0.318
    U3$1              -0.489      0.097     -5.064      0.000
    U3$2               0.455      0.093      4.913      0.000
    U3$3               1.661      0.119     14.014      0.000


STANDARDIZED MODEL RESULTS

                      StdYX        Std
                    Estimate   Estimate

 U1       ON
    X1                 0.770      2.658
    X2                 0.486      1.738
    X3                 0.263      0.937

 U2       ON
    X1                 0.221      0.963
    X2                 0.491      2.214
    X3                 0.779      3.501

 U3       ON
    U1                 0.737      0.591
    U2                -0.733     -0.466
    X2                 0.772      2.214

 Thresholds
    U1$1              -0.240     -0.886
    U1$2               0.299      1.103
    U2$1               0.024      0.114
    U3$1              -0.165     -0.489
    U3$2               0.154      0.455
    U3$3               0.561      1.661


R-SQUARE

    Observed                   Residual
    Variable        Estimate   Variance

    U1                 0.927      1.000
    U2                 0.954      1.000
    U3                 0.951      0.434


QUALITY OF NUMERICAL RESULTS

     Condition Number for the Information Matrix              0.997E-03
       (ratio of smallest to largest eigenvalue)


     Beginning Time:  16:23:16
        Ending Time:  16:23:16
       Elapsed Time:  00:00:00



MUTHEN & MUTHEN
3463 Stoner Ave.
Los Angeles, CA  90066

Tel: (310) 391-9971
Fax: (310) 391-8971
Web: www.StatModel.com
Support: Support@StatModel.com

Copyright (c) 1998-2011 Muthen & Muthen
