Mplus VERSION 8.2
MUTHEN & MUTHEN
01/08/2024   9:54 AM

INPUT INSTRUCTIONS


    TITLE:        this is an example of a multiple group CFA
            with covariates (MIMIC) with categorical
            factor indicators and a threshold
            structure
    DATA:        FILE IS ex5.16.dat;
    VARIABLE:        NAMES ARE u1-u6 x1-x3 g;
            CATEGORICAL ARE u1-u6;
            GROUPING IS g (1=male 2=female);
    ANALYSIS: estimator=WLSMV;
    convergence=1e-10;
    MODEL:        f1 BY u1-u3;
            f2 BY u4-u6;
            f1 f2 ON x1-x3;
    MODEL female:
            f1 BY u3;
            [u3$1];
            {u3@1};
    output: standardized;






INPUT READING TERMINATED NORMALLY



this is an example of a multiple group CFA
with covariates (MIMIC) with categorical
factor indicators and a threshold
structure

SUMMARY OF ANALYSIS

Number of groups                                                 2
Number of observations
   Group MALE                                                 1000
   Group FEMALE                                               1200
   Total sample size                                          2200

Number of dependent variables                                    6
Number of independent variables                                  3
Number of continuous latent variables                            2

Observed dependent variables

  Binary and ordered categorical (ordinal)
   U1          U2          U3          U4          U5          U6

Observed independent variables
   X1          X2          X3

Continuous latent variables
   F1          F2

Variables with special functions

  Grouping variable     G

Estimator                                                    WLSMV
Maximum number of iterations                                  1000
Convergence criterion                                    0.100D-09
Maximum number of steepest descent iterations                   20
Parameterization                                             DELTA
Link                                                        PROBIT

Input data file(s)
  ex5.16.dat

Input data format  FREE


UNIVARIATE PROPORTIONS AND COUNTS FOR CATEGORICAL VARIABLES

  Group MALE
    U1
      Category 1    0.260          260.000
      Category 2    0.740          740.000
    U2
      Category 1    0.354          354.000
      Category 2    0.646          646.000
    U3
      Category 1    0.432          432.000
      Category 2    0.568          568.000
    U4
      Category 1    0.495          495.000
      Category 2    0.505          505.000
    U5
      Category 1    0.547          547.000
      Category 2    0.453          453.000
    U6
      Category 1    0.631          631.000
      Category 2    0.369          369.000

  Group FEMALE
    U1
      Category 1    0.271          325.000
      Category 2    0.729          875.000
    U2
      Category 1    0.382          458.000
      Category 2    0.618          742.000
    U3
      Category 1    0.693          831.000
      Category 2    0.307          369.000
    U4
      Category 1    0.512          614.000
      Category 2    0.488          586.000
    U5
      Category 1    0.571          685.000
      Category 2    0.429          515.000
    U6
      Category 1    0.638          766.000
      Category 2    0.362          434.000



UNIVARIATE SAMPLE STATISTICS


     UNIVARIATE HIGHER-ORDER MOMENT DESCRIPTIVE STATISTICS FOR MALE

         Variable/         Mean/     Skewness/   Minimum/ % with                Percentiles
        Sample Size      Variance    Kurtosis    Maximum  Min/Max      20%/60%    40%/80%    Median

     X1                   -0.022      -0.059      -3.215    0.10%      -0.816     -0.282     -0.047
            1000.000       0.979      -0.046       2.840    0.10%       0.185      0.828
     X2                    0.024      -0.081      -3.990    0.10%      -0.801     -0.190      0.026
            1000.000       1.047       0.136       3.812    0.10%       0.275      0.847
     X3                    0.029      -0.028      -3.223    0.10%      -0.871     -0.281      0.049
            1000.000       1.091      -0.180       2.983    0.10%       0.309      0.929


     UNIVARIATE HIGHER-ORDER MOMENT DESCRIPTIVE STATISTICS FOR FEMALE

         Variable/         Mean/     Skewness/   Minimum/ % with                Percentiles
        Sample Size      Variance    Kurtosis    Maximum  Min/Max      20%/60%    40%/80%    Median

     X1                    0.011       0.082      -3.147    0.08%      -0.884     -0.252      0.017
            1200.000       1.069       0.045       4.267    0.08%       0.280      0.859
     X2                   -0.033      -0.026      -3.406    0.08%      -0.847     -0.294     -0.042
            1200.000       1.002       0.002       2.888    0.08%       0.203      0.820
     X3                   -0.057      -0.051      -3.400    0.08%      -0.884     -0.305     -0.058
            1200.000       1.042       0.032       2.964    0.08%       0.194      0.800


THE MODEL ESTIMATION TERMINATED NORMALLY



MODEL FIT INFORMATION

Number of Free Parameters                       37

Chi-Square Test of Model Fit

          Value                             33.720*
          Degrees of Freedom                    41
          P-Value                           0.7830

Chi-Square Contribution From Each Group

          MALE                              15.999
          FEMALE                            17.721

*   The chi-square value for MLM, MLMV, MLR, ULSMV, WLSM and WLSMV cannot be used
    for chi-square difference testing in the regular way.  MLM, MLR and WLSM
    chi-square difference testing is described on the Mplus website.  MLMV, WLSMV,
    and ULSMV difference testing is done using the DIFFTEST option.

RMSEA (Root Mean Square Error Of Approximation)

          Estimate                           0.000
          90 Percent C.I.                    0.000  0.014
          Probability RMSEA <= .05           1.000

CFI/TLI

          CFI                                1.000
          TLI                                1.002

Chi-Square Test of Model Fit for the Baseline Model

          Value                           6573.871
          Degrees of Freedom                    66
          P-Value                           0.0000

SRMR (Standardized Root Mean Square Residual)

          Value                              0.016

Optimum Function Value for Weighted Least-Squares Estimator

          Value                     0.48566117D-02



MODEL RESULTS

                                                    Two-Tailed
                    Estimate       S.E.  Est./S.E.    P-Value

Group MALE

 F1       BY
    U1                 1.000      0.000    999.000    999.000
    U2                 0.957      0.049     19.609      0.000
    U3                 0.978      0.049     20.074      0.000

 F2       BY
    U4                 1.000      0.000    999.000    999.000
    U5                 1.002      0.044     22.888      0.000
    U6                 0.991      0.045     22.037      0.000

 F1       ON
    X1                 0.499      0.044     11.288      0.000
    X2                 0.550      0.045     12.308      0.000
    X3                 0.671      0.046     14.497      0.000

 F2       ON
    X1                 0.644      0.045     14.262      0.000
    X2                 0.619      0.043     14.241      0.000
    X3                 0.450      0.041     10.903      0.000

 F2       WITH
    F1                 0.005      0.043      0.117      0.907

 Intercepts
    F1                 0.000      0.000    999.000    999.000
    F2                 0.000      0.000    999.000    999.000

 Thresholds
    U1$1              -0.905      0.057    -15.936      0.000
    U2$1              -0.536      0.052    -10.363      0.000
    U3$1              -0.230      0.047     -4.920      0.000
    U4$1              -0.013      0.045     -0.297      0.767
    U5$1               0.198      0.042      4.669      0.000
    U6$1               0.499      0.049     10.286      0.000

 Residual Variances
    F1                 0.741      0.051     14.570      0.000
    F2                 0.691      0.044     15.554      0.000

 Scales
    U1                 1.000      0.000    999.000    999.000
    U2                 1.000      0.000    999.000    999.000
    U3                 1.000      0.000    999.000    999.000
    U4                 1.000      0.000    999.000    999.000
    U5                 1.000      0.000    999.000    999.000
    U6                 1.000      0.000    999.000    999.000

Group FEMALE

 F1       BY
    U1                 1.000      0.000    999.000    999.000
    U2                 0.957      0.049     19.609      0.000
    U3                 0.777      0.166      4.677      0.000

 F2       BY
    U4                 1.000      0.000    999.000    999.000
    U5                 1.002      0.044     22.888      0.000
    U6                 0.991      0.045     22.037      0.000

 F1       ON
    X1                 0.397      0.086      4.612      0.000
    X2                 0.471      0.100      4.699      0.000
    X3                 0.521      0.110      4.719      0.000

 F2       ON
    X1                 0.780      0.121      6.446      0.000
    X2                 0.648      0.103      6.274      0.000
    X3                 0.530      0.087      6.063      0.000

 F2       WITH
    F1                -0.039      0.036     -1.077      0.281

 Intercepts
    F1                -0.172      0.128     -1.341      0.180
    F2                -0.035      0.064     -0.546      0.585

 Thresholds
    U1$1              -0.905      0.057    -15.936      0.000
    U2$1              -0.536      0.052    -10.363      0.000
    U3$1               0.430      0.129      3.326      0.001
    U4$1              -0.013      0.045     -0.297      0.767
    U5$1               0.198      0.042      4.669      0.000
    U6$1               0.499      0.049     10.286      0.000

 Residual Variances
    F1                 0.409      0.172      2.383      0.017
    F2                 0.830      0.251      3.306      0.001

 Scales
    U1                 1.349      0.275      4.897      0.000
    U2                 1.356      0.302      4.482      0.000
    U3                 1.000      0.000    999.000    999.000
    U4                 0.939      0.142      6.636      0.000
    U5                 0.931      0.142      6.579      0.000
    U6                 0.917      0.133      6.874      0.000


STANDARDIZED MODEL RESULTS


STDYX Standardization

                                                    Two-Tailed
                    Estimate       S.E.  Est./S.E.    P-Value

Group MALE

 F1       BY
    U1                 0.936      0.015     63.306      0.000
    U2                 0.917      0.017     54.430      0.000
    U3                 0.926      0.015     61.072      0.000

 F2       BY
    U4                 0.923      0.014     67.278      0.000
    U5                 0.924      0.014     67.914      0.000
    U6                 0.919      0.015     62.650      0.000

 F1       ON
    X1                 0.364      0.028     12.987      0.000
    X2                 0.415      0.028     15.024      0.000
    X3                 0.517      0.027     19.413      0.000

 F2       ON
    X1                 0.477      0.027     17.940      0.000
    X2                 0.475      0.027     17.573      0.000
    X3                 0.352      0.028     12.612      0.000

 F2       WITH
    F1                 0.007      0.060      0.117      0.907

 Intercepts
    F1                 0.000      0.000    999.000    999.000
    F2                 0.000      0.000    999.000    999.000

 Thresholds
    U1$1              -0.624      0.037    -16.892      0.000
    U2$1              -0.378      0.035    -10.771      0.000
    U3$1              -0.160      0.032     -4.951      0.000
    U4$1              -0.009      0.031     -0.297      0.767
    U5$1               0.137      0.029      4.702      0.000
    U6$1               0.347      0.033     10.361      0.000

 Residual Variances
    F1                 0.402      0.028     14.521      0.000
    F2                 0.388      0.026     14.752      0.000

 Scales
    U1                 1.000      0.000      0.000      1.000
    U2                 1.000      0.000      0.000      1.000
    U3                 1.000      0.000      0.000      1.000
    U4                 1.000      0.000      0.000      1.000
    U5                 1.000      0.000      0.000      1.000
    U6                 1.000      0.000      0.000      1.000

Group FEMALE

 F1       BY
    U1                 0.943      0.016     57.703      0.000
    U2                 0.927      0.017     55.510      0.000
    U3                 0.689      0.028     24.328      0.000

 F2       BY
    U4                 0.939      0.013     74.099      0.000
    U5                 0.937      0.012     80.239      0.000
    U6                 0.926      0.013     73.300      0.000

 F1       ON
    X1                 0.387      0.025     15.627      0.000
    X2                 0.445      0.025     17.835      0.000
    X3                 0.502      0.024     20.756      0.000

 F2       ON
    X1                 0.534      0.023     23.661      0.000
    X2                 0.429      0.025     17.442      0.000
    X3                 0.359      0.024     14.733      0.000

 F2       WITH
    F1                -0.067      0.060     -1.119      0.263

 Intercepts
    F1                -0.162      0.151     -1.069      0.285
    F2                -0.023      0.040     -0.571      0.568

 Thresholds
    U1$1              -0.805      0.150     -5.375      0.000
    U2$1              -0.489      0.131     -3.724      0.000
    U3$1               0.359      0.108      3.313      0.001
    U4$1              -0.008      0.028     -0.301      0.763
    U5$1               0.123      0.032      3.784      0.000
    U6$1               0.309      0.041      7.471      0.000

 Residual Variances
    F1                 0.364      0.027     13.286      0.000
    F2                 0.364      0.025     14.542      0.000

 Scales
    U1                 1.000      0.000      0.000      1.000
    U2                 1.000      0.000      0.000      1.000
    U3                 1.000      0.000      0.000      1.000
    U4                 1.000      0.000      0.000      1.000
    U5                 1.000      0.000      0.000      1.000
    U6                 1.000      0.000      0.000      1.000


STDY Standardization

                                                    Two-Tailed
                    Estimate       S.E.  Est./S.E.    P-Value

Group MALE

 F1       BY
    U1                 0.936      0.015     63.306      0.000
    U2                 0.917      0.017     54.430      0.000
    U3                 0.926      0.015     61.072      0.000

 F2       BY
    U4                 0.923      0.014     67.278      0.000
    U5                 0.924      0.014     67.914      0.000
    U6                 0.919      0.015     62.650      0.000

 F1       ON
    X1                 0.368      0.027     13.400      0.000
    X2                 0.406      0.026     15.529      0.000
    X3                 0.494      0.024     20.313      0.000

 F2       ON
    X1                 0.482      0.026     18.712      0.000
    X2                 0.463      0.025     18.213      0.000
    X3                 0.337      0.026     13.006      0.000

 F2       WITH
    F1                 0.007      0.060      0.117      0.907

 Intercepts
    F1                 0.000      0.000    999.000    999.000
    F2                 0.000      0.000    999.000    999.000

 Thresholds
    U1$1              -0.624      0.037    -16.892      0.000
    U2$1              -0.378      0.035    -10.771      0.000
    U3$1              -0.160      0.032     -4.951      0.000
    U4$1              -0.009      0.031     -0.297      0.767
    U5$1               0.137      0.029      4.702      0.000
    U6$1               0.347      0.033     10.361      0.000

 Residual Variances
    F1                 0.402      0.028     14.521      0.000
    F2                 0.388      0.026     14.752      0.000

 Scales
    U1                 1.000      0.000      0.000      1.000
    U2                 1.000      0.000      0.000      1.000
    U3                 1.000      0.000      0.000      1.000
    U4                 1.000      0.000      0.000      1.000
    U5                 1.000      0.000      0.000      1.000
    U6                 1.000      0.000      0.000      1.000

Group FEMALE

 F1       BY
    U1                 0.943      0.016     57.703      0.000
    U2                 0.927      0.017     55.510      0.000
    U3                 0.689      0.028     24.328      0.000

 F2       BY
    U4                 0.939      0.013     74.099      0.000
    U5                 0.937      0.012     80.239      0.000
    U6                 0.926      0.013     73.300      0.000

 F1       ON
    X1                 0.374      0.023     16.176      0.000
    X2                 0.444      0.024     18.501      0.000
    X3                 0.492      0.023     21.670      0.000

 F2       ON
    X1                 0.517      0.021     24.764      0.000
    X2                 0.429      0.024     18.093      0.000
    X3                 0.351      0.023     15.235      0.000

 F2       WITH
    F1                -0.067      0.060     -1.119      0.263

 Intercepts
    F1                -0.162      0.151     -1.069      0.285
    F2                -0.023      0.040     -0.571      0.568

 Thresholds
    U1$1              -0.805      0.150     -5.375      0.000
    U2$1              -0.489      0.131     -3.724      0.000
    U3$1               0.359      0.108      3.313      0.001
    U4$1              -0.008      0.028     -0.301      0.763
    U5$1               0.123      0.032      3.784      0.000
    U6$1               0.309      0.041      7.471      0.000

 Residual Variances
    F1                 0.364      0.027     13.286      0.000
    F2                 0.364      0.025     14.542      0.000

 Scales
    U1                 1.000      0.000      0.000      1.000
    U2                 1.000      0.000      0.000      1.000
    U3                 1.000      0.000      0.000      1.000
    U4                 1.000      0.000      0.000      1.000
    U5                 1.000      0.000      0.000      1.000
    U6                 1.000      0.000      0.000      1.000


STD Standardization

                                                    Two-Tailed
                    Estimate       S.E.  Est./S.E.    P-Value

Group MALE

 F1       BY
    U1                 1.357      0.057     23.795      0.000
    U2                 1.300      0.058     22.488      0.000
    U3                 1.327      0.056     23.895      0.000

 F2       BY
    U4                 1.335      0.054     24.918      0.000
    U5                 1.337      0.055     24.419      0.000
    U6                 1.324      0.054     24.544      0.000

 F1       ON
    X1                 0.368      0.027     13.400      0.000
    X2                 0.406      0.026     15.529      0.000
    X3                 0.494      0.024     20.313      0.000

 F2       ON
    X1                 0.482      0.026     18.712      0.000
    X2                 0.463      0.025     18.213      0.000
    X3                 0.337      0.026     13.006      0.000

 F2       WITH
    F1                 0.007      0.060      0.117      0.907

 Intercepts
    F1                 0.000      0.000    999.000    999.000
    F2                 0.000      0.000    999.000    999.000

 Thresholds
    U1$1              -0.905      0.057    -15.936      0.000
    U2$1              -0.536      0.052    -10.363      0.000
    U3$1              -0.230      0.047     -4.920      0.000
    U4$1              -0.013      0.045     -0.297      0.767
    U5$1               0.198      0.042      4.669      0.000
    U6$1               0.499      0.049     10.286      0.000

 Residual Variances
    F1                 0.402      0.028     14.521      0.000
    F2                 0.388      0.026     14.752      0.000

 Scales
    U1                 1.000      0.000    999.000    999.000
    U2                 1.000      0.000    999.000    999.000
    U3                 1.000      0.000    999.000    999.000
    U4                 1.000      0.000    999.000    999.000
    U5                 1.000      0.000    999.000    999.000
    U6                 1.000      0.000    999.000    999.000

Group FEMALE

 F1       BY
    U1                 1.061      0.220      4.821      0.000
    U2                 1.015      0.220      4.617      0.000
    U3                 0.824      0.049     16.769      0.000

 F2       BY
    U4                 1.510      0.227      6.660      0.000
    U5                 1.513      0.228      6.642      0.000
    U6                 1.497      0.220      6.808      0.000

 F1       ON
    X1                 0.374      0.023     16.176      0.000
    X2                 0.444      0.024     18.501      0.000
    X3                 0.492      0.023     21.670      0.000

 F2       ON
    X1                 0.517      0.021     24.764      0.000
    X2                 0.429      0.024     18.093      0.000
    X3                 0.351      0.023     15.235      0.000

 F2       WITH
    F1                -0.067      0.060     -1.119      0.263

 Intercepts
    F1                -0.162      0.151     -1.069      0.285
    F2                -0.023      0.040     -0.571      0.568

 Thresholds
    U1$1              -0.905      0.057    -15.936      0.000
    U2$1              -0.536      0.052    -10.363      0.000
    U3$1               0.430      0.129      3.326      0.001
    U4$1              -0.013      0.045     -0.297      0.767
    U5$1               0.198      0.042      4.669      0.000
    U6$1               0.499      0.049     10.286      0.000

 Residual Variances
    F1                 0.364      0.027     13.286      0.000
    F2                 0.364      0.025     14.542      0.000

 Scales
    U1                 1.349      0.275      4.897      0.000
    U2                 1.356      0.302      4.482      0.000
    U3                 1.000      0.000    999.000    999.000
    U4                 0.939      0.142      6.636      0.000
    U5                 0.931      0.142      6.579      0.000
    U6                 0.917      0.133      6.874      0.000


R-SQUARE

Group MALE

    Observed                                        Two-Tailed   Residual
    Variable        Estimate       S.E.  Est./S.E.    P-Value    Variance

    U1                 0.877      0.028     31.653      0.000      0.259
    U2                 0.840      0.031     27.215      0.000      0.321
    U3                 0.858      0.028     30.536      0.000      0.292
    U4                 0.852      0.025     33.639      0.000      0.309
    U5                 0.854      0.025     33.957      0.000      0.307
    U6                 0.845      0.027     31.325      0.000      0.321

     Latent                                         Two-Tailed
    Variable        Estimate       S.E.  Est./S.E.    P-Value

    F1                 0.598      0.028     21.605      0.000
    F2                 0.612      0.026     23.295      0.000

Group FEMALE

    Observed                                        Two-Tailed   Residual
    Variable        Estimate       S.E.  Est./S.E.    P-Value    Variance

    U1                 0.889      0.031     28.851      0.000      0.140
    U2                 0.859      0.031     27.755      0.000      0.169
    U3                 0.474      0.039     12.164      0.000      0.753
    U4                 0.882      0.024     37.049      0.000      0.304
    U5                 0.877      0.022     40.120      0.000      0.320
    U6                 0.857      0.023     36.650      0.000      0.374

     Latent                                         Two-Tailed
    Variable        Estimate       S.E.  Est./S.E.    P-Value

    F1                 0.636      0.027     23.216      0.000
    F2                 0.636      0.025     25.427      0.000


QUALITY OF NUMERICAL RESULTS

     Condition Number for the Information Matrix              0.256E-03
       (ratio of smallest to largest eigenvalue)


     Beginning Time:  09:54:17
        Ending Time:  09:54:18
       Elapsed Time:  00:00:01



MUTHEN & MUTHEN
3463 Stoner Ave.
Los Angeles, CA  90066

Tel: (310) 391-9971
Fax: (310) 391-8971
Web: www.StatModel.com
Support: Support@StatModel.com

Copyright (c) 1998-2018 Muthen & Muthen
