Mplus VERSION 8.2
MUTHEN & MUTHEN
01/08/2024   9:54 AM

INPUT INSTRUCTIONS


    TITLE:        this is an example of a CFA with
            categorical factor indicators
    DATA:        FILE IS ex5.2.dat;
    VARIABLE:        NAMES ARE u1-u6;
            CATEGORICAL ARE u1-u6;
    ANALYSIS: estimator = WLS;
    MODEL:        f1 BY u1-u3;
            f2 BY u4-u6;
    OUTPUT: standardized;






INPUT READING TERMINATED NORMALLY



this is an example of a CFA with
categorical factor indicators

SUMMARY OF ANALYSIS

Number of groups                                                 1
Number of observations                                         500

Number of dependent variables                                    6
Number of independent variables                                  0
Number of continuous latent variables                            2

Observed dependent variables

  Binary and ordered categorical (ordinal)
   U1          U2          U3          U4          U5          U6

Continuous latent variables
   F1          F2


Estimator                                                      WLS
Maximum number of iterations                                  1000
Convergence criterion                                    0.500D-04
Maximum number of steepest descent iterations                   20
Parameterization                                             DELTA
Link                                                        PROBIT

Input data file(s)
  ex5.2.dat

Input data format  FREE


UNIVARIATE PROPORTIONS AND COUNTS FOR CATEGORICAL VARIABLES

    U1
      Category 1    0.504          252.000
      Category 2    0.496          248.000
    U2
      Category 1    0.506          253.000
      Category 2    0.494          247.000
    U3
      Category 1    0.496          248.000
      Category 2    0.504          252.000
    U4
      Category 1    0.524          262.000
      Category 2    0.476          238.000
    U5
      Category 1    0.508          254.000
      Category 2    0.492          246.000
    U6
      Category 1    0.510          255.000
      Category 2    0.490          245.000



THE MODEL ESTIMATION TERMINATED NORMALLY



MODEL FIT INFORMATION

Number of Free Parameters                       13

Chi-Square Test of Model Fit

          Value                              7.124
          Degrees of Freedom                     8
          P-Value                           0.5233

RMSEA (Root Mean Square Error Of Approximation)

          Estimate                           0.000
          90 Percent C.I.                    0.000  0.049
          Probability RMSEA <= .05           0.957

CFI/TLI

          CFI                                1.000
          TLI                                1.001

Chi-Square Test of Model Fit for the Baseline Model

          Value                           3024.050
          Degrees of Freedom                    15
          P-Value                           0.0000

SRMR (Standardized Root Mean Square Residual)

          Value                              0.022

Optimum Function Value for Weighted Least-Squares Estimator

          Value                     0.71242581D-02



MODEL RESULTS

                                                    Two-Tailed
                    Estimate       S.E.  Est./S.E.    P-Value

 F1       BY
    U1                 1.000      0.000    999.000    999.000
    U2                 1.078      0.043     25.173      0.000
    U3                 1.001      0.038     26.636      0.000

 F2       BY
    U4                 1.000      0.000    999.000    999.000
    U5                 1.098      0.051     21.689      0.000
    U6                 1.046      0.045     23.367      0.000

 F2       WITH
    F1                -0.027      0.048     -0.554      0.579

 Thresholds
    U1$1               0.007      0.056      0.130      0.896
    U2$1               0.008      0.056      0.145      0.885
    U3$1              -0.003      0.056     -0.046      0.964
    U4$1               0.059      0.056      1.055      0.291
    U5$1               0.015      0.056      0.271      0.787
    U6$1               0.027      0.056      0.490      0.624

 Variances
    F1                 0.804      0.045     17.730      0.000
    F2                 0.743      0.051     14.601      0.000


STANDARDIZED MODEL RESULTS


STDYX Standardization

                                                    Two-Tailed
                    Estimate       S.E.  Est./S.E.    P-Value

 F1       BY
    U1                 0.897      0.025     35.460      0.000
    U2                 0.967      0.021     45.658      0.000
    U3                 0.898      0.025     35.697      0.000

 F2       BY
    U4                 0.862      0.030     29.203      0.000
    U5                 0.946      0.024     39.597      0.000
    U6                 0.902      0.027     33.681      0.000

 F2       WITH
    F1                -0.035      0.062     -0.554      0.580

 Thresholds
    U1$1               0.007      0.056      0.130      0.896
    U2$1               0.008      0.056      0.145      0.885
    U3$1              -0.003      0.056     -0.046      0.964
    U4$1               0.059      0.056      1.055      0.291
    U5$1               0.015      0.056      0.271      0.787
    U6$1               0.027      0.056      0.490      0.624

 Variances
    F1                 1.000      0.000    999.000    999.000
    F2                 1.000      0.000    999.000    999.000


STDY Standardization

                                                    Two-Tailed
                    Estimate       S.E.  Est./S.E.    P-Value

 F1       BY
    U1                 0.897      0.025     35.460      0.000
    U2                 0.967      0.021     45.658      0.000
    U3                 0.898      0.025     35.697      0.000

 F2       BY
    U4                 0.862      0.030     29.203      0.000
    U5                 0.946      0.024     39.597      0.000
    U6                 0.902      0.027     33.681      0.000

 F2       WITH
    F1                -0.035      0.062     -0.554      0.580

 Thresholds
    U1$1               0.007      0.056      0.130      0.896
    U2$1               0.008      0.056      0.145      0.885
    U3$1              -0.003      0.056     -0.046      0.964
    U4$1               0.059      0.056      1.055      0.291
    U5$1               0.015      0.056      0.271      0.787
    U6$1               0.027      0.056      0.490      0.624

 Variances
    F1                 1.000      0.000    999.000    999.000
    F2                 1.000      0.000    999.000    999.000


STD Standardization

                                                    Two-Tailed
                    Estimate       S.E.  Est./S.E.    P-Value

 F1       BY
    U1                 0.897      0.025     35.460      0.000
    U2                 0.967      0.021     45.658      0.000
    U3                 0.898      0.025     35.697      0.000

 F2       BY
    U4                 0.862      0.030     29.203      0.000
    U5                 0.946      0.024     39.597      0.000
    U6                 0.902      0.027     33.681      0.000

 F2       WITH
    F1                -0.035      0.062     -0.554      0.580

 Thresholds
    U1$1               0.007      0.056      0.130      0.896
    U2$1               0.008      0.056      0.145      0.885
    U3$1              -0.003      0.056     -0.046      0.964
    U4$1               0.059      0.056      1.055      0.291
    U5$1               0.015      0.056      0.271      0.787
    U6$1               0.027      0.056      0.490      0.624

 Variances
    F1                 1.000      0.000    999.000    999.000
    F2                 1.000      0.000    999.000    999.000


R-SQUARE

    Observed                                        Two-Tailed   Residual
    Variable        Estimate       S.E.  Est./S.E.    P-Value    Variance

    U1                 0.804      0.045     17.730      0.000      0.196
    U2                 0.936      0.041     22.829      0.000      0.064
    U3                 0.806      0.045     17.849      0.000      0.194
    U4                 0.743      0.051     14.601      0.000      0.257
    U5                 0.895      0.045     19.799      0.000      0.105
    U6                 0.813      0.048     16.840      0.000      0.187


QUALITY OF NUMERICAL RESULTS

     Condition Number for the Information Matrix              0.307E-01
       (ratio of smallest to largest eigenvalue)


     Beginning Time:  09:54:18
        Ending Time:  09:54:18
       Elapsed Time:  00:00:00



MUTHEN & MUTHEN
3463 Stoner Ave.
Los Angeles, CA  90066

Tel: (310) 391-9971
Fax: (310) 391-8971
Web: www.StatModel.com
Support: Support@StatModel.com

Copyright (c) 1998-2018 Muthen & Muthen
