Mplus VERSION 8.2
MUTHEN & MUTHEN
01/20/2024   8:47 PM

INPUT INSTRUCTIONS



      TITLE:        this is an example of a multiple group CFA
              with covariates (MIMIC) with categorical
              factor indicators and a threshold
              structure
      DATA:        FILE IS ex5.16.dat;
      VARIABLE:        NAMES ARE u1-u6 x1-x3 g;
              CATEGORICAL ARE u1-u6;
              GROUPING IS g (1=male 2=female);
      ANALYSIS: estimator=ULSMV;
      convergence=1e-10;
      MODEL:        f1 BY u1-u3;
              f2 BY u4-u6;
              f1 f2 ON x1-x3;
      MODEL female:
              f1 BY u3;
              [u3$1];
              {u3@1};
      output: standardized;









INPUT READING TERMINATED NORMALLY



this is an example of a multiple group CFA
with covariates (MIMIC) with categorical
factor indicators and a threshold
structure

SUMMARY OF ANALYSIS

Number of groups                                                 2
Number of observations
   Group MALE                                                 1000
   Group FEMALE                                               1200
   Total sample size                                          2200

Number of dependent variables                                    6
Number of independent variables                                  3
Number of continuous latent variables                            2

Observed dependent variables

  Binary and ordered categorical (ordinal)
   U1          U2          U3          U4          U5          U6

Observed independent variables
   X1          X2          X3

Continuous latent variables
   F1          F2

Variables with special functions

  Grouping variable     G

Estimator                                                    ULSMV
Maximum number of iterations                                  1000
Convergence criterion                                    0.100D-09
Maximum number of steepest descent iterations                   20
Parameterization                                             DELTA
Link                                                        PROBIT

Input data file(s)
  ex5.16.dat

Input data format  FREE


UNIVARIATE PROPORTIONS AND COUNTS FOR CATEGORICAL VARIABLES

  Group MALE
    U1
      Category 1    0.260          260.000
      Category 2    0.740          740.000
    U2
      Category 1    0.354          354.000
      Category 2    0.646          646.000
    U3
      Category 1    0.432          432.000
      Category 2    0.568          568.000
    U4
      Category 1    0.495          495.000
      Category 2    0.505          505.000
    U5
      Category 1    0.547          547.000
      Category 2    0.453          453.000
    U6
      Category 1    0.631          631.000
      Category 2    0.369          369.000

  Group FEMALE
    U1
      Category 1    0.271          325.000
      Category 2    0.729          875.000
    U2
      Category 1    0.382          458.000
      Category 2    0.618          742.000
    U3
      Category 1    0.693          831.000
      Category 2    0.307          369.000
    U4
      Category 1    0.512          614.000
      Category 2    0.488          586.000
    U5
      Category 1    0.571          685.000
      Category 2    0.429          515.000
    U6
      Category 1    0.638          766.000
      Category 2    0.362          434.000



UNIVARIATE SAMPLE STATISTICS


     UNIVARIATE HIGHER-ORDER MOMENT DESCRIPTIVE STATISTICS FOR MALE

         Variable/         Mean/     Skewness/   Minimum/ % with                Percentiles
        Sample Size      Variance    Kurtosis    Maximum  Min/Max      20%/60%    40%/80%    Median

     X1                   -0.022      -0.059      -3.215    0.10%      -0.816     -0.282     -0.047
            1000.000       0.979      -0.046       2.840    0.10%       0.185      0.828
     X2                    0.024      -0.081      -3.990    0.10%      -0.801     -0.190      0.026
            1000.000       1.047       0.136       3.812    0.10%       0.275      0.847
     X3                    0.029      -0.028      -3.223    0.10%      -0.871     -0.281      0.049
            1000.000       1.091      -0.180       2.983    0.10%       0.309      0.929


     UNIVARIATE HIGHER-ORDER MOMENT DESCRIPTIVE STATISTICS FOR FEMALE

         Variable/         Mean/     Skewness/   Minimum/ % with                Percentiles
        Sample Size      Variance    Kurtosis    Maximum  Min/Max      20%/60%    40%/80%    Median

     X1                    0.011       0.082      -3.147    0.08%      -0.884     -0.252      0.017
            1200.000       1.069       0.045       4.267    0.08%       0.280      0.859
     X2                   -0.033      -0.026      -3.406    0.08%      -0.847     -0.294     -0.042
            1200.000       1.002       0.002       2.888    0.08%       0.203      0.820
     X3                   -0.057      -0.051      -3.400    0.08%      -0.884     -0.305     -0.058
            1200.000       1.042       0.032       2.964    0.08%       0.194      0.800


THE MODEL ESTIMATION TERMINATED NORMALLY



MODEL FIT INFORMATION

Number of Free Parameters                       37

Chi-Square Test of Model Fit

          Value                             32.469*
          Degrees of Freedom                    41
          P-Value                           0.8268

Chi-Square Contribution From Each Group

          MALE                              15.996
          FEMALE                            16.473

*   The chi-square value for MLM, MLMV, MLR, ULSMV, WLSM and WLSMV cannot be used
    for chi-square difference testing in the regular way.  MLM, MLR and WLSM
    chi-square difference testing is described on the Mplus website.  MLMV, WLSMV,
    and ULSMV difference testing is done using the DIFFTEST option.

RMSEA (Root Mean Square Error Of Approximation)

          Estimate                           0.000
          90 Percent C.I.                    0.000  0.013
          Probability RMSEA <= .05           1.000

CFI/TLI

          CFI                                1.000
          TLI                                1.003

Chi-Square Test of Model Fit for the Baseline Model

          Value                           4305.830
          Degrees of Freedom                    66
          P-Value                           0.0000

SRMR (Standardized Root Mean Square Residual)

          Value                              0.015

Optimum Function Value for Weighted Least-Squares Estimator

          Value                     0.32011605D-01



MODEL RESULTS

                                                    Two-Tailed
                    Estimate       S.E.  Est./S.E.    P-Value

Group MALE

 F1       BY
    U1                 1.000      0.000    999.000    999.000
    U2                 0.984      0.055     18.014      0.000
    U3                 0.985      0.052     19.083      0.000

 F2       BY
    U4                 1.000      0.000    999.000    999.000
    U5                 1.005      0.045     22.442      0.000
    U6                 1.008      0.049     20.604      0.000

 F1       ON
    X1                 0.495      0.045     11.054      0.000
    X2                 0.545      0.045     12.155      0.000
    X3                 0.664      0.047     14.247      0.000

 F2       ON
    X1                 0.641      0.045     14.208      0.000
    X2                 0.615      0.043     14.160      0.000
    X3                 0.447      0.041     10.855      0.000

 F2       WITH
    F1                 0.004      0.042      0.092      0.927

 Intercepts
    F1                 0.000      0.000    999.000    999.000
    F2                 0.000      0.000    999.000    999.000

 Thresholds
    U1$1              -0.905      0.057    -15.936      0.000
    U2$1              -0.536      0.052    -10.363      0.000
    U3$1              -0.230      0.047     -4.920      0.000
    U4$1              -0.013      0.045     -0.284      0.777
    U5$1               0.197      0.042      4.637      0.000
    U6$1               0.500      0.049     10.284      0.000

 Residual Variances
    F1                 0.722      0.053     13.605      0.000
    F2                 0.680      0.045     15.022      0.000

 Scales
    U1                 1.000      0.000    999.000    999.000
    U2                 1.000      0.000    999.000    999.000
    U3                 1.000      0.000    999.000    999.000
    U4                 1.000      0.000    999.000    999.000
    U5                 1.000      0.000    999.000    999.000
    U6                 1.000      0.000    999.000    999.000

Group FEMALE

 F1       BY
    U1                 1.000      0.000    999.000    999.000
    U2                 0.984      0.055     18.014      0.000
    U3                 0.743      0.149      4.974      0.000

 F2       BY
    U4                 1.000      0.000    999.000    999.000
    U5                 1.005      0.045     22.442      0.000
    U6                 1.008      0.049     20.604      0.000

 F1       ON
    X1                 0.418      0.085      4.905      0.000
    X2                 0.497      0.099      5.000      0.000
    X3                 0.552      0.110      5.030      0.000

 F2       ON
    X1                 0.765      0.116      6.566      0.000
    X2                 0.637      0.100      6.383      0.000
    X3                 0.521      0.084      6.172      0.000

 F2       WITH
    F1                -0.043      0.038     -1.131      0.258

 Intercepts
    F1                -0.136      0.125     -1.091      0.275
    F2                -0.033      0.063     -0.534      0.593

 Thresholds
    U1$1              -0.905      0.057    -15.936      0.000
    U2$1              -0.536      0.052    -10.363      0.000
    U3$1               0.462      0.115      4.003      0.000
    U4$1              -0.013      0.045     -0.284      0.777
    U5$1               0.197      0.042      4.637      0.000
    U6$1               0.500      0.049     10.284      0.000

 Residual Variances
    F1                 0.457      0.180      2.536      0.011
    F2                 0.795      0.236      3.370      0.001

 Scales
    U1                 1.287      0.245      5.242      0.000
    U2                 1.254      0.263      4.776      0.000
    U3                 1.000      0.000    999.000    999.000
    U4                 0.971      0.143      6.769      0.000
    U5                 0.941      0.141      6.669      0.000
    U6                 0.916      0.133      6.888      0.000


STANDARDIZED MODEL RESULTS


STDYX Standardization

                                                    Two-Tailed
                    Estimate       S.E.  Est./S.E.    P-Value

Group MALE

 F1       BY
    U1                 0.931      0.016     58.250      0.000
    U2                 0.923      0.017     53.583      0.000
    U3                 0.924      0.016     58.593      0.000

 F2       BY
    U4                 0.920      0.014     64.525      0.000
    U5                 0.922      0.014     64.725      0.000
    U6                 0.923      0.015     60.985      0.000

 F1       ON
    X1                 0.365      0.028     12.899      0.000
    X2                 0.415      0.028     14.994      0.000
    X3                 0.517      0.027     19.373      0.000

 F2       ON
    X1                 0.479      0.027     17.957      0.000
    X2                 0.475      0.027     17.568      0.000
    X3                 0.352      0.028     12.601      0.000

 F2       WITH
    F1                 0.006      0.060      0.092      0.927

 Intercepts
    F1                 0.000      0.000    999.000    999.000
    F2                 0.000      0.000    999.000    999.000

 Thresholds
    U1$1              -0.628      0.036    -17.215      0.000
    U2$1              -0.375      0.034    -10.909      0.000
    U3$1              -0.161      0.032     -4.955      0.000
    U4$1              -0.009      0.031     -0.284      0.777
    U5$1               0.136      0.029      4.680      0.000
    U6$1               0.345      0.033     10.457      0.000

 Residual Variances
    F1                 0.400      0.028     14.460      0.000
    F2                 0.387      0.026     14.722      0.000

 Scales
    U1                 1.000      0.000      0.000      1.000
    U2                 1.000      0.000      0.000      1.000
    U3                 1.000      0.000      0.000      1.000
    U4                 1.000      0.000      0.000      1.000
    U5                 1.000      0.000      0.000      1.000
    U6                 1.000      0.000      0.000      1.000

Group FEMALE

 F1       BY
    U1                 0.946      0.017     57.155      0.000
    U2                 0.929      0.017     55.670      0.000
    U3                 0.693      0.029     23.744      0.000

 F2       BY
    U4                 0.944      0.013     71.180      0.000
    U5                 0.933      0.013     73.487      0.000
    U6                 0.923      0.014     66.242      0.000

 F1       ON
    X1                 0.386      0.025     15.555      0.000
    X2                 0.444      0.025     17.836      0.000
    X3                 0.503      0.024     21.009      0.000

 F2       ON
    X1                 0.534      0.023     23.668      0.000
    X2                 0.430      0.025     17.472      0.000
    X3                 0.360      0.024     14.762      0.000

 F2       WITH
    F1                -0.071      0.060     -1.176      0.240

 Intercepts
    F1                -0.122      0.133     -0.915      0.360
    F2                -0.023      0.041     -0.557      0.577

 Thresholds
    U1$1              -0.765      0.133     -5.741      0.000
    U2$1              -0.452      0.113     -3.989      0.000
    U3$1               0.385      0.097      3.984      0.000
    U4$1              -0.008      0.028     -0.288      0.773
    U5$1               0.123      0.033      3.782      0.000
    U6$1               0.309      0.041      7.521      0.000

 Residual Variances
    F1                 0.365      0.027     13.287      0.000
    F2                 0.362      0.025     14.495      0.000

 Scales
    U1                 1.000      0.000      0.000      1.000
    U2                 1.000      0.000      0.000      1.000
    U3                 1.000      0.000      0.000      1.000
    U4                 1.000      0.000      0.000      1.000
    U5                 1.000      0.000      0.000      1.000
    U6                 1.000      0.000      0.000      1.000


STDY Standardization

                                                    Two-Tailed
                    Estimate       S.E.  Est./S.E.    P-Value

Group MALE

 F1       BY
    U1                 0.931      0.016     58.250      0.000
    U2                 0.923      0.017     53.583      0.000
    U3                 0.924      0.016     58.593      0.000

 F2       BY
    U4                 0.920      0.014     64.525      0.000
    U5                 0.922      0.014     64.725      0.000
    U6                 0.923      0.015     60.985      0.000

 F1       ON
    X1                 0.369      0.028     13.303      0.000
    X2                 0.406      0.026     15.496      0.000
    X3                 0.495      0.024     20.264      0.000

 F2       ON
    X1                 0.483      0.026     18.728      0.000
    X2                 0.464      0.025     18.207      0.000
    X3                 0.337      0.026     12.994      0.000

 F2       WITH
    F1                 0.006      0.060      0.092      0.927

 Intercepts
    F1                 0.000      0.000    999.000    999.000
    F2                 0.000      0.000    999.000    999.000

 Thresholds
    U1$1              -0.628      0.036    -17.215      0.000
    U2$1              -0.375      0.034    -10.909      0.000
    U3$1              -0.161      0.032     -4.955      0.000
    U4$1              -0.009      0.031     -0.284      0.777
    U5$1               0.136      0.029      4.680      0.000
    U6$1               0.345      0.033     10.457      0.000

 Residual Variances
    F1                 0.400      0.028     14.460      0.000
    F2                 0.387      0.026     14.722      0.000

 Scales
    U1                 1.000      0.000      0.000      1.000
    U2                 1.000      0.000      0.000      1.000
    U3                 1.000      0.000      0.000      1.000
    U4                 1.000      0.000      0.000      1.000
    U5                 1.000      0.000      0.000      1.000
    U6                 1.000      0.000      0.000      1.000

Group FEMALE

 F1       BY
    U1                 0.946      0.017     57.155      0.000
    U2                 0.929      0.017     55.670      0.000
    U3                 0.693      0.029     23.744      0.000

 F2       BY
    U4                 0.944      0.013     71.180      0.000
    U5                 0.933      0.013     73.487      0.000
    U6                 0.923      0.014     66.242      0.000

 F1       ON
    X1                 0.373      0.023     16.099      0.000
    X2                 0.444      0.024     18.505      0.000
    X3                 0.493      0.022     21.954      0.000

 F2       ON
    X1                 0.516      0.021     24.773      0.000
    X2                 0.430      0.024     18.124      0.000
    X3                 0.352      0.023     15.266      0.000

 F2       WITH
    F1                -0.071      0.060     -1.176      0.240

 Intercepts
    F1                -0.122      0.133     -0.915      0.360
    F2                -0.023      0.041     -0.557      0.577

 Thresholds
    U1$1              -0.765      0.133     -5.741      0.000
    U2$1              -0.452      0.113     -3.989      0.000
    U3$1               0.385      0.097      3.984      0.000
    U4$1              -0.008      0.028     -0.288      0.773
    U5$1               0.123      0.033      3.782      0.000
    U6$1               0.309      0.041      7.521      0.000

 Residual Variances
    F1                 0.365      0.027     13.287      0.000
    F2                 0.362      0.025     14.495      0.000

 Scales
    U1                 1.000      0.000      0.000      1.000
    U2                 1.000      0.000      0.000      1.000
    U3                 1.000      0.000      0.000      1.000
    U4                 1.000      0.000      0.000      1.000
    U5                 1.000      0.000      0.000      1.000
    U6                 1.000      0.000      0.000      1.000


STD Standardization

                                                    Two-Tailed
                    Estimate       S.E.  Est./S.E.    P-Value

Group MALE

 F1       BY
    U1                 1.342      0.059     22.688      0.000
    U2                 1.320      0.060     21.894      0.000
    U3                 1.322      0.056     23.417      0.000

 F2       BY
    U4                 1.326      0.054     24.453      0.000
    U5                 1.332      0.056     23.787      0.000
    U6                 1.337      0.056     23.894      0.000

 F1       ON
    X1                 0.369      0.028     13.303      0.000
    X2                 0.406      0.026     15.496      0.000
    X3                 0.495      0.024     20.264      0.000

 F2       ON
    X1                 0.483      0.026     18.728      0.000
    X2                 0.464      0.025     18.207      0.000
    X3                 0.337      0.026     12.994      0.000

 F2       WITH
    F1                 0.006      0.060      0.092      0.927

 Intercepts
    F1                 0.000      0.000    999.000    999.000
    F2                 0.000      0.000    999.000    999.000

 Thresholds
    U1$1              -0.905      0.057    -15.936      0.000
    U2$1              -0.536      0.052    -10.363      0.000
    U3$1              -0.230      0.047     -4.920      0.000
    U4$1              -0.013      0.045     -0.284      0.777
    U5$1               0.197      0.042      4.637      0.000
    U6$1               0.500      0.049     10.284      0.000

 Residual Variances
    F1                 0.400      0.028     14.460      0.000
    F2                 0.387      0.026     14.722      0.000

 Scales
    U1                 1.000      0.000    999.000    999.000
    U2                 1.000      0.000    999.000    999.000
    U3                 1.000      0.000    999.000    999.000
    U4                 1.000      0.000    999.000    999.000
    U5                 1.000      0.000    999.000    999.000
    U6                 1.000      0.000    999.000    999.000

Group FEMALE

 F1       BY
    U1                 1.120      0.218      5.147      0.000
    U2                 1.102      0.223      4.944      0.000
    U3                 0.832      0.051     16.362      0.000

 F2       BY
    U4                 1.481      0.218      6.792      0.000
    U5                 1.488      0.220      6.758      0.000
    U6                 1.493      0.217      6.876      0.000

 F1       ON
    X1                 0.373      0.023     16.099      0.000
    X2                 0.444      0.024     18.505      0.000
    X3                 0.493      0.022     21.954      0.000

 F2       ON
    X1                 0.516      0.021     24.773      0.000
    X2                 0.430      0.024     18.124      0.000
    X3                 0.352      0.023     15.266      0.000

 F2       WITH
    F1                -0.071      0.060     -1.176      0.240

 Intercepts
    F1                -0.122      0.133     -0.915      0.360
    F2                -0.023      0.041     -0.557      0.577

 Thresholds
    U1$1              -0.905      0.057    -15.936      0.000
    U2$1              -0.536      0.052    -10.363      0.000
    U3$1               0.462      0.115      4.003      0.000
    U4$1              -0.013      0.045     -0.284      0.777
    U5$1               0.197      0.042      4.637      0.000
    U6$1               0.500      0.049     10.284      0.000

 Residual Variances
    F1                 0.365      0.027     13.287      0.000
    F2                 0.362      0.025     14.495      0.000

 Scales
    U1                 1.287      0.245      5.242      0.000
    U2                 1.254      0.263      4.776      0.000
    U3                 1.000      0.000    999.000    999.000
    U4                 0.971      0.143      6.769      0.000
    U5                 0.941      0.141      6.669      0.000
    U6                 0.916      0.133      6.888      0.000


R-SQUARE

Group MALE

    Observed                                        Two-Tailed   Residual
    Variable        Estimate       S.E.  Est./S.E.    P-Value    Variance

    U1                 0.866      0.030     29.125      0.000      0.278
    U2                 0.852      0.032     26.791      0.000      0.302
    U3                 0.853      0.029     29.297      0.000      0.300
    U4                 0.846      0.026     32.263      0.000      0.320
    U5                 0.850      0.026     32.362      0.000      0.313
    U6                 0.853      0.028     30.493      0.000      0.309

     Latent                                         Two-Tailed
    Variable        Estimate       S.E.  Est./S.E.    P-Value

    F1                 0.600      0.028     21.645      0.000
    F2                 0.613      0.026     23.339      0.000

Group FEMALE

    Observed                                        Two-Tailed   Residual
    Variable        Estimate       S.E.  Est./S.E.    P-Value    Variance

    U1                 0.896      0.031     28.578      0.000      0.146
    U2                 0.862      0.031     27.835      0.000      0.194
    U3                 0.481      0.040     11.872      0.000      0.748
    U4                 0.892      0.025     35.590      0.000      0.266
    U5                 0.871      0.024     36.743      0.000      0.327
    U6                 0.853      0.026     33.121      0.000      0.385

     Latent                                         Two-Tailed
    Variable        Estimate       S.E.  Est./S.E.    P-Value

    F1                 0.635      0.027     23.152      0.000
    F2                 0.638      0.025     25.497      0.000


QUALITY OF NUMERICAL RESULTS

     Condition Number for the Information Matrix              0.481E-03
       (ratio of smallest to largest eigenvalue)


     Beginning Time:  20:47:22
        Ending Time:  20:47:22
       Elapsed Time:  00:00:00



MUTHEN & MUTHEN
3463 Stoner Ave.
Los Angeles, CA  90066

Tel: (310) 391-9971
Fax: (310) 391-8971
Web: www.StatModel.com
Support: Support@StatModel.com

Copyright (c) 1998-2018 Muthen & Muthen
