Mplus VERSION 8.2
MUTHEN & MUTHEN
01/17/2024   7:42 AM

INPUT INSTRUCTIONS



      TITLE:        this is an example of a CFA with
              continuous and categorical factor
              indicators
      DATA:        FILE IS ex5.3.dat;
      VARIABLE:        NAMES ARE u1-u3 y4-y6;
              CATEGORICAL ARE u1 u2 u3;
      ANALYSIS: estimator = WLS;
      !          parameterization = theta;
      MODEL:        f1 BY u1-u3;
              f2 BY y4-y6;
      OUTPUT: standardized;









INPUT READING TERMINATED NORMALLY



this is an example of a CFA with
continuous and categorical factor
indicators

SUMMARY OF ANALYSIS

Number of groups                                                 1
Number of observations                                         500

Number of dependent variables                                    6
Number of independent variables                                  0
Number of continuous latent variables                            2

Observed dependent variables

  Continuous
   Y4          Y5          Y6

  Binary and ordered categorical (ordinal)
   U1          U2          U3

Continuous latent variables
   F1          F2


Estimator                                                      WLS
Maximum number of iterations                                  1000
Convergence criterion                                    0.500D-04
Maximum number of steepest descent iterations                   20
Parameterization                                             DELTA
Link                                                        PROBIT

Input data file(s)
  ex5.3.dat

Input data format  FREE


UNIVARIATE PROPORTIONS AND COUNTS FOR CATEGORICAL VARIABLES

    U1
      Category 1    0.504          252.000
      Category 2    0.496          248.000
    U2
      Category 1    0.506          253.000
      Category 2    0.494          247.000
    U3
      Category 1    0.496          248.000
      Category 2    0.504          252.000



UNIVARIATE SAMPLE STATISTICS


     UNIVARIATE HIGHER-ORDER MOMENT DESCRIPTIVE STATISTICS

         Variable/         Mean/     Skewness/   Minimum/ % with                Percentiles
        Sample Size      Variance    Kurtosis    Maximum  Min/Max      20%/60%    40%/80%    Median

     Y4                   -0.016      -0.016      -3.215    0.20%      -0.786     -0.287     -0.048
             500.000       1.025       0.246       3.033    0.20%       0.212      0.795
     Y5                   -0.016      -0.103      -3.132    0.20%      -0.955     -0.257     -0.033
             500.000       1.026      -0.236       3.199    0.20%       0.257      0.903
     Y6                    0.014       0.036      -3.294    0.20%      -0.859     -0.292     -0.042
             500.000       0.988      -0.336       2.803    0.20%       0.285      0.921


THE MODEL ESTIMATION TERMINATED NORMALLY



MODEL FIT INFORMATION

Number of Free Parameters                       16

Chi-Square Test of Model Fit

          Value                              2.435
          Degrees of Freedom                     8
          P-Value                           0.9647

RMSEA (Root Mean Square Error Of Approximation)

          Estimate                           0.000
          90 Percent C.I.                    0.000  0.000
          Probability RMSEA <= .05           0.999

CFI/TLI

          CFI                                1.000
          TLI                                1.006

Chi-Square Test of Model Fit for the Baseline Model

          Value                           1761.742
          Degrees of Freedom                    15
          P-Value                           0.0000

SRMR (Standardized Root Mean Square Residual)

          Value                              0.011

Optimum Function Value for Weighted Least-Squares Estimator

          Value                     0.24350518D-02



MODEL RESULTS

                                                    Two-Tailed
                    Estimate       S.E.  Est./S.E.    P-Value

 F1       BY
    U1                 1.000      0.000    999.000    999.000
    U2                 1.067      0.043     24.868      0.000
    U3                 0.998      0.038     26.130      0.000

 F2       BY
    Y4                 1.000      0.000    999.000    999.000
    Y5                 1.045      0.038     27.234      0.000
    Y6                 0.993      0.040     24.967      0.000

 F2       WITH
    F1                -0.005      0.044     -0.118      0.906

 Intercepts
    Y4                -0.014      0.045     -0.324      0.746
    Y5                -0.013      0.045     -0.283      0.777
    Y6                 0.017      0.044      0.389      0.697

 Thresholds
    U1$1               0.009      0.056      0.159      0.873
    U2$1               0.011      0.056      0.202      0.840
    U3$1              -0.011      0.056     -0.198      0.843

 Variances
    F1                 0.803      0.046     17.565      0.000
    F2                 0.772      0.060     12.782      0.000

 Residual Variances
    Y4                 0.245      0.024     10.247      0.000
    Y5                 0.172      0.021      8.181      0.000
    Y6                 0.216      0.020     10.622      0.000


STANDARDIZED MODEL RESULTS


STDYX Standardization

                                                    Two-Tailed
                    Estimate       S.E.  Est./S.E.    P-Value

 F1       BY
    U1                 0.896      0.026     35.129      0.000
    U2                 0.956      0.022     44.126      0.000
    U3                 0.894      0.025     35.167      0.000

 F2       BY
    Y4                 0.871      0.015     59.986      0.000
    Y5                 0.911      0.012     74.017      0.000
    Y6                 0.883      0.013     66.283      0.000

 F2       WITH
    F1                -0.007      0.055     -0.118      0.906

 Intercepts
    Y4                -0.014      0.044     -0.324      0.746
    Y5                -0.013      0.045     -0.283      0.777
    Y6                 0.017      0.044      0.389      0.697

 Thresholds
    U1$1               0.009      0.056      0.159      0.873
    U2$1               0.011      0.056      0.202      0.840
    U3$1              -0.011      0.056     -0.198      0.843

 Variances
    F1                 1.000      0.000    999.000    999.000
    F2                 1.000      0.000    999.000    999.000

 Residual Variances
    Y4                 0.241      0.025      9.520      0.000
    Y5                 0.170      0.022      7.565      0.000
    Y6                 0.221      0.024      9.398      0.000


STDY Standardization

                                                    Two-Tailed
                    Estimate       S.E.  Est./S.E.    P-Value

 F1       BY
    U1                 0.896      0.026     35.129      0.000
    U2                 0.956      0.022     44.126      0.000
    U3                 0.894      0.025     35.167      0.000

 F2       BY
    Y4                 0.871      0.015     59.986      0.000
    Y5                 0.911      0.012     74.017      0.000
    Y6                 0.883      0.013     66.283      0.000

 F2       WITH
    F1                -0.007      0.055     -0.118      0.906

 Intercepts
    Y4                -0.014      0.044     -0.324      0.746
    Y5                -0.013      0.045     -0.283      0.777
    Y6                 0.017      0.044      0.389      0.697

 Thresholds
    U1$1               0.009      0.056      0.159      0.873
    U2$1               0.011      0.056      0.202      0.840
    U3$1              -0.011      0.056     -0.198      0.843

 Variances
    F1                 1.000      0.000    999.000    999.000
    F2                 1.000      0.000    999.000    999.000

 Residual Variances
    Y4                 0.241      0.025      9.520      0.000
    Y5                 0.170      0.022      7.565      0.000
    Y6                 0.221      0.024      9.398      0.000


STD Standardization

                                                    Two-Tailed
                    Estimate       S.E.  Est./S.E.    P-Value

 F1       BY
    U1                 0.896      0.026     35.129      0.000
    U2                 0.956      0.022     44.126      0.000
    U3                 0.894      0.025     35.167      0.000

 F2       BY
    Y4                 0.878      0.034     25.564      0.000
    Y5                 0.918      0.037     24.796      0.000
    Y6                 0.872      0.038     22.713      0.000

 F2       WITH
    F1                -0.007      0.055     -0.118      0.906

 Intercepts
    Y4                -0.014      0.045     -0.324      0.746
    Y5                -0.013      0.045     -0.283      0.777
    Y6                 0.017      0.044      0.389      0.697

 Thresholds
    U1$1               0.009      0.056      0.159      0.873
    U2$1               0.011      0.056      0.202      0.840
    U3$1              -0.011      0.056     -0.198      0.843

 Variances
    F1                 1.000      0.000    999.000    999.000
    F2                 1.000      0.000    999.000    999.000

 Residual Variances
    Y4                 0.245      0.024     10.247      0.000
    Y5                 0.172      0.021      8.181      0.000
    Y6                 0.216      0.020     10.622      0.000


R-SQUARE

    Observed                                        Two-Tailed   Residual
    Variable        Estimate       S.E.  Est./S.E.    P-Value    Variance

    U1                 0.803      0.046     17.565      0.000      0.197
    U2                 0.914      0.041     22.063      0.000      0.086
    U3                 0.800      0.045     17.583      0.000      0.200
    Y4                 0.759      0.025     29.993      0.000
    Y5                 0.830      0.022     37.009      0.000
    Y6                 0.779      0.024     33.142      0.000


QUALITY OF NUMERICAL RESULTS

     Condition Number for the Information Matrix              0.285E-01
       (ratio of smallest to largest eigenvalue)


     Beginning Time:  07:42:38
        Ending Time:  07:42:38
       Elapsed Time:  00:00:00



MUTHEN & MUTHEN
3463 Stoner Ave.
Los Angeles, CA  90066

Tel: (310) 391-9971
Fax: (310) 391-8971
Web: www.StatModel.com
Support: Support@StatModel.com

Copyright (c) 1998-2018 Muthen & Muthen
