Mplus VERSION 6.11 (Linux)
MUTHEN & MUTHEN
07/18/2012   4:23 PM

INPUT INSTRUCTIONS

  TITLE:        this is an example of a multiple group CFA
          with covariates (MIMIC) with categorical
          factor indicators and a threshold
          structure
  DATA:        FILE IS ex5.16.dat;
  VARIABLE:        NAMES ARE u1-u6 x1-x3 g;
          CATEGORICAL ARE u1-u6;
          GROUPING IS g (1=male 2=female);
  ANALYSIS: estimator=WLS;
  convergence=1e-10;
  MODEL:        f1 BY u1-u3;
          f2 BY u4-u6;
          f1 f2 ON x1-x3;
  MODEL female:
          f1 BY u3;
          [u3$1];
          {u3@1};
  output: standardized;



INPUT READING TERMINATED NORMALLY



this is an example of a multiple group CFA
with covariates (MIMIC) with categorical
factor indicators and a threshold
structure

SUMMARY OF ANALYSIS

Number of groups                                                 2
Number of observations
   Group MALE                                                 1000
   Group FEMALE                                               1200

Number of dependent variables                                    6
Number of independent variables                                  3
Number of continuous latent variables                            2

Observed dependent variables

  Binary and ordered categorical (ordinal)
   U1          U2          U3          U4          U5          U6

Observed independent variables
   X1          X2          X3

Continuous latent variables
   F1          F2

Variables with special functions

  Grouping variable     G

Estimator                                                      WLS
Maximum number of iterations                                  1000
Convergence criterion                                    0.100D-09
Maximum number of steepest descent iterations                   20
Parameterization                                             DELTA

Input data file(s)
  ex5.16.dat

Input data format  FREE


UNIVARIATE PROPORTIONS AND COUNTS FOR CATEGORICAL VARIABLES

  Group MALE
    U1
      Category 1    0.260      260.000
      Category 2    0.740      740.000
    U2
      Category 1    0.354      354.000
      Category 2    0.646      646.000
    U3
      Category 1    0.432      432.000
      Category 2    0.568      568.000
    U4
      Category 1    0.495      495.000
      Category 2    0.505      505.000
    U5
      Category 1    0.547      547.000
      Category 2    0.453      453.000
    U6
      Category 1    0.631      631.000
      Category 2    0.369      369.000

  Group FEMALE
    U1
      Category 1    0.271      325.000
      Category 2    0.729      875.000
    U2
      Category 1    0.382      458.000
      Category 2    0.618      742.000
    U3
      Category 1    0.692      831.000
      Category 2    0.308      369.000
    U4
      Category 1    0.512      614.000
      Category 2    0.488      586.000
    U5
      Category 1    0.571      685.000
      Category 2    0.429      515.000
    U6
      Category 1    0.638      766.000
      Category 2    0.362      434.000



THE MODEL ESTIMATION TERMINATED NORMALLY



MODEL FIT INFORMATION

Number of Free Parameters                       37

Chi-Square Test of Model Fit

          Value                             38.209
          Degrees of Freedom                    41
          P-Value                           0.5954

Chi-Square Contributions From Each Group

          MALE                              15.694
          FEMALE                            22.515

RMSEA (Root Mean Square Error Of Approximation)

          Estimate                           0.000
          90 Percent C.I.                    0.000  0.019
          Probability RMSEA <= .05           1.000

CFI/TLI

          CFI                                1.000
          TLI                                1.001

Chi-Square Test of Model Fit for the Baseline Model

          Value                           5101.227
          Degrees of Freedom                    66
          P-Value                           0.0000



MODEL RESULTS

                                                    Two-Tailed
                    Estimate       S.E.  Est./S.E.    P-Value

Group MALE

 F1       BY
    U1                 1.000      0.000    999.000    999.000
    U2                 0.964      0.047     20.326      0.000
    U3                 0.986      0.048     20.697      0.000

 F2       BY
    U4                 1.000      0.000    999.000    999.000
    U5                 1.003      0.043     23.310      0.000
    U6                 0.996      0.044     22.497      0.000

 F1       ON
    X1                 0.491      0.043     11.375      0.000
    X2                 0.544      0.044     12.313      0.000
    X3                 0.673      0.046     14.751      0.000

 F2       ON
    X1                 0.638      0.045     14.312      0.000
    X2                 0.612      0.043     14.234      0.000
    X3                 0.445      0.041     10.868      0.000

 F2       WITH
    F1                 0.012      0.042      0.277      0.782

 Intercepts
    F1                 0.000      0.000    999.000    999.000
    F2                 0.000      0.000    999.000    999.000

 Thresholds
    U1$1              -0.915      0.054    -17.029      0.000
    U2$1              -0.524      0.049    -10.594      0.000
    U3$1              -0.230      0.046     -4.976      0.000
    U4$1              -0.004      0.045     -0.085      0.933
    U5$1               0.197      0.042      4.735      0.000
    U6$1               0.482      0.047     10.253      0.000

 Residual Variances
    F1                 0.742      0.050     14.929      0.000
    F2                 0.695      0.044     15.844      0.000

 Scales
    U1                 1.000      0.000    999.000    999.000
    U2                 1.000      0.000    999.000    999.000
    U3                 1.000      0.000    999.000    999.000
    U4                 1.000      0.000    999.000    999.000
    U5                 1.000      0.000    999.000    999.000
    U6                 1.000      0.000    999.000    999.000

Group FEMALE

 F1       BY
    U1                 1.000      0.000    999.000    999.000
    U2                 0.964      0.047     20.326      0.000
    U3                 0.727      0.139      5.241      0.000

 F2       BY
    U4                 1.000      0.000    999.000    999.000
    U5                 1.003      0.043     23.310      0.000
    U6                 0.996      0.044     22.497      0.000

 F1       ON
    X1                 0.420      0.082      5.136      0.000
    X2                 0.502      0.095      5.273      0.000
    X3                 0.562      0.106      5.298      0.000

 F2       ON
    X1                 0.720      0.110      6.519      0.000
    X2                 0.610      0.096      6.349      0.000
    X3                 0.492      0.080      6.122      0.000

 F2       WITH
    F1                -0.042      0.036     -1.171      0.242

 Intercepts
    F1                -0.137      0.121     -1.130      0.258
    F2                -0.020      0.061     -0.322      0.747

 Thresholds
    U1$1              -0.915      0.054    -17.029      0.000
    U2$1              -0.524      0.049    -10.594      0.000
    U3$1               0.469      0.110      4.254      0.000
    U4$1              -0.004      0.045     -0.085      0.933
    U5$1               0.197      0.042      4.735      0.000
    U6$1               0.482      0.047     10.253      0.000

 Residual Variances
    F1                 0.474      0.176      2.686      0.007
    F2                 0.736      0.220      3.352      0.001

 Scales
    U1                 1.253      0.225      5.582      0.000
    U2                 1.257      0.254      4.940      0.000
    U3                 1.000      0.000    999.000    999.000
    U4                 1.003      0.149      6.706      0.000
    U5                 0.999      0.150      6.658      0.000
    U6                 0.974      0.138      7.052      0.000


STANDARDIZED MODEL RESULTS

                      StdYX        Std
                    Estimate   Estimate

Group MALE

 F1       BY
    U1                 0.936      1.353
    U2                 0.920      1.304
    U3                 0.930      1.334

 F2       BY
    U4                 0.923      1.328
    U5                 0.925      1.332
    U6                 0.921      1.323

 F1       ON
    X1                 0.360      0.363
    X2                 0.412      0.402
    X3                 0.520      0.497

 F2       ON
    X1                 0.476      0.480
    X2                 0.472      0.461
    X3                 0.350      0.335

 F2       WITH
    F1                 0.016      0.016

 Intercepts
    F1                 0.000      0.000
    F2                 0.000      0.000

 Thresholds
    U1$1              -0.633     -0.915
    U2$1              -0.370     -0.524
    U3$1              -0.160     -0.230
    U4$1              -0.003     -0.004
    U5$1               0.137      0.197
    U6$1               0.336      0.482

 Residual Variances
    F1                 0.406      0.406
    F2                 0.394      0.394

 Scales
    U1                 1.000      1.000
    U2                 1.000      1.000
    U3                 1.000      1.000
    U4                 1.000      1.000
    U5                 1.000      1.000
    U6                 1.000      1.000

Group FEMALE

 F1       BY
    U1                 0.942      1.136
    U2                 0.928      1.095
    U3                 0.691      0.826

 F2       BY
    U4                 0.941      1.411
    U5                 0.940      1.415
    U6                 0.927      1.405

 F1       ON
    X1                 0.382      0.369
    X2                 0.443      0.442
    X3                 0.505      0.495

 F2       ON
    X1                 0.528      0.510
    X2                 0.433      0.433
    X3                 0.356      0.348

 F2       WITH
    F1                -0.072     -0.072

 Intercepts
    F1                -0.121     -0.121
    F2                -0.014     -0.014

 Thresholds
    U1$1              -0.759     -0.915
    U2$1              -0.444     -0.524
    U3$1               0.392      0.469
    U4$1              -0.003     -0.004
    U5$1               0.131      0.197
    U6$1               0.318      0.482

 Residual Variances
    F1                 0.367      0.367
    F2                 0.370      0.370

 Scales
    U1                 1.000      1.253
    U2                 1.000      1.257
    U3                 1.000      1.000
    U4                 1.000      1.003
    U5                 1.000      0.999
    U6                 1.000      0.974


R-SQUARE

Group MALE

    Observed                   Residual
    Variable        Estimate   Variance

    U1                 0.877      0.258
    U2                 0.846      0.310
    U3                 0.864      0.279
    U4                 0.852      0.305
    U5                 0.855      0.301
    U6                 0.849      0.311

     Latent
    Variable        Estimate

    F1                 0.594
    F2                 0.606

Group FEMALE

    Observed                   Residual
    Variable        Estimate   Variance

    U1                 0.888      0.163
    U2                 0.862      0.193
    U3                 0.477      0.749
    U4                 0.885      0.259
    U5                 0.884      0.262
    U6                 0.859      0.324

     Latent
    Variable        Estimate

    F1                 0.633
    F2                 0.630


QUALITY OF NUMERICAL RESULTS

     Condition Number for the Information Matrix              0.105E-02
       (ratio of smallest to largest eigenvalue)


     Beginning Time:  16:23:19
        Ending Time:  16:23:19
       Elapsed Time:  00:00:00



MUTHEN & MUTHEN
3463 Stoner Ave.
Los Angeles, CA  90066

Tel: (310) 391-9971
Fax: (310) 391-8971
Web: www.StatModel.com
Support: Support@StatModel.com

Copyright (c) 1998-2011 Muthen & Muthen
