Mplus VERSION 8.2
MUTHEN & MUTHEN
01/20/2024   8:47 PM

INPUT INSTRUCTIONS



      TITLE:        this is an example of a multiple group CFA
              with covariates (MIMIC) with categorical
              factor indicators and a threshold
              structure
      DATA:        FILE IS ex5.16.dat;
      VARIABLE:        NAMES ARE u1-u6 x1-x3 g;
          USEVARIABLES ARE u1-u6 g;
              CATEGORICAL ARE u1-u6;
              GROUPING IS g (1=male 2=female);
      ANALYSIS: estimator=WLS;
      convergence=1e-10;
      MODEL:        f1 BY u1-u3;
              f2 BY u4-u6;
      MODEL female:
              f1 BY u3;
              [u3$1];
              {u3@1};
      output: standardized;









INPUT READING TERMINATED NORMALLY



this is an example of a multiple group CFA
with covariates (MIMIC) with categorical
factor indicators and a threshold
structure

SUMMARY OF ANALYSIS

Number of groups                                                 2
Number of observations
   Group MALE                                                 1000
   Group FEMALE                                               1200
   Total sample size                                          2200

Number of dependent variables                                    6
Number of independent variables                                  0
Number of continuous latent variables                            2

Observed dependent variables

  Binary and ordered categorical (ordinal)
   U1          U2          U3          U4          U5          U6

Continuous latent variables
   F1          F2

Variables with special functions

  Grouping variable     G

Estimator                                                      WLS
Maximum number of iterations                                  1000
Convergence criterion                                    0.100D-09
Maximum number of steepest descent iterations                   20
Parameterization                                             DELTA
Link                                                        PROBIT

Input data file(s)
  ex5.16.dat

Input data format  FREE


UNIVARIATE PROPORTIONS AND COUNTS FOR CATEGORICAL VARIABLES

  Group MALE
    U1
      Category 1    0.260          260.000
      Category 2    0.740          740.000
    U2
      Category 1    0.354          354.000
      Category 2    0.646          646.000
    U3
      Category 1    0.432          432.000
      Category 2    0.568          568.000
    U4
      Category 1    0.495          495.000
      Category 2    0.505          505.000
    U5
      Category 1    0.547          547.000
      Category 2    0.453          453.000
    U6
      Category 1    0.631          631.000
      Category 2    0.369          369.000

  Group FEMALE
    U1
      Category 1    0.271          325.000
      Category 2    0.729          875.000
    U2
      Category 1    0.382          458.000
      Category 2    0.618          742.000
    U3
      Category 1    0.693          831.000
      Category 2    0.307          369.000
    U4
      Category 1    0.512          614.000
      Category 2    0.488          586.000
    U5
      Category 1    0.571          685.000
      Category 2    0.429          515.000
    U6
      Category 1    0.638          766.000
      Category 2    0.362          434.000



THE MODEL ESTIMATION TERMINATED NORMALLY



MODEL FIT INFORMATION

Number of Free Parameters                       25

Chi-Square Test of Model Fit

          Value                             11.620
          Degrees of Freedom                    17
          P-Value                           0.8226

Chi-Square Contribution From Each Group

          MALE                               3.653
          FEMALE                             7.967

RMSEA (Root Mean Square Error Of Approximation)

          Estimate                           0.000
          90 Percent C.I.                    0.000  0.017
          Probability RMSEA <= .05           1.000

CFI/TLI

          CFI                                1.000
          TLI                                1.001

Chi-Square Test of Model Fit for the Baseline Model

          Value                          13182.212
          Degrees of Freedom                    30
          P-Value                           0.0000

SRMR (Standardized Root Mean Square Residual)

          Value                              0.011

Optimum Function Value for Weighted Least-Squares Estimator

          Value                     0.26408024D-02



MODEL RESULTS

                                                    Two-Tailed
                    Estimate       S.E.  Est./S.E.    P-Value

Group MALE

 F1       BY
    U1                 1.000      0.000    999.000    999.000
    U2                 0.960      0.026     36.564      0.000
    U3                 0.992      0.027     37.176      0.000

 F2       BY
    U4                 1.000      0.000    999.000    999.000
    U5                 0.997      0.026     38.662      0.000
    U6                 0.991      0.025     39.623      0.000

 F2       WITH
    F1                 0.526      0.032     16.495      0.000

 Means
    F1                 0.000      0.000    999.000    999.000
    F2                 0.000      0.000    999.000    999.000

 Thresholds
    U1$1              -0.642      0.043    -15.035      0.000
    U2$1              -0.379      0.041     -9.351      0.000
    U3$1              -0.171      0.040     -4.309      0.000
    U4$1              -0.016      0.039     -0.423      0.673
    U5$1               0.126      0.037      3.399      0.001
    U6$1               0.328      0.040      8.231      0.000

 Variances
    F1                 0.890      0.031     28.455      0.000
    F2                 0.862      0.029     29.296      0.000

 Scales
    U1                 1.000      0.000    999.000    999.000
    U2                 1.000      0.000    999.000    999.000
    U3                 1.000      0.000    999.000    999.000
    U4                 1.000      0.000    999.000    999.000
    U5                 1.000      0.000    999.000    999.000
    U6                 1.000      0.000    999.000    999.000

Group FEMALE

 F1       BY
    U1                 1.000      0.000    999.000    999.000
    U2                 0.960      0.026     36.564      0.000
    U3                 0.908      0.185      4.907      0.000

 F2       BY
    U4                 1.000      0.000    999.000    999.000
    U5                 0.997      0.026     38.662      0.000
    U6                 0.991      0.025     39.623      0.000

 F2       WITH
    F1                 0.477      0.123      3.879      0.000

 Means
    F1                -0.145      0.089     -1.632      0.103
    F2                -0.058      0.057     -1.017      0.309

 Thresholds
    U1$1              -0.642      0.043    -15.035      0.000
    U2$1              -0.379      0.041     -9.351      0.000
    U3$1               0.375      0.107      3.518      0.000
    U4$1              -0.016      0.039     -0.423      0.673
    U5$1               0.126      0.037      3.399      0.001
    U6$1               0.328      0.040      8.231      0.000

 Variances
    F1                 0.595      0.239      2.493      0.013
    F2                 1.047      0.309      3.391      0.001

 Scales
    U1                 1.220      0.236      5.162      0.000
    U2                 1.249      0.267      4.671      0.000
    U3                 1.000      0.000    999.000    999.000
    U4                 0.912      0.135      6.769      0.000
    U5                 0.925      0.136      6.782      0.000
    U6                 0.912      0.129      7.040      0.000


STANDARDIZED MODEL RESULTS


STDYX Standardization

                                                    Two-Tailed
                    Estimate       S.E.  Est./S.E.    P-Value

Group MALE

 F1       BY
    U1                 0.943      0.017     56.909      0.000
    U2                 0.906      0.017     51.873      0.000
    U3                 0.936      0.016     58.678      0.000

 F2       BY
    U4                 0.928      0.016     58.592      0.000
    U5                 0.925      0.015     59.880      0.000
    U6                 0.920      0.016     56.849      0.000

 F2       WITH
    F1                 0.601      0.032     18.716      0.000

 Means
    F1                 0.000      0.000    999.000    999.000
    F2                 0.000      0.000    999.000    999.000

 Thresholds
    U1$1              -0.642      0.043    -15.035      0.000
    U2$1              -0.379      0.041     -9.351      0.000
    U3$1              -0.171      0.040     -4.309      0.000
    U4$1              -0.016      0.039     -0.423      0.673
    U5$1               0.126      0.037      3.399      0.001
    U6$1               0.328      0.040      8.231      0.000

 Variances
    F1                 1.000      0.000    999.000    999.000
    F2                 1.000      0.000    999.000    999.000

 Scales
    U1                 1.000      0.000      0.000      1.000
    U2                 1.000      0.000      0.000      1.000
    U3                 1.000      0.000      0.000      1.000
    U4                 1.000      0.000      0.000      1.000
    U5                 1.000      0.000      0.000      1.000
    U6                 1.000      0.000      0.000      1.000

Group FEMALE

 F1       BY
    U1                 0.941      0.023     40.635      0.000
    U2                 0.925      0.021     43.301      0.000
    U3                 0.700      0.032     21.967      0.000

 F2       BY
    U4                 0.933      0.014     68.428      0.000
    U5                 0.944      0.013     74.482      0.000
    U6                 0.924      0.014     68.165      0.000

 F2       WITH
    F1                 0.604      0.031     19.469      0.000

 Means
    F1                -0.188      0.148     -1.268      0.205
    F2                -0.056      0.052     -1.088      0.277

 Thresholds
    U1$1              -0.783      0.143     -5.472      0.000
    U2$1              -0.474      0.127     -3.741      0.000
    U3$1               0.375      0.107      3.518      0.000
    U4$1              -0.015      0.035     -0.430      0.667
    U5$1               0.117      0.039      3.009      0.003
    U6$1               0.299      0.045      6.605      0.000

 Variances
    F1                 1.000      0.000    999.000    999.000
    F2                 1.000      0.000    999.000    999.000

 Scales
    U1                 1.000      0.000      0.000      1.000
    U2                 1.000      0.000      0.000      1.000
    U3                 1.000      0.000      0.000      1.000
    U4                 1.000      0.000      0.000      1.000
    U5                 1.000      0.000      0.000      1.000
    U6                 1.000      0.000      0.000      1.000


STDY Standardization

                                                    Two-Tailed
                    Estimate       S.E.  Est./S.E.    P-Value

Group MALE

 F1       BY
    U1                 0.943      0.017     56.909      0.000
    U2                 0.906      0.017     51.873      0.000
    U3                 0.936      0.016     58.678      0.000

 F2       BY
    U4                 0.928      0.016     58.592      0.000
    U5                 0.925      0.015     59.880      0.000
    U6                 0.920      0.016     56.849      0.000

 F2       WITH
    F1                 0.601      0.032     18.716      0.000

 Means
    F1                 0.000      0.000    999.000    999.000
    F2                 0.000      0.000    999.000    999.000

 Thresholds
    U1$1              -0.642      0.043    -15.035      0.000
    U2$1              -0.379      0.041     -9.351      0.000
    U3$1              -0.171      0.040     -4.309      0.000
    U4$1              -0.016      0.039     -0.423      0.673
    U5$1               0.126      0.037      3.399      0.001
    U6$1               0.328      0.040      8.231      0.000

 Variances
    F1                 1.000      0.000    999.000    999.000
    F2                 1.000      0.000    999.000    999.000

 Scales
    U1                 1.000      0.000      0.000      1.000
    U2                 1.000      0.000      0.000      1.000
    U3                 1.000      0.000      0.000      1.000
    U4                 1.000      0.000      0.000      1.000
    U5                 1.000      0.000      0.000      1.000
    U6                 1.000      0.000      0.000      1.000

Group FEMALE

 F1       BY
    U1                 0.941      0.023     40.635      0.000
    U2                 0.925      0.021     43.301      0.000
    U3                 0.700      0.032     21.967      0.000

 F2       BY
    U4                 0.933      0.014     68.428      0.000
    U5                 0.944      0.013     74.482      0.000
    U6                 0.924      0.014     68.165      0.000

 F2       WITH
    F1                 0.604      0.031     19.469      0.000

 Means
    F1                -0.188      0.148     -1.268      0.205
    F2                -0.056      0.052     -1.088      0.277

 Thresholds
    U1$1              -0.783      0.143     -5.472      0.000
    U2$1              -0.474      0.127     -3.741      0.000
    U3$1               0.375      0.107      3.518      0.000
    U4$1              -0.015      0.035     -0.430      0.667
    U5$1               0.117      0.039      3.009      0.003
    U6$1               0.299      0.045      6.605      0.000

 Variances
    F1                 1.000      0.000    999.000    999.000
    F2                 1.000      0.000    999.000    999.000

 Scales
    U1                 1.000      0.000      0.000      1.000
    U2                 1.000      0.000      0.000      1.000
    U3                 1.000      0.000      0.000      1.000
    U4                 1.000      0.000      0.000      1.000
    U5                 1.000      0.000      0.000      1.000
    U6                 1.000      0.000      0.000      1.000


STD Standardization

                                                    Two-Tailed
                    Estimate       S.E.  Est./S.E.    P-Value

Group MALE

 F1       BY
    U1                 0.943      0.017     56.909      0.000
    U2                 0.906      0.017     51.873      0.000
    U3                 0.936      0.016     58.678      0.000

 F2       BY
    U4                 0.928      0.016     58.592      0.000
    U5                 0.925      0.015     59.880      0.000
    U6                 0.920      0.016     56.849      0.000

 F2       WITH
    F1                 0.601      0.032     18.716      0.000

 Means
    F1                 0.000      0.000    999.000    999.000
    F2                 0.000      0.000    999.000    999.000

 Thresholds
    U1$1              -0.642      0.043    -15.035      0.000
    U2$1              -0.379      0.041     -9.351      0.000
    U3$1              -0.171      0.040     -4.309      0.000
    U4$1              -0.016      0.039     -0.423      0.673
    U5$1               0.126      0.037      3.399      0.001
    U6$1               0.328      0.040      8.231      0.000

 Variances
    F1                 1.000      0.000    999.000    999.000
    F2                 1.000      0.000    999.000    999.000

 Scales
    U1                 1.000      0.000    999.000    999.000
    U2                 1.000      0.000    999.000    999.000
    U3                 1.000      0.000    999.000    999.000
    U4                 1.000      0.000    999.000    999.000
    U5                 1.000      0.000    999.000    999.000
    U6                 1.000      0.000    999.000    999.000

Group FEMALE

 F1       BY
    U1                 0.771      0.155      4.985      0.000
    U2                 0.740      0.154      4.803      0.000
    U3                 0.700      0.032     21.967      0.000

 F2       BY
    U4                 1.023      0.151      6.783      0.000
    U5                 1.020      0.150      6.781      0.000
    U6                 1.014      0.147      6.918      0.000

 F2       WITH
    F1                 0.604      0.031     19.469      0.000

 Means
    F1                -0.188      0.148     -1.268      0.205
    F2                -0.056      0.052     -1.088      0.277

 Thresholds
    U1$1              -0.642      0.043    -15.035      0.000
    U2$1              -0.379      0.041     -9.351      0.000
    U3$1               0.375      0.107      3.518      0.000
    U4$1              -0.016      0.039     -0.423      0.673
    U5$1               0.126      0.037      3.399      0.001
    U6$1               0.328      0.040      8.231      0.000

 Variances
    F1                 1.000      0.000    999.000    999.000
    F2                 1.000      0.000    999.000    999.000

 Scales
    U1                 1.220      0.236      5.162      0.000
    U2                 1.249      0.267      4.671      0.000
    U3                 1.000      0.000    999.000    999.000
    U4                 0.912      0.135      6.769      0.000
    U5                 0.925      0.136      6.782      0.000
    U6                 0.912      0.129      7.040      0.000


R-SQUARE

Group MALE

    Observed                                        Two-Tailed   Residual
    Variable        Estimate       S.E.  Est./S.E.    P-Value    Variance

    U1                 0.890      0.031     28.455      0.000      0.110
    U2                 0.820      0.032     25.936      0.000      0.180
    U3                 0.876      0.030     29.339      0.000      0.124
    U4                 0.862      0.029     29.296      0.000      0.138
    U5                 0.856      0.029     29.940      0.000      0.144
    U6                 0.846      0.030     28.424      0.000      0.154

Group FEMALE

    Observed                                        Two-Tailed   Residual
    Variable        Estimate       S.E.  Est./S.E.    P-Value    Variance

    U1                 0.886      0.044     20.318      0.000      0.077
    U2                 0.855      0.040     21.651      0.000      0.093
    U3                 0.490      0.045     10.983      0.000      0.510
    U4                 0.870      0.025     34.214      0.000      0.156
    U5                 0.891      0.024     37.241      0.000      0.128
    U6                 0.854      0.025     34.083      0.000      0.175


QUALITY OF NUMERICAL RESULTS

     Condition Number for the Information Matrix              0.210E-03
       (ratio of smallest to largest eigenvalue)


     Beginning Time:  20:47:25
        Ending Time:  20:47:25
       Elapsed Time:  00:00:00



MUTHEN & MUTHEN
3463 Stoner Ave.
Los Angeles, CA  90066

Tel: (310) 391-9971
Fax: (310) 391-8971
Web: www.StatModel.com
Support: Support@StatModel.com

Copyright (c) 1998-2018 Muthen & Muthen
