Mplus VERSION 8.2
MUTHEN & MUTHEN
01/20/2024   8:47 PM

INPUT INSTRUCTIONS



      TITLE:        this is an example of a multiple group CFA
              with covariates (MIMIC) with categorical
              factor indicators and a threshold
              structure
      DATA:        FILE IS ex5.16.dat;
      VARIABLE:        NAMES ARE u1-u6 x1-x3 g;
              CATEGORICAL ARE u1-u6;
              GROUPING IS g (1=male 2=female);
      ANALYSIS: estimator=WLS;
      convergence=1e-10;
      MODEL:        f1 BY u1-u3;
              f2 BY u4-u6;
              f1 f2 ON x1-x3;
      MODEL female:
              f1 BY u3;
              [u3$1];
              {u3@1};
      output: standardized;









INPUT READING TERMINATED NORMALLY



this is an example of a multiple group CFA
with covariates (MIMIC) with categorical
factor indicators and a threshold
structure

SUMMARY OF ANALYSIS

Number of groups                                                 2
Number of observations
   Group MALE                                                 1000
   Group FEMALE                                               1200
   Total sample size                                          2200

Number of dependent variables                                    6
Number of independent variables                                  3
Number of continuous latent variables                            2

Observed dependent variables

  Binary and ordered categorical (ordinal)
   U1          U2          U3          U4          U5          U6

Observed independent variables
   X1          X2          X3

Continuous latent variables
   F1          F2

Variables with special functions

  Grouping variable     G

Estimator                                                      WLS
Maximum number of iterations                                  1000
Convergence criterion                                    0.100D-09
Maximum number of steepest descent iterations                   20
Parameterization                                             DELTA
Link                                                        PROBIT

Input data file(s)
  ex5.16.dat

Input data format  FREE


UNIVARIATE PROPORTIONS AND COUNTS FOR CATEGORICAL VARIABLES

  Group MALE
    U1
      Category 1    0.260          260.000
      Category 2    0.740          740.000
    U2
      Category 1    0.354          354.000
      Category 2    0.646          646.000
    U3
      Category 1    0.432          432.000
      Category 2    0.568          568.000
    U4
      Category 1    0.495          495.000
      Category 2    0.505          505.000
    U5
      Category 1    0.547          547.000
      Category 2    0.453          453.000
    U6
      Category 1    0.631          631.000
      Category 2    0.369          369.000

  Group FEMALE
    U1
      Category 1    0.271          325.000
      Category 2    0.729          875.000
    U2
      Category 1    0.382          458.000
      Category 2    0.618          742.000
    U3
      Category 1    0.693          831.000
      Category 2    0.307          369.000
    U4
      Category 1    0.512          614.000
      Category 2    0.488          586.000
    U5
      Category 1    0.571          685.000
      Category 2    0.429          515.000
    U6
      Category 1    0.638          766.000
      Category 2    0.362          434.000



UNIVARIATE SAMPLE STATISTICS


     UNIVARIATE HIGHER-ORDER MOMENT DESCRIPTIVE STATISTICS FOR MALE

         Variable/         Mean/     Skewness/   Minimum/ % with                Percentiles
        Sample Size      Variance    Kurtosis    Maximum  Min/Max      20%/60%    40%/80%    Median

     X1                   -0.022      -0.059      -3.215    0.10%      -0.816     -0.282     -0.047
            1000.000       0.979      -0.046       2.840    0.10%       0.185      0.828
     X2                    0.024      -0.081      -3.990    0.10%      -0.801     -0.190      0.026
            1000.000       1.047       0.136       3.812    0.10%       0.275      0.847
     X3                    0.029      -0.028      -3.223    0.10%      -0.871     -0.281      0.049
            1000.000       1.091      -0.180       2.983    0.10%       0.309      0.929


     UNIVARIATE HIGHER-ORDER MOMENT DESCRIPTIVE STATISTICS FOR FEMALE

         Variable/         Mean/     Skewness/   Minimum/ % with                Percentiles
        Sample Size      Variance    Kurtosis    Maximum  Min/Max      20%/60%    40%/80%    Median

     X1                    0.011       0.082      -3.147    0.08%      -0.884     -0.252      0.017
            1200.000       1.069       0.045       4.267    0.08%       0.280      0.859
     X2                   -0.033      -0.026      -3.406    0.08%      -0.847     -0.294     -0.042
            1200.000       1.002       0.002       2.888    0.08%       0.203      0.820
     X3                   -0.057      -0.051      -3.400    0.08%      -0.884     -0.305     -0.058
            1200.000       1.042       0.032       2.964    0.08%       0.194      0.800


THE MODEL ESTIMATION TERMINATED NORMALLY



MODEL FIT INFORMATION

Number of Free Parameters                       37

Chi-Square Test of Model Fit

          Value                             38.209
          Degrees of Freedom                    41
          P-Value                           0.5954

Chi-Square Contribution From Each Group

          MALE                              15.694
          FEMALE                            22.515

RMSEA (Root Mean Square Error Of Approximation)

          Estimate                           0.000
          90 Percent C.I.                    0.000  0.019
          Probability RMSEA <= .05           1.000

CFI/TLI

          CFI                                1.000
          TLI                                1.001

Chi-Square Test of Model Fit for the Baseline Model

          Value                           5101.227
          Degrees of Freedom                    66
          P-Value                           0.0000

SRMR (Standardized Root Mean Square Residual)

          Value                              0.016

Optimum Function Value for Weighted Least-Squares Estimator

          Value                     0.86838856D-02



MODEL RESULTS

                                                    Two-Tailed
                    Estimate       S.E.  Est./S.E.    P-Value

Group MALE

 F1       BY
    U1                 1.000      0.000    999.000    999.000
    U2                 0.964      0.047     20.326      0.000
    U3                 0.986      0.048     20.697      0.000

 F2       BY
    U4                 1.000      0.000    999.000    999.000
    U5                 1.003      0.043     23.310      0.000
    U6                 0.996      0.044     22.497      0.000

 F1       ON
    X1                 0.491      0.043     11.375      0.000
    X2                 0.544      0.044     12.313      0.000
    X3                 0.673      0.046     14.751      0.000

 F2       ON
    X1                 0.638      0.045     14.312      0.000
    X2                 0.612      0.043     14.234      0.000
    X3                 0.445      0.041     10.868      0.000

 F2       WITH
    F1                 0.012      0.042      0.277      0.782

 Intercepts
    F1                 0.000      0.000    999.000    999.000
    F2                 0.000      0.000    999.000    999.000

 Thresholds
    U1$1              -0.915      0.054    -17.029      0.000
    U2$1              -0.524      0.049    -10.594      0.000
    U3$1              -0.230      0.046     -4.976      0.000
    U4$1              -0.004      0.045     -0.085      0.933
    U5$1               0.197      0.042      4.735      0.000
    U6$1               0.482      0.047     10.253      0.000

 Residual Variances
    F1                 0.742      0.050     14.929      0.000
    F2                 0.695      0.044     15.844      0.000

 Scales
    U1                 1.000      0.000    999.000    999.000
    U2                 1.000      0.000    999.000    999.000
    U3                 1.000      0.000    999.000    999.000
    U4                 1.000      0.000    999.000    999.000
    U5                 1.000      0.000    999.000    999.000
    U6                 1.000      0.000    999.000    999.000

Group FEMALE

 F1       BY
    U1                 1.000      0.000    999.000    999.000
    U2                 0.964      0.047     20.326      0.000
    U3                 0.727      0.139      5.241      0.000

 F2       BY
    U4                 1.000      0.000    999.000    999.000
    U5                 1.003      0.043     23.310      0.000
    U6                 0.996      0.044     22.497      0.000

 F1       ON
    X1                 0.420      0.082      5.136      0.000
    X2                 0.502      0.095      5.273      0.000
    X3                 0.562      0.106      5.298      0.000

 F2       ON
    X1                 0.720      0.110      6.519      0.000
    X2                 0.610      0.096      6.349      0.000
    X3                 0.492      0.080      6.122      0.000

 F2       WITH
    F1                -0.042      0.036     -1.171      0.242

 Intercepts
    F1                -0.137      0.121     -1.130      0.258
    F2                -0.020      0.061     -0.322      0.747

 Thresholds
    U1$1              -0.915      0.054    -17.029      0.000
    U2$1              -0.524      0.049    -10.594      0.000
    U3$1               0.469      0.110      4.254      0.000
    U4$1              -0.004      0.045     -0.085      0.933
    U5$1               0.197      0.042      4.735      0.000
    U6$1               0.482      0.047     10.253      0.000

 Residual Variances
    F1                 0.474      0.176      2.686      0.007
    F2                 0.736      0.220      3.352      0.001

 Scales
    U1                 1.253      0.225      5.582      0.000
    U2                 1.257      0.254      4.940      0.000
    U3                 1.000      0.000    999.000    999.000
    U4                 1.003      0.149      6.706      0.000
    U5                 0.999      0.150      6.658      0.000
    U6                 0.974      0.138      7.052      0.000


STANDARDIZED MODEL RESULTS


STDYX Standardization

                                                    Two-Tailed
                    Estimate       S.E.  Est./S.E.    P-Value

Group MALE

 F1       BY
    U1                 0.936      0.015     64.386      0.000
    U2                 0.920      0.016     56.396      0.000
    U3                 0.930      0.015     63.191      0.000

 F2       BY
    U4                 0.923      0.014     67.616      0.000
    U5                 0.925      0.013     68.502      0.000
    U6                 0.921      0.014     63.757      0.000

 F1       ON
    X1                 0.360      0.028     12.994      0.000
    X2                 0.412      0.027     15.005      0.000
    X3                 0.520      0.026     19.821      0.000

 F2       ON
    X1                 0.476      0.026     17.967      0.000
    X2                 0.472      0.027     17.469      0.000
    X3                 0.350      0.028     12.532      0.000

 F2       WITH
    F1                 0.016      0.059      0.277      0.782

 Intercepts
    F1                 0.000      0.000    999.000    999.000
    F2                 0.000      0.000    999.000    999.000

 Thresholds
    U1$1              -0.633      0.035    -17.875      0.000
    U2$1              -0.370      0.034    -10.966      0.000
    U3$1              -0.160      0.032     -5.008      0.000
    U4$1              -0.003      0.031     -0.085      0.933
    U5$1               0.137      0.029      4.764      0.000
    U6$1               0.336      0.033     10.300      0.000

 Residual Variances
    F1                 0.406      0.028     14.693      0.000
    F2                 0.394      0.026     15.000      0.000

 Scales
    U1                 1.000      0.000      0.000      1.000
    U2                 1.000      0.000      0.000      1.000
    U3                 1.000      0.000      0.000      1.000
    U4                 1.000      0.000      0.000      1.000
    U5                 1.000      0.000      0.000      1.000
    U6                 1.000      0.000      0.000      1.000

Group FEMALE

 F1       BY
    U1                 0.942      0.016     58.859      0.000
    U2                 0.928      0.016     56.571      0.000
    U3                 0.691      0.028     24.605      0.000

 F2       BY
    U4                 0.941      0.013     75.234      0.000
    U5                 0.940      0.011     82.497      0.000
    U6                 0.927      0.012     74.430      0.000

 F1       ON
    X1                 0.382      0.025     15.485      0.000
    X2                 0.443      0.025     17.858      0.000
    X3                 0.505      0.024     21.139      0.000

 F2       ON
    X1                 0.528      0.023     23.387      0.000
    X2                 0.433      0.024     17.819      0.000
    X3                 0.356      0.024     14.702      0.000

 F2       WITH
    F1                -0.072      0.059     -1.217      0.224

 Intercepts
    F1                -0.121      0.127     -0.952      0.341
    F2                -0.014      0.042     -0.331      0.741

 Thresholds
    U1$1              -0.759      0.126     -6.001      0.000
    U2$1              -0.444      0.108     -4.107      0.000
    U3$1               0.392      0.093      4.234      0.000
    U4$1              -0.003      0.030     -0.085      0.932
    U5$1               0.131      0.034      3.835      0.000
    U6$1               0.318      0.042      7.569      0.000

 Residual Variances
    F1                 0.367      0.027     13.480      0.000
    F2                 0.370      0.025     14.780      0.000

 Scales
    U1                 1.000      0.000      0.000      1.000
    U2                 1.000      0.000      0.000      1.000
    U3                 1.000      0.000      0.000      1.000
    U4                 1.000      0.000      0.000      1.000
    U5                 1.000      0.000      0.000      1.000
    U6                 1.000      0.000      0.000      1.000


STDY Standardization

                                                    Two-Tailed
                    Estimate       S.E.  Est./S.E.    P-Value

Group MALE

 F1       BY
    U1                 0.936      0.015     64.386      0.000
    U2                 0.920      0.016     56.396      0.000
    U3                 0.930      0.015     63.191      0.000

 F2       BY
    U4                 0.923      0.014     67.616      0.000
    U5                 0.925      0.013     68.502      0.000
    U6                 0.921      0.014     63.757      0.000

 F1       ON
    X1                 0.363      0.027     13.412      0.000
    X2                 0.402      0.026     15.515      0.000
    X3                 0.497      0.024     20.766      0.000

 F2       ON
    X1                 0.480      0.026     18.749      0.000
    X2                 0.461      0.025     18.106      0.000
    X3                 0.335      0.026     12.920      0.000

 F2       WITH
    F1                 0.016      0.059      0.277      0.782

 Intercepts
    F1                 0.000      0.000    999.000    999.000
    F2                 0.000      0.000    999.000    999.000

 Thresholds
    U1$1              -0.633      0.035    -17.875      0.000
    U2$1              -0.370      0.034    -10.966      0.000
    U3$1              -0.160      0.032     -5.008      0.000
    U4$1              -0.003      0.031     -0.085      0.933
    U5$1               0.137      0.029      4.764      0.000
    U6$1               0.336      0.033     10.300      0.000

 Residual Variances
    F1                 0.406      0.028     14.693      0.000
    F2                 0.394      0.026     15.000      0.000

 Scales
    U1                 1.000      0.000      0.000      1.000
    U2                 1.000      0.000      0.000      1.000
    U3                 1.000      0.000      0.000      1.000
    U4                 1.000      0.000      0.000      1.000
    U5                 1.000      0.000      0.000      1.000
    U6                 1.000      0.000      0.000      1.000

Group FEMALE

 F1       BY
    U1                 0.942      0.016     58.859      0.000
    U2                 0.928      0.016     56.571      0.000
    U3                 0.691      0.028     24.605      0.000

 F2       BY
    U4                 0.941      0.013     75.234      0.000
    U5                 0.940      0.011     82.497      0.000
    U6                 0.927      0.012     74.430      0.000

 F1       ON
    X1                 0.369      0.023     16.027      0.000
    X2                 0.442      0.024     18.533      0.000
    X3                 0.495      0.022     22.093      0.000

 F2       ON
    X1                 0.510      0.021     24.494      0.000
    X2                 0.433      0.023     18.507      0.000
    X3                 0.348      0.023     15.204      0.000

 F2       WITH
    F1                -0.072      0.059     -1.217      0.224

 Intercepts
    F1                -0.121      0.127     -0.952      0.341
    F2                -0.014      0.042     -0.331      0.741

 Thresholds
    U1$1              -0.759      0.126     -6.001      0.000
    U2$1              -0.444      0.108     -4.107      0.000
    U3$1               0.392      0.093      4.234      0.000
    U4$1              -0.003      0.030     -0.085      0.932
    U5$1               0.131      0.034      3.835      0.000
    U6$1               0.318      0.042      7.569      0.000

 Residual Variances
    F1                 0.367      0.027     13.480      0.000
    F2                 0.370      0.025     14.780      0.000

 Scales
    U1                 1.000      0.000      0.000      1.000
    U2                 1.000      0.000      0.000      1.000
    U3                 1.000      0.000      0.000      1.000
    U4                 1.000      0.000      0.000      1.000
    U5                 1.000      0.000      0.000      1.000
    U6                 1.000      0.000      0.000      1.000


STD Standardization

                                                    Two-Tailed
                    Estimate       S.E.  Est./S.E.    P-Value

Group MALE

 F1       BY
    U1                 1.353      0.056     24.189      0.000
    U2                 1.304      0.057     23.038      0.000
    U3                 1.334      0.055     24.383      0.000

 F2       BY
    U4                 1.328      0.053     25.209      0.000
    U5                 1.332      0.054     24.825      0.000
    U6                 1.323      0.053     24.971      0.000

 F1       ON
    X1                 0.363      0.027     13.412      0.000
    X2                 0.402      0.026     15.515      0.000
    X3                 0.497      0.024     20.766      0.000

 F2       ON
    X1                 0.480      0.026     18.749      0.000
    X2                 0.461      0.025     18.106      0.000
    X3                 0.335      0.026     12.920      0.000

 F2       WITH
    F1                 0.016      0.059      0.277      0.782

 Intercepts
    F1                 0.000      0.000    999.000    999.000
    F2                 0.000      0.000    999.000    999.000

 Thresholds
    U1$1              -0.915      0.054    -17.029      0.000
    U2$1              -0.524      0.049    -10.594      0.000
    U3$1              -0.230      0.046     -4.976      0.000
    U4$1              -0.004      0.045     -0.085      0.933
    U5$1               0.197      0.042      4.735      0.000
    U6$1               0.482      0.047     10.253      0.000

 Residual Variances
    F1                 0.406      0.028     14.693      0.000
    F2                 0.394      0.026     15.000      0.000

 Scales
    U1                 1.000      0.000    999.000    999.000
    U2                 1.000      0.000    999.000    999.000
    U3                 1.000      0.000    999.000    999.000
    U4                 1.000      0.000    999.000    999.000
    U5                 1.000      0.000    999.000    999.000
    U6                 1.000      0.000    999.000    999.000

Group FEMALE

 F1       BY
    U1                 1.136      0.209      5.443      0.000
    U2                 1.095      0.214      5.123      0.000
    U3                 0.826      0.049     16.927      0.000

 F2       BY
    U4                 1.411      0.209      6.744      0.000
    U5                 1.415      0.211      6.723      0.000
    U6                 1.405      0.203      6.933      0.000

 F1       ON
    X1                 0.369      0.023     16.027      0.000
    X2                 0.442      0.024     18.533      0.000
    X3                 0.495      0.022     22.093      0.000

 F2       ON
    X1                 0.510      0.021     24.494      0.000
    X2                 0.433      0.023     18.507      0.000
    X3                 0.348      0.023     15.204      0.000

 F2       WITH
    F1                -0.072      0.059     -1.217      0.224

 Intercepts
    F1                -0.121      0.127     -0.952      0.341
    F2                -0.014      0.042     -0.331      0.741

 Thresholds
    U1$1              -0.915      0.054    -17.029      0.000
    U2$1              -0.524      0.049    -10.594      0.000
    U3$1               0.469      0.110      4.254      0.000
    U4$1              -0.004      0.045     -0.085      0.933
    U5$1               0.197      0.042      4.735      0.000
    U6$1               0.482      0.047     10.253      0.000

 Residual Variances
    F1                 0.367      0.027     13.480      0.000
    F2                 0.370      0.025     14.780      0.000

 Scales
    U1                 1.253      0.225      5.582      0.000
    U2                 1.257      0.254      4.940      0.000
    U3                 1.000      0.000    999.000    999.000
    U4                 1.003      0.149      6.706      0.000
    U5                 0.999      0.150      6.658      0.000
    U6                 0.974      0.138      7.052      0.000


R-SQUARE

Group MALE

    Observed                                        Two-Tailed   Residual
    Variable        Estimate       S.E.  Est./S.E.    P-Value    Variance

    U1                 0.877      0.027     32.193      0.000      0.258
    U2                 0.846      0.030     28.198      0.000      0.310
    U3                 0.864      0.027     31.596      0.000      0.279
    U4                 0.852      0.025     33.808      0.000      0.305
    U5                 0.855      0.025     34.251      0.000      0.301
    U6                 0.849      0.027     31.878      0.000      0.311

     Latent                                         Two-Tailed
    Variable        Estimate       S.E.  Est./S.E.    P-Value

    F1                 0.594      0.028     21.535      0.000
    F2                 0.606      0.026     23.094      0.000

Group FEMALE

    Observed                                        Two-Tailed   Residual
    Variable        Estimate       S.E.  Est./S.E.    P-Value    Variance

    U1                 0.888      0.030     29.429      0.000      0.163
    U2                 0.862      0.030     28.285      0.000      0.193
    U3                 0.477      0.039     12.302      0.000      0.749
    U4                 0.885      0.024     37.617      0.000      0.259
    U5                 0.884      0.021     41.249      0.000      0.262
    U6                 0.859      0.023     37.215      0.000      0.324

     Latent                                         Two-Tailed
    Variable        Estimate       S.E.  Est./S.E.    P-Value

    F1                 0.633      0.027     23.255      0.000
    F2                 0.630      0.025     25.196      0.000


QUALITY OF NUMERICAL RESULTS

     Condition Number for the Information Matrix              0.105E-02
       (ratio of smallest to largest eigenvalue)


     Beginning Time:  20:47:23
        Ending Time:  20:47:23
       Elapsed Time:  00:00:00



MUTHEN & MUTHEN
3463 Stoner Ave.
Los Angeles, CA  90066

Tel: (310) 391-9971
Fax: (310) 391-8971
Web: www.StatModel.com
Support: Support@StatModel.com

Copyright (c) 1998-2018 Muthen & Muthen
