Mplus VERSION 8.2
MUTHEN & MUTHEN
01/08/2024   9:54 AM

INPUT INSTRUCTIONS


    TITLE:        this is an example of a multiple group CFA
            with covariates (MIMIC) with categorical
            factor indicators and a threshold
            structure
    DATA:        FILE IS ex5.16.dat;
    VARIABLE:        NAMES ARE u1-u6 x1-x3 g;
        USEVARIABLES ARE u1-u6 g;
            CATEGORICAL ARE u1-u6;
            GROUPING IS g (1=male 2=female);
    ANALYSIS: estimator=ULSMV;
    convergence=1e-10;
    MODEL:        f1 BY u1-u3;
            f2 BY u4-u6;
    MODEL female:
            f1 BY u3;
            [u3$1];
            {u3@1};
    output: standardized;






INPUT READING TERMINATED NORMALLY



this is an example of a multiple group CFA
with covariates (MIMIC) with categorical
factor indicators and a threshold
structure

SUMMARY OF ANALYSIS

Number of groups                                                 2
Number of observations
   Group MALE                                                 1000
   Group FEMALE                                               1200
   Total sample size                                          2200

Number of dependent variables                                    6
Number of independent variables                                  0
Number of continuous latent variables                            2

Observed dependent variables

  Binary and ordered categorical (ordinal)
   U1          U2          U3          U4          U5          U6

Continuous latent variables
   F1          F2

Variables with special functions

  Grouping variable     G

Estimator                                                    ULSMV
Maximum number of iterations                                  1000
Convergence criterion                                    0.100D-09
Maximum number of steepest descent iterations                   20
Parameterization                                             DELTA
Link                                                        PROBIT

Input data file(s)
  ex5.16.dat

Input data format  FREE


UNIVARIATE PROPORTIONS AND COUNTS FOR CATEGORICAL VARIABLES

  Group MALE
    U1
      Category 1    0.260          260.000
      Category 2    0.740          740.000
    U2
      Category 1    0.354          354.000
      Category 2    0.646          646.000
    U3
      Category 1    0.432          432.000
      Category 2    0.568          568.000
    U4
      Category 1    0.495          495.000
      Category 2    0.505          505.000
    U5
      Category 1    0.547          547.000
      Category 2    0.453          453.000
    U6
      Category 1    0.631          631.000
      Category 2    0.369          369.000

  Group FEMALE
    U1
      Category 1    0.271          325.000
      Category 2    0.729          875.000
    U2
      Category 1    0.382          458.000
      Category 2    0.618          742.000
    U3
      Category 1    0.693          831.000
      Category 2    0.307          369.000
    U4
      Category 1    0.512          614.000
      Category 2    0.488          586.000
    U5
      Category 1    0.571          685.000
      Category 2    0.429          515.000
    U6
      Category 1    0.638          766.000
      Category 2    0.362          434.000



THE MODEL ESTIMATION TERMINATED NORMALLY



MODEL FIT INFORMATION

Number of Free Parameters                       25

Chi-Square Test of Model Fit

          Value                              8.518*
          Degrees of Freedom                    17
          P-Value                           0.9542

Chi-Square Contribution From Each Group

          MALE                               3.160
          FEMALE                             5.358

*   The chi-square value for MLM, MLMV, MLR, ULSMV, WLSM and WLSMV cannot be used
    for chi-square difference testing in the regular way.  MLM, MLR and WLSM
    chi-square difference testing is described on the Mplus website.  MLMV, WLSMV,
    and ULSMV difference testing is done using the DIFFTEST option.

RMSEA (Root Mean Square Error Of Approximation)

          Estimate                           0.000
          90 Percent C.I.                    0.000  0.000
          Probability RMSEA <= .05           1.000

CFI/TLI

          CFI                                1.000
          TLI                                1.003

Chi-Square Test of Model Fit for the Baseline Model

          Value                           5805.885
          Degrees of Freedom                    30
          P-Value                           0.0000

SRMR (Standardized Root Mean Square Residual)

          Value                              0.009

Optimum Function Value for Weighted Least-Squares Estimator

          Value                     0.22988201D-02



MODEL RESULTS

                                                    Two-Tailed
                    Estimate       S.E.  Est./S.E.    P-Value

Group MALE

 F1       BY
    U1                 1.000      0.000    999.000    999.000
    U2                 0.963      0.040     23.966      0.000
    U3                 1.006      0.040     25.338      0.000

 F2       BY
    U4                 1.000      0.000    999.000    999.000
    U5                 0.998      0.036     27.545      0.000
    U6                 1.011      0.040     25.029      0.000

 F2       WITH
    F1                 0.513      0.035     14.847      0.000

 Means
    F1                 0.000      0.000    999.000    999.000
    F2                 0.000      0.000    999.000    999.000

 Thresholds
    U1$1              -0.643      0.043    -15.044      0.000
    U2$1              -0.375      0.041     -9.212      0.000
    U3$1              -0.171      0.040     -4.299      0.000
    U4$1              -0.017      0.039     -0.440      0.660
    U5$1               0.126      0.037      3.391      0.001
    U6$1               0.331      0.040      8.269      0.000

 Variances
    F1                 0.877      0.044     19.814      0.000
    F2                 0.847      0.040     21.371      0.000

 Scales
    U1                 1.000      0.000    999.000    999.000
    U2                 1.000      0.000    999.000    999.000
    U3                 1.000      0.000    999.000    999.000
    U4                 1.000      0.000    999.000    999.000
    U5                 1.000      0.000    999.000    999.000
    U6                 1.000      0.000    999.000    999.000

Group FEMALE

 F1       BY
    U1                 1.000      0.000    999.000    999.000
    U2                 0.963      0.040     23.966      0.000
    U3                 0.890      0.186      4.788      0.000

 F2       BY
    U4                 1.000      0.000    999.000    999.000
    U5                 0.998      0.036     27.545      0.000
    U6                 1.011      0.040     25.029      0.000

 F2       WITH
    F1                 0.458      0.119      3.847      0.000

 Means
    F1                -0.132      0.092     -1.437      0.151
    F2                -0.052      0.055     -0.947      0.344

 Thresholds
    U1$1              -0.643      0.043    -15.044      0.000
    U2$1              -0.375      0.041     -9.212      0.000
    U3$1               0.385      0.106      3.631      0.000
    U4$1              -0.017      0.039     -0.440      0.660
    U5$1               0.126      0.037      3.391      0.001
    U6$1               0.331      0.040      8.269      0.000

 Variances
    F1                 0.614      0.249      2.465      0.014
    F2                 0.955      0.283      3.375      0.001

 Scales
    U1                 1.194      0.232      5.151      0.000
    U2                 1.218      0.273      4.461      0.000
    U3                 1.000      0.000    999.000    999.000
    U4                 0.966      0.145      6.656      0.000
    U5                 0.955      0.143      6.691      0.000
    U6                 0.931      0.131      7.103      0.000


STANDARDIZED MODEL RESULTS


STDYX Standardization

                                                    Two-Tailed
                    Estimate       S.E.  Est./S.E.    P-Value

Group MALE

 F1       BY
    U1                 0.937      0.024     39.628      0.000
    U2                 0.902      0.024     37.818      0.000
    U3                 0.942      0.022     43.332      0.000

 F2       BY
    U4                 0.920      0.022     42.742      0.000
    U5                 0.918      0.021     43.508      0.000
    U6                 0.930      0.024     39.493      0.000

 F2       WITH
    F1                 0.596      0.032     18.379      0.000

 Means
    F1                 0.000      0.000    999.000    999.000
    F2                 0.000      0.000    999.000    999.000

 Thresholds
    U1$1              -0.643      0.043    -15.044      0.000
    U2$1              -0.375      0.041     -9.212      0.000
    U3$1              -0.171      0.040     -4.299      0.000
    U4$1              -0.017      0.039     -0.440      0.660
    U5$1               0.126      0.037      3.391      0.001
    U6$1               0.331      0.040      8.269      0.000

 Variances
    F1                 1.000      0.000    999.000    999.000
    F2                 1.000      0.000    999.000    999.000

 Scales
    U1                 1.000      0.000      0.000      1.000
    U2                 1.000      0.000      0.000      1.000
    U3                 1.000      0.000      0.000      1.000
    U4                 1.000      0.000      0.000      1.000
    U5                 1.000      0.000      0.000      1.000
    U6                 1.000      0.000      0.000      1.000

Group FEMALE

 F1       BY
    U1                 0.935      0.029     32.300      0.000
    U2                 0.919      0.024     38.681      0.000
    U3                 0.698      0.035     20.205      0.000

 F2       BY
    U4                 0.944      0.018     53.631      0.000
    U5                 0.931      0.017     54.944      0.000
    U6                 0.919      0.018     52.033      0.000

 F2       WITH
    F1                 0.598      0.032     18.846      0.000

 Means
    F1                -0.169      0.147     -1.144      0.252
    F2                -0.054      0.053     -1.008      0.314

 Thresholds
    U1$1              -0.768      0.141     -5.431      0.000
    U2$1              -0.456      0.126     -3.633      0.000
    U3$1               0.385      0.106      3.631      0.000
    U4$1              -0.017      0.037     -0.448      0.654
    U5$1               0.120      0.040      2.996      0.003
    U6$1               0.308      0.047      6.618      0.000

 Variances
    F1                 1.000      0.000    999.000    999.000
    F2                 1.000      0.000    999.000    999.000

 Scales
    U1                 1.000      0.000      0.000      1.000
    U2                 1.000      0.000      0.000      1.000
    U3                 1.000      0.000      0.000      1.000
    U4                 1.000      0.000      0.000      1.000
    U5                 1.000      0.000      0.000      1.000
    U6                 1.000      0.000      0.000      1.000


STDY Standardization

                                                    Two-Tailed
                    Estimate       S.E.  Est./S.E.    P-Value

Group MALE

 F1       BY
    U1                 0.937      0.024     39.628      0.000
    U2                 0.902      0.024     37.818      0.000
    U3                 0.942      0.022     43.332      0.000

 F2       BY
    U4                 0.920      0.022     42.742      0.000
    U5                 0.918      0.021     43.508      0.000
    U6                 0.930      0.024     39.493      0.000

 F2       WITH
    F1                 0.596      0.032     18.379      0.000

 Means
    F1                 0.000      0.000    999.000    999.000
    F2                 0.000      0.000    999.000    999.000

 Thresholds
    U1$1              -0.643      0.043    -15.044      0.000
    U2$1              -0.375      0.041     -9.212      0.000
    U3$1              -0.171      0.040     -4.299      0.000
    U4$1              -0.017      0.039     -0.440      0.660
    U5$1               0.126      0.037      3.391      0.001
    U6$1               0.331      0.040      8.269      0.000

 Variances
    F1                 1.000      0.000    999.000    999.000
    F2                 1.000      0.000    999.000    999.000

 Scales
    U1                 1.000      0.000      0.000      1.000
    U2                 1.000      0.000      0.000      1.000
    U3                 1.000      0.000      0.000      1.000
    U4                 1.000      0.000      0.000      1.000
    U5                 1.000      0.000      0.000      1.000
    U6                 1.000      0.000      0.000      1.000

Group FEMALE

 F1       BY
    U1                 0.935      0.029     32.300      0.000
    U2                 0.919      0.024     38.681      0.000
    U3                 0.698      0.035     20.205      0.000

 F2       BY
    U4                 0.944      0.018     53.631      0.000
    U5                 0.931      0.017     54.944      0.000
    U6                 0.919      0.018     52.033      0.000

 F2       WITH
    F1                 0.598      0.032     18.846      0.000

 Means
    F1                -0.169      0.147     -1.144      0.252
    F2                -0.054      0.053     -1.008      0.314

 Thresholds
    U1$1              -0.768      0.141     -5.431      0.000
    U2$1              -0.456      0.126     -3.633      0.000
    U3$1               0.385      0.106      3.631      0.000
    U4$1              -0.017      0.037     -0.448      0.654
    U5$1               0.120      0.040      2.996      0.003
    U6$1               0.308      0.047      6.618      0.000

 Variances
    F1                 1.000      0.000    999.000    999.000
    F2                 1.000      0.000    999.000    999.000

 Scales
    U1                 1.000      0.000      0.000      1.000
    U2                 1.000      0.000      0.000      1.000
    U3                 1.000      0.000      0.000      1.000
    U4                 1.000      0.000      0.000      1.000
    U5                 1.000      0.000      0.000      1.000
    U6                 1.000      0.000      0.000      1.000


STD Standardization

                                                    Two-Tailed
                    Estimate       S.E.  Est./S.E.    P-Value

Group MALE

 F1       BY
    U1                 0.937      0.024     39.628      0.000
    U2                 0.902      0.024     37.818      0.000
    U3                 0.942      0.022     43.332      0.000

 F2       BY
    U4                 0.920      0.022     42.742      0.000
    U5                 0.918      0.021     43.508      0.000
    U6                 0.930      0.024     39.493      0.000

 F2       WITH
    F1                 0.596      0.032     18.379      0.000

 Means
    F1                 0.000      0.000    999.000    999.000
    F2                 0.000      0.000    999.000    999.000

 Thresholds
    U1$1              -0.643      0.043    -15.044      0.000
    U2$1              -0.375      0.041     -9.212      0.000
    U3$1              -0.171      0.040     -4.299      0.000
    U4$1              -0.017      0.039     -0.440      0.660
    U5$1               0.126      0.037      3.391      0.001
    U6$1               0.331      0.040      8.269      0.000

 Variances
    F1                 1.000      0.000    999.000    999.000
    F2                 1.000      0.000    999.000    999.000

 Scales
    U1                 1.000      0.000    999.000    999.000
    U2                 1.000      0.000    999.000    999.000
    U3                 1.000      0.000    999.000    999.000
    U4                 1.000      0.000    999.000    999.000
    U5                 1.000      0.000    999.000    999.000
    U6                 1.000      0.000    999.000    999.000

Group FEMALE

 F1       BY
    U1                 0.784      0.159      4.931      0.000
    U2                 0.755      0.165      4.582      0.000
    U3                 0.698      0.035     20.205      0.000

 F2       BY
    U4                 0.977      0.145      6.751      0.000
    U5                 0.975      0.145      6.724      0.000
    U6                 0.988      0.143      6.918      0.000

 F2       WITH
    F1                 0.598      0.032     18.846      0.000

 Means
    F1                -0.169      0.147     -1.144      0.252
    F2                -0.054      0.053     -1.008      0.314

 Thresholds
    U1$1              -0.643      0.043    -15.044      0.000
    U2$1              -0.375      0.041     -9.212      0.000
    U3$1               0.385      0.106      3.631      0.000
    U4$1              -0.017      0.039     -0.440      0.660
    U5$1               0.126      0.037      3.391      0.001
    U6$1               0.331      0.040      8.269      0.000

 Variances
    F1                 1.000      0.000    999.000    999.000
    F2                 1.000      0.000    999.000    999.000

 Scales
    U1                 1.194      0.232      5.151      0.000
    U2                 1.218      0.273      4.461      0.000
    U3                 1.000      0.000    999.000    999.000
    U4                 0.966      0.145      6.656      0.000
    U5                 0.955      0.143      6.691      0.000
    U6                 0.931      0.131      7.103      0.000


R-SQUARE

Group MALE

    Observed                                        Two-Tailed   Residual
    Variable        Estimate       S.E.  Est./S.E.    P-Value    Variance

    U1                 0.877      0.044     19.814      0.000      0.123
    U2                 0.814      0.043     18.909      0.000      0.186
    U3                 0.887      0.041     21.666      0.000      0.113
    U4                 0.847      0.040     21.371      0.000      0.153
    U5                 0.844      0.039     21.754      0.000      0.156
    U6                 0.865      0.044     19.746      0.000      0.135

Group FEMALE

    Observed                                        Two-Tailed   Residual
    Variable        Estimate       S.E.  Est./S.E.    P-Value    Variance

    U1                 0.875      0.054     16.150      0.000      0.088
    U2                 0.845      0.044     19.341      0.000      0.104
    U3                 0.487      0.048     10.102      0.000      0.513
    U4                 0.891      0.033     26.815      0.000      0.116
    U5                 0.867      0.032     27.472      0.000      0.146
    U6                 0.845      0.032     26.017      0.000      0.180


QUALITY OF NUMERICAL RESULTS

     Condition Number for the Information Matrix              0.190E-03
       (ratio of smallest to largest eigenvalue)


     Beginning Time:  09:54:18
        Ending Time:  09:54:18
       Elapsed Time:  00:00:00



MUTHEN & MUTHEN
3463 Stoner Ave.
Los Angeles, CA  90066

Tel: (310) 391-9971
Fax: (310) 391-8971
Web: www.StatModel.com
Support: Support@StatModel.com

Copyright (c) 1998-2018 Muthen & Muthen
