Mplus VERSION 6.11 (Linux)
MUTHEN & MUTHEN
07/18/2012   4:23 PM

INPUT INSTRUCTIONS

  TITLE:        this is an example of a multiple group CFA
          with covariates (MIMIC) with categorical
          factor indicators and a threshold
          structure
  DATA:        FILE IS ex5.16.dat;
  VARIABLE:        NAMES ARE u1-u6 x1-x3 g;
          CATEGORICAL ARE u1-u6;
          GROUPING IS g (1=male 2=female);
  ANALYSIS: estimator=ULSMV;
  convergence=1e-10;
  MODEL:        f1 BY u1-u3;
          f2 BY u4-u6;
          f1 f2 ON x1-x3;
  MODEL female:
          f1 BY u3;
          [u3$1];
          {u3@1};
  output: standardized;



INPUT READING TERMINATED NORMALLY



this is an example of a multiple group CFA
with covariates (MIMIC) with categorical
factor indicators and a threshold
structure

SUMMARY OF ANALYSIS

Number of groups                                                 2
Number of observations
   Group MALE                                                 1000
   Group FEMALE                                               1200

Number of dependent variables                                    6
Number of independent variables                                  3
Number of continuous latent variables                            2

Observed dependent variables

  Binary and ordered categorical (ordinal)
   U1          U2          U3          U4          U5          U6

Observed independent variables
   X1          X2          X3

Continuous latent variables
   F1          F2

Variables with special functions

  Grouping variable     G

Estimator                                                    ULSMV
Maximum number of iterations                                  1000
Convergence criterion                                    0.100D-09
Maximum number of steepest descent iterations                   20
Parameterization                                             DELTA

Input data file(s)
  ex5.16.dat

Input data format  FREE


UNIVARIATE PROPORTIONS AND COUNTS FOR CATEGORICAL VARIABLES

  Group MALE
    U1
      Category 1    0.260      260.000
      Category 2    0.740      740.000
    U2
      Category 1    0.354      354.000
      Category 2    0.646      646.000
    U3
      Category 1    0.432      432.000
      Category 2    0.568      568.000
    U4
      Category 1    0.495      495.000
      Category 2    0.505      505.000
    U5
      Category 1    0.547      547.000
      Category 2    0.453      453.000
    U6
      Category 1    0.631      631.000
      Category 2    0.369      369.000

  Group FEMALE
    U1
      Category 1    0.271      325.000
      Category 2    0.729      875.000
    U2
      Category 1    0.382      458.000
      Category 2    0.618      742.000
    U3
      Category 1    0.692      831.000
      Category 2    0.308      369.000
    U4
      Category 1    0.512      614.000
      Category 2    0.488      586.000
    U5
      Category 1    0.571      685.000
      Category 2    0.429      515.000
    U6
      Category 1    0.638      766.000
      Category 2    0.362      434.000



THE MODEL ESTIMATION TERMINATED NORMALLY



MODEL FIT INFORMATION

Number of Free Parameters                       37

Chi-Square Test of Model Fit

          Value                             32.469*
          Degrees of Freedom                    41
          P-Value                           0.8268

Chi-Square Contributions From Each Group

          MALE                              15.996
          FEMALE                            16.473

*   The chi-square value for MLM, MLMV, MLR, ULSMV, WLSM and WLSMV cannot be used
    for chi-square difference testing in the regular way.  MLM, MLR and WLSM
    chi-square difference testing is described on the Mplus website.  MLMV, WLSMV,
    and ULSMV difference testing is done using the DIFFTEST option.

RMSEA (Root Mean Square Error Of Approximation)

          Estimate                           0.000
          90 Percent C.I.                    0.000  0.013
          Probability RMSEA <= .05           1.000

CFI/TLI

          CFI                                1.000
          TLI                                1.003

Chi-Square Test of Model Fit for the Baseline Model

          Value                           4305.830
          Degrees of Freedom                    66
          P-Value                           0.0000



MODEL RESULTS

                                                    Two-Tailed
                    Estimate       S.E.  Est./S.E.    P-Value

Group MALE

 F1       BY
    U1                 1.000      0.000    999.000    999.000
    U2                 0.984      0.055     18.014      0.000
    U3                 0.985      0.052     19.083      0.000

 F2       BY
    U4                 1.000      0.000    999.000    999.000
    U5                 1.005      0.045     22.442      0.000
    U6                 1.008      0.049     20.604      0.000

 F1       ON
    X1                 0.495      0.045     11.054      0.000
    X2                 0.545      0.045     12.155      0.000
    X3                 0.664      0.047     14.247      0.000

 F2       ON
    X1                 0.641      0.045     14.208      0.000
    X2                 0.615      0.043     14.160      0.000
    X3                 0.447      0.041     10.855      0.000

 F2       WITH
    F1                 0.004      0.042      0.092      0.927

 Intercepts
    F1                 0.000      0.000    999.000    999.000
    F2                 0.000      0.000    999.000    999.000

 Thresholds
    U1$1              -0.905      0.057    -15.936      0.000
    U2$1              -0.536      0.052    -10.363      0.000
    U3$1              -0.230      0.047     -4.920      0.000
    U4$1              -0.013      0.045     -0.284      0.777
    U5$1               0.197      0.042      4.637      0.000
    U6$1               0.500      0.049     10.284      0.000

 Residual Variances
    F1                 0.722      0.053     13.605      0.000
    F2                 0.680      0.045     15.022      0.000

 Scales
    U1                 1.000      0.000    999.000    999.000
    U2                 1.000      0.000    999.000    999.000
    U3                 1.000      0.000    999.000    999.000
    U4                 1.000      0.000    999.000    999.000
    U5                 1.000      0.000    999.000    999.000
    U6                 1.000      0.000    999.000    999.000

Group FEMALE

 F1       BY
    U1                 1.000      0.000    999.000    999.000
    U2                 0.984      0.055     18.014      0.000
    U3                 0.743      0.149      4.974      0.000

 F2       BY
    U4                 1.000      0.000    999.000    999.000
    U5                 1.005      0.045     22.442      0.000
    U6                 1.008      0.049     20.604      0.000

 F1       ON
    X1                 0.418      0.085      4.905      0.000
    X2                 0.497      0.099      5.000      0.000
    X3                 0.552      0.110      5.030      0.000

 F2       ON
    X1                 0.765      0.116      6.566      0.000
    X2                 0.637      0.100      6.383      0.000
    X3                 0.521      0.084      6.172      0.000

 F2       WITH
    F1                -0.043      0.038     -1.131      0.258

 Intercepts
    F1                -0.136      0.125     -1.091      0.275
    F2                -0.033      0.063     -0.534      0.593

 Thresholds
    U1$1              -0.905      0.057    -15.936      0.000
    U2$1              -0.536      0.052    -10.363      0.000
    U3$1               0.462      0.115      4.003      0.000
    U4$1              -0.013      0.045     -0.284      0.777
    U5$1               0.197      0.042      4.637      0.000
    U6$1               0.500      0.049     10.284      0.000

 Residual Variances
    F1                 0.457      0.180      2.536      0.011
    F2                 0.795      0.236      3.370      0.001

 Scales
    U1                 1.287      0.245      5.242      0.000
    U2                 1.254      0.263      4.776      0.000
    U3                 1.000      0.000    999.000    999.000
    U4                 0.971      0.143      6.769      0.000
    U5                 0.941      0.141      6.669      0.000
    U6                 0.916      0.133      6.888      0.000


STANDARDIZED MODEL RESULTS

                      StdYX        Std
                    Estimate   Estimate

Group MALE

 F1       BY
    U1                 0.931      1.342
    U2                 0.923      1.320
    U3                 0.924      1.322

 F2       BY
    U4                 0.920      1.326
    U5                 0.922      1.332
    U6                 0.923      1.337

 F1       ON
    X1                 0.365      0.369
    X2                 0.415      0.406
    X3                 0.517      0.495

 F2       ON
    X1                 0.479      0.483
    X2                 0.475      0.464
    X3                 0.352      0.337

 F2       WITH
    F1                 0.006      0.006

 Intercepts
    F1                 0.000      0.000
    F2                 0.000      0.000

 Thresholds
    U1$1              -0.628     -0.905
    U2$1              -0.375     -0.536
    U3$1              -0.161     -0.230
    U4$1              -0.009     -0.013
    U5$1               0.136      0.197
    U6$1               0.345      0.500

 Residual Variances
    F1                 0.400      0.400
    F2                 0.387      0.387

 Scales
    U1                 1.000      1.000
    U2                 1.000      1.000
    U3                 1.000      1.000
    U4                 1.000      1.000
    U5                 1.000      1.000
    U6                 1.000      1.000

Group FEMALE

 F1       BY
    U1                 0.946      1.120
    U2                 0.929      1.102
    U3                 0.693      0.832

 F2       BY
    U4                 0.944      1.481
    U5                 0.933      1.488
    U6                 0.923      1.493

 F1       ON
    X1                 0.386      0.373
    X2                 0.444      0.444
    X3                 0.503      0.493

 F2       ON
    X1                 0.534      0.516
    X2                 0.430      0.430
    X3                 0.360      0.352

 F2       WITH
    F1                -0.071     -0.071

 Intercepts
    F1                -0.122     -0.122
    F2                -0.023     -0.023

 Thresholds
    U1$1              -0.765     -0.905
    U2$1              -0.452     -0.536
    U3$1               0.385      0.462
    U4$1              -0.008     -0.013
    U5$1               0.123      0.197
    U6$1               0.309      0.500

 Residual Variances
    F1                 0.365      0.365
    F2                 0.362      0.362

 Scales
    U1                 1.000      1.287
    U2                 1.000      1.254
    U3                 1.000      1.000
    U4                 1.000      0.971
    U5                 1.000      0.941
    U6                 1.000      0.916


R-SQUARE

Group MALE

    Observed                   Residual
    Variable        Estimate   Variance

    U1                 0.866      0.278
    U2                 0.852      0.302
    U3                 0.853      0.300
    U4                 0.846      0.320
    U5                 0.850      0.313
    U6                 0.853      0.309

     Latent
    Variable        Estimate

    F1                 0.600
    F2                 0.613

Group FEMALE

    Observed                   Residual
    Variable        Estimate   Variance

    U1                 0.896      0.146
    U2                 0.862      0.194
    U3                 0.481      0.748
    U4                 0.892      0.266
    U5                 0.871      0.327
    U6                 0.853      0.385

     Latent
    Variable        Estimate

    F1                 0.635
    F2                 0.638


QUALITY OF NUMERICAL RESULTS

     Condition Number for the Information Matrix              0.481E-03
       (ratio of smallest to largest eigenvalue)


     Beginning Time:  16:23:18
        Ending Time:  16:23:18
       Elapsed Time:  00:00:00



MUTHEN & MUTHEN
3463 Stoner Ave.
Los Angeles, CA  90066

Tel: (310) 391-9971
Fax: (310) 391-8971
Web: www.StatModel.com
Support: Support@StatModel.com

Copyright (c) 1998-2011 Muthen & Muthen
