Mplus VERSION 8.2
MUTHEN & MUTHEN
01/17/2024   7:42 AM

INPUT INSTRUCTIONS



      TITLE:        this is an example of a multiple group CFA
              with covariates (MIMIC) with categorical
              factor indicators and a threshold
              structure
      DATA:        FILE IS ex5.16.dat;
      VARIABLE:        NAMES ARE u1-u6 x1-x3 g;
          USEVARIABLES ARE u1-u6 g;
              CATEGORICAL ARE u1-u6;
              GROUPING IS g (1=male 2=female);
      ANALYSIS: estimator=WLSM;
      convergence=1e-10;
      MODEL:        f1 BY u1-u3;
              f2 BY u4-u6;
      MODEL female:
              f1 BY u3;
              [u3$1];
              {u3@1};
      output: standardized;









INPUT READING TERMINATED NORMALLY



this is an example of a multiple group CFA
with covariates (MIMIC) with categorical
factor indicators and a threshold
structure

SUMMARY OF ANALYSIS

Number of groups                                                 2
Number of observations
   Group MALE                                                 1000
   Group FEMALE                                               1200
   Total sample size                                          2200

Number of dependent variables                                    6
Number of independent variables                                  0
Number of continuous latent variables                            2

Observed dependent variables

  Binary and ordered categorical (ordinal)
   U1          U2          U3          U4          U5          U6

Continuous latent variables
   F1          F2

Variables with special functions

  Grouping variable     G

Estimator                                                     WLSM
Maximum number of iterations                                  1000
Convergence criterion                                    0.100D-09
Maximum number of steepest descent iterations                   20
Parameterization                                             DELTA
Link                                                        PROBIT

Input data file(s)
  ex5.16.dat

Input data format  FREE


UNIVARIATE PROPORTIONS AND COUNTS FOR CATEGORICAL VARIABLES

  Group MALE
    U1
      Category 1    0.260          260.000
      Category 2    0.740          740.000
    U2
      Category 1    0.354          354.000
      Category 2    0.646          646.000
    U3
      Category 1    0.432          432.000
      Category 2    0.568          568.000
    U4
      Category 1    0.495          495.000
      Category 2    0.505          505.000
    U5
      Category 1    0.547          547.000
      Category 2    0.453          453.000
    U6
      Category 1    0.631          631.000
      Category 2    0.369          369.000

  Group FEMALE
    U1
      Category 1    0.271          325.000
      Category 2    0.729          875.000
    U2
      Category 1    0.382          458.000
      Category 2    0.618          742.000
    U3
      Category 1    0.693          831.000
      Category 2    0.307          369.000
    U4
      Category 1    0.512          614.000
      Category 2    0.488          586.000
    U5
      Category 1    0.571          685.000
      Category 2    0.429          515.000
    U6
      Category 1    0.638          766.000
      Category 2    0.362          434.000



THE MODEL ESTIMATION TERMINATED NORMALLY



MODEL FIT INFORMATION

Number of Free Parameters                       25

Chi-Square Test of Model Fit

          Value                              7.181*
          Degrees of Freedom                    17
          P-Value                           0.9811
          Scaling Correction Factor         0.4975
            for WLSM

Chi-Square Contribution From Each Group

          MALE                               2.859
          FEMALE                             4.322

*   The chi-square value for MLM, MLMV, MLR, ULSMV, WLSM and WLSMV cannot be used
    for chi-square difference testing in the regular way.  MLM, MLR and WLSM
    chi-square difference testing is described on the Mplus website.  MLMV, WLSMV,
    and ULSMV difference testing is done using the DIFFTEST option.

RMSEA (Root Mean Square Error Of Approximation)

          Estimate                           0.000
          90 Percent C.I.                    0.000  0.000
          Probability RMSEA <= .05           1.000

CFI/TLI

          CFI                                1.000
          TLI                                1.001

Chi-Square Test of Model Fit for the Baseline Model

          Value                          23434.124
          Degrees of Freedom                    30
          P-Value                           0.0000

SRMR (Standardized Root Mean Square Residual)

          Value                              0.010

Optimum Function Value for Weighted Least-Squares Estimator

          Value                     0.81200780D-03



MODEL RESULTS

                                                    Two-Tailed
                    Estimate       S.E.  Est./S.E.    P-Value

Group MALE

 F1       BY
    U1                 1.000      0.000    999.000    999.000
    U2                 0.958      0.028     34.483      0.000
    U3                 0.993      0.028     35.161      0.000

 F2       BY
    U4                 1.000      0.000    999.000    999.000
    U5                 0.999      0.027     37.612      0.000
    U6                 0.993      0.026     38.002      0.000

 F2       WITH
    F1                 0.520      0.032     16.141      0.000

 Means
    F1                 0.000      0.000    999.000    999.000
    F2                 0.000      0.000    999.000    999.000

 Thresholds
    U1$1              -0.643      0.043    -15.044      0.000
    U2$1              -0.375      0.041     -9.212      0.000
    U3$1              -0.171      0.040     -4.299      0.000
    U4$1              -0.018      0.039     -0.460      0.646
    U5$1               0.127      0.037      3.421      0.001
    U6$1               0.331      0.040      8.264      0.000

 Variances
    F1                 0.888      0.033     27.010      0.000
    F2                 0.857      0.030     28.617      0.000

 Scales
    U1                 1.000      0.000    999.000    999.000
    U2                 1.000      0.000    999.000    999.000
    U3                 1.000      0.000    999.000    999.000
    U4                 1.000      0.000    999.000    999.000
    U5                 1.000      0.000    999.000    999.000
    U6                 1.000      0.000    999.000    999.000

Group FEMALE

 F1       BY
    U1                 1.000      0.000    999.000    999.000
    U2                 0.958      0.028     34.483      0.000
    U3                 0.891      0.181      4.916      0.000

 F2       BY
    U4                 1.000      0.000    999.000    999.000
    U5                 0.999      0.027     37.612      0.000
    U6                 0.993      0.026     38.002      0.000

 F2       WITH
    F1                 0.468      0.120      3.899      0.000

 Means
    F1                -0.135      0.090     -1.505      0.132
    F2                -0.055      0.056     -0.972      0.331

 Thresholds
    U1$1              -0.643      0.043    -15.044      0.000
    U2$1              -0.375      0.041     -9.212      0.000
    U3$1               0.382      0.104      3.663      0.000
    U4$1              -0.018      0.039     -0.460      0.646
    U5$1               0.127      0.037      3.421      0.001
    U6$1               0.331      0.040      8.264      0.000

 Variances
    F1                 0.610      0.243      2.507      0.012
    F2                 1.005      0.293      3.427      0.001

 Scales
    U1                 1.201      0.230      5.215      0.000
    U2                 1.229      0.263      4.673      0.000
    U3                 1.000      0.000    999.000    999.000
    U4                 0.930      0.136      6.839      0.000
    U5                 0.936      0.137      6.842      0.000
    U6                 0.930      0.131      7.106      0.000


STANDARDIZED MODEL RESULTS


STDYX Standardization

                                                    Two-Tailed
                    Estimate       S.E.  Est./S.E.    P-Value

Group MALE

 F1       BY
    U1                 0.942      0.017     54.020      0.000
    U2                 0.902      0.018     49.683      0.000
    U3                 0.936      0.017     56.649      0.000

 F2       BY
    U4                 0.926      0.016     57.235      0.000
    U5                 0.925      0.016     58.336      0.000
    U6                 0.919      0.017     54.450      0.000

 F2       WITH
    F1                 0.596      0.032     18.419      0.000

 Means
    F1                 0.000      0.000    999.000    999.000
    F2                 0.000      0.000    999.000    999.000

 Thresholds
    U1$1              -0.643      0.043    -15.044      0.000
    U2$1              -0.375      0.041     -9.212      0.000
    U3$1              -0.171      0.040     -4.299      0.000
    U4$1              -0.018      0.039     -0.460      0.646
    U5$1               0.127      0.037      3.421      0.001
    U6$1               0.331      0.040      8.264      0.000

 Variances
    F1                 1.000      0.000    999.000    999.000
    F2                 1.000      0.000    999.000    999.000

 Scales
    U1                 1.000      0.000      0.000      1.000
    U2                 1.000      0.000      0.000      1.000
    U3                 1.000      0.000      0.000      1.000
    U4                 1.000      0.000      0.000      1.000
    U5                 1.000      0.000      0.000      1.000
    U6                 1.000      0.000      0.000      1.000

Group FEMALE

 F1       BY
    U1                 0.939      0.025     37.258      0.000
    U2                 0.920      0.023     40.665      0.000
    U3                 0.696      0.033     21.163      0.000

 F2       BY
    U4                 0.932      0.014     67.835      0.000
    U5                 0.938      0.013     72.159      0.000
    U6                 0.925      0.014     67.411      0.000

 F2       WITH
    F1                 0.598      0.031     19.067      0.000

 Means
    F1                -0.173      0.145     -1.192      0.233
    F2                -0.054      0.053     -1.035      0.300

 Thresholds
    U1$1              -0.773      0.140     -5.518      0.000
    U2$1              -0.460      0.123     -3.731      0.000
    U3$1               0.382      0.104      3.663      0.000
    U4$1              -0.017      0.036     -0.468      0.640
    U5$1               0.119      0.039      3.030      0.002
    U6$1               0.307      0.046      6.665      0.000

 Variances
    F1                 1.000      0.000    999.000    999.000
    F2                 1.000      0.000    999.000    999.000

 Scales
    U1                 1.000      0.000      0.000      1.000
    U2                 1.000      0.000      0.000      1.000
    U3                 1.000      0.000      0.000      1.000
    U4                 1.000      0.000      0.000      1.000
    U5                 1.000      0.000      0.000      1.000
    U6                 1.000      0.000      0.000      1.000


STDY Standardization

                                                    Two-Tailed
                    Estimate       S.E.  Est./S.E.    P-Value

Group MALE

 F1       BY
    U1                 0.942      0.017     54.020      0.000
    U2                 0.902      0.018     49.683      0.000
    U3                 0.936      0.017     56.649      0.000

 F2       BY
    U4                 0.926      0.016     57.235      0.000
    U5                 0.925      0.016     58.336      0.000
    U6                 0.919      0.017     54.450      0.000

 F2       WITH
    F1                 0.596      0.032     18.419      0.000

 Means
    F1                 0.000      0.000    999.000    999.000
    F2                 0.000      0.000    999.000    999.000

 Thresholds
    U1$1              -0.643      0.043    -15.044      0.000
    U2$1              -0.375      0.041     -9.212      0.000
    U3$1              -0.171      0.040     -4.299      0.000
    U4$1              -0.018      0.039     -0.460      0.646
    U5$1               0.127      0.037      3.421      0.001
    U6$1               0.331      0.040      8.264      0.000

 Variances
    F1                 1.000      0.000    999.000    999.000
    F2                 1.000      0.000    999.000    999.000

 Scales
    U1                 1.000      0.000      0.000      1.000
    U2                 1.000      0.000      0.000      1.000
    U3                 1.000      0.000      0.000      1.000
    U4                 1.000      0.000      0.000      1.000
    U5                 1.000      0.000      0.000      1.000
    U6                 1.000      0.000      0.000      1.000

Group FEMALE

 F1       BY
    U1                 0.939      0.025     37.258      0.000
    U2                 0.920      0.023     40.665      0.000
    U3                 0.696      0.033     21.163      0.000

 F2       BY
    U4                 0.932      0.014     67.835      0.000
    U5                 0.938      0.013     72.159      0.000
    U6                 0.925      0.014     67.411      0.000

 F2       WITH
    F1                 0.598      0.031     19.067      0.000

 Means
    F1                -0.173      0.145     -1.192      0.233
    F2                -0.054      0.053     -1.035      0.300

 Thresholds
    U1$1              -0.773      0.140     -5.518      0.000
    U2$1              -0.460      0.123     -3.731      0.000
    U3$1               0.382      0.104      3.663      0.000
    U4$1              -0.017      0.036     -0.468      0.640
    U5$1               0.119      0.039      3.030      0.002
    U6$1               0.307      0.046      6.665      0.000

 Variances
    F1                 1.000      0.000    999.000    999.000
    F2                 1.000      0.000    999.000    999.000

 Scales
    U1                 1.000      0.000      0.000      1.000
    U2                 1.000      0.000      0.000      1.000
    U3                 1.000      0.000      0.000      1.000
    U4                 1.000      0.000      0.000      1.000
    U5                 1.000      0.000      0.000      1.000
    U6                 1.000      0.000      0.000      1.000


STD Standardization

                                                    Two-Tailed
                    Estimate       S.E.  Est./S.E.    P-Value

Group MALE

 F1       BY
    U1                 0.942      0.017     54.020      0.000
    U2                 0.902      0.018     49.683      0.000
    U3                 0.936      0.017     56.649      0.000

 F2       BY
    U4                 0.926      0.016     57.235      0.000
    U5                 0.925      0.016     58.336      0.000
    U6                 0.919      0.017     54.450      0.000

 F2       WITH
    F1                 0.596      0.032     18.419      0.000

 Means
    F1                 0.000      0.000    999.000    999.000
    F2                 0.000      0.000    999.000    999.000

 Thresholds
    U1$1              -0.643      0.043    -15.044      0.000
    U2$1              -0.375      0.041     -9.212      0.000
    U3$1              -0.171      0.040     -4.299      0.000
    U4$1              -0.018      0.039     -0.460      0.646
    U5$1               0.127      0.037      3.421      0.001
    U6$1               0.331      0.040      8.264      0.000

 Variances
    F1                 1.000      0.000    999.000    999.000
    F2                 1.000      0.000    999.000    999.000

 Scales
    U1                 1.000      0.000    999.000    999.000
    U2                 1.000      0.000    999.000    999.000
    U3                 1.000      0.000    999.000    999.000
    U4                 1.000      0.000    999.000    999.000
    U5                 1.000      0.000    999.000    999.000
    U6                 1.000      0.000    999.000    999.000

Group FEMALE

 F1       BY
    U1                 0.781      0.156      5.015      0.000
    U2                 0.748      0.155      4.823      0.000
    U3                 0.696      0.033     21.163      0.000

 F2       BY
    U4                 1.002      0.146      6.854      0.000
    U5                 1.002      0.146      6.844      0.000
    U6                 0.995      0.143      6.980      0.000

 F2       WITH
    F1                 0.598      0.031     19.067      0.000

 Means
    F1                -0.173      0.145     -1.192      0.233
    F2                -0.054      0.053     -1.035      0.300

 Thresholds
    U1$1              -0.643      0.043    -15.044      0.000
    U2$1              -0.375      0.041     -9.212      0.000
    U3$1               0.382      0.104      3.663      0.000
    U4$1              -0.018      0.039     -0.460      0.646
    U5$1               0.127      0.037      3.421      0.001
    U6$1               0.331      0.040      8.264      0.000

 Variances
    F1                 1.000      0.000    999.000    999.000
    F2                 1.000      0.000    999.000    999.000

 Scales
    U1                 1.201      0.230      5.215      0.000
    U2                 1.229      0.263      4.673      0.000
    U3                 1.000      0.000    999.000    999.000
    U4                 0.930      0.136      6.839      0.000
    U5                 0.936      0.137      6.842      0.000
    U6                 0.930      0.131      7.106      0.000


R-SQUARE

Group MALE

    Observed                                        Two-Tailed   Residual
    Variable        Estimate       S.E.  Est./S.E.    P-Value    Variance

    U1                 0.888      0.033     27.010      0.000      0.112
    U2                 0.814      0.033     24.842      0.000      0.186
    U3                 0.876      0.031     28.324      0.000      0.124
    U4                 0.857      0.030     28.617      0.000      0.143
    U5                 0.856      0.029     29.168      0.000      0.144
    U6                 0.845      0.031     27.225      0.000      0.155

Group FEMALE

    Observed                                        Two-Tailed   Residual
    Variable        Estimate       S.E.  Est./S.E.    P-Value    Variance

    U1                 0.881      0.047     18.629      0.000      0.083
    U2                 0.845      0.042     20.332      0.000      0.102
    U3                 0.484      0.046     10.582      0.000      0.516
    U4                 0.868      0.026     33.918      0.000      0.153
    U5                 0.879      0.024     36.079      0.000      0.138
    U6                 0.856      0.025     33.705      0.000      0.167


QUALITY OF NUMERICAL RESULTS

     Condition Number for the Information Matrix              0.588E-04
       (ratio of smallest to largest eigenvalue)


     Beginning Time:  07:42:36
        Ending Time:  07:42:36
       Elapsed Time:  00:00:00



MUTHEN & MUTHEN
3463 Stoner Ave.
Los Angeles, CA  90066

Tel: (310) 391-9971
Fax: (310) 391-8971
Web: www.StatModel.com
Support: Support@StatModel.com

Copyright (c) 1998-2018 Muthen & Muthen
