# lavaan TESTsuite -- lavaan version  0.6-18 
# date:  Wed Jan 17 15:28:55 2024 
# file:  HS0.out 

    lhs op rhs group        type     lav     mpl    delta
1    f1 =~  x1     1         est   1.000   1.000    0.000
2    f1 =~  x2     1         est   6.532   6.532    0.000
3    f1 =~  x3     1         est  20.076  20.076    0.000
4    f1 =~  x4     1         est   1.890   1.890    0.000
5    f2 =~  x5     1         est   1.000   1.000    0.000
6    f2 =~  x2     1         est  -2.826  -2.826    0.000
7    f2 =~  x3     1         est  -9.155  -9.155    0.000
8    f2 =~  x6     1         est   0.825   0.825    0.000
9    f3 =~  x7     1         est   1.000   1.000    0.000
10   f3 =~  x8     1         est   1.155   1.155    0.000
11   f3 =~  x9     1         est   0.982   0.982    0.000
12   x1 ~~  x1     1         est   1.091   1.091    0.000
13   x2 ~~  x2     1         est   1.197   1.197    0.000
14   x3 ~~  x3     1         est  -0.020  -0.020    0.000
15   x4 ~~  x4     1         est   0.395   0.395    0.000
16   x5 ~~  x5     1         est   0.431   0.431    0.000
17   x6 ~~  x6     1         est   0.360   0.360    0.000
18   x7 ~~  x7     1         est   0.762   0.762    0.000
19   x8 ~~  x8     1         est   0.461   0.461    0.000
20   x9 ~~  x9     1         est   0.609   0.609    0.000
21   f1 ~~  f1     1         est   0.268   0.268    0.000
22   f2 ~~  f2     1         est   1.228   1.228    0.000
23   f3 ~~  f3     1         est   0.421   0.421    0.000
24   f1 ~~  f2     1         est   0.570   0.570    0.000
25   f1 ~~  f3     1         est   0.103   0.103    0.000
26   f2 ~~  f3     1         est   0.202   0.202    0.000
27   x1 ~1         1         est   4.936   4.936    0.000
28   x2 ~1         1         est   6.088   6.088    0.000
29   x3 ~1         1         est   2.250   2.250    0.000
30   x4 ~1         1         est   3.061   3.061    0.000
31   x5 ~1         1         est   4.341   4.341    0.000
32   x6 ~1         1         est   2.186   2.186    0.000
33   x7 ~1         1         est   4.186   4.186    0.000
34   x8 ~1         1         est   5.527   5.527    0.000
35   x9 ~1         1         est   5.374   5.374    0.000
36   f1 =~  x1     1          se   0.000   0.000    0.000
37   f1 =~  x2     1          se   3.315   3.315    0.000
38   f1 =~  x3     1          se  16.792  16.793   -0.001
39   f1 =~  x4     1          se   0.257   0.257    0.000
40   f2 =~  x5     1          se   0.000   0.000    0.000
41   f2 =~  x2     1          se   1.442   1.442    0.000
42   f2 =~  x3     1          se   7.586   7.586    0.000
43   f2 =~  x6     1          se   0.050   0.050    0.000
44   f3 =~  x7     1          se   0.000   0.000    0.000
45   f3 =~  x8     1          se   0.147   0.147    0.000
46   f3 =~  x9     1          se   0.151   0.151    0.000
47   x1 ~~  x1     1          se   0.093   0.093    0.000
48   x2 ~~  x2     1          se   0.127   0.127    0.000
49   x3 ~~  x3     1          se   0.800   0.800    0.000
50   x4 ~~  x4     1          se   0.050   0.050    0.000
51   x5 ~~  x5     1          se   0.059   0.059    0.000
52   x6 ~~  x6     1          se   0.044   0.044    0.000
53   x7 ~~  x7     1          se   0.081   0.081    0.000
54   x8 ~~  x8     1          se   0.081   0.081    0.000
55   x9 ~~  x9     1          se   0.078   0.078    0.000
56   f1 ~~  f1     1          se   0.072   0.072    0.000
57   f2 ~~  f2     1          se   0.139   0.139    0.000
58   f3 ~~  f3     1          se   0.090   0.090    0.000
59   f1 ~~  f2     1          se   0.088   0.088    0.000
60   f1 ~~  f3     1          se   0.031   0.031    0.000
61   f2 ~~  f3     1          se   0.058   0.058    0.000
62   x1 ~1         1          se   0.067   0.067    0.000
63   x2 ~1         1          se   0.068   0.068    0.000
64   x3 ~1         1          se   0.065   0.065    0.000
65   x4 ~1         1          se   0.067   0.067    0.000
66   x5 ~1         1          se   0.074   0.074    0.000
67   x6 ~1         1          se   0.063   0.063    0.000
68   x7 ~1         1          se   0.063   0.063    0.000
69   x8 ~1         1          se   0.058   0.058    0.000
70   x9 ~1         1          se   0.058   0.058    0.000
71   f1 =~  x1     1     est.std   0.517   0.517    0.000
72   f1 =~  x2     1     est.std   3.379   3.379    0.000
73   f1 =~  x3     1     est.std  10.383  10.383    0.000
74   f1 =~  x4     1     est.std   0.978   0.978    0.000
75   f2 =~  x5     1     est.std   1.108   1.108    0.000
76   f2 =~  x2     1     est.std  -3.132  -3.132    0.000
77   f2 =~  x3     1     est.std -10.147 -10.147    0.000
78   f2 =~  x6     1     est.std   0.915   0.915    0.000
79   f3 =~  x7     1     est.std   0.649   0.649    0.000
80   f3 =~  x8     1     est.std   0.749   0.749    0.000
81   f3 =~  x9     1     est.std   0.637   0.637    0.000
82   x1 ~~  x1     1     est.std   1.091   1.091    0.000
83   x2 ~~  x2     1     est.std   1.197   1.197    0.000
84   x3 ~~  x3     1     est.std  -0.020 999.000 -999.020
85   x4 ~~  x4     1     est.std   0.395   0.395    0.000
86   x5 ~~  x5     1     est.std   0.431   0.431    0.000
87   x6 ~~  x6     1     est.std   0.360   0.360    0.000
88   x7 ~~  x7     1     est.std   0.762   0.762    0.000
89   x8 ~~  x8     1     est.std   0.461   0.461    0.000
90   x9 ~~  x9     1     est.std   0.609   0.609    0.000
91   f1 ~~  f1     1     est.std   1.000   1.000    0.000
92   f2 ~~  f2     1     est.std   1.000   1.000    0.000
93   f3 ~~  f3     1     est.std   1.000   1.000    0.000
94   f1 ~~  f2     1     est.std   0.994   0.994    0.000
95   f1 ~~  f3     1     est.std   0.307   0.307    0.000
96   f2 ~~  f3     1     est.std   0.282   0.282    0.000
97   x1 ~1         1     est.std   4.936   4.936    0.000
98   x2 ~1         1     est.std   6.088   6.088    0.000
99   x3 ~1         1     est.std   2.250   2.250    0.000
100  x4 ~1         1     est.std   3.061   3.061    0.000
101  x5 ~1         1     est.std   4.341   4.341    0.000
102  x6 ~1         1     est.std   2.186   2.186    0.000
103  x7 ~1         1     est.std   4.186   4.186    0.000
104  x8 ~1         1     est.std   5.527   5.527    0.000
105  x9 ~1         1     est.std   5.374   5.374    0.000
106  f1 =~  x1     1 est.std.all   0.444   0.444    0.000
107  f1 =~  x2     1 est.std.all   2.874   2.874    0.000
108  f1 =~  x3     1 est.std.all   9.196   9.196    0.000
109  f1 =~  x4     1 est.std.all   0.841   0.841    0.000
110  f2 =~  x5     1 est.std.all   0.860   0.860    0.000
111  f2 =~  x2     1 est.std.all  -2.664  -2.664    0.000
112  f2 =~  x3     1 est.std.all  -8.986  -8.986    0.000
113  f2 =~  x6     1 est.std.all   0.836   0.836    0.000
114  f3 =~  x7     1 est.std.all   0.596   0.596    0.000
115  f3 =~  x8     1 est.std.all   0.741   0.741    0.000
116  f3 =~  x9     1 est.std.all   0.632   0.632    0.000
117  x1 ~~  x1     1 est.std.all   0.803   0.803    0.000
118  x2 ~~  x2     1 est.std.all   0.866   0.866    0.000
119  x3 ~~  x3     1 est.std.all  -0.016  -0.016    0.000
120  x4 ~~  x4     1 est.std.all   0.292   0.292    0.000
121  x5 ~~  x5     1 est.std.all   0.260   0.260    0.000
122  x6 ~~  x6     1 est.std.all   0.301   0.301    0.000
123  x7 ~~  x7     1 est.std.all   0.644   0.644    0.000
124  x8 ~~  x8     1 est.std.all   0.451   0.451    0.000
125  x9 ~~  x9     1 est.std.all   0.600   0.600    0.000
126  f1 ~~  f1     1 est.std.all   1.000   1.000    0.000
127  f2 ~~  f2     1 est.std.all   1.000   1.000    0.000
128  f3 ~~  f3     1 est.std.all   1.000   1.000    0.000
129  f1 ~~  f2     1 est.std.all   0.994   0.994    0.000
130  f1 ~~  f3     1 est.std.all   0.307   0.307    0.000
131  f2 ~~  f3     1 est.std.all   0.282   0.282    0.000
132  x1 ~1         1 est.std.all   4.235   4.235    0.000
133  x2 ~1         1 est.std.all   5.179   5.179    0.000
134  x3 ~1         1 est.std.all   1.993   1.993    0.000
135  x4 ~1         1 est.std.all   2.634   2.634    0.000
136  x5 ~1         1 est.std.all   3.369   3.369    0.000
137  x6 ~1         1 est.std.all   1.998   1.998    0.000
138  x7 ~1         1 est.std.all   3.848   3.848    0.000
139  x8 ~1         1 est.std.all   5.467   5.467    0.000
140  x9 ~1         1 est.std.all   5.334   5.334    0.000
141  f1 =~  x1     1 est.std.nox   0.444   0.444    0.000
142  f1 =~  x2     1 est.std.nox   2.874   2.874    0.000
143  f1 =~  x3     1 est.std.nox   9.196   9.196    0.000
144  f1 =~  x4     1 est.std.nox   0.841   0.841    0.000
145  f2 =~  x5     1 est.std.nox   0.860   0.860    0.000
146  f2 =~  x2     1 est.std.nox  -2.664  -2.664    0.000
147  f2 =~  x3     1 est.std.nox  -8.986  -8.986    0.000
148  f2 =~  x6     1 est.std.nox   0.836   0.836    0.000
149  f3 =~  x7     1 est.std.nox   0.596   0.596    0.000
150  f3 =~  x8     1 est.std.nox   0.741   0.741    0.000
151  f3 =~  x9     1 est.std.nox   0.632   0.632    0.000
152  x1 ~~  x1     1 est.std.nox   0.803   0.803    0.000
153  x2 ~~  x2     1 est.std.nox   0.866   0.866    0.000
154  x3 ~~  x3     1 est.std.nox  -0.016 999.000 -999.016
155  x4 ~~  x4     1 est.std.nox   0.292   0.292    0.000
156  x5 ~~  x5     1 est.std.nox   0.260   0.260    0.000
157  x6 ~~  x6     1 est.std.nox   0.301   0.301    0.000
158  x7 ~~  x7     1 est.std.nox   0.644   0.644    0.000
159  x8 ~~  x8     1 est.std.nox   0.451   0.451    0.000
160  x9 ~~  x9     1 est.std.nox   0.600   0.600    0.000
161  f1 ~~  f1     1 est.std.nox   1.000   1.000    0.000
162  f2 ~~  f2     1 est.std.nox   1.000   1.000    0.000
163  f3 ~~  f3     1 est.std.nox   1.000   1.000    0.000
164  f1 ~~  f2     1 est.std.nox   0.994   0.994    0.000
165  f1 ~~  f3     1 est.std.nox   0.307   0.307    0.000
166  f2 ~~  f3     1 est.std.nox   0.282   0.282    0.000
167  x1 ~1         1 est.std.nox   4.235   4.235    0.000
168  x2 ~1         1 est.std.nox   5.179   5.179    0.000
169  x3 ~1         1 est.std.nox   1.993   1.993    0.000
170  x4 ~1         1 est.std.nox   2.634   2.634    0.000
171  x5 ~1         1 est.std.nox   3.369   3.369    0.000
172  x6 ~1         1 est.std.nox   1.998   1.998    0.000
173  x7 ~1         1 est.std.nox   3.848   3.848    0.000
174  x8 ~1         1 est.std.nox   5.467   5.467    0.000
175  x9 ~1         1 est.std.nox   5.334   5.334    0.000

                     fit       lav       mpl delta
1                   npar    32.000    32.000     0
2                   fmin     0.220        NA    NA
3                  chisq   132.670   132.670     0
4                     df    22.000    22.000     0
5                 pvalue     0.000     0.000     0
6         baseline.chisq   918.852   918.852     0
7            baseline.df    36.000    36.000     0
8        baseline.pvalue     0.000     0.000     0
9                    cfi     0.875     0.875     0
10                   tli     0.795     0.795     0
11                  nnfi     0.795        NA    NA
12                   rfi     0.764        NA    NA
13                   nfi     0.856        NA    NA
14                  pnfi     0.523        NA    NA
15                   ifi     0.877        NA    NA
16                   rni     0.875        NA    NA
17                  logl -3761.427 -3761.427     0
18     unrestricted.logl -3695.092 -3695.092     0
19                   aic  7586.854  7586.854     0
20                   bic  7705.482  7705.482     0
21                  bic2  7603.996  7603.996     0
22                 rmsea     0.129     0.129     0
23        rmsea.ci.lower     0.109     0.109     0
24        rmsea.ci.upper     0.151     0.151     0
25        rmsea.ci.level     0.900        NA    NA
26          rmsea.pvalue     0.000     0.000     0
27        rmsea.close.h0     0.050        NA    NA
28 rmsea.notclose.pvalue     1.000        NA    NA
29     rmsea.notclose.h0     0.080        NA    NA
30                   rmr     0.105        NA    NA
31            rmr_nomean     0.115        NA    NA
32                  srmr     0.083     0.083     0
33          srmr_bentler     0.083        NA    NA
34   srmr_bentler_nomean     0.091        NA    NA
35                  crmr     0.091        NA    NA
36           crmr_nomean     0.102        NA    NA
37            srmr_mplus     0.083        NA    NA
38     srmr_mplus_nomean     0.091        NA    NA
39                 cn_05    77.967        NA    NA
40                 cn_01    92.408        NA    NA
41                   gfi     0.994        NA    NA
42                  agfi     0.986        NA    NA
43                  pgfi     0.405        NA    NA
44                   mfi     0.832        NA    NA
45                  ecvi     0.653        NA    NA
