Mplus VERSION 8.2
MUTHEN & MUTHEN
01/08/2024   9:53 AM

INPUT INSTRUCTIONS


    title:
                    [This syntax is autogenerated]
                    CFA Mplus syntax
    data:
                    file is HS.raw;
                    listwise=on;
    variable:
                    names are
                    x1  x2  x3  x4  x5  x6
                    x7  x8  x9  ;
                    missing are all (-999999);
    analysis:
    !                model=nomeanstructure;
                    estimator=ML;
    !               information=expected;
                    convergence=0.000001;
    model:
                    f1 by x1 x2 x3 x4;
                    f2 by x5 x2 x3 x6;
                    f3 by x7 x8 x9
    Output: standardized tech1 tech2 tech5;






INPUT READING TERMINATED NORMALLY




[This syntax is autogenerated]
CFA Mplus syntax

SUMMARY OF ANALYSIS

Number of groups                                                 1
Number of observations                                         301

Number of dependent variables                                    9
Number of independent variables                                  0
Number of continuous latent variables                            3

Observed dependent variables

  Continuous
   X1          X2          X3          X4          X5          X6
   X7          X8          X9

Continuous latent variables
   F1          F2          F3


Estimator                                                       ML
Information matrix                                        OBSERVED
Maximum number of iterations                                  1000
Convergence criterion                                    0.100D-05
Maximum number of steepest descent iterations                   20

Input data file(s)
  HS.raw

Input data format  FREE



UNIVARIATE SAMPLE STATISTICS


     UNIVARIATE HIGHER-ORDER MOMENT DESCRIPTIVE STATISTICS

         Variable/         Mean/     Skewness/   Minimum/ % with                Percentiles
        Sample Size      Variance    Kurtosis    Maximum  Min/Max      20%/60%    40%/80%    Median

     X1                    4.936      -0.256       0.667    0.33%       4.000      4.667      5.000
             301.000       1.358       0.330       8.500    0.33%       5.333      5.833
     X2                    6.088       0.472       2.250    0.33%       5.250      5.750      6.000
             301.000       1.382       0.355       9.250    1.66%       6.250      7.000
     X3                    2.250       0.385       0.250    0.33%       1.250      1.750      2.125
             301.000       1.275      -0.894       4.500    1.99%       2.375      3.375
     X4                    3.061       0.269       0.000    0.33%       2.000      2.667      3.000
             301.000       1.351       0.101       6.333    0.33%       3.333      4.000
     X5                    4.341      -0.352       1.000    0.66%       3.000      4.000      4.500
             301.000       1.660      -0.536       7.000    0.33%       4.750      5.500
     X6                    2.186       0.862       0.143    0.66%       1.286      1.857      2.000
             301.000       1.196       0.842       6.143    0.33%       2.286      2.857
     X7                    4.186       0.250       1.304    0.33%       3.304      3.783      4.087
             301.000       1.183      -0.289       7.435    0.33%       4.391      5.130
     X8                    5.527       0.528       3.050    0.33%       4.700      5.250      5.500
             301.000       1.022       1.199      10.000    0.33%       5.700      6.300
     X9                    5.374       0.205       2.778    0.33%       4.500      5.083      5.417
             301.000       1.015       0.312       9.250    0.33%       5.611      6.222


THE MODEL ESTIMATION TERMINATED NORMALLY

     WARNING:  THE RESIDUAL COVARIANCE MATRIX (THETA) IS NOT POSITIVE DEFINITE.
     THIS COULD INDICATE A NEGATIVE VARIANCE/RESIDUAL VARIANCE FOR AN OBSERVED
     VARIABLE, A CORRELATION GREATER OR EQUAL TO ONE BETWEEN TWO OBSERVED
     VARIABLES, OR A LINEAR DEPENDENCY AMONG MORE THAN TWO OBSERVED VARIABLES.
     CHECK THE RESULTS SECTION FOR MORE INFORMATION.
     PROBLEM INVOLVING VARIABLE X3.




MODEL FIT INFORMATION

Number of Free Parameters                       32

Loglikelihood

          H0 Value                       -3761.427
          H1 Value                       -3695.092

Information Criteria

          Akaike (AIC)                    7586.854
          Bayesian (BIC)                  7705.482
          Sample-Size Adjusted BIC        7603.996
            (n* = (n + 2) / 24)

Chi-Square Test of Model Fit

          Value                            132.670
          Degrees of Freedom                    22
          P-Value                           0.0000

RMSEA (Root Mean Square Error Of Approximation)

          Estimate                           0.129
          90 Percent C.I.                    0.109  0.151
          Probability RMSEA <= .05           0.000

CFI/TLI

          CFI                                0.875
          TLI                                0.795

Chi-Square Test of Model Fit for the Baseline Model

          Value                            918.852
          Degrees of Freedom                    36
          P-Value                           0.0000

SRMR (Standardized Root Mean Square Residual)

          Value                              0.083



MODEL RESULTS

                                                    Two-Tailed
                    Estimate       S.E.  Est./S.E.    P-Value

 F1       BY
    X1                 1.000      0.000    999.000    999.000
    X2                 6.532      3.315      1.970      0.049
    X3                20.076     16.793      1.195      0.232
    X4                 1.890      0.257      7.344      0.000

 F2       BY
    X5                 1.000      0.000    999.000    999.000
    X2                -2.826      1.442     -1.959      0.050
    X3                -9.155      7.586     -1.207      0.228
    X6                 0.825      0.050     16.571      0.000

 F3       BY
    X7                 1.000      0.000    999.000    999.000
    X8                 1.155      0.147      7.867      0.000
    X9                 0.982      0.151      6.485      0.000

 F2       WITH
    F1                 0.570      0.088      6.468      0.000

 F3       WITH
    F1                 0.103      0.031      3.334      0.001
    F2                 0.202      0.058      3.502      0.000

 Intercepts
    X1                 4.936      0.067     73.473      0.000
    X2                 6.088      0.068     89.855      0.000
    X3                 2.250      0.065     34.579      0.000
    X4                 3.061      0.067     45.694      0.000
    X5                 4.341      0.074     58.452      0.000
    X6                 2.186      0.063     34.667      0.000
    X7                 4.186      0.063     66.766      0.000
    X8                 5.527      0.058     94.854      0.000
    X9                 5.374      0.058     92.546      0.000

 Variances
    F1                 0.268      0.072      3.736      0.000
    F2                 1.228      0.139      8.834      0.000
    F3                 0.421      0.090      4.650      0.000

 Residual Variances
    X1                 1.091      0.093     11.708      0.000
    X2                 1.197      0.127      9.445      0.000
    X3                -0.020      0.800     -0.025      0.980
    X4                 0.395      0.050      7.946      0.000
    X5                 0.431      0.059      7.285      0.000
    X6                 0.360      0.044      8.163      0.000
    X7                 0.762      0.081      9.378      0.000
    X8                 0.461      0.081      5.670      0.000
    X9                 0.609      0.078      7.849      0.000


STANDARDIZED MODEL RESULTS


STDYX Standardization

                                                    Two-Tailed
                    Estimate       S.E.  Est./S.E.    P-Value

 F1       BY
    X1                 0.444      0.052      8.579      0.000
    X2                 2.874      1.331      2.159      0.031
    X3                 9.196      7.412      1.241      0.215
    X4                 0.841      0.024     35.491      0.000

 F2       BY
    X5                 0.860      0.022     38.370      0.000
    X2                -2.664      1.337     -1.993      0.046
    X3                -8.986      7.417     -1.212      0.226
    X6                 0.836      0.024     35.016      0.000

 F3       BY
    X7                 0.596      0.053     11.351      0.000
    X8                 0.741      0.054     13.645      0.000
    X9                 0.632      0.058     10.902      0.000

 F2       WITH
    F1                 0.994      0.007    147.787      0.000

 F3       WITH
    F1                 0.307      0.072      4.282      0.000
    F2                 0.282      0.071      3.964      0.000

 Intercepts
    X1                 4.235      0.182     23.272      0.000
    X2                 5.179      0.219     23.669      0.000
    X3                 1.993      0.100     20.010      0.000
    X4                 2.634      0.122     21.617      0.000
    X5                 3.369      0.149     22.623      0.000
    X6                 1.998      0.100     20.027      0.000
    X7                 3.848      0.167     23.030      0.000
    X8                 5.467      0.230     23.754      0.000
    X9                 5.334      0.225     23.716      0.000

 Variances
    F1                 1.000      0.000    999.000    999.000
    F2                 1.000      0.000    999.000    999.000
    F3                 1.000      0.000    999.000    999.000

 Residual Variances
    X1                 0.803      0.046     17.493      0.000
    X2                 0.866      0.069     12.552      0.000
    X3                -0.016    999.000    999.000    999.000
    X4                 0.292      0.040      7.333      0.000
    X5                 0.260      0.039      6.737      0.000
    X6                 0.301      0.040      7.526      0.000
    X7                 0.644      0.063     10.286      0.000
    X8                 0.451      0.080      5.612      0.000
    X9                 0.600      0.073      8.193      0.000


STDY Standardization

                                                    Two-Tailed
                    Estimate       S.E.  Est./S.E.    P-Value

 F1       BY
    X1                 0.444      0.052      8.579      0.000
    X2                 2.874      1.331      2.159      0.031
    X3                 9.196      7.412      1.241      0.215
    X4                 0.841      0.024     35.491      0.000

 F2       BY
    X5                 0.860      0.022     38.370      0.000
    X2                -2.664      1.337     -1.993      0.046
    X3                -8.986      7.417     -1.212      0.226
    X6                 0.836      0.024     35.016      0.000

 F3       BY
    X7                 0.596      0.053     11.351      0.000
    X8                 0.741      0.054     13.645      0.000
    X9                 0.632      0.058     10.902      0.000

 F2       WITH
    F1                 0.994      0.007    147.787      0.000

 F3       WITH
    F1                 0.307      0.072      4.282      0.000
    F2                 0.282      0.071      3.964      0.000

 Intercepts
    X1                 4.235      0.182     23.272      0.000
    X2                 5.179      0.219     23.669      0.000
    X3                 1.993      0.100     20.010      0.000
    X4                 2.634      0.122     21.617      0.000
    X5                 3.369      0.149     22.623      0.000
    X6                 1.998      0.100     20.027      0.000
    X7                 3.848      0.167     23.030      0.000
    X8                 5.467      0.230     23.754      0.000
    X9                 5.334      0.225     23.716      0.000

 Variances
    F1                 1.000      0.000    999.000    999.000
    F2                 1.000      0.000    999.000    999.000
    F3                 1.000      0.000    999.000    999.000

 Residual Variances
    X1                 0.803      0.046     17.493      0.000
    X2                 0.866      0.069     12.552      0.000
    X3               999.000    999.000    999.000    999.000
    X4                 0.292      0.040      7.333      0.000
    X5                 0.260      0.039      6.737      0.000
    X6                 0.301      0.040      7.526      0.000
    X7                 0.644      0.063     10.286      0.000
    X8                 0.451      0.080      5.612      0.000
    X9                 0.600      0.073      8.193      0.000


STD Standardization

                                                    Two-Tailed
                    Estimate       S.E.  Est./S.E.    P-Value

 F1       BY
    X1                 0.517      0.069      7.471      0.000
    X2                 3.379      1.580      2.138      0.033
    X3                10.383      8.358      1.242      0.214
    X4                 0.978      0.057     17.084      0.000

 F2       BY
    X5                 1.108      0.063     17.667      0.000
    X2                -3.132      1.585     -1.977      0.048
    X3               -10.147      8.365     -1.213      0.225
    X6                 0.915      0.054     16.963      0.000

 F3       BY
    X7                 0.649      0.070      9.299      0.000
    X8                 0.749      0.069     10.826      0.000
    X9                 0.637      0.070      9.102      0.000

 F2       WITH
    F1                 0.994      0.007    147.787      0.000

 F3       WITH
    F1                 0.307      0.072      4.282      0.000
    F2                 0.282      0.071      3.964      0.000

 Intercepts
    X1                 4.936      0.067     73.473      0.000
    X2                 6.088      0.068     89.855      0.000
    X3                 2.250      0.065     34.579      0.000
    X4                 3.061      0.067     45.694      0.000
    X5                 4.341      0.074     58.452      0.000
    X6                 2.186      0.063     34.667      0.000
    X7                 4.186      0.063     66.766      0.000
    X8                 5.527      0.058     94.854      0.000
    X9                 5.374      0.058     92.546      0.000

 Variances
    F1                 1.000      0.000    999.000    999.000
    F2                 1.000      0.000    999.000    999.000
    F3                 1.000      0.000    999.000    999.000

 Residual Variances
    X1                 1.091      0.093     11.708      0.000
    X2                 1.197      0.127      9.445      0.000
    X3               999.000    999.000    999.000    999.000
    X4                 0.395      0.050      7.946      0.000
    X5                 0.431      0.059      7.285      0.000
    X6                 0.360      0.044      8.163      0.000
    X7                 0.762      0.081      9.378      0.000
    X8                 0.461      0.081      5.670      0.000
    X9                 0.609      0.078      7.849      0.000


R-SQUARE

    Observed                                        Two-Tailed
    Variable        Estimate       S.E.  Est./S.E.    P-Value

    X1                 0.197      0.046      4.290      0.000
    X2                 0.134      0.069      1.943      0.052
    X3              Undefined   0.10156E+01
    X4                 0.708      0.040     17.746      0.000
    X5                 0.740      0.039     19.185      0.000
    X6                 0.699      0.040     17.508      0.000
    X7                 0.356      0.063      5.675      0.000
    X8                 0.549      0.080      6.822      0.000
    X9                 0.400      0.073      5.451      0.000


QUALITY OF NUMERICAL RESULTS

     Condition Number for the Information Matrix              0.446E-08
       (ratio of smallest to largest eigenvalue)


TECHNICAL 1 OUTPUT


     PARAMETER SPECIFICATION


           NU
              X1            X2            X3            X4            X5
              ________      ________      ________      ________      ________
                  1             2             3             4             5


           NU
              X6            X7            X8            X9
              ________      ________      ________      ________
                  6             7             8             9


           LAMBDA
              F1            F2            F3
              ________      ________      ________
 X1                 0             0             0
 X2                10            11             0
 X3                12            13             0
 X4                14             0             0
 X5                 0             0             0
 X6                 0            15             0
 X7                 0             0             0
 X8                 0             0            16
 X9                 0             0            17


           THETA
              X1            X2            X3            X4            X5
              ________      ________      ________      ________      ________
 X1                18
 X2                 0            19
 X3                 0             0            20
 X4                 0             0             0            21
 X5                 0             0             0             0            22
 X6                 0             0             0             0             0
 X7                 0             0             0             0             0
 X8                 0             0             0             0             0
 X9                 0             0             0             0             0


           THETA
              X6            X7            X8            X9
              ________      ________      ________      ________
 X6                23
 X7                 0            24
 X8                 0             0            25
 X9                 0             0             0            26


           ALPHA
              F1            F2            F3
              ________      ________      ________
                  0             0             0


           BETA
              F1            F2            F3
              ________      ________      ________
 F1                 0             0             0
 F2                 0             0             0
 F3                 0             0             0


           PSI
              F1            F2            F3
              ________      ________      ________
 F1                27
 F2                28            29
 F3                30            31            32


     STARTING VALUES


           NU
              X1            X2            X3            X4            X5
              ________      ________      ________      ________      ________
                4.936         6.088         2.250         3.061         4.341


           NU
              X6            X7            X8            X9
              ________      ________      ________      ________
                2.186         4.186         5.527         5.374


           LAMBDA
              F1            F2            F3
              ________      ________      ________
 X1             1.000         0.000         0.000
 X2             1.000         1.000         0.000
 X3             1.000         1.000         0.000
 X4             0.394         0.000         0.000
 X5             0.000         1.000         0.000
 X6             0.000         1.088         0.000
 X7             0.000         0.000         1.000
 X8             0.000         0.000         1.225
 X9             0.000         0.000         0.854


           THETA
              X1            X2            X3            X4            X5
              ________      ________      ________      ________      ________
 X1             0.679
 X2             0.000         0.691
 X3             0.000         0.000         0.637
 X4             0.000         0.000         0.000         0.675
 X5             0.000         0.000         0.000         0.000         0.830
 X6             0.000         0.000         0.000         0.000         0.000
 X7             0.000         0.000         0.000         0.000         0.000
 X8             0.000         0.000         0.000         0.000         0.000
 X9             0.000         0.000         0.000         0.000         0.000


           THETA
              X6            X7            X8            X9
              ________      ________      ________      ________
 X6             0.598
 X7             0.000         0.592
 X8             0.000         0.000         0.511
 X9             0.000         0.000         0.000         0.508


           ALPHA
              F1            F2            F3
              ________      ________      ________
                0.000         0.000         0.000


           BETA
              F1            F2            F3
              ________      ________      ________
 F1             0.000         0.000         0.000
 F2             0.000         0.000         0.000
 F3             0.000         0.000         0.000


           PSI
              F1            F2            F3
              ________      ________      ________
 F1             0.050
 F2             0.000         0.050
 F3             0.000         0.000         0.050


TECHNICAL 2 OUTPUT


     DERIVATIVES


           Derivatives With Respect to NU
              X1            X2            X3            X4            X5
              ________      ________      ________      ________      ________
                0.000         0.000         0.000         0.000         0.000


           Derivatives With Respect to NU
              X6            X7            X8            X9
              ________      ________      ________      ________
                0.000         0.000         0.000         0.000


           Derivatives With Respect to LAMBDA
              F1            F2            F3
              ________      ________      ________
 X1             0.000         0.043        -0.115
 X2             0.000         0.000         0.004
 X3             0.000         0.000         0.000
 X4             0.000        -0.023         0.048
 X5             0.010         0.000         0.024
 X6            -0.012         0.000        -0.017
 X7             0.020         0.026         0.000
 X8             0.050         0.101         0.000
 X9            -0.080        -0.145         0.000


           Derivatives With Respect to THETA
              X1            X2            X3            X4            X5
              ________      ________      ________      ________      ________
 X1             0.000
 X2            -0.105         0.000
 X3            -0.260        -0.001         0.000
 X4             0.002         0.052         0.143         0.000
 X5             0.166         0.025         0.150        -0.114         0.000
 X6            -0.049        -0.029        -0.187         0.063        -0.005
 X7             0.154         0.162         0.105        -0.243         0.088
 X8            -0.047        -0.033         0.058         0.185        -0.028
 X9            -0.279        -0.114        -0.176         0.088        -0.069


           Derivatives With Respect to THETA
              X6            X7            X8            X9
              ________      ________      ________      ________
 X6             0.000
 X7             0.046         0.000
 X8            -0.025        -0.141         0.000
 X9             0.032         0.086         0.069         0.000


           Derivatives With Respect to ALPHA
              F1            F2            F3
              ________      ________      ________
                0.000         0.000         0.000


           Derivatives With Respect to BETA
              F1            F2            F3
              ________      ________      ________
 F1             0.000         0.000         0.000
 F2             0.000         0.000         0.000
 F3             0.000         0.000         0.000


           Derivatives With Respect to PSI
              F1            F2            F3
              ________      ________      ________
 F1             0.000
 F2             0.000         0.000
 F3             0.000         0.000         0.000


TECHNICAL 5/6 OUTPUT



TECHNICAL OUTPUT FROM EM ALGORITHM ITERATIONS FOR THE H1 MODEL

   ITER        FUNCTION     ABS CHANGE   REL CHANGE

      1     0.11063927D+02
      2     0.80112138D+01   -3.0527129   -0.2759159
      3     0.80112138D+01   -3.0527129   -0.2759159

   TECHNICAL OUTPUT FROM QUASI-NEWTON ITERATIONS


   ITERATIONS USING GRADIENT


   ITER STEP   FUNCTION     ABS CHANGE   REL CHANGE   STEP LENGTH   DERIVATIVE

      1   0 0.21235780D+01                           0.000000D+00 -.959581D+01
          1 0.15948284D+01   -0.5287496   -0.2489899 0.100000D+00 -.278666D+01
          2 0.15013343D+01   -0.0934941   -0.0586233 0.140925D+00 -.185749D+01
          3 0.13949997D+01   -0.1063346   -0.0708267 0.222739D+00 -.871026D+00
      1   0 0.21235780D+01                           0.000000D+00 -.959575D+01
          1 0.15947861D+01   -0.5287919   -0.2490099 0.100000D+00 -.278717D+01
          2 0.15012525D+01   -0.0935336   -0.0586496 0.140936D+00 -.185773D+01
          3 0.13948948D+01   -0.1063576   -0.0708459 0.222757D+00 -.871107D+00
      2   0 0.13948948D+01                           0.000000D+00 -.220543D+01
          1 0.11717082D+01   -0.2231866   -0.1600025 0.222739D+00 -.375947D+00
          2 0.11572733D+01   -0.0144349   -0.0123195 0.268510D+00 -.260263D+00
          3 0.11401348D+01   -0.0171385   -0.0148094 0.371485D+00 -.883305D-01
      2   0 0.13948948D+01                           0.000000D+00 -.220529D+01
          1 0.11716772D+01   -0.2232176   -0.1600247 0.222757D+00 -.375400D+00
          2 0.11572926D+01   -0.0143846   -0.0122769 0.268456D+00 -.259602D+00
          3 0.11403002D+01   -0.0169924   -0.0146829 0.370904D+00 -.877462D-01
      3   0 0.11401348D+01                           0.000000D+00 -.890871D+00
          1 0.98952768D+00   -0.1506071   -0.1320959 0.371485D+00 0.119613D+00
          2 0.98777114D+00   -0.0017565   -0.0017751 0.331687D+00 -.264988D-01
      3   0 0.11401348D+01                           0.000000D+00 -.890625D+00
          1 0.98860075D+00   -0.1515340   -0.1329089 0.370904D+00 0.111339D+00
          2 0.98706332D+00   -0.0015374   -0.0015552 0.333498D+00 -.249396D-01
      4   0 0.98706332D+00                           0.000000D+00 -.526860D+00
          1 0.94671354D+00   -0.0403498   -0.0408786 0.331687D+00 0.906142D-01
          2 0.94206717D+00   -0.0046464   -0.0049079 0.211056D+00 -.209871D-01
      4   0 0.98706332D+00                           0.000000D+00 -.526613D+00
          1 0.94590290D+00   -0.0411604   -0.0416999 0.333498D+00 0.885099D-01
          2 0.94146103D+00   -0.0044419   -0.0046959 0.213978D+00 -.212245D-01
      5   0 0.94146103D+00                           0.000000D+00 -.438330D+00
          1 0.89340731D+00   -0.0480537   -0.0510417 0.211056D+00 0.969599D-01
          2 0.89237006D+00   -0.0010372   -0.0011610 0.186627D+00 -.884705D-02
      5   0 0.94146103D+00                           0.000000D+00 -.438036D+00
          1 0.89297998D+00   -0.0484811   -0.0514956 0.213978D+00 0.996729D-01
          2 0.89187403D+00   -0.0011059   -0.0012385 0.188625D+00 -.905509D-02
      6   0 0.89187403D+00                           0.000000D+00 -.372430D+00
          1 0.86570130D+00   -0.0261727   -0.0293458 0.186627D+00 0.202267D-01
      6   0 0.89187403D+00                           0.000000D+00 -.372071D+00
          1 0.86519054D+00   -0.0266835   -0.0299185 0.188625D+00 0.184506D-01
      7   0 0.86519054D+00                           0.000000D+00 -.400095D+00
          1 0.82885580D+00   -0.0363347   -0.0419962 0.186627D+00 0.702558D-01
          2 0.82818382D+00   -0.0006720   -0.0008107 0.165783D+00 -.430481D-02
      7   0 0.86519054D+00                           0.000000D+00 -.399847D+00
          1 0.82856980D+00   -0.0366207   -0.0423268 0.188625D+00 0.714569D-01
          2 0.82786935D+00   -0.0007005   -0.0008454 0.167253D+00 -.438115D-02
      8   0 0.82786935D+00                           0.000000D+00 -.335088D+00
          1 0.79988919D+00   -0.0279802   -0.0337978 0.165783D+00 -.217094D-02
      8   0 0.82786935D+00                           0.000000D+00 -.334759D+00
          1 0.79963626D+00   -0.0282331   -0.0341033 0.167253D+00 -.199300D-02
      9   0 0.79963626D+00                           0.000000D+00 -.393096D+00
          1 0.77220701D+00   -0.0274293   -0.0343022 0.165783D+00 0.500203D-01
          2 0.77172705D+00   -0.0004800   -0.0006215 0.145609D+00 -.226117D-02
      9   0 0.79963626D+00                           0.000000D+00 -.392932D+00
          1 0.77210957D+00   -0.0275267   -0.0344240 0.167253D+00 0.517810D-01
          2 0.77159310D+00   -0.0005165   -0.0006689 0.146296D+00 -.230101D-02
     10   0 0.77159310D+00                           0.000000D+00 -.346893D+00
          1 0.74254641D+00   -0.0290467   -0.0376451 0.145609D+00 0.702651D-02
     10   0 0.77159310D+00                           0.000000D+00 -.346736D+00
          1 0.74242417D+00   -0.0291689   -0.0378035 0.146296D+00 0.781461D-02
     11   0 0.74242417D+00                           0.000000D+00 -.405333D+00
          1 0.72169554D+00   -0.0207286   -0.0279202 0.145609D+00 0.583196D-01
          2 0.72093558D+00   -0.0007600   -0.0010530 0.118368D+00 -.373655D-02
     11   0 0.74242417D+00                           0.000000D+00 -.405261D+00
          1 0.72162901D+00   -0.0207952   -0.0280098 0.146296D+00 0.588499D-01
          2 0.72085347D+00   -0.0007755   -0.0010747 0.118773D+00 -.371972D-02
     12   0 0.72085347D+00                           0.000000D+00 -.354581D+00
          1 0.69402777D+00   -0.0268257   -0.0372138 0.118368D+00 -.331796D-01
     12   0 0.72085347D+00                           0.000000D+00 -.354521D+00
          1 0.69394557D+00   -0.0269079   -0.0373278 0.118773D+00 -.326074D-01
     13   0 0.69394557D+00                           0.000000D+00 -.378668D+00
          1 0.67457570D+00   -0.0193699   -0.0279127 0.118368D+00 0.147235D-02
     13   0 0.69394557D+00                           0.000000D+00 -.378637D+00
          1 0.67453402D+00   -0.0194115   -0.0279727 0.118773D+00 0.188973D-02
     14   0 0.67453402D+00                           0.000000D+00 -.399110D+00
          1 0.64972203D+00   -0.0248120   -0.0367839 0.118368D+00 0.102592D+00
          2 0.64906550D+00   -0.0006565   -0.0010105 0.103631D+00 -.961333D-02
     14   0 0.67453402D+00                           0.000000D+00 -.399063D+00
          1 0.64968061D+00   -0.0248534   -0.0368453 0.118773D+00 0.103770D+00
          2 0.64900846D+00   -0.0006722   -0.0010346 0.103852D+00 -.970785D-02
     15   0 0.64900846D+00                           0.000000D+00 -.371212D+00
          1 0.63138516D+00   -0.0176233   -0.0271542 0.103631D+00 -.138144D-01
     15   0 0.64900846D+00                           0.000000D+00 -.371153D+00
          1 0.63131633D+00   -0.0176921   -0.0272602 0.103852D+00 -.144016D-01
     16   0 0.63131633D+00                           0.000000D+00 -.408281D+00
          1 0.61042989D+00   -0.0208864   -0.0330840 0.103631D+00 0.137141D+00
          2 0.60945907D+00   -0.0009708   -0.0015904 0.874725D-01 -.107556D-01
     16   0 0.63131633D+00                           0.000000D+00 -.408103D+00
          1 0.61032841D+00   -0.0209879   -0.0332447 0.103852D+00 0.134856D+00
          2 0.60938257D+00   -0.0009458   -0.0015497 0.878508D-01 -.106073D-01
     17   0 0.60938257D+00                           0.000000D+00 -.370984D+00
          1 0.59409959D+00   -0.0152830   -0.0250795 0.874725D-01 -.205233D-01
     17   0 0.60938257D+00                           0.000000D+00 -.370750D+00
          1 0.59399069D+00   -0.0153919   -0.0252582 0.878508D-01 -.216767D-01
     18   0 0.59399069D+00                           0.000000D+00 -.407436D+00
          1 0.57644482D+00   -0.0175459   -0.0295390 0.874725D-01 0.124724D+00
          2 0.57571766D+00   -0.0007272   -0.0012615 0.743978D-01 -.861986D-02
     18   0 0.59399069D+00                           0.000000D+00 -.406988D+00
          1 0.57619828D+00   -0.0177924   -0.0299540 0.878508D-01 0.118410D+00
          2 0.57553197D+00   -0.0006663   -0.0011564 0.752367D-01 -.833124D-02
     19   0 0.57553197D+00                           0.000000D+00 -.374016D+00
          1 0.56270803D+00   -0.0128239   -0.0222819 0.743978D-01 -.132497D-01
     19   0 0.57553197D+00                           0.000000D+00 -.373578D+00
          1 0.56244927D+00   -0.0130827   -0.0227315 0.752367D-01 -.162781D-01
     20   0 0.56244927D+00                           0.000000D+00 -.404944D+00
          1 0.54761956D+00   -0.0148297   -0.0263663 0.743978D-01 0.111085D+00
          2 0.54709030D+00   -0.0005293   -0.0009665 0.638832D-01 -.674149D-02
     20   0 0.56244927D+00                           0.000000D+00 -.404438D+00
          1 0.54730926D+00   -0.0151400   -0.0269180 0.752367D-01 0.105767D+00
          2 0.54682009D+00   -0.0004892   -0.0008938 0.650259D-01 -.658345D-02
     21   0 0.54682009D+00                           0.000000D+00 -.369742D+00
          1 0.53597470D+00   -0.0108454   -0.0198336 0.638832D-01 -.104366D-01
     21   0 0.54682009D+00                           0.000000D+00 -.369300D+00
          1 0.53563913D+00   -0.0111810   -0.0204472 0.650259D-01 -.146702D-01
     22   0 0.53563913D+00                           0.000000D+00 -.397262D+00
          1 0.52317390D+00   -0.0124652   -0.0232717 0.638832D-01 0.982010D-01
          2 0.52278713D+00   -0.0003868   -0.0007393 0.553170D-01 -.515633D-02
     22   0 0.53563913D+00                           0.000000D+00 -.396834D+00
          1 0.52284758D+00   -0.0127916   -0.0238809 0.650259D-01 0.945417D-01
          2 0.52248156D+00   -0.0003660   -0.0007001 0.565969D-01 -.511582D-02
     23   0 0.52248156D+00                           0.000000D+00 -.362179D+00
          1 0.51330515D+00   -0.0091764   -0.0175631 0.553170D-01 -.784287D-02
     23   0 0.52248156D+00                           0.000000D+00 -.361682D+00
          1 0.51294755D+00   -0.0095340   -0.0182475 0.565969D-01 -.128593D-01
     24   0 0.51294755D+00                           0.000000D+00 -.385658D+00
          1 0.50243844D+00   -0.0105091   -0.0204877 0.553170D-01 0.835005D-01
          2 0.50217174D+00   -0.0002667   -0.0005308 0.484602D-01 -.379546D-02
     24   0 0.51294755D+00                           0.000000D+00 -.385155D+00
          1 0.50211746D+00   -0.0108301   -0.0211135 0.565969D-01 0.805758D-01
          2 0.50186307D+00   -0.0002544   -0.0005066 0.498109D-01 -.379133D-02
     25   0 0.50186307D+00                           0.000000D+00 -.352683D+00
          1 0.49405457D+00   -0.0078085   -0.0155590 0.484602D-01 -.531556D-02
     25   0 0.50186307D+00                           0.000000D+00 -.352063D+00
          1 0.49370691D+00   -0.0081562   -0.0162518 0.498109D-01 -.105679D-01

   ITERATIONS USING QUASI-NEWTON


   ITER STEP   FUNCTION     ABS CHANGE   REL CHANGE   STEP LENGTH   DERIVATIVE

      1   0 0.49370691D+00                           0.000000D+00 -.372126D+00
          1 0.51573130D+00    0.0220244    0.0446102 0.100000D+00 0.137101D+01
          2 0.48461725D+00   -0.0311140   -0.0603300 0.451473D-01 0.246209D-01
      2   0 0.48461725D+00                           0.000000D+00 -.252316D+00
          1 0.47344610D+00   -0.0111712   -0.0230515 0.451473D-01 -.242364D+00
          2 0.41561721D+00   -0.0578289   -0.1221446 0.641930D+00 0.195719D+00
          3 0.40380679D+00   -0.0118104   -0.0284166 0.489623D+00 -.175590D-01
      3   0 0.40380679D+00                           0.000000D+00 -.220941D+00
          1 0.39460868D+00   -0.0091981   -0.0227785 0.489623D+00 0.212717D+00
          2 0.37311964D+00   -0.0214890   -0.0544566 0.273954D+00 -.114482D-02
      4   0 0.37311964D+00                           0.000000D+00 -.220909D+00
          1 0.37866488D+00    0.0055452    0.0148618 0.273954D+00 0.273429D+00
          2 0.35961533D+00   -0.0190496   -0.0503071 0.127403D+00 0.155345D-02
      5   0 0.35961533D+00                           0.000000D+00 -.210401D+00
          1 0.34471483D+00   -0.0149005   -0.0414346 0.127403D+00 -.312703D-01
          2 0.34434085D+00   -0.0003740   -0.0010849 0.153781D+00 0.301123D-02
      6   0 0.34434085D+00                           0.000000D+00 -.159284D+00
          1 0.32360515D+00   -0.0207357   -0.0602185 0.153781D+00 -.104606D+00
          2 0.31449828D+00   -0.0091069   -0.0281419 0.328962D+00 0.131260D-01
      7   0 0.31449828D+00                           0.000000D+00 -.172612D+00
          1 0.36436639D+00    0.0498681    0.1585640 0.328962D+00 0.327709D+00
          2 0.30986938D+00   -0.0544970   -0.1495665 0.664220D-01 0.184281D-01
          3 0.30979590D+00   -0.0000735   -0.0002371 0.583696D-01 -.344997D-03
      8   0 0.30979590D+00                           0.000000D+00 -.592738D-01
          1 0.30704889D+00   -0.0027470   -0.0088672 0.583696D-01 -.343017D-01
          2 0.30583832D+00   -0.0012106   -0.0039426 0.128384D+00 0.797483D-03
      9   0 0.30583832D+00                           0.000000D+00 -.525669D-01
          1 0.30191573D+00   -0.0039226   -0.0128257 0.128384D+00 -.940012D-02
          2 0.30177837D+00   -0.0001374   -0.0004549 0.158568D+00 0.299843D-03
     10   0 0.30177837D+00                           0.000000D+00 -.413818D-01
          1 0.30477308D+00    0.0029947    0.0099235 0.158568D+00 0.776669D-01
          2 0.30067167D+00   -0.0041014   -0.0134572 0.537873D-01 0.290601D-04
     10   0 0.30177837D+00                           0.000000D+00 -.418603D-02
          1 0.29740957D+00   -0.0043688   -0.0144768 0.100000D+01 -.455291D-02
          2 0.29273062D+00   -0.0046790   -0.0157324 0.200000D+01 -.474267D-02
          3 0.28439270D+00   -0.0083379   -0.0284832 0.400000D+01 -.291644D-02
          4 0.30382274D+00    0.0194300    0.0683211 0.800000D+01 0.157985D-01
          5 0.28273652D+00   -0.0210862   -0.0694030 0.500548D+01 -.136283D-03
     11   0 0.28273652D+00                           0.000000D+00 -.140800D-01
          1 0.28198732D+00   -0.0007492   -0.0026498 0.537873D-01 -.137774D-01
          2 0.27168896D+00   -0.0102984   -0.0365206 0.250286D+01 0.856761D-02
          3 0.26872191D+00   -0.0029671   -0.0109208 0.178232D+01 -.518890D-04
     12   0 0.26872191D+00                           0.000000D+00 -.687325D-02
          1 0.26541987D+00   -0.0033020   -0.0122879 0.178232D+01 0.287856D-02
          2 0.26461897D+00   -0.0008009   -0.0030175 0.122201D+01 -.231279D-04
     13   0 0.26461897D+00                           0.000000D+00 -.624718D-02
          1 0.26350238D+00   -0.0011166   -0.0042196 0.122201D+01 0.521037D-02
          2 0.26223700D+00   -0.0012654   -0.0048022 0.727254D+00 0.103691D-04
     14   0 0.26223700D+00                           0.000000D+00 -.613217D-02
          1 0.25854734D+00   -0.0036897   -0.0140699 0.727254D+00 -.385339D-02
          2 0.25705844D+00   -0.0014889   -0.0057587 0.157047D+01 0.887086D-03
          3 0.25700745D+00   -0.0000510   -0.0001984 0.144969D+01 -.254734D-04
     15   0 0.25700745D+00                           0.000000D+00 -.188945D-01
          1 0.23674412D+00   -0.0202633   -0.0788434 0.144969D+01 -.753659D-02
          2 0.23454126D+00   -0.0022029   -0.0093048 0.206142D+01 0.800605D-03
     16   0 0.23454126D+00                           0.000000D+00 -.118455D-01
          1 0.30361099D+00    0.0690697    0.2944886 0.206142D+01 0.180923D+00
          2 0.23065474D+00   -0.0729563   -0.2402952 0.938761D+00 0.884871D-02
          3 0.22964628D+00   -0.0010085   -0.0043721 0.680679D+00 -.361658D-03
     17   0 0.22964628D+00                           0.000000D+00 -.446199D-02
          1 0.22769313D+00   -0.0019532   -0.0085051 0.680679D+00 -.127450D-02
          2 0.22752383D+00   -0.0001693   -0.0007435 0.952845D+00 0.379685D-04
     18   0 0.22752383D+00                           0.000000D+00 -.445050D-02
          1 0.22569456D+00   -0.0018293   -0.0080399 0.952845D+00 0.958155D-03
          2 0.22562771D+00   -0.0000669   -0.0002962 0.807739D+00 -.230848D-04
     19   0 0.22562771D+00                           0.000000D+00 -.300124D-02
          1 0.22399162D+00   -0.0016361   -0.0072513 0.807739D+00 -.977510D-03
          2 0.22382712D+00   -0.0001645   -0.0007344 0.114640D+01 0.241986D-04
     20   0 0.22382712D+00                           0.000000D+00 -.163323D-02
          1 0.22282230D+00   -0.0010048   -0.0044892 0.114640D+01 0.127641D-03
     20   0 0.22382712D+00                           0.000000D+00 -.116049D-02
          1 0.22283875D+00   -0.0009884   -0.0044158 0.100000D+01 -.664531D-03
          2 0.22272743D+00   -0.0001113   -0.0004996 0.155259D+01 0.436707D-03
          3 0.22269369D+00   -0.0000337   -0.0001515 0.138848D+01 -.563785D-05
     21   0 0.22269369D+00                           0.000000D+00 -.344171D-02
          1 0.22664223D+00    0.0039485    0.0177308 0.114640D+01 0.135226D-01
          2 0.22288025D+00   -0.0037620   -0.0165987 0.375040D+00 0.223371D-02
          3 0.22250776D+00   -0.0003725   -0.0016712 0.128918D+00 0.129910D-03
     22   0 0.22250776D+00                           0.000000D+00 -.803237D-03
          1 0.22240911D+00   -0.0000986   -0.0004434 0.128918D+00 -.726976D-03
          2 0.22202567D+00   -0.0003834   -0.0017240 0.135787D+01 0.180221D-03
          3 0.22200851D+00   -0.0000172   -0.0000773 0.115671D+01 -.598604D-05
     23   0 0.22200851D+00                           0.000000D+00 -.203828D-02
          1 0.23659999D+00    0.0145915    0.0657248 0.115671D+01 0.569586D-01
          2 0.22236765D+00   -0.0142323   -0.0601536 0.457495D+00 0.375664D-02
          3 0.22185402D+00   -0.0005136   -0.0023098 0.169104D+00 0.988375D-04
     24   0 0.22185402D+00                           0.000000D+00 -.574217D-03
          1 0.22176711D+00   -0.0000869   -0.0003918 0.169104D+00 -.452346D-03
          2 0.22164952D+00   -0.0001176   -0.0005302 0.796764D+00 0.117553D-03
          3 0.22164323D+00   -0.0000063   -0.0000284 0.686401D+00 -.181655D-05
     25   0 0.22164323D+00                           0.000000D+00 -.497262D-03
          1 0.22146790D+00   -0.0001753   -0.0007910 0.686401D+00 -.178206D-04
     26   0 0.22146790D+00                           0.000000D+00 -.315727D-03
          1 0.22132120D+00   -0.0001467   -0.0006624 0.686401D+00 -.500212D-04
          2 0.22131952D+00   -0.0000017   -0.0000076 0.759375D+00 0.520038D-05
     27   0 0.22131952D+00                           0.000000D+00 -.614355D-03
          1 0.22157755D+00    0.0002580    0.0011659 0.759375D+00 0.183505D-02
          2 0.22122321D+00   -0.0003543   -0.0015992 0.312321D+00 0.304088D-04
     28   0 0.22122321D+00                           0.000000D+00 -.154423D-02
          1 0.22115910D+00   -0.0000641   -0.0002898 0.312321D+00 0.107836D-02
          2 0.22108663D+00   -0.0000725   -0.0003277 0.179064D+00 -.181008D-06
     29   0 0.22108663D+00                           0.000000D+00 -.270865D-03
          1 0.22104044D+00   -0.0000462   -0.0002089 0.179064D+00 -.242377D-03
          2 0.22165022D+00    0.0006098    0.0027587 0.170256D+01 0.185517D-02
          3 0.22096165D+00   -0.0006886   -0.0031066 0.777181D+00 0.420492D-04
          4 0.22096057D+00   -0.0000011   -0.0000049 0.722075D+00 -.209206D-05
     30   0 0.22096057D+00                           0.000000D+00 -.269585D-03
          1 0.22089800D+00   -0.0000626   -0.0002832 0.722075D+00 0.178966D-03
          2 0.22088123D+00   -0.0000168   -0.0000759 0.515531D+00 -.572861D-05
     30   0 0.22096057D+00                           0.000000D+00 -.611602D-03
          1 0.22468491D+00    0.0037243    0.0168552 0.100000D+01 0.181713D-01
          2 0.22088521D+00   -0.0037997   -0.0169112 0.427898D+00 0.744257D-03
          3 0.22084410D+00   -0.0000411   -0.0001861 0.292371D+00 -.453575D-04
     30   0 0.22096057D+00                           0.000000D+00 -.254494D-03
          1 0.22089459D+00   -0.0000660   -0.0002986 0.100000D+01 0.296413D-03
          2 0.22085466D+00   -0.0000399   -0.0001808 0.670987D+00 -.167486D-04
     31   0 0.22084410D+00                           0.000000D+00 -.261795D-03
          1 0.22074789D+00   -0.0000962   -0.0004357 0.515531D+00 -.111696D-03
          2 0.22072752D+00   -0.0000204   -0.0000923 0.899166D+00 0.818017D-05
     32   0 0.22072752D+00                           0.000000D+00 -.753500D-03
          1 0.22218373D+00    0.0014562    0.0065973 0.899166D+00 0.170093D-02
          2 0.22070780D+00   -0.0014759   -0.0066428 0.775527D-01 0.202621D-03
          3 0.22070593D+00   -0.0000019   -0.0000085 0.592611D-01 -.358346D-06
     33   0 0.22070593D+00                           0.000000D+00 -.522379D-03
          1 0.22067803D+00   -0.0000279   -0.0001264 0.592611D-01 -.420647D-03
          2 0.22063542D+00   -0.0000426   -0.0001931 0.304297D+00 0.159559D-03
          3 0.22063184D+00   -0.0000036   -0.0000162 0.254658D+00 -.873505D-05
     34   0 0.22063184D+00                           0.000000D+00 -.117956D-03
          1 0.22060614D+00   -0.0000257   -0.0001165 0.254658D+00 -.842095D-04
          2 0.22058013D+00   -0.0000260   -0.0001179 0.890126D+00 0.730380D-05
     35   0 0.22058013D+00                           0.000000D+00 -.488054D-03
          1 0.22146618D+00    0.0008861    0.0040169 0.890126D+00 0.422389D-02
          2 0.22053504D+00   -0.0009311   -0.0042044 0.319867D+00 0.209262D-03
          3 0.22052578D+00   -0.0000093   -0.0000420 0.223876D+00 -.979315D-05
     36   0 0.22052578D+00                           0.000000D+00 -.162751D-03
          1 0.22050246D+00   -0.0000233   -0.0001057 0.223876D+00 -.491086D-04
          2 0.22049975D+00   -0.0000027   -0.0000123 0.336509D+00 0.163650D-06
     37   0 0.22049975D+00                           0.000000D+00 -.114660D-03
          1 0.22046760D+00   -0.0000322   -0.0001458 0.336509D+00 -.599496D-04
          2 0.22046322D+00   -0.0000044   -0.0000199 0.494800D+00 0.110259D-04
     38   0 0.22046322D+00                           0.000000D+00 -.689495D-04
          1 0.22044443D+00   -0.0000188   -0.0000852 0.494800D+00 -.564619D-05
     39   0 0.22044443D+00                           0.000000D+00 -.782616D-04
          1 0.22042936D+00   -0.0000151   -0.0000684 0.494800D+00 0.790175D-05
          2 0.22042911D+00   -0.0000003   -0.0000011 0.431239D+00 -.155341D-06
     40   0 0.22042911D+00                           0.000000D+00 -.422618D-04
          1 0.22042149D+00   -0.0000076   -0.0000346 0.431239D+00 0.216451D-04
          2 0.22042054D+00   -0.0000010   -0.0000043 0.336299D+00 -.567534D-06
     40   0 0.22042911D+00                           0.000000D+00 -.161653D-03
          1 0.22497334D+00    0.0045442    0.0206154 0.100000D+01 0.215431D-01
          2 0.22049206D+00   -0.0044813   -0.0199191 0.421850D+00 0.100283D-02
          3 0.22040749D+00   -0.0000846   -0.0003836 0.205930D+00 0.736078D-05
     40   0 0.22042911D+00                           0.000000D+00 -.623503D-04
          1 0.22046693D+00    0.0000378    0.0001716 0.100000D+01 0.317131D-03
          2 0.22040684D+00   -0.0000601   -0.0002726 0.517906D+00 -.757356D-06
     41   0 0.22040684D+00                           0.000000D+00 -.310569D-03
          1 0.22075804D+00    0.0003512    0.0015934 0.336299D+00 0.174162D-02
          2 0.22040306D+00   -0.0003550   -0.0016080 0.270132D-01 0.241022D-04
     42   0 0.22040306D+00                           0.000000D+00 -.335995D-04
          1 0.22040218D+00   -0.0000009   -0.0000040 0.270132D-01 -.316873D-04
          2 0.22039918D+00   -0.0000030   -0.0000136 0.474643D+00 0.314628D-04
          3 0.22039692D+00   -0.0000023   -0.0000102 0.315819D+00 -.597686D-06
     43   0 0.22039692D+00                           0.000000D+00 -.285698D-04
          1 0.22039141D+00   -0.0000055   -0.0000250 0.315819D+00 -.448427D-05
          2 0.22039133D+00   -0.0000001   -0.0000004 0.374618D+00 0.197716D-05
     44   0 0.22039133D+00                           0.000000D+00 -.269915D-03
          1 0.22092925D+00    0.0005379    0.0024407 0.374618D+00 0.296045D-02
          2 0.22038772D+00   -0.0005415   -0.0024511 0.270731D-01 0.213842D-05
     45   0 0.22038772D+00                           0.000000D+00 -.187545D-04
          1 0.22038723D+00   -0.0000005   -0.0000022 0.270731D-01 -.177076D-04
          2 0.22038648D+00   -0.0000007   -0.0000034 0.484998D+00 0.282687D-04
          3 0.22038428D+00   -0.0000022   -0.0000100 0.302349D+00 -.641074D-06
     46   0 0.22038428D+00                           0.000000D+00 -.722198D-05
          1 0.22038319D+00   -0.0000011   -0.0000050 0.302349D+00 -.219461D-06
     47   0 0.22038319D+00                           0.000000D+00 -.347917D-04
          1 0.22040159D+00    0.0000184    0.0000835 0.302349D+00 0.124522D-03
          2 0.22038246D+00   -0.0000191   -0.0000868 0.435699D-01 0.753698D-06
     48   0 0.22038246D+00                           0.000000D+00 -.694363D-05
          1 0.22038225D+00   -0.0000002   -0.0000010 0.435699D-01 -.275072D-05
          2 0.22038222D+00    0.0000000   -0.0000001 0.721537D-01 0.858759D-06
          3 0.22038221D+00    0.0000000    0.0000000 0.653531D-01 -.696920D-07
     49   0 0.22038221D+00                           0.000000D+00 -.292749D-05
          1 0.22038216D+00   -0.0000001   -0.0000003 0.653531D-01 0.106870D-05
          2 0.22038215D+00    0.0000000    0.0000000 0.478757D-01 0.176457D-07
     50   0 0.22038215D+00                           0.000000D+00 -.250309D-05
          1 0.22038224D+00    0.0000001    0.0000004 0.478757D-01 0.622558D-05
          2 0.22038213D+00   -0.0000001   -0.0000005 0.137291D-01 0.935528D-07
     50   0 0.22038215D+00                           0.000000D+00 -.643259D-05
          1 0.22280132D+00    0.0024192    0.0109772 0.100000D+01 0.104359D-01
          2 0.22046815D+00   -0.0023332   -0.0104720 0.378460D+00 0.585796D-03
          3 0.22038215D+00   -0.0000860   -0.0003901 0.106685D-01 0.640762D-05
          4 0.22038213D+00    0.0000000   -0.0000001 0.534463D-02 0.623708D-07
     50   0 0.22038215D+00                           0.000000D+00 -.301743D-05
          1 0.22049627D+00    0.0001141    0.0005179 0.100000D+01 0.334781D-03
          2 0.22038248D+00   -0.0001138   -0.0005161 0.640027D-01 0.128779D-04
          3 0.22038213D+00   -0.0000003   -0.0000016 0.121497D-01 0.220251D-06
     51   0 0.22038213D+00                           0.000000D+00 -.227377D-05
          1 0.22038241D+00    0.0000003    0.0000013 0.137291D-01 0.437574D-04
          2 0.22038213D+00   -0.0000003   -0.0000013 0.678169D-03 0.357770D-07
     52   0 0.22038213D+00                           0.000000D+00 -.967788D-07
          1 0.22038213D+00    0.0000000    0.0000000 0.678169D-03 -.735499D-07
          2 0.22038213D+00    0.0000000    0.0000000 0.282546D-02 -.620632D-10
     53   0 0.22038213D+00                           0.000000D+00 -.572285D-07
          1 0.22038213D+00    0.0000000    0.0000000 0.282546D-02 0.140958D-05
          2 0.22038213D+00    0.0000000    0.0000000 0.110237D-03 0.134258D-10
     54   0 0.22038213D+00                           0.000000D+00 -.138844D-07
          1 0.22038213D+00    0.0000000    0.0000000 0.110237D-03 0.307298D-07
          2 0.22038213D+00    0.0000000    0.0000000 0.343070D-04 0.108650D-12
     55   0 0.22038213D+00                           0.000000D+00 -.129592D-08
          1 0.22038213D+00    0.0000000    0.0000000 0.343070D-04 -.682587D-10
     56   0 0.22038213D+00                           0.000000D+00 -.345169D-09
          1 0.22038213D+00    0.0000000    0.0000000 0.343070D-04 0.180115D-08
          2 0.22038213D+00    0.0000000    0.0000000 0.551721D-05 -.232054D-14


     Beginning Time:  09:53:40
        Ending Time:  09:53:40
       Elapsed Time:  00:00:00



MUTHEN & MUTHEN
3463 Stoner Ave.
Los Angeles, CA  90066

Tel: (310) 391-9971
Fax: (310) 391-8971
Web: www.StatModel.com
Support: Support@StatModel.com

Copyright (c) 1998-2018 Muthen & Muthen
