Mplus VERSION 8.2
MUTHEN & MUTHEN
01/08/2024   9:53 AM

INPUT INSTRUCTIONS


    title:
                    [This syntax is autogenerated]
                    CFA Mplus syntax
    data:
                    file is HS.raw;
                    listwise=on;
    variable:
                    names are
                    x1  x2  x3  x4  x5  x6
                    x7  x8  x9  ;
                    missing are all (-999999);
    analysis:
    !                model=nomeanstructure;
                    estimator=ML;
    !               information=expected;
                    convergence=0.0000001;
    model:
                    visual  by x1* x2 x3;
                    textual by x4* x5 x6;
                    speed   by x7* x8 x9;
                    visual-speed@1;
    Output: standardized;






INPUT READING TERMINATED NORMALLY




[This syntax is autogenerated]
CFA Mplus syntax

SUMMARY OF ANALYSIS

Number of groups                                                 1
Number of observations                                         301

Number of dependent variables                                    9
Number of independent variables                                  0
Number of continuous latent variables                            3

Observed dependent variables

  Continuous
   X1          X2          X3          X4          X5          X6
   X7          X8          X9

Continuous latent variables
   VISUAL      TEXTUAL     SPEED


Estimator                                                       ML
Information matrix                                        OBSERVED
Maximum number of iterations                                  1000
Convergence criterion                                    0.100D-06
Maximum number of steepest descent iterations                   20

Input data file(s)
  HS.raw

Input data format  FREE



UNIVARIATE SAMPLE STATISTICS


     UNIVARIATE HIGHER-ORDER MOMENT DESCRIPTIVE STATISTICS

         Variable/         Mean/     Skewness/   Minimum/ % with                Percentiles
        Sample Size      Variance    Kurtosis    Maximum  Min/Max      20%/60%    40%/80%    Median

     X1                    4.936      -0.256       0.667    0.33%       4.000      4.667      5.000
             301.000       1.358       0.330       8.500    0.33%       5.333      5.833
     X2                    6.088       0.472       2.250    0.33%       5.250      5.750      6.000
             301.000       1.382       0.355       9.250    1.66%       6.250      7.000
     X3                    2.250       0.385       0.250    0.33%       1.250      1.750      2.125
             301.000       1.275      -0.894       4.500    1.99%       2.375      3.375
     X4                    3.061       0.269       0.000    0.33%       2.000      2.667      3.000
             301.000       1.351       0.101       6.333    0.33%       3.333      4.000
     X5                    4.341      -0.352       1.000    0.66%       3.000      4.000      4.500
             301.000       1.660      -0.536       7.000    0.33%       4.750      5.500
     X6                    2.186       0.862       0.143    0.66%       1.286      1.857      2.000
             301.000       1.196       0.842       6.143    0.33%       2.286      2.857
     X7                    4.186       0.250       1.304    0.33%       3.304      3.783      4.087
             301.000       1.183      -0.289       7.435    0.33%       4.391      5.130
     X8                    5.527       0.528       3.050    0.33%       4.700      5.250      5.500
             301.000       1.022       1.199      10.000    0.33%       5.700      6.300
     X9                    5.374       0.205       2.778    0.33%       4.500      5.083      5.417
             301.000       1.015       0.312       9.250    0.33%       5.611      6.222


THE MODEL ESTIMATION TERMINATED NORMALLY



MODEL FIT INFORMATION

Number of Free Parameters                       30

Loglikelihood

          H0 Value                       -3737.745
          H1 Value                       -3695.092

Information Criteria

          Akaike (AIC)                    7535.490
          Bayesian (BIC)                  7646.703
          Sample-Size Adjusted BIC        7551.560
            (n* = (n + 2) / 24)

Chi-Square Test of Model Fit

          Value                             85.306
          Degrees of Freedom                    24
          P-Value                           0.0000

RMSEA (Root Mean Square Error Of Approximation)

          Estimate                           0.092
          90 Percent C.I.                    0.071  0.114
          Probability RMSEA <= .05           0.001

CFI/TLI

          CFI                                0.931
          TLI                                0.896

Chi-Square Test of Model Fit for the Baseline Model

          Value                            918.852
          Degrees of Freedom                    36
          P-Value                           0.0000

SRMR (Standardized Root Mean Square Residual)

          Value                              0.060



MODEL RESULTS

                                                    Two-Tailed
                    Estimate       S.E.  Est./S.E.    P-Value

 VISUAL   BY
    X1                 0.900      0.083     10.808      0.000
    X2                 0.498      0.081      6.164      0.000
    X3                 0.656      0.078      8.458      0.000

 TEXTUAL  BY
    X4                 0.990      0.057     17.458      0.000
    X5                 1.102      0.063     17.601      0.000
    X6                 0.917      0.054     17.051      0.000

 SPEED    BY
    X7                 0.619      0.074      8.337      0.000
    X8                 0.731      0.075      9.682      0.000
    X9                 0.670      0.078      8.642      0.000

 TEXTUAL  WITH
    VISUAL             0.459      0.063      7.225      0.000

 SPEED    WITH
    VISUAL             0.471      0.086      5.457      0.000
    TEXTUAL            0.283      0.071      3.959      0.000

 Intercepts
    X1                 4.936      0.067     73.473      0.000
    X2                 6.088      0.068     89.855      0.000
    X3                 2.250      0.065     34.579      0.000
    X4                 3.061      0.067     45.694      0.000
    X5                 4.341      0.074     58.452      0.000
    X6                 2.186      0.063     34.667      0.000
    X7                 4.186      0.063     66.766      0.000
    X8                 5.527      0.058     94.854      0.000
    X9                 5.374      0.058     92.546      0.000

 Variances
    VISUAL             1.000      0.000    999.000    999.000
    TEXTUAL            1.000      0.000    999.000    999.000
    SPEED              1.000      0.000    999.000    999.000

 Residual Variances
    X1                 0.549      0.119      4.612      0.000
    X2                 1.134      0.104     10.875      0.000
    X3                 0.844      0.095      8.881      0.000
    X4                 0.371      0.048      7.739      0.000
    X5                 0.446      0.058      7.703      0.000
    X6                 0.356      0.043      8.200      0.000
    X7                 0.799      0.088      9.130      0.000
    X8                 0.488      0.092      5.321      0.000
    X9                 0.566      0.091      6.250      0.000


STANDARDIZED MODEL RESULTS


STDYX Standardization

                                                    Two-Tailed
                    Estimate       S.E.  Est./S.E.    P-Value

 VISUAL   BY
    X1                 0.772      0.058     13.416      0.000
    X2                 0.424      0.063      6.752      0.000
    X3                 0.581      0.058      9.942      0.000

 TEXTUAL  BY
    X4                 0.852      0.023     37.612      0.000
    X5                 0.855      0.022     38.530      0.000
    X6                 0.838      0.024     35.598      0.000

 SPEED    BY
    X7                 0.570      0.058      9.767      0.000
    X8                 0.723      0.062     11.608      0.000
    X9                 0.665      0.066     10.063      0.000

 TEXTUAL  WITH
    VISUAL             0.459      0.063      7.225      0.000

 SPEED    WITH
    VISUAL             0.471      0.086      5.457      0.000
    TEXTUAL            0.283      0.071      3.959      0.000

 Intercepts
    X1                 4.235      0.182     23.272      0.000
    X2                 5.179      0.219     23.669      0.000
    X3                 1.993      0.100     20.010      0.000
    X4                 2.634      0.122     21.617      0.000
    X5                 3.369      0.149     22.623      0.000
    X6                 1.998      0.100     20.027      0.000
    X7                 3.848      0.167     23.030      0.000
    X8                 5.467      0.230     23.754      0.000
    X9                 5.334      0.225     23.716      0.000

 Variances
    VISUAL             1.000      0.000    999.000    999.000
    TEXTUAL            1.000      0.000    999.000    999.000
    SPEED              1.000      0.000    999.000    999.000

 Residual Variances
    X1                 0.404      0.089      4.551      0.000
    X2                 0.821      0.053     15.438      0.000
    X3                 0.662      0.068      9.748      0.000
    X4                 0.275      0.039      7.126      0.000
    X5                 0.269      0.038      7.084      0.000
    X6                 0.298      0.039      7.546      0.000
    X7                 0.676      0.066     10.173      0.000
    X8                 0.477      0.090      5.298      0.000
    X9                 0.558      0.088      6.346      0.000


STDY Standardization

                                                    Two-Tailed
                    Estimate       S.E.  Est./S.E.    P-Value

 VISUAL   BY
    X1                 0.772      0.058     13.416      0.000
    X2                 0.424      0.063      6.752      0.000
    X3                 0.581      0.058      9.942      0.000

 TEXTUAL  BY
    X4                 0.852      0.023     37.612      0.000
    X5                 0.855      0.022     38.530      0.000
    X6                 0.838      0.024     35.598      0.000

 SPEED    BY
    X7                 0.570      0.058      9.767      0.000
    X8                 0.723      0.062     11.608      0.000
    X9                 0.665      0.066     10.063      0.000

 TEXTUAL  WITH
    VISUAL             0.459      0.063      7.225      0.000

 SPEED    WITH
    VISUAL             0.471      0.086      5.457      0.000
    TEXTUAL            0.283      0.071      3.959      0.000

 Intercepts
    X1                 4.235      0.182     23.272      0.000
    X2                 5.179      0.219     23.669      0.000
    X3                 1.993      0.100     20.010      0.000
    X4                 2.634      0.122     21.617      0.000
    X5                 3.369      0.149     22.623      0.000
    X6                 1.998      0.100     20.027      0.000
    X7                 3.848      0.167     23.030      0.000
    X8                 5.467      0.230     23.754      0.000
    X9                 5.334      0.225     23.716      0.000

 Variances
    VISUAL             1.000      0.000    999.000    999.000
    TEXTUAL            1.000      0.000    999.000    999.000
    SPEED              1.000      0.000    999.000    999.000

 Residual Variances
    X1                 0.404      0.089      4.551      0.000
    X2                 0.821      0.053     15.438      0.000
    X3                 0.662      0.068      9.748      0.000
    X4                 0.275      0.039      7.126      0.000
    X5                 0.269      0.038      7.084      0.000
    X6                 0.298      0.039      7.546      0.000
    X7                 0.676      0.066     10.173      0.000
    X8                 0.477      0.090      5.298      0.000
    X9                 0.558      0.088      6.346      0.000


STD Standardization

                                                    Two-Tailed
                    Estimate       S.E.  Est./S.E.    P-Value

 VISUAL   BY
    X1                 0.900      0.083     10.808      0.000
    X2                 0.498      0.081      6.164      0.000
    X3                 0.656      0.078      8.458      0.000

 TEXTUAL  BY
    X4                 0.990      0.057     17.458      0.000
    X5                 1.102      0.063     17.601      0.000
    X6                 0.917      0.054     17.051      0.000

 SPEED    BY
    X7                 0.619      0.074      8.337      0.000
    X8                 0.731      0.075      9.682      0.000
    X9                 0.670      0.078      8.642      0.000

 TEXTUAL  WITH
    VISUAL             0.459      0.063      7.225      0.000

 SPEED    WITH
    VISUAL             0.471      0.086      5.457      0.000
    TEXTUAL            0.283      0.071      3.959      0.000

 Intercepts
    X1                 4.936      0.067     73.473      0.000
    X2                 6.088      0.068     89.855      0.000
    X3                 2.250      0.065     34.579      0.000
    X4                 3.061      0.067     45.694      0.000
    X5                 4.341      0.074     58.452      0.000
    X6                 2.186      0.063     34.667      0.000
    X7                 4.186      0.063     66.766      0.000
    X8                 5.527      0.058     94.854      0.000
    X9                 5.374      0.058     92.546      0.000

 Variances
    VISUAL             1.000      0.000    999.000    999.000
    TEXTUAL            1.000      0.000    999.000    999.000
    SPEED              1.000      0.000    999.000    999.000

 Residual Variances
    X1                 0.549      0.119      4.612      0.000
    X2                 1.134      0.104     10.875      0.000
    X3                 0.844      0.095      8.881      0.000
    X4                 0.371      0.048      7.739      0.000
    X5                 0.446      0.058      7.703      0.000
    X6                 0.356      0.043      8.200      0.000
    X7                 0.799      0.088      9.130      0.000
    X8                 0.488      0.092      5.321      0.000
    X9                 0.566      0.091      6.250      0.000


R-SQUARE

    Observed                                        Two-Tailed
    Variable        Estimate       S.E.  Est./S.E.    P-Value

    X1                 0.596      0.089      6.708      0.000
    X2                 0.179      0.053      3.376      0.001
    X3                 0.338      0.068      4.971      0.000
    X4                 0.725      0.039     18.806      0.000
    X5                 0.731      0.038     19.265      0.000
    X6                 0.702      0.039     17.799      0.000
    X7                 0.324      0.066      4.883      0.000
    X8                 0.523      0.090      5.804      0.000
    X9                 0.442      0.088      5.032      0.000


QUALITY OF NUMERICAL RESULTS

     Condition Number for the Information Matrix              0.887E-02
       (ratio of smallest to largest eigenvalue)


     Beginning Time:  09:53:40
        Ending Time:  09:53:40
       Elapsed Time:  00:00:00



MUTHEN & MUTHEN
3463 Stoner Ave.
Los Angeles, CA  90066

Tel: (310) 391-9971
Fax: (310) 391-8971
Web: www.StatModel.com
Support: Support@StatModel.com

Copyright (c) 1998-2018 Muthen & Muthen
