Mplus VERSION 8.2
MUTHEN & MUTHEN
01/08/2024   9:53 AM

INPUT INSTRUCTIONS


    title:
                    [This syntax is autogenerated]
                    CFA Mplus syntax
    data:
                    file is HS.raw;
                    listwise=on;
    variable:
                    names are
                    x1  x2  x3  x4  x5  x6
                    x7  x8  x9  ;
                    missing are all (-999999);
    analysis:
    !                model=nomeanstructure;
                    estimator=ML;
    !               information=expected;
                    convergence=0.0000001;
    model:
                    visual  by x1 x2 x3 (a);
                    textual by x4@1 x5@1 x6;
                    speed   by x7 x8;
                    speed (c);
                    speed   by x9 (c);

    Output: standardized;






INPUT READING TERMINATED NORMALLY




[This syntax is autogenerated]
CFA Mplus syntax

SUMMARY OF ANALYSIS

Number of groups                                                 1
Number of observations                                         301

Number of dependent variables                                    9
Number of independent variables                                  0
Number of continuous latent variables                            3

Observed dependent variables

  Continuous
   X1          X2          X3          X4          X5          X6
   X7          X8          X9

Continuous latent variables
   VISUAL      TEXTUAL     SPEED


Estimator                                                       ML
Information matrix                                        OBSERVED
Maximum number of iterations                                  1000
Convergence criterion                                    0.100D-06
Maximum number of steepest descent iterations                   20

Input data file(s)
  HS.raw

Input data format  FREE



UNIVARIATE SAMPLE STATISTICS


     UNIVARIATE HIGHER-ORDER MOMENT DESCRIPTIVE STATISTICS

         Variable/         Mean/     Skewness/   Minimum/ % with                Percentiles
        Sample Size      Variance    Kurtosis    Maximum  Min/Max      20%/60%    40%/80%    Median

     X1                    4.936      -0.256       0.667    0.33%       4.000      4.667      5.000
             301.000       1.358       0.330       8.500    0.33%       5.333      5.833
     X2                    6.088       0.472       2.250    0.33%       5.250      5.750      6.000
             301.000       1.382       0.355       9.250    1.66%       6.250      7.000
     X3                    2.250       0.385       0.250    0.33%       1.250      1.750      2.125
             301.000       1.275      -0.894       4.500    1.99%       2.375      3.375
     X4                    3.061       0.269       0.000    0.33%       2.000      2.667      3.000
             301.000       1.351       0.101       6.333    0.33%       3.333      4.000
     X5                    4.341      -0.352       1.000    0.66%       3.000      4.000      4.500
             301.000       1.660      -0.536       7.000    0.33%       4.750      5.500
     X6                    2.186       0.862       0.143    0.66%       1.286      1.857      2.000
             301.000       1.196       0.842       6.143    0.33%       2.286      2.857
     X7                    4.186       0.250       1.304    0.33%       3.304      3.783      4.087
             301.000       1.183      -0.289       7.435    0.33%       4.391      5.130
     X8                    5.527       0.528       3.050    0.33%       4.700      5.250      5.500
             301.000       1.022       1.199      10.000    0.33%       5.700      6.300
     X9                    5.374       0.205       2.778    0.33%       4.500      5.083      5.417
             301.000       1.015       0.312       9.250    0.33%       5.611      6.222


THE MODEL ESTIMATION TERMINATED NORMALLY



MODEL FIT INFORMATION

Number of Free Parameters                       27

Loglikelihood

          H0 Value                       -3745.736
          H1 Value                       -3695.092

Information Criteria

          Akaike (AIC)                    7545.473
          Bayesian (BIC)                  7645.565
          Sample-Size Adjusted BIC        7559.936
            (n* = (n + 2) / 24)

Chi-Square Test of Model Fit

          Value                            101.288
          Degrees of Freedom                    27
          P-Value                           0.0000

RMSEA (Root Mean Square Error Of Approximation)

          Estimate                           0.096
          90 Percent C.I.                    0.076  0.116
          Probability RMSEA <= .05           0.000

CFI/TLI

          CFI                                0.916
          TLI                                0.888

Chi-Square Test of Model Fit for the Baseline Model

          Value                            918.852
          Degrees of Freedom                    36
          P-Value                           0.0000

SRMR (Standardized Root Mean Square Residual)

          Value                              0.091



MODEL RESULTS

                                                    Two-Tailed
                    Estimate       S.E.  Est./S.E.    P-Value

 VISUAL   BY
    X1                 1.000      0.000    999.000    999.000
    X2                 0.641      0.102      6.303      0.000
    X3                 0.641      0.102      6.303      0.000

 TEXTUAL  BY
    X4                 1.000      0.000    999.000    999.000
    X5                 1.000      0.000    999.000    999.000
    X6                 0.881      0.047     18.873      0.000

 SPEED    BY
    X7                 1.000      0.000    999.000    999.000
    X8                 0.948      0.087     10.904      0.000
    X9                 0.690      0.054     12.692      0.000

 TEXTUAL  WITH
    VISUAL             0.449      0.083      5.414      0.000

 SPEED    WITH
    VISUAL             0.303      0.071      4.296      0.000
    TEXTUAL            0.234      0.067      3.498      0.000

 Intercepts
    X1                 4.936      0.067     73.209      0.000
    X2                 6.088      0.070     87.518      0.000
    X3                 2.250      0.064     35.305      0.000
    X4                 3.061      0.069     44.475      0.000
    X5                 4.341      0.072     60.142      0.000
    X6                 2.186      0.063     34.601      0.000
    X7                 4.186      0.068     61.615      0.000
    X8                 5.527      0.060     92.794      0.000
    X9                 5.374      0.057     93.689      0.000

 Variances
    VISUAL             0.829      0.156      5.311      0.000
    TEXTUAL            1.082      0.106     10.162      0.000
    SPEED              0.690      0.054     12.692      0.000

 Residual Variances
    X1                 0.539      0.124      4.341      0.000
    X2                 1.116      0.107     10.469      0.000
    X3                 0.883      0.091      9.658      0.000
    X4                 0.344      0.047      7.302      0.000
    X5                 0.486      0.054      8.918      0.000
    X6                 0.361      0.045      8.102      0.000
    X7                 0.699      0.080      8.717      0.000
    X8                 0.447      0.074      6.075      0.000
    X9                 0.662      0.069      9.632      0.000


STANDARDIZED MODEL RESULTS


STDYX Standardization

                                                    Two-Tailed
                    Estimate       S.E.  Est./S.E.    P-Value

 VISUAL   BY
    X1                 0.778      0.059     13.137      0.000
    X2                 0.483      0.049      9.963      0.000
    X3                 0.527      0.053      9.923      0.000

 TEXTUAL  BY
    X4                 0.871      0.018     47.260      0.000
    X5                 0.831      0.020     40.873      0.000
    X6                 0.836      0.024     34.752      0.000

 SPEED    BY
    X7                 0.705      0.024     28.831      0.000
    X8                 0.762      0.048     16.008      0.000
    X9                 0.576      0.056     10.197      0.000

 TEXTUAL  WITH
    VISUAL             0.474      0.062      7.623      0.000

 SPEED    WITH
    VISUAL             0.401      0.080      5.020      0.000
    TEXTUAL            0.270      0.072      3.765      0.000

 Intercepts
    X1                 4.220      0.183     23.112      0.000
    X2                 5.044      0.204     24.693      0.000
    X3                 2.035      0.095     21.343      0.000
    X4                 2.564      0.116     22.017      0.000
    X5                 3.467      0.138     25.097      0.000
    X6                 1.994      0.100     19.963      0.000
    X7                 3.551      0.138     25.797      0.000
    X8                 5.349      0.229     23.355      0.000
    X9                 5.400      0.227     23.749      0.000

 Variances
    VISUAL             1.000      0.000    999.000    999.000
    TEXTUAL            1.000      0.000    999.000    999.000
    SPEED              1.000      0.000    999.000    999.000

 Residual Variances
    X1                 0.394      0.092      4.271      0.000
    X2                 0.766      0.047     16.343      0.000
    X3                 0.722      0.056     12.872      0.000
    X4                 0.241      0.032      7.503      0.000
    X5                 0.310      0.034      9.173      0.000
    X6                 0.300      0.040      7.460      0.000
    X7                 0.503      0.034     14.604      0.000
    X8                 0.419      0.073      5.770      0.000
    X9                 0.668      0.065     10.265      0.000


STDY Standardization

                                                    Two-Tailed
                    Estimate       S.E.  Est./S.E.    P-Value

 VISUAL   BY
    X1                 0.778      0.059     13.137      0.000
    X2                 0.483      0.049      9.963      0.000
    X3                 0.527      0.053      9.923      0.000

 TEXTUAL  BY
    X4                 0.871      0.018     47.260      0.000
    X5                 0.831      0.020     40.873      0.000
    X6                 0.836      0.024     34.752      0.000

 SPEED    BY
    X7                 0.705      0.024     28.831      0.000
    X8                 0.762      0.048     16.008      0.000
    X9                 0.576      0.056     10.197      0.000

 TEXTUAL  WITH
    VISUAL             0.474      0.062      7.623      0.000

 SPEED    WITH
    VISUAL             0.401      0.080      5.020      0.000
    TEXTUAL            0.270      0.072      3.765      0.000

 Intercepts
    X1                 4.220      0.183     23.112      0.000
    X2                 5.044      0.204     24.693      0.000
    X3                 2.035      0.095     21.343      0.000
    X4                 2.564      0.116     22.017      0.000
    X5                 3.467      0.138     25.097      0.000
    X6                 1.994      0.100     19.963      0.000
    X7                 3.551      0.138     25.797      0.000
    X8                 5.349      0.229     23.355      0.000
    X9                 5.400      0.227     23.749      0.000

 Variances
    VISUAL             1.000      0.000    999.000    999.000
    TEXTUAL            1.000      0.000    999.000    999.000
    SPEED              1.000      0.000    999.000    999.000

 Residual Variances
    X1                 0.394      0.092      4.271      0.000
    X2                 0.766      0.047     16.343      0.000
    X3                 0.722      0.056     12.872      0.000
    X4                 0.241      0.032      7.503      0.000
    X5                 0.310      0.034      9.173      0.000
    X6                 0.300      0.040      7.460      0.000
    X7                 0.503      0.034     14.604      0.000
    X8                 0.419      0.073      5.770      0.000
    X9                 0.668      0.065     10.265      0.000


STD Standardization

                                                    Two-Tailed
                    Estimate       S.E.  Est./S.E.    P-Value

 VISUAL   BY
    X1                 0.911      0.086     10.623      0.000
    X2                 0.583      0.064      9.082      0.000
    X3                 0.583      0.064      9.082      0.000

 TEXTUAL  BY
    X4                 1.040      0.051     20.324      0.000
    X5                 1.040      0.051     20.324      0.000
    X6                 0.917      0.054     16.869      0.000

 SPEED    BY
    X7                 0.831      0.033     25.384      0.000
    X8                 0.788      0.068     11.634      0.000
    X9                 0.573      0.068      8.461      0.000

 TEXTUAL  WITH
    VISUAL             0.474      0.062      7.623      0.000

 SPEED    WITH
    VISUAL             0.401      0.080      5.020      0.000
    TEXTUAL            0.270      0.072      3.765      0.000

 Intercepts
    X1                 4.936      0.067     73.209      0.000
    X2                 6.088      0.070     87.518      0.000
    X3                 2.250      0.064     35.305      0.000
    X4                 3.061      0.069     44.475      0.000
    X5                 4.341      0.072     60.142      0.000
    X6                 2.186      0.063     34.601      0.000
    X7                 4.186      0.068     61.615      0.000
    X8                 5.527      0.060     92.794      0.000
    X9                 5.374      0.057     93.689      0.000

 Variances
    VISUAL             1.000      0.000    999.000    999.000
    TEXTUAL            1.000      0.000    999.000    999.000
    SPEED              1.000      0.000    999.000    999.000

 Residual Variances
    X1                 0.539      0.124      4.341      0.000
    X2                 1.116      0.107     10.469      0.000
    X3                 0.883      0.091      9.658      0.000
    X4                 0.344      0.047      7.302      0.000
    X5                 0.486      0.054      8.918      0.000
    X6                 0.361      0.045      8.102      0.000
    X7                 0.699      0.080      8.717      0.000
    X8                 0.447      0.074      6.075      0.000
    X9                 0.662      0.069      9.632      0.000


R-SQUARE

    Observed                                        Two-Tailed
    Variable        Estimate       S.E.  Est./S.E.    P-Value

    X1                 0.606      0.092      6.568      0.000
    X2                 0.234      0.047      4.981      0.000
    X3                 0.278      0.056      4.962      0.000
    X4                 0.759      0.032     23.630      0.000
    X5                 0.690      0.034     20.437      0.000
    X6                 0.700      0.040     17.376      0.000
    X7                 0.497      0.034     14.415      0.000
    X8                 0.581      0.073      8.004      0.000
    X9                 0.332      0.065      5.098      0.000


QUALITY OF NUMERICAL RESULTS

     Condition Number for the Information Matrix              0.515E-02
       (ratio of smallest to largest eigenvalue)


     Beginning Time:  09:53:40
        Ending Time:  09:53:40
       Elapsed Time:  00:00:00



MUTHEN & MUTHEN
3463 Stoner Ave.
Los Angeles, CA  90066

Tel: (310) 391-9971
Fax: (310) 391-8971
Web: www.StatModel.com
Support: Support@StatModel.com

Copyright (c) 1998-2018 Muthen & Muthen
