Mplus VERSION 6.11 (Linux)
MUTHEN & MUTHEN
06/14/2011   2:19 PM

INPUT INSTRUCTIONS

  title:
                  [This syntax is autogenerated]
                  CFA Mplus syntax
  data:
                  file is HS.raw;
                  listwise=on;
  variable:
                  names are
                  x1  x2  x3  x4  x5  x6
                  x7  x8  x9  ;
                  missing are all (-999999);
  analysis:
  !                model=nomeanstructure;
                  estimator=ML;
  !               information=expected;
                  convergence=0.0000001;
  model:
                  visual  by x1 x2 x3;
                  textual by x4 x5 x6;
                  speed   by x7 x8 x9;
                  [x1-x5@2];
                  visual with speed (D);
                  textual with speed (D);
  Output: standardized;



INPUT READING TERMINATED NORMALLY




[This syntax is autogenerated]
CFA Mplus syntax

SUMMARY OF ANALYSIS

Number of groups                                                 1
Number of observations                                         301

Number of dependent variables                                    9
Number of independent variables                                  0
Number of continuous latent variables                            3

Observed dependent variables

  Continuous
   X1          X2          X3          X4          X5          X6
   X7          X8          X9

Continuous latent variables
   VISUAL      TEXTUAL     SPEED


Estimator                                                       ML
Information matrix                                        OBSERVED
Maximum number of iterations                                  1000
Convergence criterion                                    0.100D-06
Maximum number of steepest descent iterations                   20

Input data file(s)
  HS.raw

Input data format  FREE



THE MODEL ESTIMATION TERMINATED NORMALLY



MODEL FIT INFORMATION

Number of Free Parameters                       24

Loglikelihood

          H0 Value                       -4232.674
          H1 Value                       -3695.092

Information Criteria

          Akaike (AIC)                    8513.348
          Bayesian (BIC)                  8602.319
          Sample-Size Adjusted BIC        8526.205
            (n* = (n + 2) / 24)

Chi-Square Test of Model Fit

          Value                           1075.164
          Degrees of Freedom                    30
          P-Value                           0.0000

RMSEA (Root Mean Square Error Of Approximation)

          Estimate                           0.340
          90 Percent C.I.                    0.323  0.358
          Probability RMSEA <= .05           0.000

CFI/TLI

          CFI                                0.000
          TLI                               -0.421

Chi-Square Test of Model Fit for the Baseline Model

          Value                            918.852
          Degrees of Freedom                    36
          P-Value                           0.0000

SRMR (Standardized Root Mean Square Residual)

          Value                              2.155



MODEL RESULTS

                                                    Two-Tailed
                    Estimate       S.E.  Est./S.E.    P-Value

 VISUAL   BY
    X1                 1.000      0.000    999.000    999.000
    X2                 1.320      0.035     37.899      0.000
    X3                 0.128      0.021      6.150      0.000

 TEXTUAL  BY
    X4                 1.000      0.000    999.000    999.000
    X5                 1.890      0.069     27.535      0.000
    X6                 1.377      0.087     15.871      0.000

 SPEED    BY
    X7                 1.000      0.000    999.000    999.000
    X8                 1.183      0.178      6.650      0.000
    X9                 0.848      0.121      7.017      0.000

 VISUAL   WITH
    SPEED              0.089      0.055      1.638      0.101

 TEXTUAL  WITH
    SPEED              0.089      0.055      1.638      0.101
    VISUAL             3.805      0.354     10.739      0.000

 Intercepts
    X1                 2.000      0.000    999.000    999.000
    X2                 2.000      0.000    999.000    999.000
    X3                 2.000      0.000    999.000    999.000
    X4                 2.000      0.000    999.000    999.000
    X5                 2.000      0.000    999.000    999.000
    X6                 0.529      0.099      5.358      0.000
    X7                 4.154      0.066     63.190      0.000
    X8                 5.489      0.062     87.923      0.000
    X9                 5.347      0.060     88.497      0.000

 Variances
    VISUAL             9.350      0.817     11.441      0.000
    TEXTUAL            1.872      0.196      9.563      0.000
    SPEED              0.453      0.098      4.616      0.000

 Residual Variances
    X1                 0.570      0.130      4.376      0.000
    X2                 1.706      0.254      6.718      0.000
    X3                 1.182      0.097     12.202      0.000
    X4                 0.592      0.054     10.924      0.000
    X5                 0.388      0.081      4.812      0.000
    X6                 0.359      0.054      6.656      0.000
    X7                 0.731      0.086      8.521      0.000
    X8                 0.390      0.091      4.265      0.000
    X9                 0.690      0.071      9.689      0.000


STANDARDIZED MODEL RESULTS


STDYX Standardization

                                                    Two-Tailed
                    Estimate       S.E.  Est./S.E.    P-Value

 VISUAL   BY
    X1                 0.971      0.007    136.122      0.000
    X2                 0.951      0.008    115.193      0.000
    X3                 0.340      0.052      6.527      0.000

 TEXTUAL  BY
    X4                 0.872      0.015     58.383      0.000
    X5                 0.972      0.006    155.504      0.000
    X6                 0.953      0.010     94.163      0.000

 SPEED    BY
    X7                 0.619      0.055     11.189      0.000
    X8                 0.787      0.058     13.673      0.000
    X9                 0.567      0.055     10.374      0.000

 VISUAL   WITH
    SPEED              0.043      0.026      1.692      0.091

 TEXTUAL  WITH
    SPEED              0.097      0.057      1.708      0.088
    VISUAL             0.910      0.013     70.205      0.000

 Intercepts
    X1                 0.635      0.026     24.514      0.000
    X2                 0.471      0.019     24.535      0.000
    X3                 1.730      0.070     24.549      0.000
    X4                 1.274      0.052     24.602      0.000
    X5                 0.752      0.031     24.571      0.000
    X6                 0.268      0.062      4.315      0.000
    X7                 3.817      0.169     22.525      0.000
    X8                 5.426      0.233     23.260      0.000
    X9                 5.305      0.227     23.389      0.000

 Variances
    VISUAL             1.000      0.000    999.000    999.000
    TEXTUAL            1.000      0.000    999.000    999.000
    SPEED              1.000      0.000    999.000    999.000

 Residual Variances
    X1                 0.057      0.014      4.147      0.000
    X2                 0.095      0.016      6.028      0.000
    X3                 0.885      0.035     25.024      0.000
    X4                 0.240      0.026      9.229      0.000
    X5                 0.055      0.012      4.510      0.000
    X6                 0.092      0.019      4.760      0.000
    X7                 0.617      0.068      9.028      0.000
    X8                 0.381      0.091      4.206      0.000
    X9                 0.679      0.062     10.974      0.000


STDY Standardization

                                                    Two-Tailed
                    Estimate       S.E.  Est./S.E.    P-Value

 VISUAL   BY
    X1                 0.971      0.007    136.122      0.000
    X2                 0.951      0.008    115.193      0.000
    X3                 0.340      0.052      6.527      0.000

 TEXTUAL  BY
    X4                 0.872      0.015     58.383      0.000
    X5                 0.972      0.006    155.504      0.000
    X6                 0.953      0.010     94.163      0.000

 SPEED    BY
    X7                 0.619      0.055     11.189      0.000
    X8                 0.787      0.058     13.673      0.000
    X9                 0.567      0.055     10.374      0.000

 VISUAL   WITH
    SPEED              0.043      0.026      1.692      0.091

 TEXTUAL  WITH
    SPEED              0.097      0.057      1.708      0.088
    VISUAL             0.910      0.013     70.205      0.000

 Intercepts
    X1                 0.635      0.026     24.514      0.000
    X2                 0.471      0.019     24.535      0.000
    X3                 1.730      0.070     24.549      0.000
    X4                 1.274      0.052     24.602      0.000
    X5                 0.752      0.031     24.571      0.000
    X6                 0.268      0.062      4.315      0.000
    X7                 3.817      0.169     22.525      0.000
    X8                 5.426      0.233     23.260      0.000
    X9                 5.305      0.227     23.389      0.000

 Variances
    VISUAL             1.000      0.000    999.000    999.000
    TEXTUAL            1.000      0.000    999.000    999.000
    SPEED              1.000      0.000    999.000    999.000

 Residual Variances
    X1                 0.057      0.014      4.147      0.000
    X2                 0.095      0.016      6.028      0.000
    X3                 0.885      0.035     25.024      0.000
    X4                 0.240      0.026      9.229      0.000
    X5                 0.055      0.012      4.510      0.000
    X6                 0.092      0.019      4.760      0.000
    X7                 0.617      0.068      9.028      0.000
    X8                 0.381      0.091      4.206      0.000
    X9                 0.679      0.062     10.974      0.000


STD Standardization

                                                    Two-Tailed
                    Estimate       S.E.  Est./S.E.    P-Value

 VISUAL   BY
    X1                 3.058      0.134     22.883      0.000
    X2                 4.037      0.183     22.082      0.000
    X3                 0.393      0.066      5.972      0.000

 TEXTUAL  BY
    X4                 1.368      0.072     19.127      0.000
    X5                 2.586      0.112     23.061      0.000
    X6                 1.884      0.125     15.113      0.000

 SPEED    BY
    X7                 0.673      0.073      9.233      0.000
    X8                 0.796      0.072     10.990      0.000
    X9                 0.571      0.066      8.693      0.000

 VISUAL   WITH
    SPEED              0.043      0.026      1.692      0.091

 TEXTUAL  WITH
    SPEED              0.097      0.057      1.708      0.088
    VISUAL             0.910      0.013     70.205      0.000

 Intercepts
    X1                 2.000      0.000    999.000    999.000
    X2                 2.000      0.000    999.000    999.000
    X3                 2.000      0.000    999.000    999.000
    X4                 2.000      0.000    999.000    999.000
    X5                 2.000      0.000    999.000    999.000
    X6                 0.529      0.099      5.358      0.000
    X7                 4.154      0.066     63.190      0.000
    X8                 5.489      0.062     87.923      0.000
    X9                 5.347      0.060     88.497      0.000

 Variances
    VISUAL             1.000      0.000    999.000    999.000
    TEXTUAL            1.000      0.000    999.000    999.000
    SPEED              1.000      0.000    999.000    999.000

 Residual Variances
    X1                 0.570      0.130      4.376      0.000
    X2                 1.706      0.254      6.718      0.000
    X3                 1.182      0.097     12.202      0.000
    X4                 0.592      0.054     10.924      0.000
    X5                 0.388      0.081      4.812      0.000
    X6                 0.359      0.054      6.656      0.000
    X7                 0.731      0.086      8.521      0.000
    X8                 0.390      0.091      4.265      0.000
    X9                 0.690      0.071      9.689      0.000


R-SQUARE

    Observed                                        Two-Tailed
    Variable        Estimate       S.E.  Est./S.E.    P-Value

    X1                 0.943      0.014     68.061      0.000
    X2                 0.905      0.016     57.596      0.000
    X3                 0.115      0.035      3.264      0.001
    X4                 0.760      0.026     29.192      0.000
    X5                 0.945      0.012     77.752      0.000
    X6                 0.908      0.019     47.081      0.000
    X7                 0.383      0.068      5.595      0.000
    X8                 0.619      0.091      6.836      0.000
    X9                 0.321      0.062      5.187      0.000


QUALITY OF NUMERICAL RESULTS

     Condition Number for the Information Matrix              0.263E-02
       (ratio of smallest to largest eigenvalue)


     Beginning Time:  14:19:47
        Ending Time:  14:19:47
       Elapsed Time:  00:00:00



MUTHEN & MUTHEN
3463 Stoner Ave.
Los Angeles, CA  90066

Tel: (310) 391-9971
Fax: (310) 391-8971
Web: www.StatModel.com
Support: Support@StatModel.com

Copyright (c) 1998-2011 Muthen & Muthen
