Mplus VERSION 8.2
MUTHEN & MUTHEN
01/17/2024   7:43 AM

INPUT INSTRUCTIONS



      title:
                      [This syntax is autogenerated]
                      CFA Mplus syntax
      data:
                      file is HS.multi.raw;
                      listwise=on;
      variable:
                      names are
                      school x1  x2  x3  x4  x5  x6
                      x7  x8  x9;
                      missing are all (-999999);
                      grouping is school (1=Pasteur, 2=GrantWhite);
      analysis:
      !               model=nomeanstructure;
                      estimator=ML;
      !               information=expected;
                      convergence=0.0000001;

      model:
                      visual  by x1 x2@0.5 x3@0.6;
                      textual by x4;
                      textual by x5 (t1);
                      textual by x6 (a);
                      speed   by x7;
                      speed   by x8 (t1);
                      speed   by x9 (a);
                      speed (s);

      model GrantWhite:
              visual by x1@1;
              visual by x2@0.5;
              visual by x3@0.8;
              textual by x4@1;
              textual by x5 (t2);
              textual by x6;
              speed by x7@1;
              speed by x8 (t2);
              speed by x9 (a);
              speed (s);
              [visual-speed@0];
              [x1-x9];
      Output:  standardized;









INPUT READING TERMINATED NORMALLY




[This syntax is autogenerated]
CFA Mplus syntax

SUMMARY OF ANALYSIS

Number of groups                                                 2
Number of observations
   Group PASTEUR                                               156
   Group GRANTWHITE                                            145
   Total sample size                                           301

Number of dependent variables                                    9
Number of independent variables                                  0
Number of continuous latent variables                            3

Observed dependent variables

  Continuous
   X1          X2          X3          X4          X5          X6
   X7          X8          X9

Continuous latent variables
   VISUAL      TEXTUAL     SPEED

Variables with special functions

  Grouping variable     SCHOOL

Estimator                                                       ML
Information matrix                                        OBSERVED
Maximum number of iterations                                  1000
Convergence criterion                                    0.100D-06
Maximum number of steepest descent iterations                   20

Input data file(s)
  HS.multi.raw

Input data format  FREE



UNIVARIATE SAMPLE STATISTICS


     UNIVARIATE HIGHER-ORDER MOMENT DESCRIPTIVE STATISTICS FOR PASTEUR

         Variable/         Mean/     Skewness/   Minimum/ % with                Percentiles
        Sample Size      Variance    Kurtosis    Maximum  Min/Max      20%/60%    40%/80%    Median

     X1                    4.941      -0.374       0.667    0.64%       4.000      4.667      5.000
             156.000       1.395       0.674       7.500    1.28%       5.333      5.833
     X2                    5.984       0.688       3.500    0.64%       5.000      5.500      5.750
             156.000       1.504       0.209       9.250    1.92%       6.000      7.000
     X3                    2.487       0.154       0.250    0.64%       1.375      2.000      2.375
             156.000       1.346      -1.078       4.500    3.21%       2.625      3.750
     X4                    2.823       0.219       0.000    0.64%       1.667      2.667      2.667
             156.000       1.320      -0.089       6.000    0.64%       3.000      3.667
     X5                    3.995      -0.130       1.000    0.64%       2.750      3.500      4.000
             156.000       1.708      -0.851       6.750    0.64%       4.500      5.250
     X6                    1.922       1.000       0.143    1.28%       1.000      1.571      1.857
             156.000       0.974       1.932       6.143    0.64%       2.143      2.714
     X7                    4.432       0.300       2.043    0.64%       3.478      4.000      4.370
             156.000       1.170      -0.421       7.435    0.64%       4.696      5.522
     X8                    5.563       0.358       3.500    0.64%       4.750      5.250      5.475
             156.000       0.952       0.050       8.300    0.64%       5.750      6.300
     X9                    5.418       0.223       2.778    0.64%       4.611      5.111      5.417
             156.000       0.978       0.149       8.611    0.64%       5.639      6.222


     UNIVARIATE HIGHER-ORDER MOMENT DESCRIPTIVE STATISTICS FOR GRANTWHITE

         Variable/         Mean/     Skewness/   Minimum/ % with                Percentiles
        Sample Size      Variance    Kurtosis    Maximum  Min/Max      20%/60%    40%/80%    Median

     X1                    4.930      -0.118       1.833    0.69%       4.000      4.667      5.000
             145.000       1.319      -0.085       8.500    0.69%       5.167      6.000
     X2                    6.200       0.237       2.250    0.69%       5.250      5.750      6.250
             145.000       1.226       0.801       9.250    1.38%       6.250      7.000
     X3                    1.996       0.617       0.375    1.38%       1.000      1.625      1.875
             145.000       1.073      -0.480       4.500    0.69%       2.000      3.000
     X4                    3.317       0.401       0.333    0.69%       2.333      3.000      3.000
             145.000       1.257       0.203       6.333    0.69%       3.333      4.333
     X5                    4.712      -0.544       1.000    0.69%       4.000      4.500      4.750
             145.000       1.342       0.172       7.000    0.69%       5.000      5.750
     X6                    2.469       0.721       0.286    0.69%       1.571      2.000      2.286
             145.000       1.280       0.184       5.857    0.69%       2.571      3.286
     X7                    3.921       0.161       1.304    0.69%       2.957      3.565      3.870
             145.000       1.062      -0.385       6.478    0.69%       4.130      4.783
     X8                    5.488       0.691       3.050    0.69%       4.650      5.250      5.500
             145.000       1.094       2.164      10.000    0.69%       5.700      6.250
     X9                    5.327       0.198       3.111    0.69%       4.417      5.056      5.306
             145.000       1.051       0.457       9.250    0.69%       5.583      6.222


THE MODEL ESTIMATION TERMINATED NORMALLY



MODEL FIT INFORMATION

Number of Free Parameters                       51

Loglikelihood

          H0 Value                       -3687.251
          H1 Value                       -3624.272

Information Criteria

          Akaike (AIC)                    7476.502
          Bayesian (BIC)                  7665.565
          Sample-Size Adjusted BIC        7503.822
            (n* = (n + 2) / 24)

Chi-Square Test of Model Fit

          Value                            125.958
          Degrees of Freedom                    57
          P-Value                           0.0000

Chi-Square Contribution From Each Group

          PASTEUR                           67.592
          GRANTWHITE                        58.366

RMSEA (Root Mean Square Error Of Approximation)

          Estimate                           0.090
          90 Percent C.I.                    0.069  0.111
          Probability RMSEA <= .05           0.002

CFI/TLI

          CFI                                0.922
          TLI                                0.902

Chi-Square Test of Model Fit for the Baseline Model

          Value                            957.769
          Degrees of Freedom                    72
          P-Value                           0.0000

SRMR (Standardized Root Mean Square Residual)

          Value                              0.101



MODEL RESULTS

                                                    Two-Tailed
                    Estimate       S.E.  Est./S.E.    P-Value

Group PASTEUR

 VISUAL   BY
    X1                 1.000      0.000    999.000    999.000
    X2                 0.500      0.000    999.000    999.000
    X3                 0.600      0.000    999.000    999.000

 TEXTUAL  BY
    X4                 1.000      0.000    999.000    999.000
    X5                 1.141      0.086     13.317      0.000
    X6                 0.888      0.067     13.226      0.000

 SPEED    BY
    X7                 1.000      0.000    999.000    999.000
    X8                 1.141      0.086     13.317      0.000
    X9                 0.888      0.067     13.226      0.000

 TEXTUAL  WITH
    VISUAL             0.480      0.106      4.509      0.000

 SPEED    WITH
    VISUAL             0.210      0.083      2.539      0.011
    TEXTUAL            0.217      0.075      2.895      0.004

 Means
    VISUAL             0.000      0.000    999.000    999.000
    TEXTUAL            0.000      0.000    999.000    999.000
    SPEED              0.000      0.000    999.000    999.000

 Intercepts
    X1                 4.941      0.095     52.193      0.000
    X2                 5.984      0.100     59.886      0.000
    X3                 2.487      0.092     26.935      0.000
    X4                 2.823      0.093     30.402      0.000
    X5                 3.995      0.104     38.597      0.000
    X6                 1.922      0.080     23.958      0.000
    X7                 4.432      0.090     49.115      0.000
    X8                 5.563      0.083     67.242      0.000
    X9                 5.418      0.082     65.975      0.000

 Variances
    VISUAL             1.012      0.172      5.872      0.000
    TEXTUAL            0.918      0.145      6.334      0.000
    SPEED              0.463      0.064      7.253      0.000

 Residual Variances
    X1                 0.386      0.124      3.121      0.002
    X2                 1.305      0.156      8.373      0.000
    X3                 0.966      0.121      8.008      0.000
    X4                 0.427      0.070      6.073      0.000
    X5                 0.476      0.085      5.601      0.000
    X6                 0.281      0.051      5.513      0.000
    X7                 0.807      0.112      7.205      0.000
    X8                 0.465      0.092      5.069      0.000
    X9                 0.687      0.095      7.253      0.000

Group GRANTWHITE

 VISUAL   BY
    X1                 1.000      0.000    999.000    999.000
    X2                 0.500      0.000    999.000    999.000
    X3                 0.800      0.000    999.000    999.000

 TEXTUAL  BY
    X4                 1.000      0.000    999.000    999.000
    X5                 1.079      0.080     13.497      0.000
    X6                 1.006      0.089     11.318      0.000

 SPEED    BY
    X7                 1.000      0.000    999.000    999.000
    X8                 1.079      0.080     13.497      0.000
    X9                 0.888      0.067     13.226      0.000

 TEXTUAL  WITH
    VISUAL             0.419      0.092      4.565      0.000

 SPEED    WITH
    VISUAL             0.287      0.066      4.361      0.000
    TEXTUAL            0.206      0.064      3.202      0.001

 Means
    VISUAL             0.000      0.000    999.000    999.000
    TEXTUAL            0.000      0.000    999.000    999.000
    SPEED              0.000      0.000    999.000    999.000

 Intercepts
    X1                 4.930      0.097     51.018      0.000
    X2                 6.200      0.089     69.798      0.000
    X3                 1.996      0.085     23.394      0.000
    X4                 3.317      0.091     36.551      0.000
    X5                 4.712      0.098     48.130      0.000
    X6                 2.469      0.094     26.389      0.000
    X7                 3.921      0.085     46.365      0.000
    X8                 5.488      0.082     67.256      0.000
    X9                 5.327      0.080     66.448      0.000

 Variances
    VISUAL             0.713      0.126      5.655      0.000
    TEXTUAL            0.854      0.139      6.151      0.000
    SPEED              0.463      0.064      7.253      0.000

 Residual Variances
    X1                 0.641      0.114      5.631      0.000
    X2                 0.966      0.120      8.030      0.000
    X3                 0.599      0.092      6.483      0.000
    X4                 0.340      0.064      5.331      0.000
    X5                 0.396      0.071      5.549      0.000
    X6                 0.405      0.069      5.852      0.000
    X7                 0.574      0.089      6.459      0.000
    X8                 0.427      0.088      4.866      0.000
    X9                 0.567      0.086      6.561      0.000


STANDARDIZED MODEL RESULTS


STDYX Standardization

                                                    Two-Tailed
                    Estimate       S.E.  Est./S.E.    P-Value

Group PASTEUR

 VISUAL   BY
    X1                 0.851      0.050     16.909      0.000
    X2                 0.403      0.034     11.802      0.000
    X3                 0.523      0.040     13.135      0.000

 TEXTUAL  BY
    X4                 0.826      0.033     25.312      0.000
    X5                 0.846      0.033     25.909      0.000
    X6                 0.849      0.031     27.321      0.000

 SPEED    BY
    X7                 0.604      0.039     15.348      0.000
    X8                 0.751      0.047     15.894      0.000
    X9                 0.589      0.042     14.097      0.000

 TEXTUAL  WITH
    VISUAL             0.498      0.080      6.192      0.000

 SPEED    WITH
    VISUAL             0.306      0.114      2.692      0.007
    TEXTUAL            0.333      0.103      3.250      0.001

 Means
    VISUAL             0.000      0.000    999.000    999.000
    TEXTUAL            0.000      0.000    999.000    999.000
    SPEED              0.000      0.000    999.000    999.000

 Intercepts
    X1                 4.179      0.249     16.790      0.000
    X2                 4.795      0.265     18.103      0.000
    X3                 2.157      0.137     15.793      0.000
    X4                 2.434      0.156     15.565      0.000
    X5                 3.090      0.190     16.251      0.000
    X6                 1.918      0.134     14.277      0.000
    X7                 3.932      0.207     18.996      0.000
    X8                 5.384      0.288     18.698      0.000
    X9                 5.282      0.276     19.172      0.000

 Variances
    VISUAL             1.000      0.000    999.000    999.000
    TEXTUAL            1.000      0.000    999.000    999.000
    SPEED              1.000      0.000    999.000    999.000

 Residual Variances
    X1                 0.276      0.086      3.229      0.001
    X2                 0.838      0.028     30.436      0.000
    X3                 0.726      0.042     17.415      0.000
    X4                 0.317      0.054      5.879      0.000
    X5                 0.285      0.055      5.160      0.000
    X6                 0.279      0.053      5.298      0.000
    X7                 0.635      0.048     13.375      0.000
    X8                 0.435      0.071      6.126      0.000
    X9                 0.653      0.049     13.266      0.000

Group GRANTWHITE

 VISUAL   BY
    X1                 0.726      0.046     15.614      0.000
    X2                 0.395      0.037     10.564      0.000
    X3                 0.658      0.047     14.050      0.000

 TEXTUAL  BY
    X4                 0.846      0.034     24.872      0.000
    X5                 0.846      0.031     27.342      0.000
    X6                 0.825      0.036     23.144      0.000

 SPEED    BY
    X7                 0.668      0.041     16.290      0.000
    X8                 0.747      0.054     13.863      0.000
    X9                 0.626      0.046     13.626      0.000

 TEXTUAL  WITH
    VISUAL             0.537      0.086      6.247      0.000

 SPEED    WITH
    VISUAL             0.499      0.099      5.060      0.000
    TEXTUAL            0.327      0.091      3.580      0.000

 Means
    VISUAL             0.000      0.000    999.000    999.000
    TEXTUAL            0.000      0.000    999.000    999.000
    SPEED              0.000      0.000    999.000    999.000

 Intercepts
    X1                 4.237      0.256     16.518      0.000
    X2                 5.796      0.320     18.132      0.000
    X3                 1.943      0.133     14.556      0.000
    X4                 3.035      0.190     15.966      0.000
    X5                 3.997      0.246     16.245      0.000
    X6                 2.191      0.152     14.388      0.000
    X7                 3.850      0.206     18.693      0.000
    X8                 5.585      0.287     19.453      0.000
    X9                 5.518      0.282     19.538      0.000

 Variances
    VISUAL             1.000      0.000    999.000    999.000
    TEXTUAL            1.000      0.000    999.000    999.000
    SPEED              1.000      0.000    999.000    999.000

 Residual Variances
    X1                 0.473      0.067      7.009      0.000
    X2                 0.844      0.030     28.601      0.000
    X3                 0.567      0.062      9.211      0.000
    X4                 0.285      0.058      4.954      0.000
    X5                 0.285      0.052      5.451      0.000
    X6                 0.319      0.059      5.430      0.000
    X7                 0.553      0.055     10.090      0.000
    X8                 0.442      0.081      5.489      0.000
    X9                 0.608      0.057     10.584      0.000


STDY Standardization

                                                    Two-Tailed
                    Estimate       S.E.  Est./S.E.    P-Value

Group PASTEUR

 VISUAL   BY
    X1                 0.851      0.050     16.909      0.000
    X2                 0.403      0.034     11.802      0.000
    X3                 0.523      0.040     13.135      0.000

 TEXTUAL  BY
    X4                 0.826      0.033     25.312      0.000
    X5                 0.846      0.033     25.909      0.000
    X6                 0.849      0.031     27.321      0.000

 SPEED    BY
    X7                 0.604      0.039     15.348      0.000
    X8                 0.751      0.047     15.894      0.000
    X9                 0.589      0.042     14.097      0.000

 TEXTUAL  WITH
    VISUAL             0.498      0.080      6.192      0.000

 SPEED    WITH
    VISUAL             0.306      0.114      2.692      0.007
    TEXTUAL            0.333      0.103      3.250      0.001

 Means
    VISUAL             0.000      0.000    999.000    999.000
    TEXTUAL            0.000      0.000    999.000    999.000
    SPEED              0.000      0.000    999.000    999.000

 Intercepts
    X1                 4.179      0.249     16.790      0.000
    X2                 4.795      0.265     18.103      0.000
    X3                 2.157      0.137     15.793      0.000
    X4                 2.434      0.156     15.565      0.000
    X5                 3.090      0.190     16.251      0.000
    X6                 1.918      0.134     14.277      0.000
    X7                 3.932      0.207     18.996      0.000
    X8                 5.384      0.288     18.698      0.000
    X9                 5.282      0.276     19.172      0.000

 Variances
    VISUAL             1.000      0.000    999.000    999.000
    TEXTUAL            1.000      0.000    999.000    999.000
    SPEED              1.000      0.000    999.000    999.000

 Residual Variances
    X1                 0.276      0.086      3.229      0.001
    X2                 0.838      0.028     30.436      0.000
    X3                 0.726      0.042     17.415      0.000
    X4                 0.317      0.054      5.879      0.000
    X5                 0.285      0.055      5.160      0.000
    X6                 0.279      0.053      5.298      0.000
    X7                 0.635      0.048     13.375      0.000
    X8                 0.435      0.071      6.126      0.000
    X9                 0.653      0.049     13.266      0.000

Group GRANTWHITE

 VISUAL   BY
    X1                 0.726      0.046     15.614      0.000
    X2                 0.395      0.037     10.564      0.000
    X3                 0.658      0.047     14.050      0.000

 TEXTUAL  BY
    X4                 0.846      0.034     24.872      0.000
    X5                 0.846      0.031     27.342      0.000
    X6                 0.825      0.036     23.144      0.000

 SPEED    BY
    X7                 0.668      0.041     16.290      0.000
    X8                 0.747      0.054     13.863      0.000
    X9                 0.626      0.046     13.626      0.000

 TEXTUAL  WITH
    VISUAL             0.537      0.086      6.247      0.000

 SPEED    WITH
    VISUAL             0.499      0.099      5.060      0.000
    TEXTUAL            0.327      0.091      3.580      0.000

 Means
    VISUAL             0.000      0.000    999.000    999.000
    TEXTUAL            0.000      0.000    999.000    999.000
    SPEED              0.000      0.000    999.000    999.000

 Intercepts
    X1                 4.237      0.256     16.518      0.000
    X2                 5.796      0.320     18.132      0.000
    X3                 1.943      0.133     14.556      0.000
    X4                 3.035      0.190     15.966      0.000
    X5                 3.997      0.246     16.245      0.000
    X6                 2.191      0.152     14.388      0.000
    X7                 3.850      0.206     18.693      0.000
    X8                 5.585      0.287     19.453      0.000
    X9                 5.518      0.282     19.538      0.000

 Variances
    VISUAL             1.000      0.000    999.000    999.000
    TEXTUAL            1.000      0.000    999.000    999.000
    SPEED              1.000      0.000    999.000    999.000

 Residual Variances
    X1                 0.473      0.067      7.009      0.000
    X2                 0.844      0.030     28.601      0.000
    X3                 0.567      0.062      9.211      0.000
    X4                 0.285      0.058      4.954      0.000
    X5                 0.285      0.052      5.451      0.000
    X6                 0.319      0.059      5.430      0.000
    X7                 0.553      0.055     10.090      0.000
    X8                 0.442      0.081      5.489      0.000
    X9                 0.608      0.057     10.584      0.000


STD Standardization

                                                    Two-Tailed
                    Estimate       S.E.  Est./S.E.    P-Value

Group PASTEUR

 VISUAL   BY
    X1                 1.006      0.086     11.743      0.000
    X2                 0.503      0.043     11.743      0.000
    X3                 0.604      0.051     11.743      0.000

 TEXTUAL  BY
    X4                 0.958      0.076     12.668      0.000
    X5                 1.093      0.088     12.488      0.000
    X6                 0.851      0.066     12.915      0.000

 SPEED    BY
    X7                 0.681      0.047     14.507      0.000
    X8                 0.777      0.061     12.632      0.000
    X9                 0.604      0.047     12.974      0.000

 TEXTUAL  WITH
    VISUAL             0.498      0.080      6.192      0.000

 SPEED    WITH
    VISUAL             0.306      0.114      2.692      0.007
    TEXTUAL            0.333      0.103      3.250      0.001

 Means
    VISUAL             0.000      0.000    999.000    999.000
    TEXTUAL            0.000      0.000    999.000    999.000
    SPEED              0.000      0.000    999.000    999.000

 Intercepts
    X1                 4.941      0.095     52.193      0.000
    X2                 5.984      0.100     59.886      0.000
    X3                 2.487      0.092     26.935      0.000
    X4                 2.823      0.093     30.402      0.000
    X5                 3.995      0.104     38.597      0.000
    X6                 1.922      0.080     23.958      0.000
    X7                 4.432      0.090     49.115      0.000
    X8                 5.563      0.083     67.242      0.000
    X9                 5.418      0.082     65.975      0.000

 Variances
    VISUAL             1.000      0.000    999.000    999.000
    TEXTUAL            1.000      0.000    999.000    999.000
    SPEED              1.000      0.000    999.000    999.000

 Residual Variances
    X1                 0.386      0.124      3.121      0.002
    X2                 1.305      0.156      8.373      0.000
    X3                 0.966      0.121      8.008      0.000
    X4                 0.427      0.070      6.073      0.000
    X5                 0.476      0.085      5.601      0.000
    X6                 0.281      0.051      5.513      0.000
    X7                 0.807      0.112      7.205      0.000
    X8                 0.465      0.092      5.069      0.000
    X9                 0.687      0.095      7.253      0.000

Group GRANTWHITE

 VISUAL   BY
    X1                 0.845      0.075     11.310      0.000
    X2                 0.422      0.037     11.310      0.000
    X3                 0.676      0.060     11.310      0.000

 TEXTUAL  BY
    X4                 0.924      0.075     12.301      0.000
    X5                 0.997      0.078     12.750      0.000
    X6                 0.929      0.080     11.619      0.000

 SPEED    BY
    X7                 0.681      0.047     14.507      0.000
    X8                 0.734      0.065     11.359      0.000
    X9                 0.604      0.047     12.974      0.000

 TEXTUAL  WITH
    VISUAL             0.537      0.086      6.247      0.000

 SPEED    WITH
    VISUAL             0.499      0.099      5.060      0.000
    TEXTUAL            0.327      0.091      3.580      0.000

 Means
    VISUAL             0.000      0.000    999.000    999.000
    TEXTUAL            0.000      0.000    999.000    999.000
    SPEED              0.000      0.000    999.000    999.000

 Intercepts
    X1                 4.930      0.097     51.018      0.000
    X2                 6.200      0.089     69.798      0.000
    X3                 1.996      0.085     23.394      0.000
    X4                 3.317      0.091     36.551      0.000
    X5                 4.712      0.098     48.130      0.000
    X6                 2.469      0.094     26.389      0.000
    X7                 3.921      0.085     46.365      0.000
    X8                 5.488      0.082     67.256      0.000
    X9                 5.327      0.080     66.448      0.000

 Variances
    VISUAL             1.000      0.000    999.000    999.000
    TEXTUAL            1.000      0.000    999.000    999.000
    SPEED              1.000      0.000    999.000    999.000

 Residual Variances
    X1                 0.641      0.114      5.631      0.000
    X2                 0.966      0.120      8.030      0.000
    X3                 0.599      0.092      6.483      0.000
    X4                 0.340      0.064      5.331      0.000
    X5                 0.396      0.071      5.549      0.000
    X6                 0.405      0.069      5.852      0.000
    X7                 0.574      0.089      6.459      0.000
    X8                 0.427      0.088      4.866      0.000
    X9                 0.567      0.086      6.561      0.000


R-SQUARE

Group PASTEUR

    Observed                                        Two-Tailed
    Variable        Estimate       S.E.  Est./S.E.    P-Value

    X1                 0.724      0.086      8.455      0.000
    X2                 0.162      0.028      5.901      0.000
    X3                 0.274      0.042      6.568      0.000
    X4                 0.683      0.054     12.656      0.000
    X5                 0.715      0.055     12.954      0.000
    X6                 0.721      0.053     13.660      0.000
    X7                 0.365      0.048      7.674      0.000
    X8                 0.565      0.071      7.947      0.000
    X9                 0.347      0.049      7.049      0.000

Group GRANTWHITE

    Observed                                        Two-Tailed
    Variable        Estimate       S.E.  Est./S.E.    P-Value

    X1                 0.527      0.067      7.807      0.000
    X2                 0.156      0.030      5.282      0.000
    X3                 0.433      0.062      7.025      0.000
    X4                 0.715      0.058     12.436      0.000
    X5                 0.715      0.052     13.671      0.000
    X6                 0.681      0.059     11.572      0.000
    X7                 0.447      0.055      8.145      0.000
    X8                 0.558      0.081      6.932      0.000
    X9                 0.392      0.057      6.813      0.000


QUALITY OF NUMERICAL RESULTS

     Condition Number for the Information Matrix              0.110E-01
       (ratio of smallest to largest eigenvalue)


     Beginning Time:  07:43:14
        Ending Time:  07:43:14
       Elapsed Time:  00:00:00



MUTHEN & MUTHEN
3463 Stoner Ave.
Los Angeles, CA  90066

Tel: (310) 391-9971
Fax: (310) 391-8971
Web: www.StatModel.com
Support: Support@StatModel.com

Copyright (c) 1998-2018 Muthen & Muthen
