Mplus VERSION 8.2
MUTHEN & MUTHEN
01/08/2024   9:54 AM

INPUT INSTRUCTIONS


    Title:     Bollen's political democracy example
    Data:      File      = BB.missing.raw;
               Type      = individual;
    Variable:  Names     = y1 y2 y3 y4 y5 y6 y7 y8 x1 x2 x3;
               missing are all (-999999);
    Analysis:
               Estimator = ML;
    !           information = expected;
               convergence = 0.0000000001;
               h1convergence = 0.00000001;
    Model:
               dem60 by y1 (1);
               dem60 by y2 (2);
               dem60 by y3 (3);
               dem60 by y4 (4);
               dem65 by y5 (1);
               dem65 by y6 (2);
               dem65 by y7 (3);
               dem65 by y8 (4);
               ind60 by x1 x2 x3;
               dem60 on ind60;
               dem65 on ind60 dem60;
               y1 y2 y3 y4 y2 y6 pwith y5 y6 y7 y8 y4 y8;
    Output:    standardized;






INPUT READING TERMINATED NORMALLY



Bollen's political democracy example

SUMMARY OF ANALYSIS

Number of groups                                                 1
Number of observations                                          75

Number of dependent variables                                   11
Number of independent variables                                  0
Number of continuous latent variables                            3

Observed dependent variables

  Continuous
   Y1          Y2          Y3          Y4          Y5          Y6
   Y7          Y8          X1          X2          X3

Continuous latent variables
   DEM60       DEM65       IND60


Estimator                                                       ML
Information matrix                                        OBSERVED
Maximum number of iterations                                  1000
Convergence criterion                                    0.100D-09
Maximum number of steepest descent iterations                   20
Maximum number of iterations for H1                           2000
Convergence criterion for H1                             0.100D-07

Input data file(s)
  BB.missing.raw

Input data format  FREE


SUMMARY OF DATA

     Number of missing data patterns             9


COVARIANCE COVERAGE OF DATA

Minimum covariance coverage value   0.100


     PROPORTION OF DATA PRESENT


           Covariance Coverage
              Y1            Y2            Y3            Y4            Y5
              ________      ________      ________      ________      ________
 Y1             0.893
 Y2             0.827         0.933
 Y3             0.733         0.773         0.840
 Y4             0.800         0.840         0.747         0.907
 Y5             0.787         0.827         0.733         0.800         0.893
 Y6             0.760         0.800         0.707         0.773         0.760
 Y7             0.733         0.773         0.680         0.747         0.733
 Y8             0.760         0.800         0.707         0.773         0.760
 X1             0.853         0.893         0.800         0.867         0.853
 X2             0.893         0.933         0.840         0.907         0.893
 X3             0.893         0.933         0.840         0.907         0.893


           Covariance Coverage
              Y6            Y7            Y8            X1            X2
              ________      ________      ________      ________      ________
 Y6             0.867
 Y7             0.707         0.840
 Y8             0.733         0.707         0.867
 X1             0.827         0.800         0.827         0.960
 X2             0.867         0.840         0.867         0.960         1.000
 X3             0.867         0.840         0.867         0.960         1.000


           Covariance Coverage
              X3
              ________
 X3             1.000



UNIVARIATE SAMPLE STATISTICS


     UNIVARIATE HIGHER-ORDER MOMENT DESCRIPTIVE STATISTICS

         Variable/         Mean/     Skewness/   Minimum/ % with                Percentiles
        Sample Size      Variance    Kurtosis    Maximum  Min/Max      20%/60%    40%/80%    Median

     Y1                    5.512      -0.095       1.250   10.45%       2.500      5.000      5.600
              67.000       6.988      -1.122      10.000    7.46%       6.900      7.500
     Y2                    4.165       0.371       0.000   35.71%       0.000      3.333      3.333
              70.000      15.295      -1.380      10.000   21.43%       3.333     10.000
     Y3                    6.745      -0.689       0.000   11.11%       3.333      6.667      6.667
              63.000      11.269      -0.671      10.000    1.59%       9.700     10.000
     Y4                    4.606       0.022       0.000   23.53%       0.000      3.333      4.167
              68.000      11.788      -1.273      10.000   11.76%       6.667      6.667
     Y5                    5.115      -0.189       0.000    5.97%       2.500      5.000      5.000
              67.000       6.334      -0.614      10.000    2.99%       6.250      7.500
     Y6                    2.889       0.936       0.000   40.00%       0.000      0.000      2.233
              65.000      10.658      -0.302      10.000    9.23%       3.333      6.348
     Y7                    6.293      -0.571       0.000   12.70%       3.333      6.667      6.667
              63.000      10.821      -0.717      10.000   28.57%       6.667     10.000
     Y8                    4.056       0.467       0.000   15.38%       0.368      3.333      3.333
              65.000      10.409      -0.885      10.000   12.31%       3.333      6.667
     X1                    5.085       0.190       3.784    1.39%       4.382      4.875      5.130
              72.000       0.528      -0.673       6.737    1.39%       5.257      5.829
     X2                    4.792      -0.353       1.386    1.33%       3.466      4.595      4.963
              75.000       2.252      -0.505       7.872    1.33%       5.236      6.203
     X3                    3.558       0.086       1.002    1.33%       2.113      3.167      3.568
              75.000       1.950      -0.880       6.425    1.33%       3.977      4.586


     NO CONVERGENCE. SERIOUS PROBLEMS IN ITERATIONS.
     CHECK YOUR DATA, STARTING VALUES AND MODEL.



MODEL RESULTS

                    Estimate

 DEM60    BY
    Y1                 1.000
    Y2                 1.206
    Y3                 1.215
    Y4                 1.239

 DEM65    BY
    Y5                 1.000
    Y6                 1.206
    Y7                 1.215
    Y8                 1.239

 IND60    BY
    X1                 1.000
    X2                 2.183
    X3                 1.825

 DEM60    ON
    IND60              1.475

 DEM65    ON
    IND60              0.598
    DEM60              0.836

 Y1       WITH
    Y5                 0.545

 Y2       WITH
    Y6                 1.781
    Y4                 1.414

 Y3       WITH
    Y7                 1.481

 Y4       WITH
    Y8                 0.757

 Y6       WITH
    Y8                 1.425

 Intercepts
    Y1                 5.576
    Y2                 4.295
    Y3                 6.514
    Y4                 4.416
    Y5                 5.244
    Y6                 2.964
    Y7                 6.259
    Y8                 4.084
    X1                 5.059
    X2                 4.792
    X3                 3.558

 Variances
    IND60              0.446

 Residual Variances
    Y1                 1.751
    Y2                 7.658
    Y3                 4.714
    Y4                 3.611
    Y5                 2.126
    Y6                 4.854
    Y7                 3.459
    Y8                 3.471
    X1                 0.084
    X2                 0.125
    X3                 0.464
    DEM60              3.969
    DEM65              0.320


MODEL COMMAND WITH FINAL ESTIMATES USED AS STARTING VALUES

     dem60 BY y1@1;
     dem60 BY y2*1.20582 (12);
     dem60 BY y3*1.21539 (13);
     dem60 BY y4*1.23923 (14);
     dem65 BY y5@1;
     dem65 BY y6*1.20582 (12);
     dem65 BY y7*1.21539 (13);
     dem65 BY y8*1.23923 (14);
     ind60 BY x1@1;
     ind60 BY x2*2.18339;
     ind60 BY x3*1.82496;

     dem60 ON ind60*1.47484;
     dem65 ON ind60*0.59837;
     dem65 ON dem60*0.83574;

     y1 WITH y5*0.54455;
     y2 WITH y6*1.78128;
     y2 WITH y4*1.41424;
     y3 WITH y7*1.48053;
     y4 WITH y8*0.75704;
     y6 WITH y8*1.42471;

     [ y1*5.57577 ];
     [ y2*4.29514 ];
     [ y3*6.51369 ];
     [ y4*4.41592 ];
     [ y5*5.24427 ];
     [ y6*2.96361 ];
     [ y7*6.25872 ];
     [ y8*4.08412 ];
     [ x1*5.05863 ];
     [ x2*4.79219 ];
     [ x3*3.55769 ];

     y1*1.75128;
     y2*7.65803;
     y3*4.71421;
     y4*3.61067;
     y5*2.12593;
     y6*4.85408;
     y7*3.45856;
     y8*3.47137;
     x1*0.08368;
     x2*0.12458;
     x3*0.46364;
     dem60*3.96882;
     dem65*0.32020;
     ind60*0.44620;



     Beginning Time:  09:54:26
        Ending Time:  09:54:26
       Elapsed Time:  00:00:00



MUTHEN & MUTHEN
3463 Stoner Ave.
Los Angeles, CA  90066

Tel: (310) 391-9971
Fax: (310) 391-8971
Web: www.StatModel.com
Support: Support@StatModel.com

Copyright (c) 1998-2018 Muthen & Muthen
