Mplus VERSION 8.2
MUTHEN & MUTHEN
01/20/2024   8:47 PM

INPUT INSTRUCTIONS



      Title:     Bollen's political democracy example
      Data:      File      = BB.missing.raw;
                 Type      = individual;
      Variable:  Names     = y1 y2 y3 y4 y5 y6 y7 y8 x1 x2 x3;
                 missing are all (-999999);
      Analysis:
                 Estimator = ML;
      !           information = expected;
                 convergence = 0.0000001;
                 h1convergence = 0.00000001;
      Model:
                 dem60 by y1 (1);
                 dem60 by y2 (2);
                 dem60 by y3 (3);
                 dem60 by y4 (4);
                 dem65 by y5 (1);
                 dem65 by y6 (2);
                 dem65 by y7 (3);
                 dem65 by y8 (4);
                 ind60 by x1 x2 x3;
                 dem60 on ind60;
                 dem65 on ind60 dem60;
                 y1 y2 y3 y4 y2 y6 pwith y5 y6 y7 y8 y4 y8;
      Output:    standardized;









INPUT READING TERMINATED NORMALLY



Bollen's political democracy example

SUMMARY OF ANALYSIS

Number of groups                                                 1
Number of observations                                          75

Number of dependent variables                                   11
Number of independent variables                                  0
Number of continuous latent variables                            3

Observed dependent variables

  Continuous
   Y1          Y2          Y3          Y4          Y5          Y6
   Y7          Y8          X1          X2          X3

Continuous latent variables
   DEM60       DEM65       IND60


Estimator                                                       ML
Information matrix                                        OBSERVED
Maximum number of iterations                                  1000
Convergence criterion                                    0.100D-06
Maximum number of steepest descent iterations                   20
Maximum number of iterations for H1                           2000
Convergence criterion for H1                             0.100D-07

Input data file(s)
  BB.missing.raw

Input data format  FREE


SUMMARY OF DATA

     Number of missing data patterns             9


COVARIANCE COVERAGE OF DATA

Minimum covariance coverage value   0.100


     PROPORTION OF DATA PRESENT


           Covariance Coverage
              Y1            Y2            Y3            Y4            Y5
              ________      ________      ________      ________      ________
 Y1             0.893
 Y2             0.827         0.933
 Y3             0.733         0.773         0.840
 Y4             0.800         0.840         0.747         0.907
 Y5             0.787         0.827         0.733         0.800         0.893
 Y6             0.760         0.800         0.707         0.773         0.760
 Y7             0.733         0.773         0.680         0.747         0.733
 Y8             0.760         0.800         0.707         0.773         0.760
 X1             0.853         0.893         0.800         0.867         0.853
 X2             0.893         0.933         0.840         0.907         0.893
 X3             0.893         0.933         0.840         0.907         0.893


           Covariance Coverage
              Y6            Y7            Y8            X1            X2
              ________      ________      ________      ________      ________
 Y6             0.867
 Y7             0.707         0.840
 Y8             0.733         0.707         0.867
 X1             0.827         0.800         0.827         0.960
 X2             0.867         0.840         0.867         0.960         1.000
 X3             0.867         0.840         0.867         0.960         1.000


           Covariance Coverage
              X3
              ________
 X3             1.000



UNIVARIATE SAMPLE STATISTICS


     UNIVARIATE HIGHER-ORDER MOMENT DESCRIPTIVE STATISTICS

         Variable/         Mean/     Skewness/   Minimum/ % with                Percentiles
        Sample Size      Variance    Kurtosis    Maximum  Min/Max      20%/60%    40%/80%    Median

     Y1                    5.512      -0.095       1.250   10.45%       2.500      5.000      5.600
              67.000       6.988      -1.122      10.000    7.46%       6.900      7.500
     Y2                    4.165       0.371       0.000   35.71%       0.000      3.333      3.333
              70.000      15.295      -1.380      10.000   21.43%       3.333     10.000
     Y3                    6.745      -0.689       0.000   11.11%       3.333      6.667      6.667
              63.000      11.269      -0.671      10.000    1.59%       9.700     10.000
     Y4                    4.606       0.022       0.000   23.53%       0.000      3.333      4.167
              68.000      11.788      -1.273      10.000   11.76%       6.667      6.667
     Y5                    5.115      -0.189       0.000    5.97%       2.500      5.000      5.000
              67.000       6.334      -0.614      10.000    2.99%       6.250      7.500
     Y6                    2.889       0.936       0.000   40.00%       0.000      0.000      2.233
              65.000      10.658      -0.302      10.000    9.23%       3.333      6.348
     Y7                    6.293      -0.571       0.000   12.70%       3.333      6.667      6.667
              63.000      10.821      -0.717      10.000   28.57%       6.667     10.000
     Y8                    4.056       0.467       0.000   15.38%       0.368      3.333      3.333
              65.000      10.409      -0.885      10.000   12.31%       3.333      6.667
     X1                    5.085       0.190       3.784    1.39%       4.382      4.875      5.130
              72.000       0.528      -0.673       6.737    1.39%       5.257      5.829
     X2                    4.792      -0.353       1.386    1.33%       3.466      4.595      4.963
              75.000       2.252      -0.505       7.872    1.33%       5.236      6.203
     X3                    3.558       0.086       1.002    1.33%       2.113      3.167      3.568
              75.000       1.950      -0.880       6.425    1.33%       3.977      4.586


THE MODEL ESTIMATION TERMINATED NORMALLY



MODEL FIT INFORMATION

Number of Free Parameters                       39

Loglikelihood

          H0 Value                       -1401.186
          H1 Value                       -1379.943

Information Criteria

          Akaike (AIC)                    2880.373
          Bayesian (BIC)                  2970.755
          Sample-Size Adjusted BIC        2847.837
            (n* = (n + 2) / 24)

Chi-Square Test of Model Fit

          Value                             42.486
          Degrees of Freedom                    38
          P-Value                           0.2838

RMSEA (Root Mean Square Error Of Approximation)

          Estimate                           0.040
          90 Percent C.I.                    0.000  0.093
          Probability RMSEA <= .05           0.575

CFI/TLI

          CFI                                0.993
          TLI                                0.989

Chi-Square Test of Model Fit for the Baseline Model

          Value                            654.879
          Degrees of Freedom                    55
          P-Value                           0.0000

SRMR (Standardized Root Mean Square Residual)

          Value                              0.047



MODEL RESULTS

                                                    Two-Tailed
                    Estimate       S.E.  Est./S.E.    P-Value

 DEM60    BY
    Y1                 1.000      0.000    999.000    999.000
    Y2                 1.206      0.150      8.037      0.000
    Y3                 1.215      0.134      9.077      0.000
    Y4                 1.239      0.136      9.128      0.000

 DEM65    BY
    Y5                 1.000      0.000    999.000    999.000
    Y6                 1.206      0.150      8.037      0.000
    Y7                 1.215      0.134      9.077      0.000
    Y8                 1.239      0.136      9.128      0.000

 IND60    BY
    X1                 1.000      0.000    999.000    999.000
    X2                 2.183      0.144     15.141      0.000
    X3                 1.825      0.155     11.772      0.000

 DEM60    ON
    IND60              1.475      0.399      3.697      0.000

 DEM65    ON
    IND60              0.598      0.260      2.302      0.021
    DEM60              0.836      0.083     10.123      0.000

 Y1       WITH
    Y5                 0.545      0.393      1.386      0.166

 Y2       WITH
    Y6                 1.781      0.787      2.263      0.024
    Y4                 1.414      0.837      1.689      0.091

 Y3       WITH
    Y7                 1.481      0.768      1.929      0.054

 Y4       WITH
    Y8                 0.757      0.548      1.382      0.167

 Y6       WITH
    Y8                 1.425      0.681      2.093      0.036

 Intercepts
    Y1                 5.576      0.304     18.315      0.000
    Y2                 4.295      0.452      9.506      0.000
    Y3                 6.514      0.415     15.683      0.000
    Y4                 4.416      0.393     11.231      0.000
    Y5                 5.244      0.305     17.170      0.000
    Y6                 2.964      0.403      7.354      0.000
    Y7                 6.259      0.381     16.411      0.000
    Y8                 4.084      0.383     10.669      0.000
    X1                 5.059      0.084     59.928      0.000
    X2                 4.792      0.173     27.657      0.000
    X3                 3.558      0.161     22.066      0.000

 Variances
    IND60              0.446      0.087      5.106      0.000

 Residual Variances
    Y1                 1.751      0.510      3.432      0.001
    Y2                 7.658      1.476      5.190      0.000
    Y3                 4.714      1.069      4.409      0.000
    Y4                 3.611      0.885      4.080      0.000
    Y5                 2.126      0.501      4.239      0.000
    Y6                 4.854      0.976      4.976      0.000
    Y7                 3.459      0.822      4.205      0.000
    Y8                 3.471      0.794      4.374      0.000
    X1                 0.084      0.021      4.080      0.000
    X2                 0.125      0.072      1.727      0.084
    X3                 0.464      0.089      5.181      0.000
    DEM60              3.969      0.945      4.201      0.000
    DEM65              0.320      0.268      1.195      0.232


STANDARDIZED MODEL RESULTS


STDYX Standardization

                                                    Two-Tailed
                    Estimate       S.E.  Est./S.E.    P-Value

 DEM60    BY
    Y1                 0.859      0.046     18.507      0.000
    Y2                 0.696      0.063     11.002      0.000
    Y3                 0.779      0.053     14.689      0.000
    Y4                 0.823      0.049     16.798      0.000

 DEM65    BY
    Y5                 0.827      0.046     18.067      0.000
    Y6                 0.761      0.055     13.724      0.000
    Y7                 0.814      0.052     15.589      0.000
    Y8                 0.818      0.048     17.095      0.000

 IND60    BY
    X1                 0.918      0.024     38.101      0.000
    X2                 0.972      0.017     57.009      0.000
    X3                 0.873      0.031     28.322      0.000

 DEM60    ON
    IND60              0.443      0.106      4.163      0.000

 DEM65    ON
    IND60              0.187      0.080      2.333      0.020
    DEM60              0.867      0.057     15.094      0.000

 Y1       WITH
    Y5                 0.282      0.168      1.677      0.094

 Y2       WITH
    Y6                 0.292      0.113      2.582      0.010
    Y4                 0.269      0.135      1.985      0.047

 Y3       WITH
    Y7                 0.367      0.157      2.341      0.019

 Y4       WITH
    Y8                 0.214      0.138      1.548      0.122

 Y6       WITH
    Y8                 0.347      0.133      2.614      0.009

 Intercepts
    Y1                 2.156      0.209     10.297      0.000
    Y2                 1.115      0.144      7.738      0.000
    Y3                 1.880      0.199      9.457      0.000
    Y4                 1.320      0.158      8.344      0.000
    Y5                 2.024      0.199     10.149      0.000
    Y6                 0.873      0.138      6.313      0.000
    Y7                 1.956      0.199      9.837      0.000
    Y8                 1.259      0.155      8.105      0.000
    X1                 6.949      0.585     11.885      0.000
    X2                 3.194      0.285     11.199      0.000
    X3                 2.548      0.238     10.709      0.000

 Variances
    IND60              1.000      0.000    999.000    999.000

 Residual Variances
    Y1                 0.262      0.080      3.281      0.001
    Y2                 0.516      0.088      5.866      0.000
    Y3                 0.393      0.083      4.745      0.000
    Y4                 0.322      0.081      3.998      0.000
    Y5                 0.317      0.076      4.186      0.000
    Y6                 0.421      0.084      4.993      0.000
    Y7                 0.338      0.085      3.978      0.000
    Y8                 0.330      0.078      4.211      0.000
    X1                 0.158      0.044      3.573      0.000
    X2                 0.055      0.033      1.669      0.095
    X3                 0.238      0.054      4.418      0.000
    DEM60              0.804      0.094      8.513      0.000
    DEM65              0.070      0.058      1.202      0.229


STDY Standardization

                                                    Two-Tailed
                    Estimate       S.E.  Est./S.E.    P-Value

 DEM60    BY
    Y1                 0.859      0.046     18.507      0.000
    Y2                 0.696      0.063     11.002      0.000
    Y3                 0.779      0.053     14.689      0.000
    Y4                 0.823      0.049     16.798      0.000

 DEM65    BY
    Y5                 0.827      0.046     18.067      0.000
    Y6                 0.761      0.055     13.724      0.000
    Y7                 0.814      0.052     15.589      0.000
    Y8                 0.818      0.048     17.095      0.000

 IND60    BY
    X1                 0.918      0.024     38.101      0.000
    X2                 0.972      0.017     57.009      0.000
    X3                 0.873      0.031     28.322      0.000

 DEM60    ON
    IND60              0.443      0.106      4.163      0.000

 DEM65    ON
    IND60              0.187      0.080      2.333      0.020
    DEM60              0.867      0.057     15.094      0.000

 Y1       WITH
    Y5                 0.282      0.168      1.677      0.094

 Y2       WITH
    Y6                 0.292      0.113      2.582      0.010
    Y4                 0.269      0.135      1.985      0.047

 Y3       WITH
    Y7                 0.367      0.157      2.341      0.019

 Y4       WITH
    Y8                 0.214      0.138      1.548      0.122

 Y6       WITH
    Y8                 0.347      0.133      2.614      0.009

 Intercepts
    Y1                 2.156      0.209     10.297      0.000
    Y2                 1.115      0.144      7.738      0.000
    Y3                 1.880      0.199      9.457      0.000
    Y4                 1.320      0.158      8.344      0.000
    Y5                 2.024      0.199     10.149      0.000
    Y6                 0.873      0.138      6.313      0.000
    Y7                 1.956      0.199      9.837      0.000
    Y8                 1.259      0.155      8.105      0.000
    X1                 6.949      0.585     11.885      0.000
    X2                 3.194      0.285     11.199      0.000
    X3                 2.548      0.238     10.709      0.000

 Variances
    IND60              1.000      0.000    999.000    999.000

 Residual Variances
    Y1                 0.262      0.080      3.281      0.001
    Y2                 0.516      0.088      5.866      0.000
    Y3                 0.393      0.083      4.745      0.000
    Y4                 0.322      0.081      3.998      0.000
    Y5                 0.317      0.076      4.186      0.000
    Y6                 0.421      0.084      4.993      0.000
    Y7                 0.338      0.085      3.978      0.000
    Y8                 0.330      0.078      4.211      0.000
    X1                 0.158      0.044      3.573      0.000
    X2                 0.055      0.033      1.669      0.095
    X3                 0.238      0.054      4.418      0.000
    DEM60              0.804      0.094      8.513      0.000
    DEM65              0.070      0.058      1.202      0.229


STD Standardization

                                                    Two-Tailed
                    Estimate       S.E.  Est./S.E.    P-Value

 DEM60    BY
    Y1                 2.222      0.248      8.952      0.000
    Y2                 2.680      0.359      7.474      0.000
    Y3                 2.701      0.329      8.219      0.000
    Y4                 2.754      0.314      8.780      0.000

 DEM65    BY
    Y5                 2.142      0.242      8.856      0.000
    Y6                 2.583      0.338      7.639      0.000
    Y7                 2.603      0.318      8.193      0.000
    Y8                 2.654      0.310      8.570      0.000

 IND60    BY
    X1                 0.668      0.065     10.212      0.000
    X2                 1.458      0.128     11.387      0.000
    X3                 1.219      0.128      9.498      0.000

 DEM60    ON
    IND60              0.443      0.106      4.163      0.000

 DEM65    ON
    IND60              0.187      0.080      2.333      0.020
    DEM60              0.867      0.057     15.094      0.000

 Y1       WITH
    Y5                 0.545      0.393      1.386      0.166

 Y2       WITH
    Y6                 1.781      0.787      2.263      0.024
    Y4                 1.414      0.837      1.689      0.091

 Y3       WITH
    Y7                 1.481      0.768      1.929      0.054

 Y4       WITH
    Y8                 0.757      0.548      1.382      0.167

 Y6       WITH
    Y8                 1.425      0.681      2.093      0.036

 Intercepts
    Y1                 5.576      0.304     18.315      0.000
    Y2                 4.295      0.452      9.506      0.000
    Y3                 6.514      0.415     15.683      0.000
    Y4                 4.416      0.393     11.231      0.000
    Y5                 5.244      0.305     17.170      0.000
    Y6                 2.964      0.403      7.354      0.000
    Y7                 6.259      0.381     16.411      0.000
    Y8                 4.084      0.383     10.669      0.000
    X1                 5.059      0.084     59.928      0.000
    X2                 4.792      0.173     27.657      0.000
    X3                 3.558      0.161     22.066      0.000

 Variances
    IND60              1.000      0.000    999.000    999.000

 Residual Variances
    Y1                 1.751      0.510      3.432      0.001
    Y2                 7.658      1.476      5.190      0.000
    Y3                 4.714      1.069      4.409      0.000
    Y4                 3.611      0.885      4.080      0.000
    Y5                 2.126      0.501      4.239      0.000
    Y6                 4.854      0.976      4.976      0.000
    Y7                 3.459      0.822      4.205      0.000
    Y8                 3.471      0.794      4.374      0.000
    X1                 0.084      0.021      4.080      0.000
    X2                 0.125      0.072      1.727      0.084
    X3                 0.464      0.089      5.181      0.000
    DEM60              0.804      0.094      8.513      0.000
    DEM65              0.070      0.058      1.202      0.229


R-SQUARE

    Observed                                        Two-Tailed
    Variable        Estimate       S.E.  Est./S.E.    P-Value

    Y1                 0.738      0.080      9.254      0.000
    Y2                 0.484      0.088      5.501      0.000
    Y3                 0.607      0.083      7.344      0.000
    Y4                 0.678      0.081      8.399      0.000
    Y5                 0.683      0.076      9.034      0.000
    Y6                 0.579      0.084      6.862      0.000
    Y7                 0.662      0.085      7.795      0.000
    Y8                 0.670      0.078      8.548      0.000
    X1                 0.842      0.044     19.051      0.000
    X2                 0.945      0.033     28.504      0.000
    X3                 0.762      0.054     14.161      0.000

     Latent                                         Two-Tailed
    Variable        Estimate       S.E.  Est./S.E.    P-Value

    DEM60              0.196      0.094      2.082      0.037
    DEM65              0.930      0.058     16.024      0.000


QUALITY OF NUMERICAL RESULTS

     Condition Number for the Information Matrix              0.211E-03
       (ratio of smallest to largest eigenvalue)


     Beginning Time:  20:47:14
        Ending Time:  20:47:14
       Elapsed Time:  00:00:00



MUTHEN & MUTHEN
3463 Stoner Ave.
Los Angeles, CA  90066

Tel: (310) 391-9971
Fax: (310) 391-8971
Web: www.StatModel.com
Support: Support@StatModel.com

Copyright (c) 1998-2018 Muthen & Muthen
