Mplus VERSION 8.2
MUTHEN & MUTHEN
01/17/2024   7:42 AM

INPUT INSTRUCTIONS



      Title:     Bollen's political democracy example
      Data:      File      = BB.missing.raw;
                 Type      = individual;
      Variable:  Names     = y1 y2 y3 y4 y5 y6 y7 y8 x1 x2 x3;
                 missing are all (-999999);
      Analysis:
                 Estimator = MLR;
      !           information = expected;
                 convergence = 0.0000001;
      Model:
                 dem60 by y1 (1);
                 dem60 by y2 (2);
                 dem60 by y3 (3);
                 dem60 by y4 (4);
                 dem65 by y5 (1);
                 dem65 by y6 (2);
                 dem65 by y7 (3);
                 dem65 by y8 (4);
                 ind60 by x1 x2 x3;
                 dem60 on ind60;
                 dem65 on ind60 dem60;
                 y1 y2 y3 y4 y2 y6 pwith y5 y6 y7 y8 y4 y8;
      Output:    standardized;









INPUT READING TERMINATED NORMALLY



Bollen's political democracy example

SUMMARY OF ANALYSIS

Number of groups                                                 1
Number of observations                                          75

Number of dependent variables                                   11
Number of independent variables                                  0
Number of continuous latent variables                            3

Observed dependent variables

  Continuous
   Y1          Y2          Y3          Y4          Y5          Y6
   Y7          Y8          X1          X2          X3

Continuous latent variables
   DEM60       DEM65       IND60


Estimator                                                      MLR
Information matrix                                        OBSERVED
Maximum number of iterations                                  1000
Convergence criterion                                    0.100D-06
Maximum number of steepest descent iterations                   20
Maximum number of iterations for H1                           2000
Convergence criterion for H1                             0.100D-03

Input data file(s)
  BB.missing.raw

Input data format  FREE


SUMMARY OF DATA

     Number of missing data patterns             9


COVARIANCE COVERAGE OF DATA

Minimum covariance coverage value   0.100


     PROPORTION OF DATA PRESENT


           Covariance Coverage
              Y1            Y2            Y3            Y4            Y5
              ________      ________      ________      ________      ________
 Y1             0.893
 Y2             0.827         0.933
 Y3             0.733         0.773         0.840
 Y4             0.800         0.840         0.747         0.907
 Y5             0.787         0.827         0.733         0.800         0.893
 Y6             0.760         0.800         0.707         0.773         0.760
 Y7             0.733         0.773         0.680         0.747         0.733
 Y8             0.760         0.800         0.707         0.773         0.760
 X1             0.853         0.893         0.800         0.867         0.853
 X2             0.893         0.933         0.840         0.907         0.893
 X3             0.893         0.933         0.840         0.907         0.893


           Covariance Coverage
              Y6            Y7            Y8            X1            X2
              ________      ________      ________      ________      ________
 Y6             0.867
 Y7             0.707         0.840
 Y8             0.733         0.707         0.867
 X1             0.827         0.800         0.827         0.960
 X2             0.867         0.840         0.867         0.960         1.000
 X3             0.867         0.840         0.867         0.960         1.000


           Covariance Coverage
              X3
              ________
 X3             1.000



UNIVARIATE SAMPLE STATISTICS


     UNIVARIATE HIGHER-ORDER MOMENT DESCRIPTIVE STATISTICS

         Variable/         Mean/     Skewness/   Minimum/ % with                Percentiles
        Sample Size      Variance    Kurtosis    Maximum  Min/Max      20%/60%    40%/80%    Median

     Y1                    5.512      -0.095       1.250   10.45%       2.500      5.000      5.600
              67.000       6.988      -1.122      10.000    7.46%       6.900      7.500
     Y2                    4.165       0.371       0.000   35.71%       0.000      3.333      3.333
              70.000      15.295      -1.380      10.000   21.43%       3.333     10.000
     Y3                    6.745      -0.689       0.000   11.11%       3.333      6.667      6.667
              63.000      11.269      -0.671      10.000    1.59%       9.700     10.000
     Y4                    4.606       0.022       0.000   23.53%       0.000      3.333      4.167
              68.000      11.788      -1.273      10.000   11.76%       6.667      6.667
     Y5                    5.115      -0.189       0.000    5.97%       2.500      5.000      5.000
              67.000       6.334      -0.614      10.000    2.99%       6.250      7.500
     Y6                    2.889       0.936       0.000   40.00%       0.000      0.000      2.233
              65.000      10.658      -0.302      10.000    9.23%       3.333      6.348
     Y7                    6.293      -0.571       0.000   12.70%       3.333      6.667      6.667
              63.000      10.821      -0.717      10.000   28.57%       6.667     10.000
     Y8                    4.056       0.467       0.000   15.38%       0.368      3.333      3.333
              65.000      10.409      -0.885      10.000   12.31%       3.333      6.667
     X1                    5.085       0.190       3.784    1.39%       4.382      4.875      5.130
              72.000       0.528      -0.673       6.737    1.39%       5.257      5.829
     X2                    4.792      -0.353       1.386    1.33%       3.466      4.595      4.963
              75.000       2.252      -0.505       7.872    1.33%       5.236      6.203
     X3                    3.558       0.086       1.002    1.33%       2.113      3.167      3.568
              75.000       1.950      -0.880       6.425    1.33%       3.977      4.586


THE MODEL ESTIMATION TERMINATED NORMALLY



MODEL FIT INFORMATION

Number of Free Parameters                       39

Loglikelihood

          H0 Value                       -1401.186
          H0 Scaling Correction Factor      1.0156
            for MLR
          H1 Value                       -1379.943
          H1 Scaling Correction Factor      0.9776
            for MLR

Information Criteria

          Akaike (AIC)                    2880.373
          Bayesian (BIC)                  2970.755
          Sample-Size Adjusted BIC        2847.837
            (n* = (n + 2) / 24)

Chi-Square Test of Model Fit

          Value                             45.265*
          Degrees of Freedom                    38
          P-Value                           0.1946
          Scaling Correction Factor         0.9386
            for MLR

*   The chi-square value for MLM, MLMV, MLR, ULSMV, WLSM and WLSMV cannot be used
    for chi-square difference testing in the regular way.  MLM, MLR and WLSM
    chi-square difference testing is described on the Mplus website.  MLMV, WLSMV,
    and ULSMV difference testing is done using the DIFFTEST option.

RMSEA (Root Mean Square Error Of Approximation)

          Estimate                           0.050
          90 Percent C.I.                    0.000  0.100
          Probability RMSEA <= .05           0.465

CFI/TLI

          CFI                                0.987
          TLI                                0.981

Chi-Square Test of Model Fit for the Baseline Model

          Value                            623.291
          Degrees of Freedom                    55
          P-Value                           0.0000

SRMR (Standardized Root Mean Square Residual)

          Value                              0.047



MODEL RESULTS

                                                    Two-Tailed
                    Estimate       S.E.  Est./S.E.    P-Value

 DEM60    BY
    Y1                 1.000      0.000    999.000    999.000
    Y2                 1.206      0.140      8.628      0.000
    Y3                 1.215      0.120     10.161      0.000
    Y4                 1.239      0.141      8.807      0.000

 DEM65    BY
    Y5                 1.000      0.000    999.000    999.000
    Y6                 1.206      0.140      8.628      0.000
    Y7                 1.215      0.120     10.161      0.000
    Y8                 1.239      0.141      8.807      0.000

 IND60    BY
    X1                 1.000      0.000    999.000    999.000
    X2                 2.183      0.148     14.753      0.000
    X3                 1.825      0.143     12.783      0.000

 DEM60    ON
    IND60              1.475      0.353      4.176      0.000

 DEM65    ON
    IND60              0.598      0.247      2.424      0.015
    DEM60              0.836      0.076     10.984      0.000

 Y1       WITH
    Y5                 0.545      0.469      1.161      0.245

 Y2       WITH
    Y6                 1.781      0.966      1.843      0.065
    Y4                 1.414      0.776      1.823      0.068

 Y3       WITH
    Y7                 1.481      0.694      2.132      0.033

 Y4       WITH
    Y8                 0.757      0.532      1.424      0.154

 Y6       WITH
    Y8                 1.425      0.904      1.575      0.115

 Intercepts
    Y1                 5.576      0.304     18.321      0.000
    Y2                 4.295      0.464      9.251      0.000
    Y3                 6.514      0.409     15.936      0.000
    Y4                 4.416      0.395     11.179      0.000
    Y5                 5.244      0.298     17.593      0.000
    Y6                 2.964      0.394      7.517      0.000
    Y7                 6.259      0.392     15.971      0.000
    Y8                 4.084      0.382     10.702      0.000
    X1                 5.059      0.084     60.354      0.000
    X2                 4.792      0.173     27.657      0.000
    X3                 3.558      0.161     22.066      0.000

 Variances
    IND60              0.446      0.074      6.071      0.000

 Residual Variances
    Y1                 1.751      0.497      3.522      0.000
    Y2                 7.658      1.390      5.509      0.000
    Y3                 4.714      1.150      4.100      0.000
    Y4                 3.611      0.828      4.360      0.000
    Y5                 2.126      0.518      4.101      0.000
    Y6                 4.854      1.032      4.704      0.000
    Y7                 3.459      0.712      4.860      0.000
    Y8                 3.471      0.963      3.603      0.000
    X1                 0.084      0.019      4.385      0.000
    X2                 0.125      0.074      1.693      0.090
    X3                 0.464      0.083      5.555      0.000
    DEM60              3.969      0.891      4.455      0.000
    DEM65              0.320      0.258      1.243      0.214


STANDARDIZED MODEL RESULTS


STDYX Standardization

                                                    Two-Tailed
                    Estimate       S.E.  Est./S.E.    P-Value

 DEM60    BY
    Y1                 0.859      0.047     18.275      0.000
    Y2                 0.696      0.064     10.852      0.000
    Y3                 0.779      0.050     15.461      0.000
    Y4                 0.823      0.047     17.370      0.000

 DEM65    BY
    Y5                 0.827      0.046     17.819      0.000
    Y6                 0.761      0.055     13.845      0.000
    Y7                 0.814      0.044     18.523      0.000
    Y8                 0.818      0.056     14.665      0.000

 IND60    BY
    X1                 0.918      0.023     40.216      0.000
    X2                 0.972      0.017     58.321      0.000
    X3                 0.873      0.029     30.170      0.000

 DEM60    ON
    IND60              0.443      0.111      3.995      0.000

 DEM65    ON
    IND60              0.187      0.074      2.527      0.011
    DEM60              0.867      0.054     16.034      0.000

 Y1       WITH
    Y5                 0.282      0.205      1.376      0.169

 Y2       WITH
    Y6                 0.292      0.149      1.960      0.050
    Y4                 0.269      0.123      2.191      0.028

 Y3       WITH
    Y7                 0.367      0.162      2.265      0.024

 Y4       WITH
    Y8                 0.214      0.144      1.481      0.139

 Y6       WITH
    Y8                 0.347      0.170      2.044      0.041

 Intercepts
    Y1                 2.156      0.179     12.023      0.000
    Y2                 1.115      0.104     10.736      0.000
    Y3                 1.880      0.218      8.616      0.000
    Y4                 1.320      0.133      9.925      0.000
    Y5                 2.024      0.185     10.928      0.000
    Y6                 0.873      0.089      9.839      0.000
    Y7                 1.956      0.216      9.042      0.000
    Y8                 1.259      0.119     10.543      0.000
    X1                 6.949      0.455     15.263      0.000
    X2                 3.194      0.281     11.349      0.000
    X3                 2.548      0.186     13.685      0.000

 Variances
    IND60              1.000      0.000    999.000    999.000

 Residual Variances
    Y1                 0.262      0.081      3.240      0.001
    Y2                 0.516      0.089      5.786      0.000
    Y3                 0.393      0.079      4.995      0.000
    Y4                 0.322      0.078      4.134      0.000
    Y5                 0.317      0.077      4.128      0.000
    Y6                 0.421      0.084      5.037      0.000
    Y7                 0.338      0.071      4.726      0.000
    Y8                 0.330      0.091      3.613      0.000
    X1                 0.158      0.042      3.771      0.000
    X2                 0.055      0.032      1.708      0.088
    X3                 0.238      0.051      4.706      0.000
    DEM60              0.804      0.098      8.169      0.000
    DEM65              0.070      0.058      1.212      0.226


STDY Standardization

                                                    Two-Tailed
                    Estimate       S.E.  Est./S.E.    P-Value

 DEM60    BY
    Y1                 0.859      0.047     18.275      0.000
    Y2                 0.696      0.064     10.852      0.000
    Y3                 0.779      0.050     15.461      0.000
    Y4                 0.823      0.047     17.370      0.000

 DEM65    BY
    Y5                 0.827      0.046     17.819      0.000
    Y6                 0.761      0.055     13.845      0.000
    Y7                 0.814      0.044     18.523      0.000
    Y8                 0.818      0.056     14.665      0.000

 IND60    BY
    X1                 0.918      0.023     40.216      0.000
    X2                 0.972      0.017     58.321      0.000
    X3                 0.873      0.029     30.170      0.000

 DEM60    ON
    IND60              0.443      0.111      3.995      0.000

 DEM65    ON
    IND60              0.187      0.074      2.527      0.011
    DEM60              0.867      0.054     16.034      0.000

 Y1       WITH
    Y5                 0.282      0.205      1.376      0.169

 Y2       WITH
    Y6                 0.292      0.149      1.960      0.050
    Y4                 0.269      0.123      2.191      0.028

 Y3       WITH
    Y7                 0.367      0.162      2.265      0.024

 Y4       WITH
    Y8                 0.214      0.144      1.481      0.139

 Y6       WITH
    Y8                 0.347      0.170      2.044      0.041

 Intercepts
    Y1                 2.156      0.179     12.023      0.000
    Y2                 1.115      0.104     10.736      0.000
    Y3                 1.880      0.218      8.616      0.000
    Y4                 1.320      0.133      9.925      0.000
    Y5                 2.024      0.185     10.928      0.000
    Y6                 0.873      0.089      9.839      0.000
    Y7                 1.956      0.216      9.042      0.000
    Y8                 1.259      0.119     10.543      0.000
    X1                 6.949      0.455     15.263      0.000
    X2                 3.194      0.281     11.349      0.000
    X3                 2.548      0.186     13.685      0.000

 Variances
    IND60              1.000      0.000    999.000    999.000

 Residual Variances
    Y1                 0.262      0.081      3.240      0.001
    Y2                 0.516      0.089      5.786      0.000
    Y3                 0.393      0.079      4.995      0.000
    Y4                 0.322      0.078      4.134      0.000
    Y5                 0.317      0.077      4.128      0.000
    Y6                 0.421      0.084      5.037      0.000
    Y7                 0.338      0.071      4.726      0.000
    Y8                 0.330      0.091      3.613      0.000
    X1                 0.158      0.042      3.771      0.000
    X2                 0.055      0.032      1.708      0.088
    X3                 0.238      0.051      4.706      0.000
    DEM60              0.804      0.098      8.169      0.000
    DEM65              0.070      0.058      1.212      0.226


STD Standardization

                                                    Two-Tailed
                    Estimate       S.E.  Est./S.E.    P-Value

 DEM60    BY
    Y1                 2.222      0.205     10.835      0.000
    Y2                 2.680      0.307      8.741      0.000
    Y3                 2.701      0.256     10.535      0.000
    Y4                 2.754      0.243     11.327      0.000

 DEM65    BY
    Y5                 2.142      0.199     10.750      0.000
    Y6                 2.583      0.301      8.574      0.000
    Y7                 2.603      0.260     10.019      0.000
    Y8                 2.654      0.282      9.412      0.000

 IND60    BY
    X1                 0.668      0.055     12.141      0.000
    X2                 1.458      0.108     13.508      0.000
    X3                 1.219      0.102     11.960      0.000

 DEM60    ON
    IND60              0.443      0.111      3.995      0.000

 DEM65    ON
    IND60              0.187      0.074      2.527      0.011
    DEM60              0.867      0.054     16.034      0.000

 Y1       WITH
    Y5                 0.545      0.469      1.161      0.245

 Y2       WITH
    Y6                 1.781      0.966      1.843      0.065
    Y4                 1.414      0.776      1.823      0.068

 Y3       WITH
    Y7                 1.481      0.694      2.132      0.033

 Y4       WITH
    Y8                 0.757      0.532      1.424      0.154

 Y6       WITH
    Y8                 1.425      0.904      1.575      0.115

 Intercepts
    Y1                 5.576      0.304     18.321      0.000
    Y2                 4.295      0.464      9.251      0.000
    Y3                 6.514      0.409     15.936      0.000
    Y4                 4.416      0.395     11.179      0.000
    Y5                 5.244      0.298     17.593      0.000
    Y6                 2.964      0.394      7.517      0.000
    Y7                 6.259      0.392     15.971      0.000
    Y8                 4.084      0.382     10.702      0.000
    X1                 5.059      0.084     60.354      0.000
    X2                 4.792      0.173     27.657      0.000
    X3                 3.558      0.161     22.066      0.000

 Variances
    IND60              1.000      0.000    999.000    999.000

 Residual Variances
    Y1                 1.751      0.497      3.522      0.000
    Y2                 7.658      1.390      5.509      0.000
    Y3                 4.714      1.150      4.100      0.000
    Y4                 3.611      0.828      4.360      0.000
    Y5                 2.126      0.518      4.101      0.000
    Y6                 4.854      1.032      4.704      0.000
    Y7                 3.459      0.712      4.860      0.000
    Y8                 3.471      0.963      3.603      0.000
    X1                 0.084      0.019      4.385      0.000
    X2                 0.125      0.074      1.693      0.090
    X3                 0.464      0.083      5.555      0.000
    DEM60              0.804      0.098      8.169      0.000
    DEM65              0.070      0.058      1.212      0.226


R-SQUARE

    Observed                                        Two-Tailed
    Variable        Estimate       S.E.  Est./S.E.    P-Value

    Y1                 0.738      0.081      9.138      0.000
    Y2                 0.484      0.089      5.426      0.000
    Y3                 0.607      0.079      7.730      0.000
    Y4                 0.678      0.078      8.685      0.000
    Y5                 0.683      0.077      8.909      0.000
    Y6                 0.579      0.084      6.922      0.000
    Y7                 0.662      0.071      9.261      0.000
    Y8                 0.670      0.091      7.332      0.000
    X1                 0.842      0.042     20.108      0.000
    X2                 0.945      0.032     29.160      0.000
    X3                 0.762      0.051     15.085      0.000

     Latent                                         Two-Tailed
    Variable        Estimate       S.E.  Est./S.E.    P-Value

    DEM60              0.196      0.098      1.998      0.046
    DEM65              0.930      0.058     16.149      0.000


QUALITY OF NUMERICAL RESULTS

     Condition Number for the Information Matrix              0.211E-03
       (ratio of smallest to largest eigenvalue)


     Beginning Time:  07:42:23
        Ending Time:  07:42:23
       Elapsed Time:  00:00:00



MUTHEN & MUTHEN
3463 Stoner Ave.
Los Angeles, CA  90066

Tel: (310) 391-9971
Fax: (310) 391-8971
Web: www.StatModel.com
Support: Support@StatModel.com

Copyright (c) 1998-2018 Muthen & Muthen
