Mplus VERSION 8.2
MUTHEN & MUTHEN
01/17/2024   7:42 AM

INPUT INSTRUCTIONS



      Title:     Bollen's political democracy example
      Data:      File      = democindus.txt;
                 listwise  = on;
      Variable:  Names     = y1 y2 y3 y4 y5 y6 y7 y8 x1 x2 x3;
      Analysis:
      !          model=nomeanstructure;
                 estimator=MLR;
      !          information=expected;
                 convergence=0.0000001;
      Model:
                 dem60 by y1 (1);
                 dem60 by y2 (2);
                 dem60 by y3 (3);
                 dem60 by y4 (4);
                 dem65 by y5 (1);
                 dem65 by y6 (2);
                 dem65 by y7 (3);
                 dem65 by y8 (4);
                 ind60 by x1 x2 x3;
                 dem60 on ind60;
                 dem65 on ind60 dem60;
                 y1 y2 y3 y4 y2 y6 pwith y5 y6 y7 y8 y4 y8;
      Output:    standardized;









INPUT READING TERMINATED NORMALLY



Bollen's political democracy example

SUMMARY OF ANALYSIS

Number of groups                                                 1
Number of observations                                          75

Number of dependent variables                                   11
Number of independent variables                                  0
Number of continuous latent variables                            3

Observed dependent variables

  Continuous
   Y1          Y2          Y3          Y4          Y5          Y6
   Y7          Y8          X1          X2          X3

Continuous latent variables
   DEM60       DEM65       IND60


Estimator                                                      MLR
Information matrix                                        OBSERVED
Maximum number of iterations                                  1000
Convergence criterion                                    0.100D-06
Maximum number of steepest descent iterations                   20

Input data file(s)
  democindus.txt

Input data format  FREE



UNIVARIATE SAMPLE STATISTICS


     UNIVARIATE HIGHER-ORDER MOMENT DESCRIPTIVE STATISTICS

         Variable/         Mean/     Skewness/   Minimum/ % with                Percentiles
        Sample Size      Variance    Kurtosis    Maximum  Min/Max      20%/60%    40%/80%    Median

     Y1                    5.465      -0.093       1.250   10.67%       2.500      5.000      5.400
              75.000       6.787      -1.104      10.000    6.67%       6.900      7.500
     Y2                    4.256       0.325       0.000   34.67%       0.000      3.333      3.333
              75.000      15.372      -1.426      10.000   21.33%       4.800     10.000
     Y3                    6.563      -0.606       0.000   10.67%       3.333      6.667      6.667
              75.000      10.621      -0.657      10.000    1.33%       6.667     10.000
     Y4                    4.453       0.120       0.000   22.67%       0.000      3.333      3.333
              75.000      11.069      -1.164      10.000   10.67%       6.667      6.667
     Y5                    5.136      -0.233       0.000    6.67%       2.500      5.000      5.000
              75.000       6.735      -0.718      10.000    2.67%       6.250      7.500
     Y6                    2.978       0.911       0.000   40.00%       0.000      0.000      2.233
              75.000      11.224      -0.400      10.000   10.67%       3.333      6.667
     Y7                    6.196      -0.565       0.000   13.33%       3.333      6.667      6.667
              75.000      10.655      -0.672      10.000   26.67%       6.667     10.000
     Y8                    4.043       0.455       0.000   16.00%       0.368      3.333      3.333
              75.000      10.393      -0.906      10.000   12.00%       3.333      6.667
     X1                    5.054       0.259       3.784    1.33%       4.317      4.727      5.075
              75.000       0.530      -0.693       6.737    1.33%       5.226      5.631
     X2                    4.792      -0.353       1.386    1.33%       3.466      4.595      4.963
              75.000       2.252      -0.505       7.872    1.33%       5.236      6.203
     X3                    3.558       0.086       1.002    1.33%       2.113      3.167      3.568
              75.000       1.950      -0.880       6.425    1.33%       3.977      4.586


THE MODEL ESTIMATION TERMINATED NORMALLY



MODEL FIT INFORMATION

Number of Free Parameters                       39

Loglikelihood

          H0 Value                       -1548.818
          H0 Scaling Correction Factor      1.0333
            for MLR
          H1 Value                       -1528.728
          H1 Scaling Correction Factor      0.9690
            for MLR

Information Criteria

          Akaike (AIC)                    3175.636
          Bayesian (BIC)                  3266.018
          Sample-Size Adjusted BIC        3143.100
            (n* = (n + 2) / 24)

Chi-Square Test of Model Fit

          Value                             44.492*
          Degrees of Freedom                    38
          P-Value                           0.2172
          Scaling Correction Factor         0.9031
            for MLR

*   The chi-square value for MLM, MLMV, MLR, ULSMV, WLSM and WLSMV cannot be used
    for chi-square difference testing in the regular way.  MLM, MLR and WLSM
    chi-square difference testing is described on the Mplus website.  MLMV, WLSMV,
    and ULSMV difference testing is done using the DIFFTEST option.

RMSEA (Root Mean Square Error Of Approximation)

          Estimate                           0.048
          90 Percent C.I.                    0.000  0.098
          Probability RMSEA <= .05           0.495

CFI/TLI

          CFI                                0.990
          TLI                                0.985

Chi-Square Test of Model Fit for the Baseline Model

          Value                            702.841
          Degrees of Freedom                    55
          P-Value                           0.0000

SRMR (Standardized Root Mean Square Residual)

          Value                              0.048



MODEL RESULTS

                                                    Two-Tailed
                    Estimate       S.E.  Est./S.E.    P-Value

 DEM60    BY
    Y1                 1.000      0.000    999.000    999.000
    Y2                 1.191      0.141      8.429      0.000
    Y3                 1.175      0.118      9.951      0.000
    Y4                 1.251      0.138      9.067      0.000

 DEM65    BY
    Y5                 1.000      0.000    999.000    999.000
    Y6                 1.191      0.141      8.429      0.000
    Y7                 1.175      0.118      9.951      0.000
    Y8                 1.251      0.138      9.067      0.000

 IND60    BY
    X1                 1.000      0.000    999.000    999.000
    X2                 2.180      0.145     15.072      0.000
    X3                 1.818      0.140     12.953      0.000

 DEM60    ON
    IND60              1.471      0.352      4.184      0.000

 DEM65    ON
    IND60              0.600      0.230      2.613      0.009
    DEM60              0.865      0.062     14.035      0.000

 Y1       WITH
    Y5                 0.583      0.448      1.301      0.193

 Y2       WITH
    Y6                 2.183      0.870      2.510      0.012
    Y4                 1.440      0.706      2.041      0.041

 Y3       WITH
    Y7                 0.712      0.616      1.155      0.248

 Y4       WITH
    Y8                 0.363      0.439      0.827      0.408

 Y6       WITH
    Y8                 1.372      0.741      1.852      0.064

 Intercepts
    Y1                 5.465      0.301     18.166      0.000
    Y2                 4.256      0.453      9.402      0.000
    Y3                 6.563      0.376     17.441      0.000
    Y4                 4.453      0.384     11.590      0.000
    Y5                 5.136      0.300     17.140      0.000
    Y6                 2.978      0.387      7.698      0.000
    Y7                 6.196      0.377     16.439      0.000
    Y8                 4.043      0.372     10.862      0.000
    X1                 5.054      0.084     60.127      0.000
    X2                 4.792      0.173     27.657      0.000
    X3                 3.558      0.161     22.066      0.000

 Variances
    IND60              0.449      0.073      6.153      0.000

 Residual Variances
    Y1                 1.855      0.459      4.043      0.000
    Y2                 7.581      1.257      6.030      0.000
    Y3                 4.956      1.054      4.702      0.000
    Y4                 3.224      0.765      4.216      0.000
    Y5                 2.313      0.600      3.853      0.000
    Y6                 4.968      0.908      5.470      0.000
    Y7                 3.560      0.627      5.675      0.000
    Y8                 3.308      0.883      3.748      0.000
    X1                 0.081      0.018      4.404      0.000
    X2                 0.120      0.072      1.663      0.096
    X3                 0.467      0.083      5.640      0.000
    DEM60              3.875      0.844      4.594      0.000
    DEM65              0.164      0.248      0.664      0.507


STANDARDIZED MODEL RESULTS


STDYX Standardization

                                                    Two-Tailed
                    Estimate       S.E.  Est./S.E.    P-Value

 DEM60    BY
    Y1                 0.850      0.044     19.114      0.000
    Y2                 0.690      0.063     10.959      0.000
    Y3                 0.758      0.047     16.128      0.000
    Y4                 0.838      0.046     18.376      0.000

 DEM65    BY
    Y5                 0.817      0.051     15.867      0.000
    Y6                 0.755      0.049     15.513      0.000
    Y7                 0.802      0.041     19.524      0.000
    Y8                 0.829      0.050     16.417      0.000

 IND60    BY
    X1                 0.920      0.022     41.435      0.000
    X2                 0.973      0.016     59.451      0.000
    X3                 0.872      0.029     30.206      0.000

 DEM60    ON
    IND60              0.448      0.111      4.046      0.000

 DEM65    ON
    IND60              0.187      0.067      2.795      0.005
    DEM60              0.884      0.050     17.827      0.000

 Y1       WITH
    Y5                 0.281      0.172      1.636      0.102

 Y2       WITH
    Y6                 0.356      0.136      2.625      0.009
    Y4                 0.291      0.115      2.527      0.011

 Y3       WITH
    Y7                 0.169      0.146      1.161      0.246

 Y4       WITH
    Y8                 0.111      0.130      0.853      0.394

 Y6       WITH
    Y8                 0.338      0.137      2.466      0.014

 Intercepts
    Y1                 2.111      0.173     12.203      0.000
    Y2                 1.120      0.102     10.995      0.000
    Y3                 1.924      0.207      9.288      0.000
    Y4                 1.354      0.129     10.474      0.000
    Y5                 1.948      0.170     11.436      0.000
    Y6                 0.876      0.085     10.360      0.000
    Y7                 1.963      0.209      9.382      0.000
    Y8                 1.244      0.114     10.952      0.000
    X1                 6.943      0.447     15.548      0.000
    X2                 3.194      0.281     11.349      0.000
    X3                 2.548      0.186     13.685      0.000

 Variances
    IND60              1.000      0.000    999.000    999.000

 Residual Variances
    Y1                 0.277      0.076      3.657      0.000
    Y2                 0.525      0.087      6.045      0.000
    Y3                 0.426      0.071      5.977      0.000
    Y4                 0.298      0.076      3.906      0.000
    Y5                 0.333      0.084      3.956      0.000
    Y6                 0.430      0.073      5.859      0.000
    Y7                 0.357      0.066      5.431      0.000
    Y8                 0.313      0.084      3.740      0.000
    X1                 0.154      0.041      3.759      0.000
    X2                 0.053      0.032      1.680      0.093
    X3                 0.239      0.050      4.753      0.000
    DEM60              0.800      0.099      8.072      0.000
    DEM65              0.035      0.054      0.658      0.511


STDY Standardization

                                                    Two-Tailed
                    Estimate       S.E.  Est./S.E.    P-Value

 DEM60    BY
    Y1                 0.850      0.044     19.114      0.000
    Y2                 0.690      0.063     10.959      0.000
    Y3                 0.758      0.047     16.128      0.000
    Y4                 0.838      0.046     18.376      0.000

 DEM65    BY
    Y5                 0.817      0.051     15.867      0.000
    Y6                 0.755      0.049     15.513      0.000
    Y7                 0.802      0.041     19.524      0.000
    Y8                 0.829      0.050     16.417      0.000

 IND60    BY
    X1                 0.920      0.022     41.435      0.000
    X2                 0.973      0.016     59.451      0.000
    X3                 0.872      0.029     30.206      0.000

 DEM60    ON
    IND60              0.448      0.111      4.046      0.000

 DEM65    ON
    IND60              0.187      0.067      2.795      0.005
    DEM60              0.884      0.050     17.827      0.000

 Y1       WITH
    Y5                 0.281      0.172      1.636      0.102

 Y2       WITH
    Y6                 0.356      0.136      2.625      0.009
    Y4                 0.291      0.115      2.527      0.011

 Y3       WITH
    Y7                 0.169      0.146      1.161      0.246

 Y4       WITH
    Y8                 0.111      0.130      0.853      0.394

 Y6       WITH
    Y8                 0.338      0.137      2.466      0.014

 Intercepts
    Y1                 2.111      0.173     12.203      0.000
    Y2                 1.120      0.102     10.995      0.000
    Y3                 1.924      0.207      9.288      0.000
    Y4                 1.354      0.129     10.474      0.000
    Y5                 1.948      0.170     11.436      0.000
    Y6                 0.876      0.085     10.360      0.000
    Y7                 1.963      0.209      9.382      0.000
    Y8                 1.244      0.114     10.952      0.000
    X1                 6.943      0.447     15.548      0.000
    X2                 3.194      0.281     11.349      0.000
    X3                 2.548      0.186     13.685      0.000

 Variances
    IND60              1.000      0.000    999.000    999.000

 Residual Variances
    Y1                 0.277      0.076      3.657      0.000
    Y2                 0.525      0.087      6.045      0.000
    Y3                 0.426      0.071      5.977      0.000
    Y4                 0.298      0.076      3.906      0.000
    Y5                 0.333      0.084      3.956      0.000
    Y6                 0.430      0.073      5.859      0.000
    Y7                 0.357      0.066      5.431      0.000
    Y8                 0.313      0.084      3.740      0.000
    X1                 0.154      0.041      3.759      0.000
    X2                 0.053      0.032      1.680      0.093
    X3                 0.239      0.050      4.753      0.000
    DEM60              0.800      0.099      8.072      0.000
    DEM65              0.035      0.054      0.658      0.511


STD Standardization

                                                    Two-Tailed
                    Estimate       S.E.  Est./S.E.    P-Value

 DEM60    BY
    Y1                 2.201      0.199     11.052      0.000
    Y2                 2.621      0.303      8.646      0.000
    Y3                 2.586      0.239     10.803      0.000
    Y4                 2.754      0.245     11.253      0.000

 DEM65    BY
    Y5                 2.154      0.196     11.007      0.000
    Y6                 2.565      0.284      9.029      0.000
    Y7                 2.530      0.246     10.290      0.000
    Y8                 2.694      0.262     10.301      0.000

 IND60    BY
    X1                 0.670      0.054     12.307      0.000
    X2                 1.460      0.108     13.545      0.000
    X3                 1.218      0.102     11.940      0.000

 DEM60    ON
    IND60              0.448      0.111      4.046      0.000

 DEM65    ON
    IND60              0.187      0.067      2.795      0.005
    DEM60              0.884      0.050     17.827      0.000

 Y1       WITH
    Y5                 0.583      0.448      1.301      0.193

 Y2       WITH
    Y6                 2.183      0.870      2.510      0.012
    Y4                 1.440      0.706      2.041      0.041

 Y3       WITH
    Y7                 0.712      0.616      1.155      0.248

 Y4       WITH
    Y8                 0.363      0.439      0.827      0.408

 Y6       WITH
    Y8                 1.372      0.741      1.852      0.064

 Intercepts
    Y1                 5.465      0.301     18.166      0.000
    Y2                 4.256      0.453      9.402      0.000
    Y3                 6.563      0.376     17.441      0.000
    Y4                 4.453      0.384     11.590      0.000
    Y5                 5.136      0.300     17.140      0.000
    Y6                 2.978      0.387      7.698      0.000
    Y7                 6.196      0.377     16.439      0.000
    Y8                 4.043      0.372     10.862      0.000
    X1                 5.054      0.084     60.127      0.000
    X2                 4.792      0.173     27.657      0.000
    X3                 3.558      0.161     22.066      0.000

 Variances
    IND60              1.000      0.000    999.000    999.000

 Residual Variances
    Y1                 1.855      0.459      4.043      0.000
    Y2                 7.581      1.257      6.030      0.000
    Y3                 4.956      1.054      4.702      0.000
    Y4                 3.224      0.765      4.216      0.000
    Y5                 2.313      0.600      3.853      0.000
    Y6                 4.968      0.908      5.470      0.000
    Y7                 3.560      0.627      5.675      0.000
    Y8                 3.308      0.883      3.748      0.000
    X1                 0.081      0.018      4.404      0.000
    X2                 0.120      0.072      1.663      0.096
    X3                 0.467      0.083      5.640      0.000
    DEM60              0.800      0.099      8.072      0.000
    DEM65              0.035      0.054      0.658      0.511


R-SQUARE

    Observed                                        Two-Tailed
    Variable        Estimate       S.E.  Est./S.E.    P-Value

    Y1                 0.723      0.076      9.557      0.000
    Y2                 0.475      0.087      5.479      0.000
    Y3                 0.574      0.071      8.064      0.000
    Y4                 0.702      0.076      9.188      0.000
    Y5                 0.667      0.084      7.934      0.000
    Y6                 0.570      0.073      7.756      0.000
    Y7                 0.643      0.066      9.762      0.000
    Y8                 0.687      0.084      8.208      0.000
    X1                 0.846      0.041     20.717      0.000
    X2                 0.947      0.032     29.725      0.000
    X3                 0.761      0.050     15.103      0.000

     Latent                                         Two-Tailed
    Variable        Estimate       S.E.  Est./S.E.    P-Value

    DEM60              0.200      0.099      2.023      0.043
    DEM65              0.965      0.054     17.896      0.000


QUALITY OF NUMERICAL RESULTS

     Condition Number for the Information Matrix              0.282E-03
       (ratio of smallest to largest eigenvalue)


     Beginning Time:  07:42:26
        Ending Time:  07:42:26
       Elapsed Time:  00:00:00



MUTHEN & MUTHEN
3463 Stoner Ave.
Los Angeles, CA  90066

Tel: (310) 391-9971
Fax: (310) 391-8971
Web: www.StatModel.com
Support: Support@StatModel.com

Copyright (c) 1998-2018 Muthen & Muthen
