Mplus VERSION 8.2
MUTHEN & MUTHEN
01/20/2024   8:47 PM

INPUT INSTRUCTIONS



      Title:     Bollen's political democracy example
      Data:      File      = democindus.txt;
                 listwise  = on;
      Variable:  Names     = y1 y2 y3 y4 y5 y6 y7 y8 x1 x2 x3;
      Analysis:
      !          model=nomeanstructure;
                 estimator=GLS;
      !          information=expected;
                 convergence=0.0000001;
      Model:
                 dem60 by y1 (1);
                 dem60 by y2 (2);
                 dem60 by y3 (3);
                 dem60 by y4 (4);
                 dem65 by y5 (1);
                 dem65 by y6 (2);
                 dem65 by y7 (3);
                 dem65 by y8 (4);
                 ind60 by x1 x2 x3;
                 dem60 on ind60;
                 dem65 on ind60 dem60;
                 y1 y2 y3 y4 y2 y6 pwith y5 y6 y7 y8 y4 y8;
      Output:    standardized;









INPUT READING TERMINATED NORMALLY



Bollen's political democracy example

SUMMARY OF ANALYSIS

Number of groups                                                 1
Number of observations                                          75

Number of dependent variables                                   11
Number of independent variables                                  0
Number of continuous latent variables                            3

Observed dependent variables

  Continuous
   Y1          Y2          Y3          Y4          Y5          Y6
   Y7          Y8          X1          X2          X3

Continuous latent variables
   DEM60       DEM65       IND60


Estimator                                                      GLS
Maximum number of iterations                                  1000
Convergence criterion                                    0.100D-06
Maximum number of steepest descent iterations                   20

Input data file(s)
  democindus.txt

Input data format  FREE



UNIVARIATE SAMPLE STATISTICS


     UNIVARIATE HIGHER-ORDER MOMENT DESCRIPTIVE STATISTICS

         Variable/         Mean/     Skewness/   Minimum/ % with                Percentiles
        Sample Size      Variance    Kurtosis    Maximum  Min/Max      20%/60%    40%/80%    Median

     Y1                    5.465      -0.093       1.250   10.67%       2.500      5.000      5.400
              75.000       6.787      -1.104      10.000    6.67%       6.900      7.500
     Y2                    4.256       0.325       0.000   34.67%       0.000      3.333      3.333
              75.000      15.372      -1.426      10.000   21.33%       4.800     10.000
     Y3                    6.563      -0.606       0.000   10.67%       3.333      6.667      6.667
              75.000      10.621      -0.657      10.000    1.33%       6.667     10.000
     Y4                    4.453       0.120       0.000   22.67%       0.000      3.333      3.333
              75.000      11.069      -1.164      10.000   10.67%       6.667      6.667
     Y5                    5.136      -0.233       0.000    6.67%       2.500      5.000      5.000
              75.000       6.735      -0.718      10.000    2.67%       6.250      7.500
     Y6                    2.978       0.911       0.000   40.00%       0.000      0.000      2.233
              75.000      11.224      -0.400      10.000   10.67%       3.333      6.667
     Y7                    6.196      -0.565       0.000   13.33%       3.333      6.667      6.667
              75.000      10.655      -0.672      10.000   26.67%       6.667     10.000
     Y8                    4.043       0.455       0.000   16.00%       0.368      3.333      3.333
              75.000      10.393      -0.906      10.000   12.00%       3.333      6.667
     X1                    5.054       0.259       3.784    1.33%       4.317      4.727      5.075
              75.000       0.530      -0.693       6.737    1.33%       5.226      5.631
     X2                    4.792      -0.353       1.386    1.33%       3.466      4.595      4.963
              75.000       2.252      -0.505       7.872    1.33%       5.236      6.203
     X3                    3.558       0.086       1.002    1.33%       2.113      3.167      3.568
              75.000       1.950      -0.880       6.425    1.33%       3.977      4.586


THE MODEL ESTIMATION TERMINATED NORMALLY



MODEL FIT INFORMATION

Number of Free Parameters                       39

Chi-Square Test of Model Fit

          Value                             38.620
          Degrees of Freedom                    38
          P-Value                           0.4415

RMSEA (Root Mean Square Error Of Approximation)

          Estimate                           0.015
          90 Percent C.I.                    0.000  0.083
          Probability RMSEA <= .05           0.724

CFI/TLI

          CFI                                0.989
          TLI                                0.985

Chi-Square Test of Model Fit for the Baseline Model

          Value                            113.924
          Degrees of Freedom                    55
          P-Value                           0.0000

SRMR (Standardized Root Mean Square Residual)

          Value                              0.101



MODEL RESULTS

                                                    Two-Tailed
                    Estimate       S.E.  Est./S.E.    P-Value

 DEM60    BY
    Y1                 1.000      0.000    999.000    999.000
    Y2                 1.183      0.150      7.869      0.000
    Y3                 1.224      0.134      9.120      0.000
    Y4                 1.226      0.131      9.334      0.000

 DEM65    BY
    Y5                 1.000      0.000    999.000    999.000
    Y6                 1.183      0.150      7.869      0.000
    Y7                 1.224      0.134      9.120      0.000
    Y8                 1.226      0.131      9.334      0.000

 IND60    BY
    X1                 1.000      0.000    999.000    999.000
    X2                 2.240      0.160     13.975      0.000
    X3                 1.886      0.180     10.489      0.000

 DEM60    ON
    IND60              1.808      0.445      4.061      0.000

 DEM65    ON
    IND60              0.716      0.281      2.545      0.011
    DEM60              0.801      0.082      9.760      0.000

 Y1       WITH
    Y5                 0.409      0.330      1.240      0.215

 Y2       WITH
    Y6                 1.314      0.677      1.942      0.052
    Y4                 1.534      0.684      2.241      0.025

 Y3       WITH
    Y7                 0.740      0.594      1.247      0.212

 Y4       WITH
    Y8                 0.294      0.414      0.709      0.478

 Y6       WITH
    Y8                 0.941      0.546      1.724      0.085

 Intercepts
    Y1                 5.465      0.303     18.045      0.000
    Y2                 4.256      0.456      9.339      0.000
    Y3                 6.563      0.379     17.324      0.000
    Y4                 4.453      0.387     11.512      0.000
    Y5                 5.136      0.302     17.026      0.000
    Y6                 2.978      0.389      7.647      0.000
    Y7                 6.196      0.379     16.329      0.000
    Y8                 4.043      0.375     10.789      0.000
    X1                 5.054      0.085     59.724      0.000
    X2                 4.792      0.174     27.472      0.000
    X3                 3.558      0.162     21.918      0.000

 Variances
    IND60              0.359      0.080      4.499      0.000

 Residual Variances
    Y1                 1.419      0.401      3.535      0.000
    Y2                 6.300      1.316      4.787      0.000
    Y3                 3.821      0.933      4.097      0.000
    Y4                 2.841      0.697      4.076      0.000
    Y5                 1.849      0.449      4.122      0.000
    Y6                 3.707      0.865      4.285      0.000
    Y7                 3.020      0.674      4.483      0.000
    Y8                 2.794      0.668      4.184      0.000
    X1                 0.051      0.016      3.125      0.002
    X2                 0.154      0.066      2.316      0.021
    X3                 0.404      0.087      4.628      0.000
    DEM60              3.241      0.811      3.997      0.000
    DEM65              0.219      0.215      1.022      0.307


STANDARDIZED MODEL RESULTS


STDYX Standardization

                                                    Two-Tailed
                    Estimate       S.E.  Est./S.E.    P-Value

 DEM60    BY
    Y1                 0.870      0.042     20.819      0.000
    Y2                 0.704      0.064     10.935      0.000
    Y3                 0.796      0.056     14.163      0.000
    Y4                 0.837      0.045     18.650      0.000

 DEM65    BY
    Y5                 0.826      0.049     16.952      0.000
    Y6                 0.775      0.062     12.598      0.000
    Y7                 0.815      0.047     17.322      0.000
    Y8                 0.826      0.049     16.919      0.000

 IND60    BY
    X1                 0.935      0.024     38.982      0.000
    X2                 0.960      0.019     50.535      0.000
    X3                 0.871      0.035     24.838      0.000

 DEM60    ON
    IND60              0.515      0.111      4.654      0.000

 DEM65    ON
    IND60              0.215      0.086      2.514      0.012
    DEM60              0.844      0.066     12.875      0.000

 Y1       WITH
    Y5                 0.252      0.173      1.459      0.145

 Y2       WITH
    Y6                 0.272      0.117      2.325      0.020
    Y4                 0.362      0.123      2.953      0.003

 Y3       WITH
    Y7                 0.218      0.155      1.410      0.159

 Y4       WITH
    Y8                 0.104      0.139      0.749      0.454

 Y6       WITH
    Y8                 0.292      0.135      2.170      0.030

 Intercepts
    Y1                 2.263      0.235      9.621      0.000
    Y2                 1.205      0.166      7.277      0.000
    Y3                 2.032      0.200     10.145      0.000
    Y4                 1.446      0.178      8.147      0.000
    Y5                 2.128      0.221      9.632      0.000
    Y6                 0.978      0.155      6.290      0.000
    Y7                 2.068      0.219      9.456      0.000
    Y8                 1.365      0.175      7.820      0.000
    X1                 7.892      0.778     10.148      0.000
    X2                 3.429      0.333     10.309      0.000
    X3                 2.745      0.277      9.924      0.000

 Variances
    IND60              1.000      0.000    999.000    999.000

 Residual Variances
    Y1                 0.243      0.073      3.347      0.001
    Y2                 0.505      0.091      5.575      0.000
    Y3                 0.366      0.089      4.093      0.000
    Y4                 0.300      0.075      3.993      0.000
    Y5                 0.317      0.081      3.940      0.000
    Y6                 0.400      0.095      4.194      0.000
    Y7                 0.336      0.077      4.391      0.000
    Y8                 0.318      0.081      3.953      0.000
    X1                 0.126      0.045      2.798      0.005
    X2                 0.079      0.036      2.160      0.031
    X3                 0.241      0.061      3.933      0.000
    DEM60              0.734      0.114      6.435      0.000
    DEM65              0.055      0.053      1.037      0.300


STDY Standardization

                                                    Two-Tailed
                    Estimate       S.E.  Est./S.E.    P-Value

 DEM60    BY
    Y1                 0.870      0.042     20.819      0.000
    Y2                 0.704      0.064     10.935      0.000
    Y3                 0.796      0.056     14.163      0.000
    Y4                 0.837      0.045     18.650      0.000

 DEM65    BY
    Y5                 0.826      0.049     16.952      0.000
    Y6                 0.775      0.062     12.598      0.000
    Y7                 0.815      0.047     17.322      0.000
    Y8                 0.826      0.049     16.919      0.000

 IND60    BY
    X1                 0.935      0.024     38.982      0.000
    X2                 0.960      0.019     50.535      0.000
    X3                 0.871      0.035     24.838      0.000

 DEM60    ON
    IND60              0.515      0.111      4.654      0.000

 DEM65    ON
    IND60              0.215      0.086      2.514      0.012
    DEM60              0.844      0.066     12.875      0.000

 Y1       WITH
    Y5                 0.252      0.173      1.459      0.145

 Y2       WITH
    Y6                 0.272      0.117      2.325      0.020
    Y4                 0.362      0.123      2.953      0.003

 Y3       WITH
    Y7                 0.218      0.155      1.410      0.159

 Y4       WITH
    Y8                 0.104      0.139      0.749      0.454

 Y6       WITH
    Y8                 0.292      0.135      2.170      0.030

 Intercepts
    Y1                 2.263      0.235      9.621      0.000
    Y2                 1.205      0.166      7.277      0.000
    Y3                 2.032      0.200     10.145      0.000
    Y4                 1.446      0.178      8.147      0.000
    Y5                 2.128      0.221      9.632      0.000
    Y6                 0.978      0.155      6.290      0.000
    Y7                 2.068      0.219      9.456      0.000
    Y8                 1.365      0.175      7.820      0.000
    X1                 7.892      0.778     10.148      0.000
    X2                 3.429      0.333     10.309      0.000
    X3                 2.745      0.277      9.924      0.000

 Variances
    IND60              1.000      0.000    999.000    999.000

 Residual Variances
    Y1                 0.243      0.073      3.347      0.001
    Y2                 0.505      0.091      5.575      0.000
    Y3                 0.366      0.089      4.093      0.000
    Y4                 0.300      0.075      3.993      0.000
    Y5                 0.317      0.081      3.940      0.000
    Y6                 0.400      0.095      4.194      0.000
    Y7                 0.336      0.077      4.391      0.000
    Y8                 0.318      0.081      3.953      0.000
    X1                 0.126      0.045      2.798      0.005
    X2                 0.079      0.036      2.160      0.031
    X3                 0.241      0.061      3.933      0.000
    DEM60              0.734      0.114      6.435      0.000
    DEM65              0.055      0.053      1.037      0.300


STD Standardization

                                                    Two-Tailed
                    Estimate       S.E.  Est./S.E.    P-Value

 DEM60    BY
    Y1                 2.101      0.242      8.681      0.000
    Y2                 2.486      0.355      6.998      0.000
    Y3                 2.571      0.316      8.143      0.000
    Y4                 2.576      0.304      8.486      0.000

 DEM65    BY
    Y5                 1.994      0.243      8.203      0.000
    Y6                 2.360      0.336      7.016      0.000
    Y7                 2.441      0.297      8.219      0.000
    Y8                 2.445      0.306      7.984      0.000

 IND60    BY
    X1                 0.599      0.067      8.997      0.000
    X2                 1.341      0.133     10.120      0.000
    X3                 1.129      0.132      8.553      0.000

 DEM60    ON
    IND60              0.515      0.111      4.654      0.000

 DEM65    ON
    IND60              0.215      0.086      2.514      0.012
    DEM60              0.844      0.066     12.875      0.000

 Y1       WITH
    Y5                 0.409      0.330      1.240      0.215

 Y2       WITH
    Y6                 1.314      0.677      1.942      0.052
    Y4                 1.534      0.684      2.241      0.025

 Y3       WITH
    Y7                 0.740      0.594      1.247      0.212

 Y4       WITH
    Y8                 0.294      0.414      0.709      0.478

 Y6       WITH
    Y8                 0.941      0.546      1.724      0.085

 Intercepts
    Y1                 5.465      0.303     18.045      0.000
    Y2                 4.256      0.456      9.339      0.000
    Y3                 6.563      0.379     17.324      0.000
    Y4                 4.453      0.387     11.512      0.000
    Y5                 5.136      0.302     17.026      0.000
    Y6                 2.978      0.389      7.647      0.000
    Y7                 6.196      0.379     16.329      0.000
    Y8                 4.043      0.375     10.789      0.000
    X1                 5.054      0.085     59.724      0.000
    X2                 4.792      0.174     27.472      0.000
    X3                 3.558      0.162     21.918      0.000

 Variances
    IND60              1.000      0.000    999.000    999.000

 Residual Variances
    Y1                 1.419      0.401      3.535      0.000
    Y2                 6.300      1.316      4.787      0.000
    Y3                 3.821      0.933      4.097      0.000
    Y4                 2.841      0.697      4.076      0.000
    Y5                 1.849      0.449      4.122      0.000
    Y6                 3.707      0.865      4.285      0.000
    Y7                 3.020      0.674      4.483      0.000
    Y8                 2.794      0.668      4.184      0.000
    X1                 0.051      0.016      3.125      0.002
    X2                 0.154      0.066      2.316      0.021
    X3                 0.404      0.087      4.628      0.000
    DEM60              0.734      0.114      6.435      0.000
    DEM65              0.055      0.053      1.037      0.300


R-SQUARE

    Observed                                        Two-Tailed
    Variable        Estimate       S.E.  Est./S.E.    P-Value

    Y1                 0.757      0.073     10.409      0.000
    Y2                 0.495      0.091      5.468      0.000
    Y3                 0.634      0.089      7.081      0.000
    Y4                 0.700      0.075      9.325      0.000
    Y5                 0.683      0.081      8.476      0.000
    Y6                 0.600      0.095      6.299      0.000
    Y7                 0.664      0.077      8.661      0.000
    Y8                 0.682      0.081      8.460      0.000
    X1                 0.874      0.045     19.491      0.000
    X2                 0.921      0.036     25.268      0.000
    X3                 0.759      0.061     12.419      0.000

     Latent                                         Two-Tailed
    Variable        Estimate       S.E.  Est./S.E.    P-Value

    DEM60              0.266      0.114      2.327      0.020
    DEM65              0.945      0.053     17.770      0.000


     Beginning Time:  20:47:14
        Ending Time:  20:47:14
       Elapsed Time:  00:00:00



MUTHEN & MUTHEN
3463 Stoner Ave.
Los Angeles, CA  90066

Tel: (310) 391-9971
Fax: (310) 391-8971
Web: www.StatModel.com
Support: Support@StatModel.com

Copyright (c) 1998-2018 Muthen & Muthen
