Mplus VERSION 8.2
MUTHEN & MUTHEN
01/20/2024   8:47 PM

INPUT INSTRUCTIONS



      Title:     Bollen's political democracy example
      Data:      File      = democindus.txt;
                 listwise  = on;
      Variable:  Names     = y1 y2 y3 y4 y5 y6 y7 y8 x1 x2 x3;
      Analysis:
      !          model=nomeanstructure;
                 estimator=MLF;
      !          information=expected;
                 convergence=0.0000001;
      Model:
                 dem60 by y1 (1);
                 dem60 by y2 (2);
                 dem60 by y3 (3);
                 dem60 by y4 (4);
                 dem65 by y5 (1);
                 dem65 by y6 (2);
                 dem65 by y7 (3);
                 dem65 by y8 (4);
                 ind60 by x1 x2 x3;
                 dem60 on ind60;
                 dem65 on ind60 dem60;
                 y1 y2 y3 y4 y2 y6 pwith y5 y6 y7 y8 y4 y8;
      Output:    standardized;









INPUT READING TERMINATED NORMALLY



Bollen's political democracy example

SUMMARY OF ANALYSIS

Number of groups                                                 1
Number of observations                                          75

Number of dependent variables                                   11
Number of independent variables                                  0
Number of continuous latent variables                            3

Observed dependent variables

  Continuous
   Y1          Y2          Y3          Y4          Y5          Y6
   Y7          Y8          X1          X2          X3

Continuous latent variables
   DEM60       DEM65       IND60


Estimator                                                      MLF
Information matrix                                        OBSERVED
Maximum number of iterations                                  1000
Convergence criterion                                    0.100D-06
Maximum number of steepest descent iterations                   20

Input data file(s)
  democindus.txt

Input data format  FREE



UNIVARIATE SAMPLE STATISTICS


     UNIVARIATE HIGHER-ORDER MOMENT DESCRIPTIVE STATISTICS

         Variable/         Mean/     Skewness/   Minimum/ % with                Percentiles
        Sample Size      Variance    Kurtosis    Maximum  Min/Max      20%/60%    40%/80%    Median

     Y1                    5.465      -0.093       1.250   10.67%       2.500      5.000      5.400
              75.000       6.787      -1.104      10.000    6.67%       6.900      7.500
     Y2                    4.256       0.325       0.000   34.67%       0.000      3.333      3.333
              75.000      15.372      -1.426      10.000   21.33%       4.800     10.000
     Y3                    6.563      -0.606       0.000   10.67%       3.333      6.667      6.667
              75.000      10.621      -0.657      10.000    1.33%       6.667     10.000
     Y4                    4.453       0.120       0.000   22.67%       0.000      3.333      3.333
              75.000      11.069      -1.164      10.000   10.67%       6.667      6.667
     Y5                    5.136      -0.233       0.000    6.67%       2.500      5.000      5.000
              75.000       6.735      -0.718      10.000    2.67%       6.250      7.500
     Y6                    2.978       0.911       0.000   40.00%       0.000      0.000      2.233
              75.000      11.224      -0.400      10.000   10.67%       3.333      6.667
     Y7                    6.196      -0.565       0.000   13.33%       3.333      6.667      6.667
              75.000      10.655      -0.672      10.000   26.67%       6.667     10.000
     Y8                    4.043       0.455       0.000   16.00%       0.368      3.333      3.333
              75.000      10.393      -0.906      10.000   12.00%       3.333      6.667
     X1                    5.054       0.259       3.784    1.33%       4.317      4.727      5.075
              75.000       0.530      -0.693       6.737    1.33%       5.226      5.631
     X2                    4.792      -0.353       1.386    1.33%       3.466      4.595      4.963
              75.000       2.252      -0.505       7.872    1.33%       5.236      6.203
     X3                    3.558       0.086       1.002    1.33%       2.113      3.167      3.568
              75.000       1.950      -0.880       6.425    1.33%       3.977      4.586


THE MODEL ESTIMATION TERMINATED NORMALLY



MODEL FIT INFORMATION

Number of Free Parameters                       39

Loglikelihood

          H0 Value                       -1548.818
          H1 Value                       -1528.728

Information Criteria

          Akaike (AIC)                    3175.636
          Bayesian (BIC)                  3266.018
          Sample-Size Adjusted BIC        3143.100
            (n* = (n + 2) / 24)

Chi-Square Test of Model Fit

          Value                             40.179
          Degrees of Freedom                    38
          P-Value                           0.3739

RMSEA (Root Mean Square Error Of Approximation)

          Estimate                           0.028
          90 Percent C.I.                    0.000  0.087
          Probability RMSEA <= .05           0.665

CFI/TLI

          CFI                                0.997
          TLI                                0.995

Chi-Square Test of Model Fit for the Baseline Model

          Value                            730.654
          Degrees of Freedom                    55
          P-Value                           0.0000

SRMR (Standardized Root Mean Square Residual)

          Value                              0.048



MODEL RESULTS

                                                    Two-Tailed
                    Estimate       S.E.  Est./S.E.    P-Value

 DEM60    BY
    Y1                 1.000      0.000    999.000    999.000
    Y2                 1.191      0.253      4.706      0.000
    Y3                 1.175      0.193      6.087      0.000
    Y4                 1.251      0.215      5.813      0.000

 DEM65    BY
    Y5                 1.000      0.000    999.000    999.000
    Y6                 1.191      0.253      4.706      0.000
    Y7                 1.175      0.193      6.087      0.000
    Y8                 1.251      0.215      5.813      0.000

 IND60    BY
    X1                 1.000      0.000    999.000    999.000
    X2                 2.180      0.196     11.121      0.000
    X3                 1.818      0.267      6.811      0.000

 DEM60    ON
    IND60              1.471      0.747      1.969      0.049

 DEM65    ON
    IND60              0.600      0.361      1.664      0.096
    DEM60              0.865      0.154      5.613      0.000

 Y1       WITH
    Y5                 0.583      0.487      1.196      0.232

 Y2       WITH
    Y6                 2.183      1.181      1.848      0.065
    Y4                 1.440      1.475      0.976      0.329

 Y3       WITH
    Y7                 0.712      1.135      0.627      0.531

 Y4       WITH
    Y8                 0.363      0.771      0.470      0.638

 Y6       WITH
    Y8                 1.372      0.756      1.815      0.070

 Intercepts
    Y1                 5.465      0.513     10.658      0.000
    Y2                 4.256      0.939      4.532      0.000
    Y3                 6.563      0.768      8.551      0.000
    Y4                 4.453      0.790      5.639      0.000
    Y5                 5.136      0.496     10.361      0.000
    Y6                 2.978      0.841      3.541      0.000
    Y7                 6.196      0.652      9.510      0.000
    Y8                 4.043      0.768      5.265      0.000
    X1                 5.054      0.139     36.484      0.000
    X2                 4.792      0.287     16.672      0.000
    X3                 3.558      0.260     13.675      0.000

 Variances
    IND60              0.449      0.162      2.774      0.006

 Residual Variances
    Y1                 1.855      0.770      2.409      0.016
    Y2                 7.581      3.647      2.079      0.038
    Y3                 4.956      1.676      2.957      0.003
    Y4                 3.224      1.167      2.764      0.006
    Y5                 2.313      0.714      3.241      0.001
    Y6                 4.968      1.523      3.261      0.001
    Y7                 3.560      1.455      2.447      0.014
    Y8                 3.308      0.890      3.715      0.000
    X1                 0.081      0.035      2.306      0.021
    X2                 0.120      0.097      1.240      0.215
    X3                 0.467      0.136      3.437      0.001
    DEM60              3.875      1.821      2.128      0.033
    DEM65              0.164      0.293      0.562      0.574


STANDARDIZED MODEL RESULTS


STDYX Standardization

                                                    Two-Tailed
                    Estimate       S.E.  Est./S.E.    P-Value

 DEM60    BY
    Y1                 0.850      0.079     10.774      0.000
    Y2                 0.690      0.133      5.202      0.000
    Y3                 0.758      0.089      8.519      0.000
    Y4                 0.838      0.069     12.063      0.000

 DEM65    BY
    Y5                 0.817      0.066     12.390      0.000
    Y6                 0.755      0.098      7.687      0.000
    Y7                 0.802      0.098      8.189      0.000
    Y8                 0.829      0.072     11.487      0.000

 IND60    BY
    X1                 0.920      0.042     21.821      0.000
    X2                 0.973      0.024     39.985      0.000
    X3                 0.872      0.059     14.686      0.000

 DEM60    ON
    IND60              0.448      0.160      2.793      0.005

 DEM65    ON
    IND60              0.187      0.112      1.672      0.095
    DEM60              0.884      0.074     11.932      0.000

 Y1       WITH
    Y5                 0.281      0.181      1.557      0.120

 Y2       WITH
    Y6                 0.356      0.141      2.527      0.012
    Y4                 0.291      0.234      1.242      0.214

 Y3       WITH
    Y7                 0.169      0.228      0.743      0.457

 Y4       WITH
    Y8                 0.111      0.225      0.494      0.621

 Y6       WITH
    Y8                 0.338      0.156      2.167      0.030

 Intercepts
    Y1                 2.111      0.440      4.795      0.000
    Y2                 1.120      0.355      3.154      0.002
    Y3                 1.924      0.361      5.335      0.000
    Y4                 1.354      0.348      3.897      0.000
    Y5                 1.948      0.398      4.895      0.000
    Y6                 0.876      0.368      2.385      0.017
    Y7                 1.963      0.332      5.916      0.000
    Y8                 1.244      0.360      3.456      0.001
    X1                 6.943      1.113      6.238      0.000
    X2                 3.194      0.517      6.171      0.000
    X3                 2.548      0.504      5.051      0.000

 Variances
    IND60              1.000      0.000    999.000    999.000

 Residual Variances
    Y1                 0.277      0.134      2.061      0.039
    Y2                 0.525      0.183      2.870      0.004
    Y3                 0.426      0.135      3.157      0.002
    Y4                 0.298      0.116      2.564      0.010
    Y5                 0.333      0.108      3.089      0.002
    Y6                 0.430      0.148      2.903      0.004
    Y7                 0.357      0.157      2.278      0.023
    Y8                 0.313      0.120      2.617      0.009
    X1                 0.154      0.078      1.979      0.048
    X2                 0.053      0.047      1.130      0.259
    X3                 0.239      0.104      2.311      0.021
    DEM60              0.800      0.143      5.573      0.000
    DEM65              0.035      0.063      0.561      0.575


STDY Standardization

                                                    Two-Tailed
                    Estimate       S.E.  Est./S.E.    P-Value

 DEM60    BY
    Y1                 0.850      0.079     10.774      0.000
    Y2                 0.690      0.133      5.202      0.000
    Y3                 0.758      0.089      8.519      0.000
    Y4                 0.838      0.069     12.063      0.000

 DEM65    BY
    Y5                 0.817      0.066     12.390      0.000
    Y6                 0.755      0.098      7.687      0.000
    Y7                 0.802      0.098      8.189      0.000
    Y8                 0.829      0.072     11.487      0.000

 IND60    BY
    X1                 0.920      0.042     21.821      0.000
    X2                 0.973      0.024     39.985      0.000
    X3                 0.872      0.059     14.686      0.000

 DEM60    ON
    IND60              0.448      0.160      2.793      0.005

 DEM65    ON
    IND60              0.187      0.112      1.672      0.095
    DEM60              0.884      0.074     11.932      0.000

 Y1       WITH
    Y5                 0.281      0.181      1.557      0.120

 Y2       WITH
    Y6                 0.356      0.141      2.527      0.012
    Y4                 0.291      0.234      1.242      0.214

 Y3       WITH
    Y7                 0.169      0.228      0.743      0.457

 Y4       WITH
    Y8                 0.111      0.225      0.494      0.621

 Y6       WITH
    Y8                 0.338      0.156      2.167      0.030

 Intercepts
    Y1                 2.111      0.440      4.795      0.000
    Y2                 1.120      0.355      3.154      0.002
    Y3                 1.924      0.361      5.335      0.000
    Y4                 1.354      0.348      3.897      0.000
    Y5                 1.948      0.398      4.895      0.000
    Y6                 0.876      0.368      2.385      0.017
    Y7                 1.963      0.332      5.916      0.000
    Y8                 1.244      0.360      3.456      0.001
    X1                 6.943      1.113      6.238      0.000
    X2                 3.194      0.517      6.171      0.000
    X3                 2.548      0.504      5.051      0.000

 Variances
    IND60              1.000      0.000    999.000    999.000

 Residual Variances
    Y1                 0.277      0.134      2.061      0.039
    Y2                 0.525      0.183      2.870      0.004
    Y3                 0.426      0.135      3.157      0.002
    Y4                 0.298      0.116      2.564      0.010
    Y5                 0.333      0.108      3.089      0.002
    Y6                 0.430      0.148      2.903      0.004
    Y7                 0.357      0.157      2.278      0.023
    Y8                 0.313      0.120      2.617      0.009
    X1                 0.154      0.078      1.979      0.048
    X2                 0.053      0.047      1.130      0.259
    X3                 0.239      0.104      2.311      0.021
    DEM60              0.800      0.143      5.573      0.000
    DEM65              0.035      0.063      0.561      0.575


STD Standardization

                                                    Two-Tailed
                    Estimate       S.E.  Est./S.E.    P-Value

 DEM60    BY
    Y1                 2.201      0.574      3.833      0.000
    Y2                 2.621      0.780      3.362      0.001
    Y3                 2.586      0.740      3.496      0.000
    Y4                 2.754      0.651      4.232      0.000

 DEM65    BY
    Y5                 2.154      0.511      4.213      0.000
    Y6                 2.565      0.722      3.550      0.000
    Y7                 2.530      0.635      3.981      0.000
    Y8                 2.694      0.610      4.418      0.000

 IND60    BY
    X1                 0.670      0.121      5.549      0.000
    X2                 1.460      0.249      5.875      0.000
    X3                 1.218      0.280      4.357      0.000

 DEM60    ON
    IND60              0.448      0.160      2.793      0.005

 DEM65    ON
    IND60              0.187      0.112      1.672      0.095
    DEM60              0.884      0.074     11.932      0.000

 Y1       WITH
    Y5                 0.583      0.487      1.196      0.232

 Y2       WITH
    Y6                 2.183      1.181      1.848      0.065
    Y4                 1.440      1.475      0.976      0.329

 Y3       WITH
    Y7                 0.712      1.135      0.627      0.531

 Y4       WITH
    Y8                 0.363      0.771      0.470      0.638

 Y6       WITH
    Y8                 1.372      0.756      1.815      0.070

 Intercepts
    Y1                 5.465      0.513     10.658      0.000
    Y2                 4.256      0.939      4.532      0.000
    Y3                 6.563      0.768      8.551      0.000
    Y4                 4.453      0.790      5.639      0.000
    Y5                 5.136      0.496     10.361      0.000
    Y6                 2.978      0.841      3.541      0.000
    Y7                 6.196      0.652      9.510      0.000
    Y8                 4.043      0.768      5.265      0.000
    X1                 5.054      0.139     36.484      0.000
    X2                 4.792      0.287     16.672      0.000
    X3                 3.558      0.260     13.675      0.000

 Variances
    IND60              1.000      0.000    999.000    999.000

 Residual Variances
    Y1                 1.855      0.770      2.409      0.016
    Y2                 7.581      3.647      2.079      0.038
    Y3                 4.956      1.676      2.957      0.003
    Y4                 3.224      1.167      2.764      0.006
    Y5                 2.313      0.714      3.241      0.001
    Y6                 4.968      1.523      3.261      0.001
    Y7                 3.560      1.455      2.447      0.014
    Y8                 3.308      0.890      3.715      0.000
    X1                 0.081      0.035      2.306      0.021
    X2                 0.120      0.097      1.240      0.215
    X3                 0.467      0.136      3.437      0.001
    DEM60              0.800      0.143      5.573      0.000
    DEM65              0.035      0.063      0.561      0.575


R-SQUARE

    Observed                                        Two-Tailed
    Variable        Estimate       S.E.  Est./S.E.    P-Value

    Y1                 0.723      0.134      5.387      0.000
    Y2                 0.475      0.183      2.601      0.009
    Y3                 0.574      0.135      4.259      0.000
    Y4                 0.702      0.116      6.031      0.000
    Y5                 0.667      0.108      6.195      0.000
    Y6                 0.570      0.148      3.844      0.000
    Y7                 0.643      0.157      4.095      0.000
    Y8                 0.687      0.120      5.743      0.000
    X1                 0.846      0.078     10.911      0.000
    X2                 0.947      0.047     19.993      0.000
    X3                 0.761      0.104      7.343      0.000

     Latent                                         Two-Tailed
    Variable        Estimate       S.E.  Est./S.E.    P-Value

    DEM60              0.200      0.143      1.396      0.163
    DEM65              0.965      0.063     15.250      0.000


QUALITY OF NUMERICAL RESULTS

     Condition Number for the Information Matrix              0.437E-04
       (ratio of smallest to largest eigenvalue)


     Beginning Time:  20:47:15
        Ending Time:  20:47:15
       Elapsed Time:  00:00:00



MUTHEN & MUTHEN
3463 Stoner Ave.
Los Angeles, CA  90066

Tel: (310) 391-9971
Fax: (310) 391-8971
Web: www.StatModel.com
Support: Support@StatModel.com

Copyright (c) 1998-2018 Muthen & Muthen
