# lavaan TESTsuite -- lavaan version  0.6-17 
# date:  Sat Jan 20 20:49:25 2024 
# file:  Bollen.mean.GLS.out 

      lhs op   rhs group        type   lav   mpl delta
1   dem60 =~    y1     1         est 1.000 1.000 0.000
2   dem60 =~    y2     1         est 1.183 1.183 0.000
3   dem60 =~    y3     1         est 1.224 1.224 0.000
4   dem60 =~    y4     1         est 1.226 1.226 0.000
5   dem65 =~    y5     1         est 1.000 1.000 0.000
6   dem65 =~    y6     1         est 1.183 1.183 0.000
7   dem65 =~    y7     1         est 1.224 1.224 0.000
8   dem65 =~    y8     1         est 1.226 1.226 0.000
9   ind60 =~    x1     1         est 1.000 1.000 0.000
10  ind60 =~    x2     1         est 2.240 2.240 0.000
11  ind60 =~    x3     1         est 1.886 1.886 0.000
12  dem60  ~ ind60     1         est 1.808 1.808 0.000
13  dem65  ~ ind60     1         est 0.716 0.716 0.000
14  dem65  ~ dem60     1         est 0.801 0.801 0.000
15     y1 ~~    y5     1         est 0.409 0.409 0.000
16     y2 ~~    y4     1         est 1.534 1.534 0.000
17     y2 ~~    y6     1         est 1.314 1.314 0.000
18     y3 ~~    y7     1         est 0.740 0.740 0.000
19     y4 ~~    y8     1         est 0.294 0.294 0.000
20     y6 ~~    y8     1         est 0.941 0.941 0.000
21     y1 ~~    y1     1         est 1.419 1.419 0.000
22     y2 ~~    y2     1         est 6.300 6.300 0.000
23     y3 ~~    y3     1         est 3.821 3.821 0.000
24     y4 ~~    y4     1         est 2.841 2.841 0.000
25     y5 ~~    y5     1         est 1.849 1.849 0.000
26     y6 ~~    y6     1         est 3.707 3.707 0.000
27     y7 ~~    y7     1         est 3.020 3.020 0.000
28     y8 ~~    y8     1         est 2.794 2.794 0.000
29     x1 ~~    x1     1         est 0.051 0.051 0.000
30     x2 ~~    x2     1         est 0.154 0.154 0.000
31     x3 ~~    x3     1         est 0.404 0.404 0.000
32  dem60 ~~ dem60     1         est 3.241 3.241 0.000
33  dem65 ~~ dem65     1         est 0.219 0.219 0.000
34  ind60 ~~ ind60     1         est 0.359 0.359 0.000
35     y1 ~1           1         est 5.465 5.465 0.000
36     y2 ~1           1         est 4.256 4.256 0.000
37     y3 ~1           1         est 6.563 6.563 0.000
38     y4 ~1           1         est 4.453 4.453 0.000
39     y5 ~1           1         est 5.136 5.136 0.000
40     y6 ~1           1         est 2.978 2.978 0.000
41     y7 ~1           1         est 6.196 6.196 0.000
42     y8 ~1           1         est 4.043 4.043 0.000
43     x1 ~1           1         est 5.054 5.054 0.000
44     x2 ~1           1         est 4.792 4.792 0.000
45     x3 ~1           1         est 3.558 3.558 0.000
46  dem60 =~    y1     1          se 0.000 0.000 0.000
47  dem60 =~    y2     1          se 0.150 0.150 0.000
48  dem60 =~    y3     1          se 0.134 0.134 0.000
49  dem60 =~    y4     1          se 0.131 0.131 0.000
50  dem65 =~    y5     1          se 0.000 0.000 0.000
51  dem65 =~    y6     1          se 0.150 0.150 0.000
52  dem65 =~    y7     1          se 0.134 0.134 0.000
53  dem65 =~    y8     1          se 0.131 0.131 0.000
54  ind60 =~    x1     1          se 0.000 0.000 0.000
55  ind60 =~    x2     1          se 0.160 0.160 0.000
56  ind60 =~    x3     1          se 0.180 0.180 0.000
57  dem60  ~ ind60     1          se 0.445 0.445 0.000
58  dem65  ~ ind60     1          se 0.281 0.281 0.000
59  dem65  ~ dem60     1          se 0.082 0.082 0.000
60     y1 ~~    y5     1          se 0.330 0.330 0.000
61     y2 ~~    y4     1          se 0.684 0.684 0.000
62     y2 ~~    y6     1          se 0.677 0.677 0.000
63     y3 ~~    y7     1          se 0.594 0.594 0.000
64     y4 ~~    y8     1          se 0.414 0.414 0.000
65     y6 ~~    y8     1          se 0.546 0.546 0.000
66     y1 ~~    y1     1          se 0.401 0.401 0.000
67     y2 ~~    y2     1          se 1.316 1.316 0.000
68     y3 ~~    y3     1          se 0.933 0.933 0.000
69     y4 ~~    y4     1          se 0.697 0.697 0.000
70     y5 ~~    y5     1          se 0.449 0.449 0.000
71     y6 ~~    y6     1          se 0.865 0.865 0.000
72     y7 ~~    y7     1          se 0.674 0.674 0.000
73     y8 ~~    y8     1          se 0.668 0.668 0.000
74     x1 ~~    x1     1          se 0.016 0.016 0.000
75     x2 ~~    x2     1          se 0.066 0.066 0.000
76     x3 ~~    x3     1          se 0.087 0.087 0.000
77  dem60 ~~ dem60     1          se 0.811 0.811 0.000
78  dem65 ~~ dem65     1          se 0.215 0.215 0.000
79  ind60 ~~ ind60     1          se 0.080 0.080 0.000
80     y1 ~1           1          se 0.305 0.303 0.002
81     y2 ~1           1          se 0.459 0.456 0.003
82     y3 ~1           1          se 0.381 0.379 0.002
83     y4 ~1           1          se 0.389 0.387 0.002
84     y5 ~1           1          se 0.304 0.302 0.002
85     y6 ~1           1          se 0.392 0.389 0.003
86     y7 ~1           1          se 0.382 0.379 0.003
87     y8 ~1           1          se 0.377 0.375 0.002
88     x1 ~1           1          se 0.085 0.085 0.000
89     x2 ~1           1          se 0.176 0.174 0.002
90     x3 ~1           1          se 0.163 0.162 0.001
91  dem60 =~    y1     1     est.std 2.101 2.101 0.000
92  dem60 =~    y2     1     est.std 2.486 2.486 0.000
93  dem60 =~    y3     1     est.std 2.571 2.571 0.000
94  dem60 =~    y4     1     est.std 2.576 2.576 0.000
95  dem65 =~    y5     1     est.std 1.994 1.994 0.000
96  dem65 =~    y6     1     est.std 2.360 2.360 0.000
97  dem65 =~    y7     1     est.std 2.441 2.441 0.000
98  dem65 =~    y8     1     est.std 2.445 2.445 0.000
99  ind60 =~    x1     1     est.std 0.599 0.599 0.000
100 ind60 =~    x2     1     est.std 1.341 1.341 0.000
101 ind60 =~    x3     1     est.std 1.129 1.129 0.000
102 dem60  ~ ind60     1     est.std 0.515 0.515 0.000
103 dem65  ~ ind60     1     est.std 0.215 0.215 0.000
104 dem65  ~ dem60     1     est.std 0.844 0.844 0.000
105    y1 ~~    y5     1     est.std 0.409 0.409 0.000
106    y2 ~~    y4     1     est.std 1.534 1.534 0.000
107    y2 ~~    y6     1     est.std 1.314 1.314 0.000
108    y3 ~~    y7     1     est.std 0.740 0.740 0.000
109    y4 ~~    y8     1     est.std 0.294 0.294 0.000
110    y6 ~~    y8     1     est.std 0.941 0.941 0.000
111    y1 ~~    y1     1     est.std 1.419 1.419 0.000
112    y2 ~~    y2     1     est.std 6.300 6.300 0.000
113    y3 ~~    y3     1     est.std 3.821 3.821 0.000
114    y4 ~~    y4     1     est.std 2.841 2.841 0.000
115    y5 ~~    y5     1     est.std 1.849 1.849 0.000
116    y6 ~~    y6     1     est.std 3.707 3.707 0.000
117    y7 ~~    y7     1     est.std 3.020 3.020 0.000
118    y8 ~~    y8     1     est.std 2.794 2.794 0.000
119    x1 ~~    x1     1     est.std 0.051 0.051 0.000
120    x2 ~~    x2     1     est.std 0.154 0.154 0.000
121    x3 ~~    x3     1     est.std 0.404 0.404 0.000
122 dem60 ~~ dem60     1     est.std 0.734 0.734 0.000
123 dem65 ~~ dem65     1     est.std 0.055 0.055 0.000
124 ind60 ~~ ind60     1     est.std 1.000 1.000 0.000
125    y1 ~1           1     est.std 5.465 5.465 0.000
126    y2 ~1           1     est.std 4.256 4.256 0.000
127    y3 ~1           1     est.std 6.563 6.563 0.000
128    y4 ~1           1     est.std 4.453 4.453 0.000
129    y5 ~1           1     est.std 5.136 5.136 0.000
130    y6 ~1           1     est.std 2.978 2.978 0.000
131    y7 ~1           1     est.std 6.196 6.196 0.000
132    y8 ~1           1     est.std 4.043 4.043 0.000
133    x1 ~1           1     est.std 5.054 5.054 0.000
134    x2 ~1           1     est.std 4.792 4.792 0.000
135    x3 ~1           1     est.std 3.558 3.558 0.000
136 dem60 =~    y1     1 est.std.all 0.870 0.870 0.000
137 dem60 =~    y2     1 est.std.all 0.704 0.704 0.000
138 dem60 =~    y3     1 est.std.all 0.796 0.796 0.000
139 dem60 =~    y4     1 est.std.all 0.837 0.837 0.000
140 dem65 =~    y5     1 est.std.all 0.826 0.826 0.000
141 dem65 =~    y6     1 est.std.all 0.775 0.775 0.000
142 dem65 =~    y7     1 est.std.all 0.815 0.815 0.000
143 dem65 =~    y8     1 est.std.all 0.826 0.826 0.000
144 ind60 =~    x1     1 est.std.all 0.935 0.935 0.000
145 ind60 =~    x2     1 est.std.all 0.960 0.960 0.000
146 ind60 =~    x3     1 est.std.all 0.871 0.871 0.000
147 dem60  ~ ind60     1 est.std.all 0.515 0.515 0.000
148 dem65  ~ ind60     1 est.std.all 0.215 0.215 0.000
149 dem65  ~ dem60     1 est.std.all 0.844 0.844 0.000
150    y1 ~~    y5     1 est.std.all 0.252 0.252 0.000
151    y2 ~~    y4     1 est.std.all 0.362 0.362 0.000
152    y2 ~~    y6     1 est.std.all 0.272 0.272 0.000
153    y3 ~~    y7     1 est.std.all 0.218 0.218 0.000
154    y4 ~~    y8     1 est.std.all 0.104 0.104 0.000
155    y6 ~~    y8     1 est.std.all 0.293 0.292 0.001
156    y1 ~~    y1     1 est.std.all 0.243 0.243 0.000
157    y2 ~~    y2     1 est.std.all 0.505 0.505 0.000
158    y3 ~~    y3     1 est.std.all 0.366 0.366 0.000
159    y4 ~~    y4     1 est.std.all 0.300 0.300 0.000
160    y5 ~~    y5     1 est.std.all 0.317 0.317 0.000
161    y6 ~~    y6     1 est.std.all 0.400 0.400 0.000
162    y7 ~~    y7     1 est.std.all 0.336 0.336 0.000
163    y8 ~~    y8     1 est.std.all 0.318 0.318 0.000
164    x1 ~~    x1     1 est.std.all 0.126 0.126 0.000
165    x2 ~~    x2     1 est.std.all 0.079 0.079 0.000
166    x3 ~~    x3     1 est.std.all 0.241 0.241 0.000
167 dem60 ~~ dem60     1 est.std.all 0.734 0.734 0.000
168 dem65 ~~ dem65     1 est.std.all 0.055 0.055 0.000
169 ind60 ~~ ind60     1 est.std.all 1.000 1.000 0.000
170    y1 ~1           1 est.std.all 2.263 2.263 0.000
171    y2 ~1           1 est.std.all 1.205 1.205 0.000
172    y3 ~1           1 est.std.all 2.032 2.032 0.000
173    y4 ~1           1 est.std.all 1.446 1.446 0.000
174    y5 ~1           1 est.std.all 2.128 2.128 0.000
175    y6 ~1           1 est.std.all 0.978 0.978 0.000
176    y7 ~1           1 est.std.all 2.068 2.068 0.000
177    y8 ~1           1 est.std.all 1.365 1.365 0.000
178    x1 ~1           1 est.std.all 7.892 7.892 0.000
179    x2 ~1           1 est.std.all 3.429 3.429 0.000
180    x3 ~1           1 est.std.all 2.745 2.745 0.000
181 dem60 =~    y1     1 est.std.nox 0.870 0.870 0.000
182 dem60 =~    y2     1 est.std.nox 0.704 0.704 0.000
183 dem60 =~    y3     1 est.std.nox 0.796 0.796 0.000
184 dem60 =~    y4     1 est.std.nox 0.837 0.837 0.000
185 dem65 =~    y5     1 est.std.nox 0.826 0.826 0.000
186 dem65 =~    y6     1 est.std.nox 0.775 0.775 0.000
187 dem65 =~    y7     1 est.std.nox 0.815 0.815 0.000
188 dem65 =~    y8     1 est.std.nox 0.826 0.826 0.000
189 ind60 =~    x1     1 est.std.nox 0.935 0.935 0.000
190 ind60 =~    x2     1 est.std.nox 0.960 0.960 0.000
191 ind60 =~    x3     1 est.std.nox 0.871 0.871 0.000
192 dem60  ~ ind60     1 est.std.nox 0.515 0.515 0.000
193 dem65  ~ ind60     1 est.std.nox 0.215 0.215 0.000
194 dem65  ~ dem60     1 est.std.nox 0.844 0.844 0.000
195    y1 ~~    y5     1 est.std.nox 0.252 0.252 0.000
196    y2 ~~    y4     1 est.std.nox 0.362 0.362 0.000
197    y2 ~~    y6     1 est.std.nox 0.272 0.272 0.000
198    y3 ~~    y7     1 est.std.nox 0.218 0.218 0.000
199    y4 ~~    y8     1 est.std.nox 0.104 0.104 0.000
200    y6 ~~    y8     1 est.std.nox 0.293 0.292 0.001
201    y1 ~~    y1     1 est.std.nox 0.243 0.243 0.000
202    y2 ~~    y2     1 est.std.nox 0.505 0.505 0.000
203    y3 ~~    y3     1 est.std.nox 0.366 0.366 0.000
204    y4 ~~    y4     1 est.std.nox 0.300 0.300 0.000
205    y5 ~~    y5     1 est.std.nox 0.317 0.317 0.000
206    y6 ~~    y6     1 est.std.nox 0.400 0.400 0.000
207    y7 ~~    y7     1 est.std.nox 0.336 0.336 0.000
208    y8 ~~    y8     1 est.std.nox 0.318 0.318 0.000
209    x1 ~~    x1     1 est.std.nox 0.126 0.126 0.000
210    x2 ~~    x2     1 est.std.nox 0.079 0.079 0.000
211    x3 ~~    x3     1 est.std.nox 0.241 0.241 0.000
212 dem60 ~~ dem60     1 est.std.nox 0.734 0.734 0.000
213 dem65 ~~ dem65     1 est.std.nox 0.055 0.055 0.000
214 ind60 ~~ ind60     1 est.std.nox 1.000 1.000 0.000
215    y1 ~1           1 est.std.nox 2.263 2.263 0.000
216    y2 ~1           1 est.std.nox 1.205 1.205 0.000
217    y3 ~1           1 est.std.nox 2.032 2.032 0.000
218    y4 ~1           1 est.std.nox 1.446 1.446 0.000
219    y5 ~1           1 est.std.nox 2.128 2.128 0.000
220    y6 ~1           1 est.std.nox 0.978 0.978 0.000
221    y7 ~1           1 est.std.nox 2.068 2.068 0.000
222    y8 ~1           1 est.std.nox 1.365 1.365 0.000
223    x1 ~1           1 est.std.nox 7.892 7.892 0.000
224    x2 ~1           1 est.std.nox 3.429 3.429 0.000
225    x3 ~1           1 est.std.nox 2.745 2.745 0.000

                     fit     lav     mpl  delta
1                   npar  39.000  39.000  0.000
2                   fmin   0.257      NA     NA
3                  chisq  38.620  38.620  0.000
4                     df  38.000  38.000  0.000
5                 pvalue   0.442   0.442  0.000
6         baseline.chisq 113.924 113.924  0.000
7            baseline.df  55.000  55.000  0.000
8        baseline.pvalue   0.000   0.000  0.000
9                    cfi   0.989   0.989  0.000
10                   tli   0.985   0.985  0.000
11                  nnfi   0.985      NA     NA
12                   rfi   0.509      NA     NA
13                   nfi   0.661      NA     NA
14                  pnfi   0.457      NA     NA
15                   ifi   0.992      NA     NA
16                   rni   0.989      NA     NA
17                 rmsea   0.015   0.015  0.000
18        rmsea.ci.lower   0.000   0.000  0.000
19        rmsea.ci.upper   0.083   0.083  0.000
20        rmsea.ci.level   0.900      NA     NA
21          rmsea.pvalue   0.721   0.724 -0.003
22        rmsea.close.h0   0.050      NA     NA
23 rmsea.notclose.pvalue   0.063      NA     NA
24     rmsea.notclose.h0   0.080      NA     NA
25                   rmr   0.923      NA     NA
26            rmr_nomean   0.997      NA     NA
27                  srmr   0.101   0.101  0.000
28          srmr_bentler   0.101      NA     NA
29   srmr_bentler_nomean   0.109      NA     NA
30                  crmr   0.065      NA     NA
31           crmr_nomean   0.072      NA     NA
32            srmr_mplus   0.154      NA     NA
33     srmr_mplus_nomean   0.094      NA     NA
34                 cn_05 103.290      NA     NA
35                 cn_01 118.194      NA     NA
36                   gfi   0.996      NA     NA
37                  agfi   0.991      NA     NA
38                  pgfi   0.491      NA     NA
39                   mfi   0.996      NA     NA
40                  ecvi   1.576      NA     NA
