Mplus VERSION 8 (Linux)
MUTHEN & MUTHEN
10/17/2017  10:18 AM

INPUT INSTRUCTIONS

  Title:     Bollen's political democracy example
  Data:      File      = democindus.txt;
             listwise  = on;
  Variable:  Names     = y1 y2 y3 y4 y5 y6 y7 y8 x1 x2 x3;
  Analysis:
  !          model=nomeanstructure;
             estimator=MLMV;
  !          information=expected;
             convergence=0.0000001;
  Model:
             dem60 by y1 (1);
             dem60 by y2 (2);
             dem60 by y3 (3);
             dem60 by y4 (4);
             dem65 by y5 (1);
             dem65 by y6 (2);
             dem65 by y7 (3);
             dem65 by y8 (4);
             ind60 by x1 x2 x3;
             dem60 on ind60;
             dem65 on ind60 dem60;
             y1 y2 y3 y4 y2 y6 pwith y5 y6 y7 y8 y4 y8;
  Output:    standardized;



INPUT READING TERMINATED NORMALLY



Bollen's political democracy example

SUMMARY OF ANALYSIS

Number of groups                                                 1
Number of observations                                          75

Number of dependent variables                                   11
Number of independent variables                                  0
Number of continuous latent variables                            3

Observed dependent variables

  Continuous
   Y1          Y2          Y3          Y4          Y5          Y6
   Y7          Y8          X1          X2          X3

Continuous latent variables
   DEM60       DEM65       IND60


Estimator                                                     MLMV
Information matrix                                        EXPECTED
Maximum number of iterations                                  1000
Convergence criterion                                    0.100D-06
Maximum number of steepest descent iterations                   20

Input data file(s)
  democindus.txt

Input data format  FREE



UNIVARIATE SAMPLE STATISTICS


     UNIVARIATE HIGHER-ORDER MOMENT DESCRIPTIVE STATISTICS

         Variable/         Mean/     Skewness/   Minimum/ % with                Percentiles
        Sample Size      Variance    Kurtosis    Maximum  Min/Max      20%/60%    40%/80%    Median

     Y1                    5.465      -0.093       1.250   10.67%       2.500      5.000      5.400
              75.000       6.787      -1.104      10.000    6.67%       6.900      7.500
     Y2                    4.256       0.325       0.000   34.67%       0.000      3.333      3.333
              75.000      15.372      -1.426      10.000   21.33%       4.800     10.000
     Y3                    6.563      -0.606       0.000   10.67%       3.333      6.667      6.667
              75.000      10.621      -0.657      10.000    1.33%       6.667     10.000
     Y4                    4.453       0.120       0.000   22.67%       0.000      3.333      3.333
              75.000      11.069      -1.164      10.000   10.67%       6.667      6.667
     Y5                    5.136      -0.233       0.000    6.67%       2.500      5.000      5.000
              75.000       6.735      -0.718      10.000    2.67%       6.250      7.500
     Y6                    2.978       0.911       0.000   40.00%       0.000      0.000      2.233
              75.000      11.224      -0.400      10.000   10.67%       3.333      6.667
     Y7                    6.196      -0.565       0.000   13.33%       3.333      6.667      6.667
              75.000      10.655      -0.672      10.000   26.67%       6.667     10.000
     Y8                    4.043       0.455       0.000   16.00%       0.368      3.333      3.333
              75.000      10.393      -0.906      10.000   12.00%       3.333      6.667
     X1                    5.054       0.259       3.784    1.33%       4.317      4.727      5.075
              75.000       0.530      -0.693       6.737    1.33%       5.226      5.631
     X2                    4.792      -0.353       1.386    1.33%       3.466      4.595      4.963
              75.000       2.252      -0.505       7.872    1.33%       5.236      6.203
     X3                    3.558       0.086       1.002    1.33%       2.113      3.167      3.568
              75.000       1.950      -0.880       6.425    1.33%       3.977      4.586


THE MODEL ESTIMATION TERMINATED NORMALLY



MODEL FIT INFORMATION

Number of Free Parameters                       39

Loglikelihood

          H0 Value                       -1548.818
          H1 Value                       -1528.728

Information Criteria

          Akaike (AIC)                    3175.636
          Bayesian (BIC)                  3266.018
          Sample-Size Adjusted BIC        3143.100
            (n* = (n + 2) / 24)

Chi-Square Test of Model Fit

          Value                             42.324*
          Degrees of Freedom                    38
          P-Value                           0.2897

*   The chi-square value for MLM, MLMV, MLR, ULSMV, WLSM and WLSMV cannot be used
    for chi-square difference testing in the regular way.  MLM, MLR and WLSM
    chi-square difference testing is described on the Mplus website.  MLMV, WLSMV,
    and ULSMV difference testing is done using the DIFFTEST option.

RMSEA (Root Mean Square Error Of Approximation)

          Estimate                           0.039
          90 Percent C.I.                    0.000  0.093
          Probability RMSEA <= .05           0.581

CFI/TLI

          CFI                                0.992
          TLI                                0.988

Chi-Square Test of Model Fit for the Baseline Model

          Value                            571.795
          Degrees of Freedom                    55
          P-Value                           0.0000

SRMR (Standardized Root Mean Square Residual)

          Value                              0.052

WRMR (Weighted Root Mean Square Residual)

          Value                              0.653



MODEL RESULTS

                                                    Two-Tailed
                    Estimate       S.E.  Est./S.E.    P-Value

 DEM60    BY
    Y1                 1.000      0.000    999.000    999.000
    Y2                 1.191      0.123      9.680      0.000
    Y3                 1.175      0.116     10.114      0.000
    Y4                 1.251      0.114     10.984      0.000

 DEM65    BY
    Y5                 1.000      0.000    999.000    999.000
    Y6                 1.191      0.123      9.680      0.000
    Y7                 1.175      0.116     10.114      0.000
    Y8                 1.251      0.114     10.984      0.000

 IND60    BY
    X1                 1.000      0.000    999.000    999.000
    X2                 2.180      0.123     17.778      0.000
    X3                 1.818      0.128     14.237      0.000

 DEM60    ON
    IND60              1.471      0.318      4.626      0.000

 DEM65    ON
    IND60              0.600      0.199      3.023      0.003
    DEM60              0.865      0.067     12.856      0.000

 Y1       WITH
    Y5                 0.583      0.387      1.507      0.132

 Y2       WITH
    Y6                 2.183      0.785      2.779      0.005
    Y4                 1.440      0.686      2.099      0.036

 Y3       WITH
    Y7                 0.712      0.524      1.359      0.174

 Y4       WITH
    Y8                 0.363      0.392      0.926      0.354

 Y6       WITH
    Y8                 1.372      0.710      1.931      0.054

 Intercepts
    Y1                 5.465      0.301     18.166      0.000
    Y2                 4.256      0.453      9.402      0.000
    Y3                 6.563      0.376     17.441      0.000
    Y4                 4.453      0.384     11.590      0.000
    Y5                 5.136      0.300     17.140      0.000
    Y6                 2.978      0.387      7.698      0.000
    Y7                 6.196      0.377     16.439      0.000
    Y8                 4.043      0.372     10.862      0.000
    X1                 5.054      0.084     60.127      0.000
    X2                 4.792      0.173     27.657      0.000
    X3                 3.558      0.161     22.066      0.000

 Variances
    IND60              0.449      0.069      6.543      0.000

 Residual Variances
    Y1                 1.855      0.318      5.827      0.000
    Y2                 7.581      1.273      5.957      0.000
    Y3                 4.956      0.925      5.360      0.000
    Y4                 3.224      0.742      4.345      0.000
    Y5                 2.313      0.532      4.350      0.000
    Y6                 4.968      0.832      5.974      0.000
    Y7                 3.560      0.513      6.944      0.000
    Y8                 3.308      0.841      3.932      0.000
    X1                 0.081      0.015      5.604      0.000
    X2                 0.120      0.075      1.609      0.108
    X3                 0.467      0.077      6.100      0.000
    DEM60              3.875      0.773      5.012      0.000
    DEM65              0.164      0.223      0.737      0.461


STANDARDIZED MODEL RESULTS


STDYX Standardization

                                                    Two-Tailed
                    Estimate       S.E.  Est./S.E.    P-Value

 DEM60    BY
    Y1                 0.850      0.034     25.169      0.000
    Y2                 0.690      0.058     11.890      0.000
    Y3                 0.758      0.050     15.113      0.000
    Y4                 0.838      0.043     19.414      0.000

 DEM65    BY
    Y5                 0.817      0.048     17.024      0.000
    Y6                 0.755      0.048     15.655      0.000
    Y7                 0.802      0.031     25.539      0.000
    Y8                 0.829      0.048     17.307      0.000

 IND60    BY
    X1                 0.920      0.019     48.111      0.000
    X2                 0.973      0.017     58.604      0.000
    X3                 0.872      0.026     33.746      0.000

 DEM60    ON
    IND60              0.448      0.098      4.561      0.000

 DEM65    ON
    IND60              0.187      0.062      2.995      0.003
    DEM60              0.884      0.049     18.098      0.000

 Y1       WITH
    Y5                 0.281      0.156      1.808      0.071

 Y2       WITH
    Y6                 0.356      0.120      2.972      0.003
    Y4                 0.291      0.109      2.665      0.008

 Y3       WITH
    Y7                 0.169      0.121      1.400      0.161

 Y4       WITH
    Y8                 0.111      0.117      0.953      0.340

 Y6       WITH
    Y8                 0.338      0.126      2.680      0.007

 Intercepts
    Y1                 2.111      0.175     12.057      0.000
    Y2                 1.120      0.108     10.326      0.000
    Y3                 1.924      0.189     10.180      0.000
    Y4                 1.354      0.129     10.467      0.000
    Y5                 1.948      0.164     11.851      0.000
    Y6                 0.876      0.087     10.083      0.000
    Y7                 1.963      0.207      9.478      0.000
    Y8                 1.244      0.107     11.605      0.000
    X1                 6.943      0.416     16.705      0.000
    X2                 3.194      0.274     11.636      0.000
    X3                 2.548      0.188     13.558      0.000

 Variances
    IND60              1.000      0.000    999.000    999.000

 Residual Variances
    Y1                 0.277      0.057      4.816      0.000
    Y2                 0.525      0.080      6.558      0.000
    Y3                 0.426      0.076      5.601      0.000
    Y4                 0.298      0.072      4.127      0.000
    Y5                 0.333      0.078      4.244      0.000
    Y6                 0.430      0.073      5.913      0.000
    Y7                 0.357      0.050      7.104      0.000
    Y8                 0.313      0.079      3.943      0.000
    X1                 0.154      0.035      4.364      0.000
    X2                 0.053      0.032      1.656      0.098
    X3                 0.239      0.045      5.309      0.000
    DEM60              0.800      0.088      9.100      0.000
    DEM65              0.035      0.049      0.726      0.468


STDY Standardization

                                                    Two-Tailed
                    Estimate       S.E.  Est./S.E.    P-Value

 DEM60    BY
    Y1                 0.850      0.034     25.169      0.000
    Y2                 0.690      0.058     11.890      0.000
    Y3                 0.758      0.050     15.113      0.000
    Y4                 0.838      0.043     19.414      0.000

 DEM65    BY
    Y5                 0.817      0.048     17.024      0.000
    Y6                 0.755      0.048     15.655      0.000
    Y7                 0.802      0.031     25.539      0.000
    Y8                 0.829      0.048     17.307      0.000

 IND60    BY
    X1                 0.920      0.019     48.111      0.000
    X2                 0.973      0.017     58.604      0.000
    X3                 0.872      0.026     33.746      0.000

 DEM60    ON
    IND60              0.448      0.098      4.561      0.000

 DEM65    ON
    IND60              0.187      0.062      2.995      0.003
    DEM60              0.884      0.049     18.098      0.000

 Y1       WITH
    Y5                 0.281      0.156      1.808      0.071

 Y2       WITH
    Y6                 0.356      0.120      2.972      0.003
    Y4                 0.291      0.109      2.665      0.008

 Y3       WITH
    Y7                 0.169      0.121      1.400      0.161

 Y4       WITH
    Y8                 0.111      0.117      0.953      0.340

 Y6       WITH
    Y8                 0.338      0.126      2.680      0.007

 Intercepts
    Y1                 2.111      0.175     12.057      0.000
    Y2                 1.120      0.108     10.326      0.000
    Y3                 1.924      0.189     10.180      0.000
    Y4                 1.354      0.129     10.467      0.000
    Y5                 1.948      0.164     11.851      0.000
    Y6                 0.876      0.087     10.083      0.000
    Y7                 1.963      0.207      9.478      0.000
    Y8                 1.244      0.107     11.605      0.000
    X1                 6.943      0.416     16.705      0.000
    X2                 3.194      0.274     11.636      0.000
    X3                 2.548      0.188     13.558      0.000

 Variances
    IND60              1.000      0.000    999.000    999.000

 Residual Variances
    Y1                 0.277      0.057      4.816      0.000
    Y2                 0.525      0.080      6.558      0.000
    Y3                 0.426      0.076      5.601      0.000
    Y4                 0.298      0.072      4.127      0.000
    Y5                 0.333      0.078      4.244      0.000
    Y6                 0.430      0.073      5.913      0.000
    Y7                 0.357      0.050      7.104      0.000
    Y8                 0.313      0.079      3.943      0.000
    X1                 0.154      0.035      4.364      0.000
    X2                 0.053      0.032      1.656      0.098
    X3                 0.239      0.045      5.309      0.000
    DEM60              0.800      0.088      9.100      0.000
    DEM65              0.035      0.049      0.726      0.468


STD Standardization

                                                    Two-Tailed
                    Estimate       S.E.  Est./S.E.    P-Value

 DEM60    BY
    Y1                 2.201      0.194     11.366      0.000
    Y2                 2.621      0.287      9.124      0.000
    Y3                 2.586      0.250     10.360      0.000
    Y4                 2.754      0.243     11.317      0.000

 DEM65    BY
    Y5                 2.154      0.201     10.700      0.000
    Y6                 2.565      0.278      9.225      0.000
    Y7                 2.530      0.230     10.982      0.000
    Y8                 2.694      0.257     10.479      0.000

 IND60    BY
    X1                 0.670      0.051     13.086      0.000
    X2                 1.460      0.103     14.150      0.000
    X3                 1.218      0.094     12.915      0.000

 DEM60    ON
    IND60              0.448      0.098      4.561      0.000

 DEM65    ON
    IND60              0.187      0.062      2.995      0.003
    DEM60              0.884      0.049     18.098      0.000

 Y1       WITH
    Y5                 0.583      0.387      1.507      0.132

 Y2       WITH
    Y6                 2.183      0.785      2.779      0.005
    Y4                 1.440      0.686      2.099      0.036

 Y3       WITH
    Y7                 0.712      0.524      1.359      0.174

 Y4       WITH
    Y8                 0.363      0.392      0.926      0.354

 Y6       WITH
    Y8                 1.372      0.710      1.931      0.054

 Intercepts
    Y1                 5.465      0.301     18.166      0.000
    Y2                 4.256      0.453      9.402      0.000
    Y3                 6.563      0.376     17.441      0.000
    Y4                 4.453      0.384     11.590      0.000
    Y5                 5.136      0.300     17.140      0.000
    Y6                 2.978      0.387      7.698      0.000
    Y7                 6.196      0.377     16.439      0.000
    Y8                 4.043      0.372     10.862      0.000
    X1                 5.054      0.084     60.127      0.000
    X2                 4.792      0.173     27.657      0.000
    X3                 3.558      0.161     22.066      0.000

 Variances
    IND60              1.000      0.000    999.000    999.000

 Residual Variances
    Y1                 1.855      0.318      5.827      0.000
    Y2                 7.581      1.273      5.957      0.000
    Y3                 4.956      0.925      5.360      0.000
    Y4                 3.224      0.742      4.345      0.000
    Y5                 2.313      0.532      4.350      0.000
    Y6                 4.968      0.832      5.974      0.000
    Y7                 3.560      0.513      6.944      0.000
    Y8                 3.308      0.841      3.932      0.000
    X1                 0.081      0.015      5.604      0.000
    X2                 0.120      0.075      1.609      0.108
    X3                 0.467      0.077      6.100      0.000
    DEM60              0.800      0.088      9.100      0.000
    DEM65              0.035      0.049      0.726      0.468


R-SQUARE

    Observed                                        Two-Tailed
    Variable        Estimate       S.E.  Est./S.E.    P-Value

    Y1                 0.723      0.057     12.584      0.000
    Y2                 0.475      0.080      5.945      0.000
    Y3                 0.574      0.076      7.557      0.000
    Y4                 0.702      0.072      9.707      0.000
    Y5                 0.667      0.078      8.512      0.000
    Y6                 0.570      0.073      7.828      0.000
    Y7                 0.643      0.050     12.770      0.000
    Y8                 0.687      0.079      8.653      0.000
    X1                 0.846      0.035     24.056      0.000
    X2                 0.947      0.032     29.302      0.000
    X3                 0.761      0.045     16.873      0.000

     Latent                                         Two-Tailed
    Variable        Estimate       S.E.  Est./S.E.    P-Value

    DEM60              0.200      0.088      2.280      0.023
    DEM65              0.965      0.049     19.739      0.000


QUALITY OF NUMERICAL RESULTS

     Condition Number for the Information Matrix              0.269E-03
       (ratio of smallest to largest eigenvalue)


     Beginning Time:  10:18:55
        Ending Time:  10:18:56
       Elapsed Time:  00:00:01



MUTHEN & MUTHEN
3463 Stoner Ave.
Los Angeles, CA  90066

Tel: (310) 391-9971
Fax: (310) 391-8971
Web: www.StatModel.com
Support: Support@StatModel.com

Copyright (c) 1998-2017 Muthen & Muthen
