# lavaan TESTsuite -- lavaan version  0.6-18 
# date:  Wed Jan 17 15:21:24 2024 
# file:  Bollen.mean.MLR.expected.out 

      lhs op   rhs group        type   lav   mpl delta
1   dem60 =~    y1     1         est 1.000 1.000 0.000
2   dem60 =~    y2     1         est 1.191 1.191 0.000
3   dem60 =~    y3     1         est 1.175 1.175 0.000
4   dem60 =~    y4     1         est 1.251 1.251 0.000
5   dem65 =~    y5     1         est 1.000 1.000 0.000
6   dem65 =~    y6     1         est 1.191 1.191 0.000
7   dem65 =~    y7     1         est 1.175 1.175 0.000
8   dem65 =~    y8     1         est 1.251 1.251 0.000
9   ind60 =~    x1     1         est 1.000 1.000 0.000
10  ind60 =~    x2     1         est 2.180 2.180 0.000
11  ind60 =~    x3     1         est 1.818 1.818 0.000
12  dem60  ~ ind60     1         est 1.471 1.471 0.000
13  dem65  ~ ind60     1         est 0.600 0.600 0.000
14  dem65  ~ dem60     1         est 0.865 0.865 0.000
15     y1 ~~    y5     1         est 0.583 0.583 0.000
16     y2 ~~    y4     1         est 1.440 1.440 0.000
17     y2 ~~    y6     1         est 2.183 2.183 0.000
18     y3 ~~    y7     1         est 0.712 0.712 0.000
19     y4 ~~    y8     1         est 0.363 0.363 0.000
20     y6 ~~    y8     1         est 1.372 1.372 0.000
21     y1 ~~    y1     1         est 1.855 1.855 0.000
22     y2 ~~    y2     1         est 7.581 7.581 0.000
23     y3 ~~    y3     1         est 4.956 4.956 0.000
24     y4 ~~    y4     1         est 3.225 3.224 0.001
25     y5 ~~    y5     1         est 2.313 2.313 0.000
26     y6 ~~    y6     1         est 4.968 4.968 0.000
27     y7 ~~    y7     1         est 3.560 3.560 0.000
28     y8 ~~    y8     1         est 3.308 3.308 0.000
29     x1 ~~    x1     1         est 0.081 0.081 0.000
30     x2 ~~    x2     1         est 0.120 0.120 0.000
31     x3 ~~    x3     1         est 0.467 0.467 0.000
32  dem60 ~~ dem60     1         est 3.875 3.875 0.000
33  dem65 ~~ dem65     1         est 0.164 0.164 0.000
34  ind60 ~~ ind60     1         est 0.449 0.449 0.000
35     y1 ~1           1         est 5.465 5.465 0.000
36     y2 ~1           1         est 4.256 4.256 0.000
37     y3 ~1           1         est 6.563 6.563 0.000
38     y4 ~1           1         est 4.453 4.453 0.000
39     y5 ~1           1         est 5.136 5.136 0.000
40     y6 ~1           1         est 2.978 2.978 0.000
41     y7 ~1           1         est 6.196 6.196 0.000
42     y8 ~1           1         est 4.043 4.043 0.000
43     x1 ~1           1         est 5.054 5.054 0.000
44     x2 ~1           1         est 4.792 4.792 0.000
45     x3 ~1           1         est 3.558 3.558 0.000
46  dem60 =~    y1     1          se 0.000 0.000 0.000
47  dem60 =~    y2     1          se 0.133 0.133 0.000
48  dem60 =~    y3     1          se 0.118 0.118 0.000
49  dem60 =~    y4     1          se 0.121 0.121 0.000
50  dem65 =~    y5     1          se 0.000 0.000 0.000
51  dem65 =~    y6     1          se 0.133 0.133 0.000
52  dem65 =~    y7     1          se 0.118 0.118 0.000
53  dem65 =~    y8     1          se 0.121 0.121 0.000
54  ind60 =~    x1     1          se 0.000 0.000 0.000
55  ind60 =~    x2     1          se 0.143 0.143 0.000
56  ind60 =~    x3     1          se 0.139 0.139 0.000
57  dem60  ~ ind60     1          se 0.351 0.351 0.000
58  dem65  ~ ind60     1          se 0.211 0.211 0.000
59  dem65  ~ dem60     1          se 0.062 0.062 0.000
60     y1 ~~    y5     1          se 0.420 0.420 0.000
61     y2 ~~    y4     1          se 0.699 0.699 0.000
62     y2 ~~    y6     1          se 0.881 0.881 0.000
63     y3 ~~    y7     1          se 0.586 0.586 0.000
64     y4 ~~    y8     1          se 0.398 0.398 0.000
65     y6 ~~    y8     1          se 0.738 0.738 0.000
66     y1 ~~    y1     1          se 0.399 0.399 0.000
67     y2 ~~    y2     1          se 1.227 1.227 0.000
68     y3 ~~    y3     1          se 1.008 1.008 0.000
69     y4 ~~    y4     1          se 0.741 0.741 0.000
70     y5 ~~    y5     1          se 0.571 0.571 0.000
71     y6 ~~    y6     1          se 0.992 0.992 0.000
72     y7 ~~    y7     1          se 0.575 0.575 0.000
73     y8 ~~    y8     1          se 0.842 0.842 0.000
74     x1 ~~    x1     1          se 0.018 0.018 0.000
75     x2 ~~    x2     1          se 0.073 0.073 0.000
76     x3 ~~    x3     1          se 0.086 0.086 0.000
77  dem60 ~~ dem60     1          se 0.817 0.817 0.000
78  dem65 ~~ dem65     1          se 0.238 0.238 0.000
79  ind60 ~~ ind60     1          se 0.072 0.072 0.000
80     y1 ~1           1          se 0.301 0.301 0.000
81     y2 ~1           1          se 0.453 0.453 0.000
82     y3 ~1           1          se 0.376 0.376 0.000
83     y4 ~1           1          se 0.384 0.384 0.000
84     y5 ~1           1          se 0.300 0.300 0.000
85     y6 ~1           1          se 0.387 0.387 0.000
86     y7 ~1           1          se 0.377 0.377 0.000
87     y8 ~1           1          se 0.372 0.372 0.000
88     x1 ~1           1          se 0.084 0.084 0.000
89     x2 ~1           1          se 0.173 0.173 0.000
90     x3 ~1           1          se 0.161 0.161 0.000
91  dem60 =~    y1     1     est.std 2.201 2.201 0.000
92  dem60 =~    y2     1     est.std 2.621 2.621 0.000
93  dem60 =~    y3     1     est.std 2.586 2.586 0.000
94  dem60 =~    y4     1     est.std 2.754 2.754 0.000
95  dem65 =~    y5     1     est.std 2.154 2.154 0.000
96  dem65 =~    y6     1     est.std 2.565 2.565 0.000
97  dem65 =~    y7     1     est.std 2.530 2.530 0.000
98  dem65 =~    y8     1     est.std 2.694 2.694 0.000
99  ind60 =~    x1     1     est.std 0.670 0.670 0.000
100 ind60 =~    x2     1     est.std 1.460 1.460 0.000
101 ind60 =~    x3     1     est.std 1.218 1.218 0.000
102 dem60  ~ ind60     1     est.std 0.448 0.448 0.000
103 dem65  ~ ind60     1     est.std 0.187 0.187 0.000
104 dem65  ~ dem60     1     est.std 0.884 0.884 0.000
105    y1 ~~    y5     1     est.std 0.583 0.583 0.000
106    y2 ~~    y4     1     est.std 1.440 1.440 0.000
107    y2 ~~    y6     1     est.std 2.183 2.183 0.000
108    y3 ~~    y7     1     est.std 0.712 0.712 0.000
109    y4 ~~    y8     1     est.std 0.363 0.363 0.000
110    y6 ~~    y8     1     est.std 1.372 1.372 0.000
111    y1 ~~    y1     1     est.std 1.855 1.855 0.000
112    y2 ~~    y2     1     est.std 7.581 7.581 0.000
113    y3 ~~    y3     1     est.std 4.956 4.956 0.000
114    y4 ~~    y4     1     est.std 3.225 3.224 0.001
115    y5 ~~    y5     1     est.std 2.313 2.313 0.000
116    y6 ~~    y6     1     est.std 4.968 4.968 0.000
117    y7 ~~    y7     1     est.std 3.560 3.560 0.000
118    y8 ~~    y8     1     est.std 3.308 3.308 0.000
119    x1 ~~    x1     1     est.std 0.081 0.081 0.000
120    x2 ~~    x2     1     est.std 0.120 0.120 0.000
121    x3 ~~    x3     1     est.std 0.467 0.467 0.000
122 dem60 ~~ dem60     1     est.std 0.800 0.800 0.000
123 dem65 ~~ dem65     1     est.std 0.035 0.035 0.000
124 ind60 ~~ ind60     1     est.std 1.000 1.000 0.000
125    y1 ~1           1     est.std 5.465 5.465 0.000
126    y2 ~1           1     est.std 4.256 4.256 0.000
127    y3 ~1           1     est.std 6.563 6.563 0.000
128    y4 ~1           1     est.std 4.453 4.453 0.000
129    y5 ~1           1     est.std 5.136 5.136 0.000
130    y6 ~1           1     est.std 2.978 2.978 0.000
131    y7 ~1           1     est.std 6.196 6.196 0.000
132    y8 ~1           1     est.std 4.043 4.043 0.000
133    x1 ~1           1     est.std 5.054 5.054 0.000
134    x2 ~1           1     est.std 4.792 4.792 0.000
135    x3 ~1           1     est.std 3.558 3.558 0.000
136 dem60 =~    y1     1 est.std.all 0.850 0.850 0.000
137 dem60 =~    y2     1 est.std.all 0.690 0.690 0.000
138 dem60 =~    y3     1 est.std.all 0.758 0.758 0.000
139 dem60 =~    y4     1 est.std.all 0.838 0.838 0.000
140 dem65 =~    y5     1 est.std.all 0.817 0.817 0.000
141 dem65 =~    y6     1 est.std.all 0.755 0.755 0.000
142 dem65 =~    y7     1 est.std.all 0.802 0.802 0.000
143 dem65 =~    y8     1 est.std.all 0.829 0.829 0.000
144 ind60 =~    x1     1 est.std.all 0.920 0.920 0.000
145 ind60 =~    x2     1 est.std.all 0.973 0.973 0.000
146 ind60 =~    x3     1 est.std.all 0.872 0.872 0.000
147 dem60  ~ ind60     1 est.std.all 0.448 0.448 0.000
148 dem65  ~ ind60     1 est.std.all 0.187 0.187 0.000
149 dem65  ~ dem60     1 est.std.all 0.884 0.884 0.000
150    y1 ~~    y5     1 est.std.all 0.281 0.281 0.000
151    y2 ~~    y4     1 est.std.all 0.291 0.291 0.000
152    y2 ~~    y6     1 est.std.all 0.356 0.356 0.000
153    y3 ~~    y7     1 est.std.all 0.169 0.169 0.000
154    y4 ~~    y8     1 est.std.all 0.111 0.111 0.000
155    y6 ~~    y8     1 est.std.all 0.338 0.338 0.000
156    y1 ~~    y1     1 est.std.all 0.277 0.277 0.000
157    y2 ~~    y2     1 est.std.all 0.525 0.525 0.000
158    y3 ~~    y3     1 est.std.all 0.426 0.426 0.000
159    y4 ~~    y4     1 est.std.all 0.298 0.298 0.000
160    y5 ~~    y5     1 est.std.all 0.333 0.333 0.000
161    y6 ~~    y6     1 est.std.all 0.430 0.430 0.000
162    y7 ~~    y7     1 est.std.all 0.357 0.357 0.000
163    y8 ~~    y8     1 est.std.all 0.313 0.313 0.000
164    x1 ~~    x1     1 est.std.all 0.154 0.154 0.000
165    x2 ~~    x2     1 est.std.all 0.053 0.053 0.000
166    x3 ~~    x3     1 est.std.all 0.239 0.239 0.000
167 dem60 ~~ dem60     1 est.std.all 0.800 0.800 0.000
168 dem65 ~~ dem65     1 est.std.all 0.035 0.035 0.000
169 ind60 ~~ ind60     1 est.std.all 1.000 1.000 0.000
170    y1 ~1           1 est.std.all 2.111 2.111 0.000
171    y2 ~1           1 est.std.all 1.120 1.120 0.000
172    y3 ~1           1 est.std.all 1.924 1.924 0.000
173    y4 ~1           1 est.std.all 1.354 1.354 0.000
174    y5 ~1           1 est.std.all 1.948 1.948 0.000
175    y6 ~1           1 est.std.all 0.876 0.876 0.000
176    y7 ~1           1 est.std.all 1.963 1.963 0.000
177    y8 ~1           1 est.std.all 1.244 1.244 0.000
178    x1 ~1           1 est.std.all 6.943 6.943 0.000
179    x2 ~1           1 est.std.all 3.194 3.194 0.000
180    x3 ~1           1 est.std.all 2.548 2.548 0.000
181 dem60 =~    y1     1 est.std.nox 0.850 0.850 0.000
182 dem60 =~    y2     1 est.std.nox 0.690 0.690 0.000
183 dem60 =~    y3     1 est.std.nox 0.758 0.758 0.000
184 dem60 =~    y4     1 est.std.nox 0.838 0.838 0.000
185 dem65 =~    y5     1 est.std.nox 0.817 0.817 0.000
186 dem65 =~    y6     1 est.std.nox 0.755 0.755 0.000
187 dem65 =~    y7     1 est.std.nox 0.802 0.802 0.000
188 dem65 =~    y8     1 est.std.nox 0.829 0.829 0.000
189 ind60 =~    x1     1 est.std.nox 0.920 0.920 0.000
190 ind60 =~    x2     1 est.std.nox 0.973 0.973 0.000
191 ind60 =~    x3     1 est.std.nox 0.872 0.872 0.000
192 dem60  ~ ind60     1 est.std.nox 0.448 0.448 0.000
193 dem65  ~ ind60     1 est.std.nox 0.187 0.187 0.000
194 dem65  ~ dem60     1 est.std.nox 0.884 0.884 0.000
195    y1 ~~    y5     1 est.std.nox 0.281 0.281 0.000
196    y2 ~~    y4     1 est.std.nox 0.291 0.291 0.000
197    y2 ~~    y6     1 est.std.nox 0.356 0.356 0.000
198    y3 ~~    y7     1 est.std.nox 0.169 0.169 0.000
199    y4 ~~    y8     1 est.std.nox 0.111 0.111 0.000
200    y6 ~~    y8     1 est.std.nox 0.338 0.338 0.000
201    y1 ~~    y1     1 est.std.nox 0.277 0.277 0.000
202    y2 ~~    y2     1 est.std.nox 0.525 0.525 0.000
203    y3 ~~    y3     1 est.std.nox 0.426 0.426 0.000
204    y4 ~~    y4     1 est.std.nox 0.298 0.298 0.000
205    y5 ~~    y5     1 est.std.nox 0.333 0.333 0.000
206    y6 ~~    y6     1 est.std.nox 0.430 0.430 0.000
207    y7 ~~    y7     1 est.std.nox 0.357 0.357 0.000
208    y8 ~~    y8     1 est.std.nox 0.313 0.313 0.000
209    x1 ~~    x1     1 est.std.nox 0.154 0.154 0.000
210    x2 ~~    x2     1 est.std.nox 0.053 0.053 0.000
211    x3 ~~    x3     1 est.std.nox 0.239 0.239 0.000
212 dem60 ~~ dem60     1 est.std.nox 0.800 0.800 0.000
213 dem65 ~~ dem65     1 est.std.nox 0.035 0.035 0.000
214 ind60 ~~ ind60     1 est.std.nox 1.000 1.000 0.000
215    y1 ~1           1 est.std.nox 2.111 2.111 0.000
216    y2 ~1           1 est.std.nox 1.120 1.120 0.000
217    y3 ~1           1 est.std.nox 1.924 1.924 0.000
218    y4 ~1           1 est.std.nox 1.354 1.354 0.000
219    y5 ~1           1 est.std.nox 1.948 1.948 0.000
220    y6 ~1           1 est.std.nox 0.876 0.876 0.000
221    y7 ~1           1 est.std.nox 1.963 1.963 0.000
222    y8 ~1           1 est.std.nox 1.244 1.244 0.000
223    x1 ~1           1 est.std.nox 6.943 6.943 0.000
224    x2 ~1           1 est.std.nox 3.194 3.194 0.000
225    x3 ~1           1 est.std.nox 2.548 2.548 0.000

                             fit       lav       mpl  delta
1                           npar    39.000    39.000  0.000
2                           fmin     0.268        NA     NA
3                          chisq    40.179    44.155 -3.976
4                             df    38.000    38.000  0.000
5                         pvalue     0.374     0.228  0.146
6                   chisq.scaled    44.155    44.155  0.000
7                      df.scaled    38.000    38.000  0.000
8                  pvalue.scaled     0.228     0.228  0.000
9           chisq.scaling.factor     0.910     0.910  0.000
10                baseline.chisq   730.654   702.841 27.813
11                   baseline.df    55.000    55.000  0.000
12               baseline.pvalue     0.000     0.000  0.000
13         baseline.chisq.scaled   702.841   702.841  0.000
14            baseline.df.scaled    55.000    55.000  0.000
15        baseline.pvalue.scaled     0.000     0.000  0.000
16 baseline.chisq.scaling.factor     1.040        NA     NA
17                           cfi     0.997     0.990  0.007
18                           tli     0.995     0.986  0.009
19                    cfi.scaled     0.990     0.990  0.000
20                    tli.scaled     0.986     0.986  0.000
21                    cfi.robust     0.992        NA     NA
22                    tli.robust     0.989        NA     NA
23                          nnfi     0.995        NA     NA
24                           rfi     0.920        NA     NA
25                           nfi     0.945        NA     NA
26                          pnfi     0.653        NA     NA
27                           ifi     0.997        NA     NA
28                           rni     0.997        NA     NA
29                   nnfi.scaled     0.986        NA     NA
30                    rfi.scaled     0.909        NA     NA
31                    nfi.scaled     0.937        NA     NA
32                   pnfi.scaled     0.648        NA     NA
33                    ifi.scaled     0.991        NA     NA
34                    rni.scaled     0.990        NA     NA
35                   nnfi.robust     0.989        NA     NA
36                    rni.robust     0.992        NA     NA
37                          logl -1548.818 -1548.818  0.000
38             unrestricted.logl -1528.728 -1528.728  0.000
39                           aic  3175.636  3175.636  0.000
40                           bic  3266.018  3266.018  0.000
41                          bic2  3143.100  3143.100  0.000
42             scaling.factor.h1     0.969        NA     NA
43             scaling.factor.h0     0.953        NA     NA
44                         rmsea     0.028     0.046 -0.018
45                rmsea.ci.lower     0.000     0.000  0.000
46                rmsea.ci.upper     0.087     0.097 -0.010
47                rmsea.ci.level     0.900        NA     NA
48                  rmsea.pvalue     0.665     0.508  0.157
49                rmsea.close.h0     0.050        NA     NA
50         rmsea.notclose.pvalue     0.083        NA     NA
51             rmsea.notclose.h0     0.080        NA     NA
52                  rmsea.scaled     0.046     0.046  0.000
53         rmsea.ci.lower.scaled     0.000     0.000  0.000
54         rmsea.ci.upper.scaled     0.099     0.097  0.002
55           rmsea.pvalue.scaled     0.505     0.508 -0.003
56  rmsea.notclose.pvalue.scaled     0.173        NA     NA
57                  rmsea.robust     0.043        NA     NA
58         rmsea.ci.lower.robust     0.000        NA     NA
59         rmsea.ci.upper.robust     0.092        NA     NA
60           rmsea.pvalue.robust     0.553        NA     NA
61  rmsea.notclose.pvalue.robust     0.121        NA     NA
62                           rmr     0.442        NA     NA
63                    rmr_nomean     0.477        NA     NA
64                          srmr     0.052     0.048  0.004
65                  srmr_bentler     0.052        NA     NA
66           srmr_bentler_nomean     0.056        NA     NA
67                          crmr     0.047        NA     NA
68                   crmr_nomean     0.051        NA     NA
69                    srmr_mplus     0.048        NA     NA
70             srmr_mplus_nomean     0.050        NA     NA
71                         cn_05   100.647        NA     NA
72                         cn_01   115.167        NA     NA
73                           gfi     0.996        NA     NA
74                          agfi     0.991        NA     NA
75                          pgfi     0.491        NA     NA
76                           mfi     0.986        NA     NA
77                          ecvi     1.576        NA     NA
